TN:
SF:/Users/norman/projects/2019/jul/workflyt/src/app.js
FNF:0
FNH:0
DA:1,0
DA:2,0
DA:3,0
DA:4,0
DA:5,0
DA:7,0
DA:9,0
DA:10,0
DA:11,0
DA:12,0
DA:13,0
DA:14,0
DA:15,0
DA:16,0
DA:17,0
DA:18,0
DA:20,0
LF:17
LH:0
BRF:0
BRH:0
end_of_record
TN:
SF:/Users/norman/projects/2019/jul/workflyt/src/index.js
FN:15,(anonymous_0)
FN:25,(anonymous_1)
FN:34,gracefulShutdown
FN:36,(anonymous_3)
FN:42,(anonymous_4)
FN:44,(anonymous_5)
FN:52,onUnhandledException
FNF:7
FNH:0
FNDA:0,(anonymous_0)
FNDA:0,(anonymous_1)
FNDA:0,gracefulShutdown
FNDA:0,(anonymous_3)
FNDA:0,(anonymous_4)
FNDA:0,(anonymous_5)
FNDA:0,onUnhandledException
DA:1,0
DA:2,0
DA:3,0
DA:4,0
DA:5,0
DA:6,0
DA:8,0
DA:9,0
DA:10,0
DA:13,0
DA:15,0
DA:16,0
DA:17,0
DA:18,0
DA:19,0
DA:21,0
DA:25,0
DA:26,0
DA:27,0
DA:29,0
DA:35,0
DA:36,0
DA:37,0
DA:38,0
DA:40,0
DA:41,0
DA:42,0
DA:43,0
DA:45,0
DA:53,0
DA:56,0
DA:58,0
DA:60,0
DA:62,0
LF:34
LH:0
BRDA:26,0,0,0
BRDA:26,0,1,0
BRDA:35,1,0,0
BRDA:35,1,1,0
BRDA:37,2,0,0
BRDA:37,2,1,0
BRF:6
BRH:0
end_of_record
TN:
SF:/Users/norman/projects/2019/jul/workflyt/src/router.js
FNF:0
FNH:0
DA:1,0
DA:2,0
DA:3,0
DA:4,0
DA:5,0
DA:6,0
DA:7,0
DA:8,0
DA:9,0
DA:10,0
DA:11,0
DA:12,0
DA:13,0
DA:14,0
DA:15,0
DA:16,0
DA:17,0
DA:18,0
DA:20,0
DA:23,0
DA:27,0
DA:33,0
DA:38,0
DA:44,0
DA:49,0
DA:56,0
DA:61,0
DA:69,0
DA:74,0
DA:80,0
DA:85,0
DA:91,0
DA:96,0
DA:102,0
DA:107,0
DA:115,0
DA:120,0
DA:126,0
DA:132,0
DA:137,0
DA:141,0
DA:146,0
DA:154,0
DA:159,0
DA:165,0
DA:170,0
DA:176,0
DA:181,0
DA:187,0
DA:192,0
DA:198,0
DA:203,0
DA:209,0
DA:214,0
DA:222,0
DA:227,0
DA:235,0
DA:240,0
DA:246,0
DA:251,0
DA:257,0
DA:262,0
DA:268,0
DA:273,0
DA:279,0
DA:284,0
DA:292,0
DA:297,0
DA:305,0
DA:309,0
DA:313,0
DA:319,0
DA:324,0
DA:330,0
DA:335,0
DA:343,0
DA:348,0
DA:354,0
DA:359,0
DA:367,0
DA:372,0
DA:378,0
DA:383,0
DA:390,0
LF:84
LH:0
BRF:0
BRH:0
end_of_record
TN:
SF:/Users/norman/projects/2019/jul/workflyt/src/core/auth/auth-adapter.js
FN:1,(anonymous_0)
FN:2,(anonymous_1)
FN:5,(anonymous_2)
FN:8,(anonymous_3)
FNF:4
FNH:4
FNDA:7,(anonymous_0)
FNDA:1,(anonymous_1)
FNDA:1,(anonymous_2)
FNDA:1,(anonymous_3)
DA:1,7
DA:3,1
DA:6,1
DA:9,1
LF:4
LH:4
BRF:0
BRH:0
end_of_record
TN:
SF:/Users/norman/projects/2019/jul/workflyt/src/core/auth/auth-controller.js
FN:1,(anonymous_0)
FN:2,(anonymous_1)
FN:11,(anonymous_2)
FNF:3
FNH:3
FNDA:19,(anonymous_0)
FNDA:8,(anonymous_1)
FNDA:8,(anonymous_2)
DA:1,19
DA:3,8
DA:4,5
DA:5,1
DA:7,1
DA:12,8
DA:13,5
DA:14,1
DA:16,1
LF:9
LH:9
BRDA:4,0,0,1
BRDA:4,0,1,1
BRDA:13,1,0,1
BRDA:13,1,1,1
BRF:4
BRH:4
end_of_record
TN:
SF:/Users/norman/projects/2019/jul/workflyt/src/core/auth/auth-repository.js
FN:1,(anonymous_0)
FN:2,(anonymous_1)
FN:25,(anonymous_2)
FN:33,(anonymous_3)
FN:37,(anonymous_4)
FNF:5
FNH:5
FNDA:16,(anonymous_0)
FNDA:3,(anonymous_1)
FNDA:3,(anonymous_2)
FNDA:3,(anonymous_3)
FNDA:2,(anonymous_4)
DA:1,16
DA:3,3
DA:26,3
DA:34,3
DA:37,2
LF:5
LH:5
BRF:0
BRH:0
end_of_record
TN:
SF:/Users/norman/projects/2019/jul/workflyt/src/core/auth/auth-service.js
FN:1,(anonymous_0)
FN:2,(anonymous_1)
FN:72,(anonymous_2)
FNF:3
FNH:3
FNDA:37,(anonymous_0)
FNDA:9,(anonymous_1)
FNDA:9,(anonymous_2)
DA:1,37
DA:3,9
DA:5,9
DA:6,9
DA:10,1
DA:11,1
DA:12,1
DA:15,8
DA:17,8
DA:18,8
DA:22,1
DA:23,1
DA:24,1
DA:27,7
DA:28,1
DA:29,1
DA:30,1
DA:31,1
DA:34,6
DA:36,6
DA:37,6
DA:42,1
DA:43,1
DA:44,1
DA:47,5
DA:48,1
DA:49,1
DA:50,1
DA:51,1
DA:54,4
DA:56,4
DA:57,4
DA:58,4
DA:59,4
DA:64,1
DA:65,1
DA:66,1
DA:69,3
DA:73,9
DA:75,9
DA:76,9
DA:80,1
DA:81,1
DA:82,1
DA:85,8
DA:87,8
DA:88,8
DA:92,1
DA:93,1
DA:94,1
DA:97,7
DA:98,3
DA:99,3
DA:100,3
DA:101,3
DA:104,4
DA:106,4
DA:107,4
DA:112,1
DA:113,1
DA:114,1
DA:117,3
DA:119,3
DA:120,3
DA:125,1
DA:126,1
DA:127,1
DA:130,2
DA:132,2
DA:133,2
DA:134,2
DA:135,2
DA:140,1
DA:141,1
DA:142,1
DA:145,1
LF:76
LH:76
BRDA:27,0,0,1
BRDA:27,0,1,6
BRDA:47,1,0,1
BRDA:47,1,1,4
BRDA:97,2,0,3
BRDA:97,2,1,4
BRF:6
BRH:6
end_of_record
TN:
SF:/Users/norman/projects/2019/jul/workflyt/src/core/auth/auth-validator.js
FN:1,(anonymous_0)
FNF:1
FNH:1
FNDA:2,(anonymous_0)
DA:1,1
DA:2,2
DA:30,2
DA:32,1
DA:34,1
LF:5
LH:5
BRF:0
BRH:0
end_of_record
TN:
SF:/Users/norman/projects/2019/jul/workflyt/src/core/categories/categories-controller.js
FN:1,(anonymous_0)
FN:2,(anonymous_1)
FN:11,(anonymous_2)
FN:20,(anonymous_3)
FN:29,(anonymous_4)
FN:38,(anonymous_5)
FN:47,(anonymous_6)
FN:56,(anonymous_7)
FN:65,(anonymous_8)
FN:74,(anonymous_9)
FNF:10
FNH:10
FNDA:82,(anonymous_0)
FNDA:8,(anonymous_1)
FNDA:8,(anonymous_2)
FNDA:8,(anonymous_3)
FNDA:8,(anonymous_4)
FNDA:8,(anonymous_5)
FNDA:8,(anonymous_6)
FNDA:8,(anonymous_7)
FNDA:8,(anonymous_8)
FNDA:8,(anonymous_9)
DA:1,82
DA:3,8
DA:4,5
DA:5,1
DA:7,1
DA:12,8
DA:13,5
DA:14,1
DA:16,1
DA:21,8
DA:22,5
DA:23,1
DA:25,1
DA:30,8
DA:31,5
DA:32,1
DA:34,1
DA:39,8
DA:40,5
DA:41,1
DA:43,1
DA:48,8
DA:49,5
DA:50,1
DA:52,1
DA:57,8
DA:58,5
DA:59,1
DA:61,1
DA:66,8
DA:67,5
DA:68,1
DA:70,1
DA:75,8
DA:76,5
DA:77,1
DA:79,1
LF:37
LH:37
BRDA:4,0,0,1
BRDA:4,0,1,1
BRDA:13,1,0,1
BRDA:13,1,1,1
BRDA:22,2,0,1
BRDA:22,2,1,1
BRDA:31,3,0,1
BRDA:31,3,1,1
BRDA:40,4,0,1
BRDA:40,4,1,1
BRDA:49,5,0,1
BRDA:49,5,1,1
BRDA:58,6,0,1
BRDA:58,6,1,1
BRDA:67,7,0,1
BRDA:67,7,1,1
BRDA:76,8,0,1
BRDA:76,8,1,1
BRF:18
BRH:18
end_of_record
TN:
SF:/Users/norman/projects/2019/jul/workflyt/src/core/categories/categories-repository.js
FN:1,(anonymous_0)
FN:2,(anonymous_1)
FN:8,(anonymous_2)
FN:12,(anonymous_3)
FN:18,(anonymous_4)
FN:24,(anonymous_5)
FN:27,(anonymous_6)
FN:36,(anonymous_7)
FN:42,(anonymous_8)
FN:51,(anonymous_9)
FN:54,(anonymous_10)
FN:62,(anonymous_11)
FN:71,(anonymous_12)
FNF:13
FNH:13
FNDA:28,(anonymous_0)
FNDA:2,(anonymous_1)
FNDA:2,(anonymous_2)
FNDA:1,(anonymous_3)
FNDA:1,(anonymous_4)
FNDA:1,(anonymous_5)
FNDA:1,(anonymous_6)
FNDA:1,(anonymous_7)
FNDA:1,(anonymous_8)
FNDA:1,(anonymous_9)
FNDA:1,(anonymous_10)
FNDA:1,(anonymous_11)
FNDA:1,(anonymous_12)
DA:1,28
DA:3,2
DA:9,2
DA:13,1
DA:19,1
DA:24,1
DA:28,1
DA:37,1
DA:43,1
DA:51,1
DA:55,1
DA:63,1
DA:71,1
LF:13
LH:13
BRDA:46,0,0,1
BRDA:46,0,1,1
BRF:2
BRH:2
end_of_record
TN:
SF:/Users/norman/projects/2019/jul/workflyt/src/core/categories/categories-service.js
FN:1,(anonymous_0)
FN:2,(anonymous_1)
FN:35,(anonymous_2)
FN:68,(anonymous_3)
FN:112,(anonymous_4)
FN:170,(anonymous_5)
FN:226,(anonymous_6)
FN:282,(anonymous_7)
FN:338,(anonymous_8)
FN:402,(anonymous_9)
FNF:10
FNH:10
FNDA:82,(anonymous_0)
FNDA:5,(anonymous_1)
FNDA:5,(anonymous_2)
FNDA:6,(anonymous_3)
FNDA:7,(anonymous_4)
FNDA:7,(anonymous_5)
FNDA:7,(anonymous_6)
FNDA:7,(anonymous_7)
FNDA:8,(anonymous_8)
FNDA:9,(anonymous_9)
DA:1,82
DA:3,5
DA:4,2
DA:5,2
DA:6,2
DA:7,2
DA:10,3
DA:12,3
DA:13,3
DA:17,1
DA:18,1
DA:19,1
DA:22,2
DA:24,2
DA:25,2
DA:27,1
DA:28,1
DA:29,1
DA:32,1
DA:36,5
DA:37,2
DA:38,2
DA:39,2
DA:40,2
DA:43,3
DA:45,3
DA:46,3
DA:50,1
DA:51,1
DA:52,1
DA:55,2
DA:57,2
DA:58,2
DA:60,1
DA:61,1
DA:62,1
DA:65,1
DA:69,6
DA:70,2
DA:71,2
DA:72,2
DA:73,2
DA:76,4
DA:78,4
DA:79,4
DA:84,1
DA:85,1
DA:86,1
DA:89,3
DA:91,3
DA:92,3
DA:97,1
DA:98,1
DA:99,1
DA:102,2
DA:103,1
DA:104,1
DA:105,1
DA:106,1
DA:109,1
DA:113,7
DA:114,2
DA:115,2
DA:116,2
DA:117,2
DA:120,5
DA:122,5
DA:123,5
DA:129,1
DA:130,1
DA:131,1
DA:134,4
DA:136,4
DA:137,4
DA:141,1
DA:142,1
DA:143,1
DA:146,3
DA:147,1
DA:148,1
DA:149,1
DA:150,1
DA:153,2
DA:155,2
DA:156,2
DA:162,1
DA:163,1
DA:164,1
DA:167,1
DA:171,7
DA:172,2
DA:173,2
DA:174,2
DA:175,2
DA:178,5
DA:180,5
DA:181,5
DA:186,1
DA:187,1
DA:188,1
DA:191,4
DA:193,4
DA:194,4
DA:198,1
DA:199,1
DA:200,1
DA:203,3
DA:204,1
DA:205,1
DA:206,1
DA:207,1
DA:210,2
DA:212,2
DA:213,2
DA:218,1
DA:219,1
DA:220,1
DA:223,1
DA:227,7
DA:228,2
DA:229,2
DA:230,2
DA:231,2
DA:234,5
DA:236,5
DA:237,5
DA:242,1
DA:243,1
DA:244,1
DA:247,4
DA:249,4
DA:250,4
DA:254,1
DA:255,1
DA:256,1
DA:259,3
DA:260,1
DA:261,1
DA:262,1
DA:263,1
DA:266,2
DA:268,2
DA:269,2
DA:274,1
DA:275,1
DA:276,1
DA:279,1
DA:283,7
DA:284,2
DA:285,2
DA:286,2
DA:287,2
DA:290,5
DA:292,5
DA:293,5
DA:298,1
DA:299,1
DA:300,1
DA:303,4
DA:305,4
DA:306,4
DA:310,1
DA:311,1
DA:312,1
DA:315,3
DA:316,1
DA:317,1
DA:318,1
DA:319,1
DA:322,2
DA:324,2
DA:325,2
DA:330,1
DA:331,1
DA:332,1
DA:335,1
DA:339,8
DA:340,2
DA:341,2
DA:342,2
DA:343,2
DA:346,6
DA:348,6
DA:349,6
DA:354,1
DA:355,1
DA:356,1
DA:359,5
DA:361,5
DA:362,5
DA:366,1
DA:367,1
DA:368,1
DA:371,4
DA:372,1
DA:373,1
DA:374,1
DA:375,1
DA:378,3
DA:380,3
DA:381,3
DA:387,1
DA:388,1
DA:389,1
DA:392,2
DA:393,1
DA:394,1
DA:395,1
DA:396,1
DA:399,1
DA:403,9
DA:404,2
DA:405,2
DA:406,2
DA:407,2
DA:410,7
DA:412,7
DA:413,7
DA:415,1
DA:416,1
DA:417,1
DA:420,6
DA:422,6
DA:423,6
DA:427,1
DA:428,1
DA:429,1
DA:432,5
DA:433,1
DA:434,1
DA:435,1
DA:436,1
DA:439,4
DA:441,4
DA:442,4
DA:447,1
DA:448,1
DA:449,1
DA:452,3
DA:453,1
DA:454,1
DA:455,1
DA:456,1
DA:459,2
DA:461,2
DA:462,2
DA:467,1
DA:468,1
DA:469,1
DA:472,1
LF:250
LH:250
BRDA:3,0,0,2
BRDA:3,0,1,3
BRDA:36,1,0,2
BRDA:36,1,1,3
BRDA:69,2,0,2
BRDA:69,2,1,4
BRDA:102,3,0,1
BRDA:102,3,1,1
BRDA:113,4,0,2
BRDA:113,4,1,5
BRDA:146,5,0,1
BRDA:146,5,1,2
BRDA:171,6,0,2
BRDA:171,6,1,5
BRDA:203,7,0,1
BRDA:203,7,1,2
BRDA:227,8,0,2
BRDA:227,8,1,5
BRDA:259,9,0,1
BRDA:259,9,1,2
BRDA:283,10,0,2
BRDA:283,10,1,5
BRDA:315,11,0,1
BRDA:315,11,1,2
BRDA:339,12,0,2
BRDA:339,12,1,6
BRDA:371,13,0,1
BRDA:371,13,1,3
BRDA:392,14,0,1
BRDA:392,14,1,1
BRDA:403,15,0,2
BRDA:403,15,1,7
BRDA:432,16,0,1
BRDA:432,16,1,4
BRDA:452,17,0,1
BRDA:452,17,1,2
BRF:36
BRH:36
end_of_record
TN:
SF:/Users/norman/projects/2019/jul/workflyt/src/core/categories/categories-validator.js
FN:1,(anonymous_0)
FNF:1
FNH:1
FNDA:2,(anonymous_0)
DA:1,1
DA:2,2
DA:16,2
DA:33,2
DA:35,2
DA:37,2
LF:6
LH:6
BRF:0
BRH:0
end_of_record
TN:
SF:/Users/norman/projects/2019/jul/workflyt/src/core/companies/companies-controller.js
FN:1,(anonymous_0)
FN:2,(anonymous_1)
FN:11,(anonymous_2)
FN:20,(anonymous_3)
FN:29,(anonymous_4)
FN:38,(anonymous_5)
FNF:6
FNH:6
FNDA:46,(anonymous_0)
FNDA:8,(anonymous_1)
FNDA:8,(anonymous_2)
FNDA:8,(anonymous_3)
FNDA:8,(anonymous_4)
FNDA:8,(anonymous_5)
DA:1,46
DA:3,8
DA:4,5
DA:5,1
DA:7,1
DA:12,8
DA:13,5
DA:14,1
DA:16,1
DA:21,8
DA:22,5
DA:23,1
DA:25,1
DA:30,8
DA:31,5
DA:32,1
DA:34,1
DA:39,8
DA:40,5
DA:41,1
DA:43,1
LF:21
LH:21
BRDA:4,0,0,1
BRDA:4,0,1,1
BRDA:13,1,0,1
BRDA:13,1,1,1
BRDA:22,2,0,1
BRDA:22,2,1,1
BRDA:31,3,0,1
BRDA:31,3,1,1
BRDA:40,4,0,1
BRDA:40,4,1,1
BRF:10
BRH:10
end_of_record
TN:
SF:/Users/norman/projects/2019/jul/workflyt/src/core/companies/companies-repository.js
FN:1,(anonymous_0)
FN:2,(anonymous_1)
FN:8,(anonymous_2)
FN:12,(anonymous_3)
FN:18,(anonymous_4)
FN:24,(anonymous_5)
FN:27,(anonymous_6)
FNF:7
FNH:7
FNDA:16,(anonymous_0)
FNDA:2,(anonymous_1)
FNDA:2,(anonymous_2)
FNDA:1,(anonymous_3)
FNDA:1,(anonymous_4)
FNDA:1,(anonymous_5)
FNDA:1,(anonymous_6)
DA:1,16
DA:3,2
DA:9,2
DA:13,1
DA:19,1
DA:24,1
DA:28,1
LF:7
LH:7
BRF:0
BRH:0
end_of_record
TN:
SF:/Users/norman/projects/2019/jul/workflyt/src/core/companies/companies-service.js
FN:1,(anonymous_0)
FN:2,(anonymous_1)
FN:35,(anonymous_2)
FN:68,(anonymous_3)
FN:112,(anonymous_4)
FN:170,(anonymous_5)
FNF:6
FNH:6
FNDA:43,(anonymous_0)
FNDA:5,(anonymous_1)
FNDA:5,(anonymous_2)
FNDA:6,(anonymous_3)
FNDA:7,(anonymous_4)
FNDA:7,(anonymous_5)
DA:1,43
DA:3,5
DA:4,2
DA:5,2
DA:6,2
DA:7,2
DA:10,3
DA:12,3
DA:13,3
DA:17,1
DA:18,1
DA:19,1
DA:22,2
DA:24,2
DA:25,2
DA:27,1
DA:28,1
DA:29,1
DA:32,1
DA:36,5
DA:37,2
DA:38,2
DA:39,2
DA:40,2
DA:43,3
DA:45,3
DA:46,3
DA:50,1
DA:51,1
DA:52,1
DA:55,2
DA:57,2
DA:58,2
DA:60,1
DA:61,1
DA:62,1
DA:65,1
DA:69,6
DA:70,2
DA:71,2
DA:72,2
DA:73,2
DA:76,4
DA:78,4
DA:79,4
DA:84,1
DA:85,1
DA:86,1
DA:89,3
DA:91,3
DA:92,3
DA:97,1
DA:98,1
DA:99,1
DA:102,2
DA:103,1
DA:104,1
DA:105,1
DA:106,1
DA:109,1
DA:113,7
DA:114,2
DA:115,2
DA:116,2
DA:117,2
DA:120,5
DA:122,5
DA:123,5
DA:129,1
DA:130,1
DA:131,1
DA:134,4
DA:136,4
DA:137,4
DA:141,1
DA:142,1
DA:143,1
DA:146,3
DA:147,1
DA:148,1
DA:149,1
DA:150,1
DA:153,2
DA:155,2
DA:156,2
DA:162,1
DA:163,1
DA:164,1
DA:167,1
DA:171,7
DA:172,2
DA:173,2
DA:174,2
DA:175,2
DA:178,5
DA:180,5
DA:181,5
DA:186,1
DA:187,1
DA:188,1
DA:191,4
DA:193,4
DA:194,4
DA:198,1
DA:199,1
DA:200,1
DA:203,3
DA:204,1
DA:205,1
DA:206,1
DA:207,1
DA:210,2
DA:212,2
DA:213,2
DA:218,1
DA:219,1
DA:220,1
DA:223,1
LF:118
LH:118
BRDA:3,0,0,2
BRDA:3,0,1,3
BRDA:36,1,0,2
BRDA:36,1,1,3
BRDA:69,2,0,2
BRDA:69,2,1,4
BRDA:102,3,0,1
BRDA:102,3,1,1
BRDA:113,4,0,2
BRDA:113,4,1,5
BRDA:146,5,0,1
BRDA:146,5,1,2
BRDA:171,6,0,2
BRDA:171,6,1,5
BRDA:203,7,0,1
BRDA:203,7,1,2
BRF:16
BRH:16
end_of_record
TN:
SF:/Users/norman/projects/2019/jul/workflyt/src/core/companies/companies-validator.js
FN:1,(anonymous_0)
FNF:1
FNH:1
FNDA:2,(anonymous_0)
DA:1,1
DA:2,2
DA:15,2
LF:3
LH:3
BRF:0
BRH:0
end_of_record
TN:
SF:/Users/norman/projects/2019/jul/workflyt/src/core/customers/customers-controller.js
FN:1,(anonymous_0)
FN:2,(anonymous_1)
FN:11,(anonymous_2)
FN:20,(anonymous_3)
FN:29,(anonymous_4)
FN:38,(anonymous_5)
FN:47,(anonymous_6)
FN:56,(anonymous_7)
FN:65,(anonymous_8)
FNF:9
FNH:9
FNDA:73,(anonymous_0)
FNDA:8,(anonymous_1)
FNDA:8,(anonymous_2)
FNDA:8,(anonymous_3)
FNDA:8,(anonymous_4)
FNDA:8,(anonymous_5)
FNDA:8,(anonymous_6)
FNDA:8,(anonymous_7)
FNDA:8,(anonymous_8)
DA:1,73
DA:3,8
DA:4,5
DA:5,1
DA:7,1
DA:12,8
DA:13,5
DA:14,1
DA:16,1
DA:21,8
DA:22,5
DA:23,1
DA:25,1
DA:30,8
DA:31,5
DA:32,1
DA:34,1
DA:39,8
DA:40,5
DA:41,1
DA:43,1
DA:48,8
DA:49,5
DA:50,1
DA:52,1
DA:57,8
DA:58,5
DA:59,1
DA:61,1
DA:66,8
DA:67,5
DA:68,1
DA:70,1
LF:33
LH:33
BRDA:4,0,0,1
BRDA:4,0,1,1
BRDA:13,1,0,1
BRDA:13,1,1,1
BRDA:22,2,0,1
BRDA:22,2,1,1
BRDA:31,3,0,1
BRDA:31,3,1,1
BRDA:40,4,0,1
BRDA:40,4,1,1
BRDA:49,5,0,1
BRDA:49,5,1,1
BRDA:58,6,0,1
BRDA:58,6,1,1
BRDA:67,7,0,1
BRDA:67,7,1,1
BRF:16
BRH:16
end_of_record
TN:
SF:/Users/norman/projects/2019/jul/workflyt/src/core/customers/customers-repository.js
FN:1,(anonymous_0)
FN:2,(anonymous_1)
FN:8,(anonymous_2)
FN:12,(anonymous_3)
FN:18,(anonymous_4)
FN:24,(anonymous_5)
FN:27,(anonymous_6)
FN:36,(anonymous_7)
FN:43,(anonymous_8)
FN:52,(anonymous_9)
FN:55,(anonymous_10)
FNF:11
FNH:11
FNDA:25,(anonymous_0)
FNDA:2,(anonymous_1)
FNDA:2,(anonymous_2)
FNDA:1,(anonymous_3)
FNDA:1,(anonymous_4)
FNDA:1,(anonymous_5)
FNDA:1,(anonymous_6)
FNDA:1,(anonymous_7)
FNDA:1,(anonymous_8)
FNDA:1,(anonymous_9)
FNDA:1,(anonymous_10)
DA:1,25
DA:3,2
DA:9,2
DA:13,1
DA:19,1
DA:24,1
DA:28,1
DA:37,1
DA:44,1
DA:52,1
DA:56,1
LF:11
LH:11
BRF:0
BRH:0
end_of_record
TN:
SF:/Users/norman/projects/2019/jul/workflyt/src/core/customers/customers-service.js
FN:1,(anonymous_0)
FN:2,(anonymous_1)
FN:33,(anonymous_2)
FN:66,(anonymous_3)
FN:110,(anonymous_4)
FN:168,(anonymous_5)
FN:224,(anonymous_6)
FN:280,(anonymous_7)
FN:336,(anonymous_8)
FNF:9
FNH:9
FNDA:71,(anonymous_0)
FNDA:5,(anonymous_1)
FNDA:5,(anonymous_2)
FNDA:6,(anonymous_3)
FNDA:7,(anonymous_4)
FNDA:7,(anonymous_5)
FNDA:7,(anonymous_6)
FNDA:7,(anonymous_7)
FNDA:8,(anonymous_8)
DA:1,71
DA:3,5
DA:4,2
DA:5,2
DA:6,2
DA:7,2
DA:10,3
DA:12,3
DA:13,3
DA:15,1
DA:16,1
DA:17,1
DA:20,2
DA:22,2
DA:23,2
DA:25,1
DA:26,1
DA:27,1
DA:30,1
DA:34,5
DA:35,2
DA:36,2
DA:37,2
DA:38,2
DA:41,3
DA:43,3
DA:44,3
DA:48,1
DA:49,1
DA:50,1
DA:53,2
DA:55,2
DA:56,2
DA:58,1
DA:59,1
DA:60,1
DA:63,1
DA:67,6
DA:68,2
DA:69,2
DA:70,2
DA:71,2
DA:74,4
DA:76,4
DA:77,4
DA:82,1
DA:83,1
DA:84,1
DA:87,3
DA:89,3
DA:90,3
DA:95,1
DA:96,1
DA:97,1
DA:100,2
DA:101,1
DA:102,1
DA:103,1
DA:104,1
DA:107,1
DA:111,7
DA:112,2
DA:113,2
DA:114,2
DA:115,2
DA:118,5
DA:120,5
DA:121,5
DA:127,1
DA:128,1
DA:129,1
DA:132,4
DA:134,4
DA:135,4
DA:139,1
DA:140,1
DA:141,1
DA:144,3
DA:145,1
DA:146,1
DA:147,1
DA:148,1
DA:151,2
DA:153,2
DA:154,2
DA:160,1
DA:161,1
DA:162,1
DA:165,1
DA:169,7
DA:170,2
DA:171,2
DA:172,2
DA:173,2
DA:176,5
DA:178,5
DA:179,5
DA:184,1
DA:185,1
DA:186,1
DA:189,4
DA:191,4
DA:192,4
DA:196,1
DA:197,1
DA:198,1
DA:201,3
DA:202,1
DA:203,1
DA:204,1
DA:205,1
DA:208,2
DA:210,2
DA:211,2
DA:216,1
DA:217,1
DA:218,1
DA:221,1
DA:225,7
DA:226,2
DA:227,2
DA:228,2
DA:229,2
DA:232,5
DA:234,5
DA:235,5
DA:240,1
DA:241,1
DA:242,1
DA:245,4
DA:247,4
DA:248,4
DA:252,1
DA:253,1
DA:254,1
DA:257,3
DA:258,1
DA:259,1
DA:260,1
DA:261,1
DA:264,2
DA:266,2
DA:267,2
DA:272,1
DA:273,1
DA:274,1
DA:277,1
DA:281,7
DA:282,2
DA:283,2
DA:284,2
DA:285,2
DA:288,5
DA:290,5
DA:291,5
DA:296,1
DA:297,1
DA:298,1
DA:301,4
DA:303,4
DA:304,4
DA:308,1
DA:309,1
DA:310,1
DA:313,3
DA:314,1
DA:315,1
DA:316,1
DA:317,1
DA:320,2
DA:322,2
DA:323,2
DA:328,1
DA:329,1
DA:330,1
DA:333,1
DA:337,8
DA:338,2
DA:339,2
DA:340,2
DA:341,2
DA:344,6
DA:346,6
DA:347,6
DA:352,1
DA:353,1
DA:354,1
DA:357,5
DA:359,5
DA:360,5
DA:364,1
DA:365,1
DA:366,1
DA:369,4
DA:370,1
DA:371,1
DA:372,1
DA:373,1
DA:376,3
DA:378,3
DA:379,3
DA:385,1
DA:386,1
DA:387,1
DA:390,2
DA:391,1
DA:392,1
DA:393,1
DA:394,1
DA:397,1
LF:210
LH:210
BRDA:3,0,0,2
BRDA:3,0,1,3
BRDA:34,1,0,2
BRDA:34,1,1,3
BRDA:67,2,0,2
BRDA:67,2,1,4
BRDA:100,3,0,1
BRDA:100,3,1,1
BRDA:111,4,0,2
BRDA:111,4,1,5
BRDA:144,5,0,1
BRDA:144,5,1,2
BRDA:169,6,0,2
BRDA:169,6,1,5
BRDA:201,7,0,1
BRDA:201,7,1,2
BRDA:225,8,0,2
BRDA:225,8,1,5
BRDA:257,9,0,1
BRDA:257,9,1,2
BRDA:281,10,0,2
BRDA:281,10,1,5
BRDA:313,11,0,1
BRDA:313,11,1,2
BRDA:337,12,0,2
BRDA:337,12,1,6
BRDA:369,13,0,1
BRDA:369,13,1,3
BRDA:390,14,0,1
BRDA:390,14,1,1
BRF:30
BRH:30
end_of_record
TN:
SF:/Users/norman/projects/2019/jul/workflyt/src/core/customers/customers-validator.js
FN:1,(anonymous_0)
FNF:1
FNH:1
FNDA:2,(anonymous_0)
DA:1,1
DA:2,2
DA:15,2
DA:31,2
DA:35,2
DA:40,2
LF:6
LH:6
BRF:0
BRH:0
end_of_record
TN:
SF:/Users/norman/projects/2019/jul/workflyt/src/core/departments/departments-controller.js
FN:1,(anonymous_0)
FN:2,(anonymous_1)
FN:11,(anonymous_2)
FN:20,(anonymous_3)
FN:29,(anonymous_4)
FN:38,(anonymous_5)
FN:47,(anonymous_6)
FN:56,(anonymous_7)
FN:65,(anonymous_8)
FN:74,(anonymous_9)
FN:83,(anonymous_10)
FNF:11
FNH:11
FNDA:91,(anonymous_0)
FNDA:8,(anonymous_1)
FNDA:8,(anonymous_2)
FNDA:8,(anonymous_3)
FNDA:8,(anonymous_4)
FNDA:8,(anonymous_5)
FNDA:8,(anonymous_6)
FNDA:8,(anonymous_7)
FNDA:8,(anonymous_8)
FNDA:8,(anonymous_9)
FNDA:8,(anonymous_10)
DA:1,91
DA:3,8
DA:4,5
DA:5,1
DA:7,1
DA:12,8
DA:13,5
DA:14,1
DA:16,1
DA:21,8
DA:22,5
DA:23,1
DA:25,1
DA:30,8
DA:31,5
DA:32,1
DA:34,1
DA:39,8
DA:40,5
DA:41,1
DA:43,1
DA:48,8
DA:49,5
DA:50,1
DA:52,1
DA:57,8
DA:58,5
DA:59,1
DA:61,1
DA:66,8
DA:67,5
DA:68,1
DA:70,1
DA:75,8
DA:76,5
DA:77,1
DA:79,1
DA:84,8
DA:85,5
DA:86,1
DA:88,1
LF:41
LH:41
BRDA:4,0,0,1
BRDA:4,0,1,1
BRDA:13,1,0,1
BRDA:13,1,1,1
BRDA:22,2,0,1
BRDA:22,2,1,1
BRDA:31,3,0,1
BRDA:31,3,1,1
BRDA:40,4,0,1
BRDA:40,4,1,1
BRDA:49,5,0,1
BRDA:49,5,1,1
BRDA:58,6,0,1
BRDA:58,6,1,1
BRDA:67,7,0,1
BRDA:67,7,1,1
BRDA:76,8,0,1
BRDA:76,8,1,1
BRDA:85,9,0,1
BRDA:85,9,1,1
BRF:20
BRH:20
end_of_record
TN:
SF:/Users/norman/projects/2019/jul/workflyt/src/core/departments/departments-repository.js
FN:1,(anonymous_0)
FN:2,(anonymous_1)
FN:6,(anonymous_2)
FN:10,(anonymous_3)
FN:16,(anonymous_4)
FN:22,(anonymous_5)
FN:25,(anonymous_6)
FN:34,(anonymous_7)
FN:38,(anonymous_8)
FN:40,(anonymous_9)
FN:47,(anonymous_10)
FN:57,(anonymous_11)
FN:63,(anonymous_12)
FN:66,(anonymous_13)
FNF:14
FNH:14
FNDA:31,(anonymous_0)
FNDA:2,(anonymous_1)
FNDA:2,(anonymous_2)
FNDA:1,(anonymous_3)
FNDA:1,(anonymous_4)
FNDA:1,(anonymous_5)
FNDA:1,(anonymous_6)
FNDA:1,(anonymous_7)
FNDA:1,(anonymous_8)
FNDA:5,(anonymous_9)
FNDA:1,(anonymous_10)
FNDA:1,(anonymous_11)
FNDA:1,(anonymous_12)
FNDA:1,(anonymous_13)
DA:1,31
DA:3,2
DA:7,2
DA:11,1
DA:17,1
DA:22,1
DA:26,1
DA:35,1
DA:39,1
DA:40,5
DA:48,1
DA:58,1
DA:63,1
DA:67,1
LF:14
LH:14
BRF:0
BRH:0
end_of_record
TN:
SF:/Users/norman/projects/2019/jul/workflyt/src/core/departments/departments-service.js
FN:1,(anonymous_0)
FN:2,(anonymous_1)
FN:33,(anonymous_2)
FN:64,(anonymous_3)
FN:108,(anonymous_4)
FN:166,(anonymous_5)
FN:222,(anonymous_6)
FN:278,(anonymous_7)
FN:334,(anonymous_8)
FN:398,(anonymous_9)
FN:477,(anonymous_10)
FNF:11
FNH:11
FNDA:93,(anonymous_0)
FNDA:5,(anonymous_1)
FNDA:5,(anonymous_2)
FNDA:6,(anonymous_3)
FNDA:7,(anonymous_4)
FNDA:7,(anonymous_5)
FNDA:7,(anonymous_6)
FNDA:7,(anonymous_7)
FNDA:8,(anonymous_8)
FNDA:9,(anonymous_9)
FNDA:9,(anonymous_10)
DA:1,93
DA:3,5
DA:4,2
DA:5,2
DA:6,2
DA:7,2
DA:10,3
DA:12,3
DA:13,3
DA:15,1
DA:16,1
DA:17,1
DA:20,2
DA:22,2
DA:23,2
DA:25,1
DA:26,1
DA:27,1
DA:30,1
DA:34,5
DA:35,2
DA:36,2
DA:37,2
DA:38,2
DA:41,3
DA:43,3
DA:44,3
DA:46,1
DA:47,1
DA:48,1
DA:51,2
DA:53,2
DA:54,2
DA:56,1
DA:57,1
DA:58,1
DA:61,1
DA:65,6
DA:66,2
DA:67,2
DA:68,2
DA:69,2
DA:72,4
DA:74,4
DA:75,4
DA:80,1
DA:81,1
DA:82,1
DA:85,3
DA:87,3
DA:88,3
DA:93,1
DA:94,1
DA:95,1
DA:98,2
DA:99,1
DA:100,1
DA:101,1
DA:102,1
DA:105,1
DA:109,7
DA:110,2
DA:111,2
DA:112,2
DA:113,2
DA:116,5
DA:118,5
DA:119,5
DA:125,1
DA:126,1
DA:127,1
DA:130,4
DA:132,4
DA:133,4
DA:137,1
DA:138,1
DA:139,1
DA:142,3
DA:143,1
DA:144,1
DA:145,1
DA:146,1
DA:149,2
DA:151,2
DA:152,2
DA:158,1
DA:159,1
DA:160,1
DA:163,1
DA:167,7
DA:168,2
DA:169,2
DA:170,2
DA:171,2
DA:174,5
DA:176,5
DA:177,5
DA:182,1
DA:183,1
DA:184,1
DA:187,4
DA:189,4
DA:190,4
DA:194,1
DA:195,1
DA:196,1
DA:199,3
DA:200,1
DA:201,1
DA:202,1
DA:203,1
DA:206,2
DA:208,2
DA:209,2
DA:214,1
DA:215,1
DA:216,1
DA:219,1
DA:223,7
DA:224,2
DA:225,2
DA:226,2
DA:227,2
DA:230,5
DA:232,5
DA:233,5
DA:238,1
DA:239,1
DA:240,1
DA:243,4
DA:245,4
DA:246,4
DA:250,1
DA:251,1
DA:252,1
DA:255,3
DA:256,1
DA:257,1
DA:258,1
DA:259,1
DA:262,2
DA:264,2
DA:265,2
DA:270,1
DA:271,1
DA:272,1
DA:275,1
DA:279,7
DA:280,2
DA:281,2
DA:282,2
DA:283,2
DA:286,5
DA:288,5
DA:289,5
DA:294,1
DA:295,1
DA:296,1
DA:299,4
DA:301,4
DA:302,4
DA:306,1
DA:307,1
DA:308,1
DA:311,3
DA:312,1
DA:313,1
DA:314,1
DA:315,1
DA:318,2
DA:320,2
DA:321,2
DA:326,1
DA:327,1
DA:328,1
DA:331,1
DA:335,8
DA:336,2
DA:337,2
DA:338,2
DA:339,2
DA:342,6
DA:344,6
DA:345,6
DA:350,1
DA:351,1
DA:352,1
DA:355,5
DA:357,5
DA:358,5
DA:362,1
DA:363,1
DA:364,1
DA:367,4
DA:368,1
DA:369,1
DA:370,1
DA:371,1
DA:374,3
DA:376,3
DA:377,3
DA:383,1
DA:384,1
DA:385,1
DA:388,2
DA:389,1
DA:390,1
DA:391,1
DA:392,1
DA:395,1
DA:399,9
DA:400,2
DA:401,2
DA:402,2
DA:403,2
DA:406,7
DA:408,7
DA:409,7
DA:415,1
DA:416,1
DA:417,1
DA:420,6
DA:422,6
DA:423,6
DA:427,1
DA:428,1
DA:429,1
DA:432,5
DA:433,1
DA:434,1
DA:435,1
DA:436,1
DA:439,4
DA:441,4
DA:442,4
DA:447,1
DA:448,1
DA:449,1
DA:452,3
DA:453,1
DA:454,1
DA:455,1
DA:456,1
DA:459,2
DA:461,2
DA:462,2
DA:469,1
DA:470,1
DA:471,1
DA:474,1
DA:478,9
DA:479,2
DA:480,2
DA:481,2
DA:482,2
DA:485,7
DA:487,7
DA:488,7
DA:493,1
DA:494,1
DA:495,1
DA:498,6
DA:500,6
DA:501,6
DA:505,1
DA:506,1
DA:507,1
DA:510,5
DA:511,1
DA:512,1
DA:513,1
DA:514,1
DA:517,4
DA:519,4
DA:520,4
DA:525,1
DA:526,1
DA:527,1
DA:530,3
DA:531,1
DA:532,1
DA:533,1
DA:534,1
DA:537,2
DA:539,2
DA:540,2
DA:546,1
DA:547,1
DA:548,1
DA:551,1
LF:290
LH:290
BRDA:3,0,0,2
BRDA:3,0,1,3
BRDA:34,1,0,2
BRDA:34,1,1,3
BRDA:65,2,0,2
BRDA:65,2,1,4
BRDA:98,3,0,1
BRDA:98,3,1,1
BRDA:109,4,0,2
BRDA:109,4,1,5
BRDA:142,5,0,1
BRDA:142,5,1,2
BRDA:167,6,0,2
BRDA:167,6,1,5
BRDA:199,7,0,1
BRDA:199,7,1,2
BRDA:223,8,0,2
BRDA:223,8,1,5
BRDA:255,9,0,1
BRDA:255,9,1,2
BRDA:279,10,0,2
BRDA:279,10,1,5
BRDA:311,11,0,1
BRDA:311,11,1,2
BRDA:335,12,0,2
BRDA:335,12,1,6
BRDA:367,13,0,1
BRDA:367,13,1,3
BRDA:388,14,0,1
BRDA:388,14,1,1
BRDA:399,15,0,2
BRDA:399,15,1,7
BRDA:432,16,0,1
BRDA:432,16,1,4
BRDA:452,17,0,1
BRDA:452,17,1,2
BRDA:478,18,0,2
BRDA:478,18,1,7
BRDA:510,19,0,1
BRDA:510,19,1,4
BRDA:530,20,0,1
BRDA:530,20,1,2
BRF:42
BRH:42
end_of_record
TN:
SF:/Users/norman/projects/2019/jul/workflyt/src/core/departments/departments-validator.js
FN:1,(anonymous_0)
FNF:1
FNH:1
FNDA:2,(anonymous_0)
DA:1,1
DA:3,2
DA:16,2
DA:18,2
DA:33,2
DA:35,2
LF:6
LH:6
BRF:0
BRH:0
end_of_record
TN:
SF:/Users/norman/projects/2019/jul/workflyt/src/core/employees/employees-controller.js
FN:1,(anonymous_0)
FN:2,(anonymous_1)
FN:11,(anonymous_2)
FN:20,(anonymous_3)
FN:29,(anonymous_4)
FN:38,(anonymous_5)
FN:47,(anonymous_6)
FN:56,(anonymous_7)
FN:65,(anonymous_8)
FN:74,(anonymous_9)
FN:83,(anonymous_10)
FN:92,(anonymous_11)
FN:101,(anonymous_12)
FN:110,(anonymous_13)
FN:119,(anonymous_14)
FN:128,(anonymous_15)
FN:137,(anonymous_16)
FNF:17
FNH:17
FNDA:145,(anonymous_0)
FNDA:8,(anonymous_1)
FNDA:8,(anonymous_2)
FNDA:8,(anonymous_3)
FNDA:8,(anonymous_4)
FNDA:8,(anonymous_5)
FNDA:8,(anonymous_6)
FNDA:8,(anonymous_7)
FNDA:8,(anonymous_8)
FNDA:8,(anonymous_9)
FNDA:8,(anonymous_10)
FNDA:8,(anonymous_11)
FNDA:8,(anonymous_12)
FNDA:8,(anonymous_13)
FNDA:8,(anonymous_14)
FNDA:8,(anonymous_15)
FNDA:8,(anonymous_16)
DA:1,145
DA:3,8
DA:4,5
DA:5,1
DA:7,1
DA:12,8
DA:13,5
DA:14,1
DA:16,1
DA:21,8
DA:22,5
DA:23,1
DA:25,1
DA:30,8
DA:31,5
DA:32,1
DA:34,1
DA:39,8
DA:40,5
DA:41,1
DA:43,1
DA:48,8
DA:49,5
DA:50,1
DA:52,1
DA:57,8
DA:58,5
DA:59,1
DA:61,1
DA:66,8
DA:67,5
DA:68,1
DA:70,1
DA:75,8
DA:76,5
DA:77,1
DA:79,1
DA:84,8
DA:85,5
DA:86,1
DA:88,1
DA:93,8
DA:94,5
DA:95,1
DA:97,1
DA:102,8
DA:103,5
DA:104,1
DA:106,1
DA:111,8
DA:112,5
DA:113,1
DA:115,1
DA:120,8
DA:121,5
DA:122,1
DA:124,1
DA:129,8
DA:130,5
DA:131,1
DA:133,1
DA:138,8
DA:139,5
DA:140,1
DA:142,1
LF:65
LH:65
BRDA:4,0,0,1
BRDA:4,0,1,1
BRDA:13,1,0,1
BRDA:13,1,1,1
BRDA:22,2,0,1
BRDA:22,2,1,1
BRDA:31,3,0,1
BRDA:31,3,1,1
BRDA:40,4,0,1
BRDA:40,4,1,1
BRDA:49,5,0,1
BRDA:49,5,1,1
BRDA:58,6,0,1
BRDA:58,6,1,1
BRDA:67,7,0,1
BRDA:67,7,1,1
BRDA:76,8,0,1
BRDA:76,8,1,1
BRDA:85,9,0,1
BRDA:85,9,1,1
BRDA:94,10,0,1
BRDA:94,10,1,1
BRDA:103,11,0,1
BRDA:103,11,1,1
BRDA:112,12,0,1
BRDA:112,12,1,1
BRDA:121,13,0,1
BRDA:121,13,1,1
BRDA:130,14,0,1
BRDA:130,14,1,1
BRDA:139,15,0,1
BRDA:139,15,1,1
BRF:32
BRH:32
end_of_record
TN:
SF:/Users/norman/projects/2019/jul/workflyt/src/core/employees/employees-repository.js
FN:1,(anonymous_0)
FN:2,(anonymous_1)
FN:6,(anonymous_2)
FN:10,(anonymous_3)
FN:16,(anonymous_4)
FN:22,(anonymous_5)
FN:25,(anonymous_6)
FN:34,(anonymous_7)
FN:44,(anonymous_8)
FN:50,(anonymous_9)
FN:53,(anonymous_10)
FN:59,(anonymous_11)
FN:62,(anonymous_12)
FN:71,(anonymous_13)
FN:80,(anonymous_14)
FN:83,(anonymous_15)
FN:93,(anonymous_16)
FN:97,(anonymous_17)
FN:99,(anonymous_18)
FN:106,(anonymous_19)
FN:114,(anonymous_20)
FN:120,(anonymous_21)
FN:123,(anonymous_22)
FNF:23
FNH:23
FNDA:50,(anonymous_0)
FNDA:2,(anonymous_1)
FNDA:2,(anonymous_2)
FNDA:1,(anonymous_3)
FNDA:1,(anonymous_4)
FNDA:1,(anonymous_5)
FNDA:1,(anonymous_6)
FNDA:2,(anonymous_7)
FNDA:1,(anonymous_8)
FNDA:1,(anonymous_9)
FNDA:1,(anonymous_10)
FNDA:1,(anonymous_11)
FNDA:1,(anonymous_12)
FNDA:1,(anonymous_13)
FNDA:1,(anonymous_14)
FNDA:1,(anonymous_15)
FNDA:1,(anonymous_16)
FNDA:1,(anonymous_17)
FNDA:5,(anonymous_18)
FNDA:1,(anonymous_19)
FNDA:1,(anonymous_20)
FNDA:1,(anonymous_21)
FNDA:1,(anonymous_22)
DA:1,50
DA:3,2
DA:7,2
DA:11,1
DA:17,1
DA:22,1
DA:26,1
DA:35,2
DA:45,1
DA:50,1
DA:54,1
DA:59,1
DA:63,1
DA:72,1
DA:80,1
DA:84,1
DA:94,1
DA:98,1
DA:99,5
DA:107,1
DA:115,1
DA:120,1
DA:124,1
LF:23
LH:23
BRDA:38,0,0,1
BRDA:38,0,1,1
BRF:2
BRH:2
end_of_record
TN:
SF:/Users/norman/projects/2019/jul/workflyt/src/core/employees/employees-service.js
FN:1,(anonymous_0)
FN:2,(anonymous_1)
FN:33,(anonymous_2)
FN:64,(anonymous_3)
FN:108,(anonymous_4)
FN:166,(anonymous_5)
FN:222,(anonymous_6)
FN:278,(anonymous_7)
FN:354,(anonymous_8)
FN:407,(anonymous_9)
FN:463,(anonymous_10)
FN:519,(anonymous_11)
FN:583,(anonymous_12)
FN:639,(anonymous_13)
FN:695,(anonymous_14)
FN:759,(anonymous_15)
FN:838,(anonymous_16)
FNF:17
FNH:17
FNDA:150,(anonymous_0)
FNDA:5,(anonymous_1)
FNDA:5,(anonymous_2)
FNDA:6,(anonymous_3)
FNDA:7,(anonymous_4)
FNDA:7,(anonymous_5)
FNDA:7,(anonymous_6)
FNDA:9,(anonymous_7)
FNDA:7,(anonymous_8)
FNDA:7,(anonymous_9)
FNDA:7,(anonymous_10)
FNDA:8,(anonymous_11)
FNDA:7,(anonymous_12)
FNDA:7,(anonymous_13)
FNDA:8,(anonymous_14)
FNDA:9,(anonymous_15)
FNDA:9,(anonymous_16)
DA:1,150
DA:3,5
DA:4,2
DA:5,2
DA:6,2
DA:7,2
DA:10,3
DA:12,3
DA:13,3
DA:15,1
DA:16,1
DA:17,1
DA:20,2
DA:22,2
DA:23,2
DA:25,1
DA:26,1
DA:27,1
DA:30,1
DA:34,5
DA:35,2
DA:36,2
DA:37,2
DA:38,2
DA:41,3
DA:43,3
DA:44,3
DA:46,1
DA:47,1
DA:48,1
DA:51,2
DA:53,2
DA:54,2
DA:56,1
DA:57,1
DA:58,1
DA:61,1
DA:65,6
DA:66,2
DA:67,2
DA:68,2
DA:69,2
DA:72,4
DA:74,4
DA:75,4
DA:80,1
DA:81,1
DA:82,1
DA:85,3
DA:87,3
DA:88,3
DA:93,1
DA:94,1
DA:95,1
DA:98,2
DA:99,1
DA:100,1
DA:101,1
DA:102,1
DA:105,1
DA:109,7
DA:110,2
DA:111,2
DA:112,2
DA:113,2
DA:116,5
DA:118,5
DA:119,5
DA:125,1
DA:126,1
DA:127,1
DA:130,4
DA:132,4
DA:133,4
DA:137,1
DA:138,1
DA:139,1
DA:142,3
DA:143,1
DA:144,1
DA:145,1
DA:146,1
DA:149,2
DA:151,2
DA:152,2
DA:158,1
DA:159,1
DA:160,1
DA:163,1
DA:167,7
DA:168,2
DA:169,2
DA:170,2
DA:171,2
DA:174,5
DA:176,5
DA:177,5
DA:182,1
DA:183,1
DA:184,1
DA:187,4
DA:189,4
DA:190,4
DA:194,1
DA:195,1
DA:196,1
DA:199,3
DA:200,1
DA:201,1
DA:202,1
DA:203,1
DA:206,2
DA:208,2
DA:209,2
DA:214,1
DA:215,1
DA:216,1
DA:219,1
DA:223,7
DA:224,2
DA:225,2
DA:226,2
DA:227,2
DA:230,5
DA:232,5
DA:233,5
DA:238,1
DA:239,1
DA:240,1
DA:243,4
DA:245,4
DA:246,4
DA:250,1
DA:251,1
DA:252,1
DA:255,3
DA:256,1
DA:257,1
DA:258,1
DA:259,1
DA:262,2
DA:264,2
DA:265,2
DA:270,1
DA:271,1
DA:272,1
DA:275,1
DA:279,9
DA:280,2
DA:281,2
DA:282,2
DA:283,2
DA:286,7
DA:288,7
DA:289,7
DA:294,1
DA:295,1
DA:296,1
DA:299,6
DA:301,6
DA:302,6
DA:306,1
DA:307,1
DA:308,1
DA:311,5
DA:312,1
DA:313,1
DA:314,1
DA:315,1
DA:318,4
DA:320,4
DA:321,4
DA:326,1
DA:327,1
DA:328,1
DA:331,3
DA:332,1
DA:333,1
DA:334,1
DA:335,1
DA:338,2
DA:340,2
DA:341,2
DA:346,1
DA:347,1
DA:348,1
DA:351,1
DA:355,7
DA:356,2
DA:357,2
DA:358,2
DA:359,2
DA:362,5
DA:364,5
DA:365,5
DA:367,1
DA:368,1
DA:369,1
DA:372,4
DA:374,4
DA:375,4
DA:379,1
DA:380,1
DA:381,1
DA:384,3
DA:385,1
DA:386,1
DA:387,1
DA:388,1
DA:391,2
DA:393,2
DA:394,2
DA:399,1
DA:400,1
DA:401,1
DA:404,1
DA:408,7
DA:409,2
DA:410,2
DA:411,2
DA:412,2
DA:415,5
DA:417,5
DA:418,5
DA:423,1
DA:424,1
DA:425,1
DA:428,4
DA:430,4
DA:431,4
DA:435,1
DA:436,1
DA:437,1
DA:440,3
DA:441,1
DA:442,1
DA:443,1
DA:444,1
DA:447,2
DA:449,2
DA:450,2
DA:455,1
DA:456,1
DA:457,1
DA:460,1
DA:464,7
DA:465,2
DA:466,2
DA:467,2
DA:468,2
DA:471,5
DA:473,5
DA:474,5
DA:479,1
DA:480,1
DA:481,1
DA:484,4
DA:486,4
DA:487,4
DA:491,1
DA:492,1
DA:493,1
DA:496,3
DA:497,1
DA:498,1
DA:499,1
DA:500,1
DA:503,2
DA:505,2
DA:506,2
DA:511,1
DA:512,1
DA:513,1
DA:516,1
DA:520,8
DA:521,2
DA:522,2
DA:523,2
DA:524,2
DA:527,6
DA:529,6
DA:530,6
DA:535,1
DA:536,1
DA:537,1
DA:540,5
DA:542,5
DA:543,5
DA:547,1
DA:548,1
DA:549,1
DA:552,4
DA:553,1
DA:554,1
DA:555,1
DA:556,1
DA:559,3
DA:561,3
DA:562,3
DA:568,1
DA:569,1
DA:570,1
DA:573,2
DA:574,1
DA:575,1
DA:576,1
DA:577,1
DA:580,1
DA:584,7
DA:585,2
DA:586,2
DA:587,2
DA:588,2
DA:591,5
DA:593,5
DA:594,5
DA:599,1
DA:600,1
DA:601,1
DA:604,4
DA:606,4
DA:607,4
DA:611,1
DA:612,1
DA:613,1
DA:616,3
DA:617,1
DA:618,1
DA:619,1
DA:620,1
DA:623,2
DA:625,2
DA:626,2
DA:631,1
DA:632,1
DA:633,1
DA:636,1
DA:640,7
DA:641,2
DA:642,2
DA:643,2
DA:644,2
DA:647,5
DA:649,5
DA:650,5
DA:655,1
DA:656,1
DA:657,1
DA:660,4
DA:662,4
DA:663,4
DA:667,1
DA:668,1
DA:669,1
DA:672,3
DA:673,1
DA:674,1
DA:675,1
DA:676,1
DA:679,2
DA:681,2
DA:682,2
DA:687,1
DA:688,1
DA:689,1
DA:692,1
DA:696,8
DA:697,2
DA:698,2
DA:699,2
DA:700,2
DA:703,6
DA:705,6
DA:706,6
DA:711,1
DA:712,1
DA:713,1
DA:716,5
DA:718,5
DA:719,5
DA:723,1
DA:724,1
DA:725,1
DA:728,4
DA:729,1
DA:730,1
DA:731,1
DA:732,1
DA:735,3
DA:737,3
DA:738,3
DA:744,1
DA:745,1
DA:746,1
DA:749,2
DA:750,1
DA:751,1
DA:752,1
DA:753,1
DA:756,1
DA:760,9
DA:761,2
DA:762,2
DA:763,2
DA:764,2
DA:767,7
DA:769,7
DA:770,7
DA:776,1
DA:777,1
DA:778,1
DA:781,6
DA:783,6
DA:784,6
DA:788,1
DA:789,1
DA:790,1
DA:793,5
DA:794,1
DA:795,1
DA:796,1
DA:797,1
DA:800,4
DA:802,4
DA:803,4
DA:808,1
DA:809,1
DA:810,1
DA:813,3
DA:814,1
DA:815,1
DA:816,1
DA:817,1
DA:820,2
DA:822,2
DA:823,2
DA:830,1
DA:831,1
DA:832,1
DA:835,1
DA:839,9
DA:840,2
DA:841,2
DA:842,2
DA:843,2
DA:846,7
DA:848,7
DA:849,7
DA:854,1
DA:855,1
DA:856,1
DA:859,6
DA:861,6
DA:862,6
DA:866,1
DA:867,1
DA:868,1
DA:871,5
DA:872,1
DA:873,1
DA:874,1
DA:875,1
DA:878,4
DA:880,4
DA:881,4
DA:886,1
DA:887,1
DA:888,1
DA:891,3
DA:892,1
DA:893,1
DA:894,1
DA:895,1
DA:898,2
DA:900,2
DA:901,2
DA:907,1
DA:908,1
DA:909,1
DA:912,1
LF:480
LH:480
BRDA:3,0,0,2
BRDA:3,0,1,3
BRDA:34,1,0,2
BRDA:34,1,1,3
BRDA:65,2,0,2
BRDA:65,2,1,4
BRDA:98,3,0,1
BRDA:98,3,1,1
BRDA:109,4,0,2
BRDA:109,4,1,5
BRDA:142,5,0,1
BRDA:142,5,1,2
BRDA:167,6,0,2
BRDA:167,6,1,5
BRDA:199,7,0,1
BRDA:199,7,1,2
BRDA:223,8,0,2
BRDA:223,8,1,5
BRDA:255,9,0,1
BRDA:255,9,1,2
BRDA:279,10,0,2
BRDA:279,10,1,7
BRDA:311,11,0,1
BRDA:311,11,1,4
BRDA:331,12,0,1
BRDA:331,12,1,2
BRDA:355,13,0,2
BRDA:355,13,1,5
BRDA:384,14,0,1
BRDA:384,14,1,2
BRDA:408,15,0,2
BRDA:408,15,1,5
BRDA:440,16,0,1
BRDA:440,16,1,2
BRDA:464,17,0,2
BRDA:464,17,1,5
BRDA:496,18,0,1
BRDA:496,18,1,2
BRDA:520,19,0,2
BRDA:520,19,1,6
BRDA:552,20,0,1
BRDA:552,20,1,3
BRDA:573,21,0,1
BRDA:573,21,1,1
BRDA:584,22,0,2
BRDA:584,22,1,5
BRDA:616,23,0,1
BRDA:616,23,1,2
BRDA:640,24,0,2
BRDA:640,24,1,5
BRDA:672,25,0,1
BRDA:672,25,1,2
BRDA:696,26,0,2
BRDA:696,26,1,6
BRDA:728,27,0,1
BRDA:728,27,1,3
BRDA:749,28,0,1
BRDA:749,28,1,1
BRDA:760,29,0,2
BRDA:760,29,1,7
BRDA:793,30,0,1
BRDA:793,30,1,4
BRDA:813,31,0,1
BRDA:813,31,1,2
BRDA:839,32,0,2
BRDA:839,32,1,7
BRDA:871,33,0,1
BRDA:871,33,1,4
BRDA:891,34,0,1
BRDA:891,34,1,2
BRF:70
BRH:70
end_of_record
TN:
SF:/Users/norman/projects/2019/jul/workflyt/src/core/employees/employees-validator.js
FN:1,(anonymous_0)
FNF:1
FNH:1
FNDA:2,(anonymous_0)
DA:1,1
DA:2,2
DA:17,2
DA:33,2
DA:47,2
DA:49,2
DA:51,2
DA:53,2
LF:8
LH:8
BRF:0
BRH:0
end_of_record
TN:
SF:/Users/norman/projects/2019/jul/workflyt/src/core/items/items-controller.js
FN:1,(anonymous_0)
FN:2,(anonymous_1)
FN:11,(anonymous_2)
FN:20,(anonymous_3)
FN:29,(anonymous_4)
FN:38,(anonymous_5)
FN:47,(anonymous_6)
FN:56,(anonymous_7)
FN:65,(anonymous_8)
FNF:9
FNH:9
FNDA:73,(anonymous_0)
FNDA:8,(anonymous_1)
FNDA:8,(anonymous_2)
FNDA:8,(anonymous_3)
FNDA:8,(anonymous_4)
FNDA:8,(anonymous_5)
FNDA:8,(anonymous_6)
FNDA:8,(anonymous_7)
FNDA:8,(anonymous_8)
DA:1,73
DA:3,8
DA:4,5
DA:5,1
DA:7,1
DA:12,8
DA:13,5
DA:14,1
DA:16,1
DA:21,8
DA:22,5
DA:23,1
DA:25,1
DA:30,8
DA:31,5
DA:32,1
DA:34,1
DA:39,8
DA:40,5
DA:41,1
DA:43,1
DA:48,8
DA:49,5
DA:50,1
DA:52,1
DA:57,8
DA:58,5
DA:59,1
DA:61,1
DA:66,8
DA:67,5
DA:68,1
DA:70,1
LF:33
LH:33
BRDA:4,0,0,1
BRDA:4,0,1,1
BRDA:13,1,0,1
BRDA:13,1,1,1
BRDA:22,2,0,1
BRDA:22,2,1,1
BRDA:31,3,0,1
BRDA:31,3,1,1
BRDA:40,4,0,1
BRDA:40,4,1,1
BRDA:49,5,0,1
BRDA:49,5,1,1
BRDA:58,6,0,1
BRDA:58,6,1,1
BRDA:67,7,0,1
BRDA:67,7,1,1
BRF:16
BRH:16
end_of_record
TN:
SF:/Users/norman/projects/2019/jul/workflyt/src/core/items/items-repository.js
FN:1,(anonymous_0)
FN:2,(anonymous_1)
FN:8,(anonymous_2)
FN:12,(anonymous_3)
FN:18,(anonymous_4)
FN:24,(anonymous_5)
FN:27,(anonymous_6)
FN:36,(anonymous_7)
FN:45,(anonymous_8)
FN:54,(anonymous_9)
FN:57,(anonymous_10)
FNF:11
FNH:11
FNDA:25,(anonymous_0)
FNDA:2,(anonymous_1)
FNDA:2,(anonymous_2)
FNDA:1,(anonymous_3)
FNDA:1,(anonymous_4)
FNDA:1,(anonymous_5)
FNDA:1,(anonymous_6)
FNDA:1,(anonymous_7)
FNDA:1,(anonymous_8)
FNDA:1,(anonymous_9)
FNDA:1,(anonymous_10)
DA:1,25
DA:3,2
DA:9,2
DA:13,1
DA:19,1
DA:24,1
DA:28,1
DA:37,1
DA:46,1
DA:54,1
DA:58,1
LF:11
LH:11
BRF:0
BRH:0
end_of_record
TN:
SF:/Users/norman/projects/2019/jul/workflyt/src/core/items/items-service.js
FN:1,(anonymous_0)
FN:2,(anonymous_1)
FN:33,(anonymous_2)
FN:64,(anonymous_3)
FN:108,(anonymous_4)
FN:164,(anonymous_5)
FN:218,(anonymous_6)
FN:272,(anonymous_7)
FN:326,(anonymous_8)
FNF:9
FNH:9
FNDA:71,(anonymous_0)
FNDA:5,(anonymous_1)
FNDA:5,(anonymous_2)
FNDA:6,(anonymous_3)
FNDA:7,(anonymous_4)
FNDA:7,(anonymous_5)
FNDA:7,(anonymous_6)
FNDA:7,(anonymous_7)
FNDA:8,(anonymous_8)
DA:1,71
DA:3,5
DA:4,2
DA:5,2
DA:6,2
DA:7,2
DA:10,3
DA:12,3
DA:13,3
DA:15,1
DA:16,1
DA:17,1
DA:20,2
DA:22,2
DA:23,2
DA:25,1
DA:26,1
DA:27,1
DA:30,1
DA:34,5
DA:35,2
DA:36,2
DA:37,2
DA:38,2
DA:41,3
DA:43,3
DA:44,3
DA:46,1
DA:47,1
DA:48,1
DA:51,2
DA:53,2
DA:54,2
DA:56,1
DA:57,1
DA:58,1
DA:61,1
DA:65,6
DA:66,2
DA:67,2
DA:68,2
DA:69,2
DA:72,4
DA:74,4
DA:75,4
DA:80,1
DA:81,1
DA:82,1
DA:85,3
DA:87,3
DA:88,3
DA:93,1
DA:94,1
DA:95,1
DA:98,2
DA:99,1
DA:100,1
DA:101,1
DA:102,1
DA:105,1
DA:109,7
DA:110,2
DA:111,2
DA:112,2
DA:113,2
DA:116,5
DA:118,5
DA:119,5
DA:125,1
DA:126,1
DA:127,1
DA:130,4
DA:132,4
DA:133,4
DA:135,1
DA:136,1
DA:137,1
DA:140,3
DA:141,1
DA:142,1
DA:143,1
DA:144,1
DA:147,2
DA:149,2
DA:150,2
DA:156,1
DA:157,1
DA:158,1
DA:161,1
DA:165,7
DA:166,2
DA:167,2
DA:168,2
DA:169,2
DA:172,5
DA:174,5
DA:175,5
DA:180,1
DA:181,1
DA:182,1
DA:185,4
DA:187,4
DA:188,4
DA:190,1
DA:191,1
DA:192,1
DA:195,3
DA:196,1
DA:197,1
DA:198,1
DA:199,1
DA:202,2
DA:204,2
DA:205,2
DA:210,1
DA:211,1
DA:212,1
DA:215,1
DA:219,7
DA:220,2
DA:221,2
DA:222,2
DA:223,2
DA:226,5
DA:228,5
DA:229,5
DA:234,1
DA:235,1
DA:236,1
DA:239,4
DA:241,4
DA:242,4
DA:244,1
DA:245,1
DA:246,1
DA:249,3
DA:250,1
DA:251,1
DA:252,1
DA:253,1
DA:256,2
DA:258,2
DA:259,2
DA:264,1
DA:265,1
DA:266,1
DA:269,1
DA:273,7
DA:274,2
DA:275,2
DA:276,2
DA:277,2
DA:280,5
DA:282,5
DA:283,5
DA:288,1
DA:289,1
DA:290,1
DA:293,4
DA:295,4
DA:296,4
DA:298,1
DA:299,1
DA:300,1
DA:303,3
DA:304,1
DA:305,1
DA:306,1
DA:307,1
DA:310,2
DA:312,2
DA:313,2
DA:318,1
DA:319,1
DA:320,1
DA:323,1
DA:327,8
DA:328,2
DA:329,2
DA:330,2
DA:331,2
DA:334,6
DA:336,6
DA:337,6
DA:342,1
DA:343,1
DA:344,1
DA:347,5
DA:349,5
DA:350,5
DA:352,1
DA:353,1
DA:354,1
DA:357,4
DA:358,1
DA:359,1
DA:360,1
DA:361,1
DA:364,3
DA:366,3
DA:367,3
DA:373,1
DA:374,1
DA:375,1
DA:378,2
DA:379,1
DA:380,1
DA:381,1
DA:382,1
DA:385,1
LF:210
LH:210
BRDA:3,0,0,2
BRDA:3,0,1,3
BRDA:34,1,0,2
BRDA:34,1,1,3
BRDA:65,2,0,2
BRDA:65,2,1,4
BRDA:98,3,0,1
BRDA:98,3,1,1
BRDA:109,4,0,2
BRDA:109,4,1,5
BRDA:140,5,0,1
BRDA:140,5,1,2
BRDA:165,6,0,2
BRDA:165,6,1,5
BRDA:195,7,0,1
BRDA:195,7,1,2
BRDA:219,8,0,2
BRDA:219,8,1,5
BRDA:249,9,0,1
BRDA:249,9,1,2
BRDA:273,10,0,2
BRDA:273,10,1,5
BRDA:303,11,0,1
BRDA:303,11,1,2
BRDA:327,12,0,2
BRDA:327,12,1,6
BRDA:357,13,0,1
BRDA:357,13,1,3
BRDA:378,14,0,1
BRDA:378,14,1,1
BRF:30
BRH:30
end_of_record
TN:
SF:/Users/norman/projects/2019/jul/workflyt/src/core/items/items-validator.js
FN:1,(anonymous_0)
FNF:1
FNH:1
FNDA:2,(anonymous_0)
DA:1,1
DA:2,2
DA:19,2
DA:34,2
DA:36,2
LF:5
LH:5
BRF:0
BRH:0
end_of_record
TN:
SF:/Users/norman/projects/2019/jul/workflyt/src/core/orders/orders-controller.js
FN:1,(anonymous_0)
FN:2,(anonymous_1)
FN:11,(anonymous_2)
FN:20,(anonymous_3)
FN:29,(anonymous_4)
FN:38,(anonymous_5)
FN:47,(anonymous_6)
FN:56,(anonymous_7)
FN:65,(anonymous_8)
FN:74,(anonymous_9)
FN:83,(anonymous_10)
FN:92,(anonymous_11)
FN:101,(anonymous_12)
FN:110,(anonymous_13)
FN:119,(anonymous_14)
FN:128,(anonymous_15)
FN:137,(anonymous_16)
FN:146,(anonymous_17)
FN:155,(anonymous_18)
FN:164,(anonymous_19)
FN:173,(anonymous_20)
FNF:21
FNH:21
FNDA:181,(anonymous_0)
FNDA:8,(anonymous_1)
FNDA:8,(anonymous_2)
FNDA:8,(anonymous_3)
FNDA:8,(anonymous_4)
FNDA:8,(anonymous_5)
FNDA:8,(anonymous_6)
FNDA:8,(anonymous_7)
FNDA:8,(anonymous_8)
FNDA:8,(anonymous_9)
FNDA:8,(anonymous_10)
FNDA:8,(anonymous_11)
FNDA:8,(anonymous_12)
FNDA:8,(anonymous_13)
FNDA:8,(anonymous_14)
FNDA:8,(anonymous_15)
FNDA:8,(anonymous_16)
FNDA:8,(anonymous_17)
FNDA:8,(anonymous_18)
FNDA:8,(anonymous_19)
FNDA:8,(anonymous_20)
DA:1,181
DA:3,8
DA:4,5
DA:5,1
DA:7,1
DA:12,8
DA:13,5
DA:14,1
DA:16,1
DA:21,8
DA:22,5
DA:23,1
DA:25,1
DA:30,8
DA:31,5
DA:32,1
DA:34,1
DA:39,8
DA:40,5
DA:41,1
DA:43,1
DA:48,8
DA:49,5
DA:50,1
DA:52,1
DA:57,8
DA:58,5
DA:59,1
DA:61,1
DA:66,8
DA:67,5
DA:68,1
DA:70,1
DA:75,8
DA:76,5
DA:77,1
DA:79,1
DA:84,8
DA:85,5
DA:86,1
DA:88,1
DA:93,8
DA:94,5
DA:95,1
DA:97,1
DA:102,8
DA:103,5
DA:104,1
DA:106,1
DA:111,8
DA:112,5
DA:113,1
DA:115,1
DA:120,8
DA:121,5
DA:122,1
DA:124,1
DA:129,8
DA:130,5
DA:131,1
DA:133,1
DA:138,8
DA:139,5
DA:140,1
DA:142,1
DA:147,8
DA:148,5
DA:149,1
DA:151,1
DA:156,8
DA:157,5
DA:158,1
DA:160,1
DA:165,8
DA:166,5
DA:167,1
DA:169,1
DA:174,8
DA:175,5
DA:176,1
DA:178,1
LF:81
LH:81
BRDA:4,0,0,1
BRDA:4,0,1,1
BRDA:13,1,0,1
BRDA:13,1,1,1
BRDA:22,2,0,1
BRDA:22,2,1,1
BRDA:31,3,0,1
BRDA:31,3,1,1
BRDA:40,4,0,1
BRDA:40,4,1,1
BRDA:49,5,0,1
BRDA:49,5,1,1
BRDA:58,6,0,1
BRDA:58,6,1,1
BRDA:67,7,0,1
BRDA:67,7,1,1
BRDA:76,8,0,1
BRDA:76,8,1,1
BRDA:85,9,0,1
BRDA:85,9,1,1
BRDA:94,10,0,1
BRDA:94,10,1,1
BRDA:103,11,0,1
BRDA:103,11,1,1
BRDA:112,12,0,1
BRDA:112,12,1,1
BRDA:121,13,0,1
BRDA:121,13,1,1
BRDA:130,14,0,1
BRDA:130,14,1,1
BRDA:139,15,0,1
BRDA:139,15,1,1
BRDA:148,16,0,1
BRDA:148,16,1,1
BRDA:157,17,0,1
BRDA:157,17,1,1
BRDA:166,18,0,1
BRDA:166,18,1,1
BRDA:175,19,0,1
BRDA:175,19,1,1
BRF:40
BRH:40
end_of_record
TN:
SF:/Users/norman/projects/2019/jul/workflyt/src/core/orders/orders-repository.js
FN:1,(anonymous_0)
FN:2,(anonymous_1)
FN:8,(anonymous_2)
FN:12,(anonymous_3)
FN:19,(anonymous_4)
FN:25,(anonymous_5)
FN:28,(anonymous_6)
FN:37,(anonymous_7)
FN:41,(anonymous_8)
FN:43,(anonymous_9)
FN:50,(anonymous_10)
FN:60,(anonymous_11)
FN:66,(anonymous_12)
FN:69,(anonymous_13)
FN:78,(anonymous_14)
FN:82,(anonymous_15)
FN:84,(anonymous_16)
FN:91,(anonymous_17)
FN:101,(anonymous_18)
FN:107,(anonymous_19)
FN:110,(anonymous_20)
FN:119,(anonymous_21)
FN:123,(anonymous_22)
FN:125,(anonymous_23)
FN:132,(anonymous_24)
FN:142,(anonymous_25)
FN:148,(anonymous_26)
FN:151,(anonymous_27)
FNF:28
FNH:28
FNDA:61,(anonymous_0)
FNDA:2,(anonymous_1)
FNDA:2,(anonymous_2)
FNDA:1,(anonymous_3)
FNDA:1,(anonymous_4)
FNDA:1,(anonymous_5)
FNDA:1,(anonymous_6)
FNDA:1,(anonymous_7)
FNDA:1,(anonymous_8)
FNDA:5,(anonymous_9)
FNDA:1,(anonymous_10)
FNDA:1,(anonymous_11)
FNDA:1,(anonymous_12)
FNDA:1,(anonymous_13)
FNDA:1,(anonymous_14)
FNDA:1,(anonymous_15)
FNDA:5,(anonymous_16)
FNDA:1,(anonymous_17)
FNDA:1,(anonymous_18)
FNDA:1,(anonymous_19)
FNDA:1,(anonymous_20)
FNDA:1,(anonymous_21)
FNDA:1,(anonymous_22)
FNDA:5,(anonymous_23)
FNDA:1,(anonymous_24)
FNDA:1,(anonymous_25)
FNDA:1,(anonymous_26)
FNDA:1,(anonymous_27)
DA:1,61
DA:3,2
DA:9,2
DA:13,1
DA:20,1
DA:25,1
DA:29,1
DA:38,1
DA:42,1
DA:43,5
DA:51,1
DA:61,1
DA:66,1
DA:70,1
DA:79,1
DA:83,1
DA:84,5
DA:92,1
DA:102,1
DA:107,1
DA:111,1
DA:120,1
DA:124,1
DA:125,5
DA:133,1
DA:143,1
DA:148,1
DA:152,1
LF:28
LH:28
BRF:0
BRH:0
end_of_record
TN:
SF:/Users/norman/projects/2019/jul/workflyt/src/core/orders/orders-service.js
FN:1,(anonymous_0)
FN:2,(anonymous_1)
FN:33,(anonymous_2)
FN:64,(anonymous_3)
FN:108,(anonymous_4)
FN:164,(anonymous_5)
FN:218,(anonymous_6)
FN:272,(anonymous_7)
FN:326,(anonymous_8)
FN:388,(anonymous_9)
FN:465,(anonymous_10)
FN:540,(anonymous_11)
FN:594,(anonymous_12)
FN:648,(anonymous_13)
FN:710,(anonymous_14)
FN:787,(anonymous_15)
FN:862,(anonymous_16)
FN:916,(anonymous_17)
FN:970,(anonymous_18)
FN:1032,(anonymous_19)
FN:1109,(anonymous_20)
FNF:21
FNH:21
FNDA:193,(anonymous_0)
FNDA:5,(anonymous_1)
FNDA:5,(anonymous_2)
FNDA:6,(anonymous_3)
FNDA:7,(anonymous_4)
FNDA:7,(anonymous_5)
FNDA:7,(anonymous_6)
FNDA:7,(anonymous_7)
FNDA:8,(anonymous_8)
FNDA:9,(anonymous_9)
FNDA:9,(anonymous_10)
FNDA:7,(anonymous_11)
FNDA:7,(anonymous_12)
FNDA:8,(anonymous_13)
FNDA:9,(anonymous_14)
FNDA:9,(anonymous_15)
FNDA:7,(anonymous_16)
FNDA:7,(anonymous_17)
FNDA:8,(anonymous_18)
FNDA:9,(anonymous_19)
FNDA:9,(anonymous_20)
DA:1,193
DA:3,5
DA:4,2
DA:5,2
DA:6,2
DA:7,2
DA:10,3
DA:12,3
DA:13,3
DA:15,1
DA:16,1
DA:17,1
DA:20,2
DA:22,2
DA:23,2
DA:25,1
DA:26,1
DA:27,1
DA:30,1
DA:34,5
DA:35,2
DA:36,2
DA:37,2
DA:38,2
DA:41,3
DA:43,3
DA:44,3
DA:46,1
DA:47,1
DA:48,1
DA:51,2
DA:53,2
DA:54,2
DA:56,1
DA:57,1
DA:58,1
DA:61,1
DA:65,6
DA:66,2
DA:67,2
DA:68,2
DA:69,2
DA:72,4
DA:74,4
DA:75,4
DA:80,1
DA:81,1
DA:82,1
DA:85,3
DA:87,3
DA:88,3
DA:93,1
DA:94,1
DA:95,1
DA:98,2
DA:99,1
DA:100,1
DA:101,1
DA:102,1
DA:105,1
DA:109,7
DA:110,2
DA:111,2
DA:112,2
DA:113,2
DA:116,5
DA:118,5
DA:119,5
DA:125,1
DA:126,1
DA:127,1
DA:130,4
DA:132,4
DA:133,4
DA:135,1
DA:136,1
DA:137,1
DA:140,3
DA:141,1
DA:142,1
DA:143,1
DA:144,1
DA:147,2
DA:149,2
DA:150,2
DA:156,1
DA:157,1
DA:158,1
DA:161,1
DA:165,7
DA:166,2
DA:167,2
DA:168,2
DA:169,2
DA:172,5
DA:174,5
DA:175,5
DA:180,1
DA:181,1
DA:182,1
DA:185,4
DA:187,4
DA:188,4
DA:190,1
DA:191,1
DA:192,1
DA:195,3
DA:196,1
DA:197,1
DA:198,1
DA:199,1
DA:202,2
DA:204,2
DA:205,2
DA:210,1
DA:211,1
DA:212,1
DA:215,1
DA:219,7
DA:220,2
DA:221,2
DA:222,2
DA:223,2
DA:226,5
DA:228,5
DA:229,5
DA:234,1
DA:235,1
DA:236,1
DA:239,4
DA:241,4
DA:242,4
DA:244,1
DA:245,1
DA:246,1
DA:249,3
DA:250,1
DA:251,1
DA:252,1
DA:253,1
DA:256,2
DA:258,2
DA:259,2
DA:264,1
DA:265,1
DA:266,1
DA:269,1
DA:273,7
DA:274,2
DA:275,2
DA:276,2
DA:277,2
DA:280,5
DA:282,5
DA:283,5
DA:288,1
DA:289,1
DA:290,1
DA:293,4
DA:295,4
DA:296,4
DA:298,1
DA:299,1
DA:300,1
DA:303,3
DA:304,1
DA:305,1
DA:306,1
DA:307,1
DA:310,2
DA:312,2
DA:313,2
DA:318,1
DA:319,1
DA:320,1
DA:323,1
DA:327,8
DA:328,2
DA:329,2
DA:330,2
DA:331,2
DA:334,6
DA:336,6
DA:337,6
DA:342,1
DA:343,1
DA:344,1
DA:347,5
DA:349,5
DA:350,5
DA:352,1
DA:353,1
DA:354,1
DA:357,4
DA:358,1
DA:359,1
DA:360,1
DA:361,1
DA:364,3
DA:366,3
DA:367,3
DA:373,1
DA:374,1
DA:375,1
DA:378,2
DA:379,1
DA:380,1
DA:381,1
DA:382,1
DA:385,1
DA:389,9
DA:390,2
DA:391,2
DA:392,2
DA:393,2
DA:396,7
DA:398,7
DA:399,7
DA:405,1
DA:406,1
DA:407,1
DA:410,6
DA:412,6
DA:413,6
DA:415,1
DA:416,1
DA:417,1
DA:420,5
DA:421,1
DA:422,1
DA:423,1
DA:424,1
DA:427,4
DA:429,4
DA:430,4
DA:435,1
DA:436,1
DA:437,1
DA:440,3
DA:441,1
DA:442,1
DA:443,1
DA:444,1
DA:447,2
DA:449,2
DA:450,2
DA:457,1
DA:458,1
DA:459,1
DA:462,1
DA:466,9
DA:467,2
DA:468,2
DA:469,2
DA:470,2
DA:473,7
DA:475,7
DA:476,7
DA:481,1
DA:482,1
DA:483,1
DA:486,6
DA:488,6
DA:489,6
DA:491,1
DA:492,1
DA:493,1
DA:496,5
DA:497,1
DA:498,1
DA:499,1
DA:500,1
DA:503,4
DA:505,4
DA:506,4
DA:511,1
DA:512,1
DA:513,1
DA:516,3
DA:517,1
DA:518,1
DA:519,1
DA:520,1
DA:523,2
DA:525,2
DA:526,2
DA:532,1
DA:533,1
DA:534,1
DA:537,1
DA:541,7
DA:542,2
DA:543,2
DA:544,2
DA:545,2
DA:548,5
DA:550,5
DA:551,5
DA:556,1
DA:557,1
DA:558,1
DA:561,4
DA:563,4
DA:564,4
DA:566,1
DA:567,1
DA:568,1
DA:571,3
DA:572,1
DA:573,1
DA:574,1
DA:575,1
DA:578,2
DA:580,2
DA:581,2
DA:586,1
DA:587,1
DA:588,1
DA:591,1
DA:595,7
DA:596,2
DA:597,2
DA:598,2
DA:599,2
DA:602,5
DA:604,5
DA:605,5
DA:610,1
DA:611,1
DA:612,1
DA:615,4
DA:617,4
DA:618,4
DA:620,1
DA:621,1
DA:622,1
DA:625,3
DA:626,1
DA:627,1
DA:628,1
DA:629,1
DA:632,2
DA:634,2
DA:635,2
DA:640,1
DA:641,1
DA:642,1
DA:645,1
DA:649,8
DA:650,2
DA:651,2
DA:652,2
DA:653,2
DA:656,6
DA:658,6
DA:659,6
DA:664,1
DA:665,1
DA:666,1
DA:669,5
DA:671,5
DA:672,5
DA:674,1
DA:675,1
DA:676,1
DA:679,4
DA:680,1
DA:681,1
DA:682,1
DA:683,1
DA:686,3
DA:688,3
DA:689,3
DA:695,1
DA:696,1
DA:697,1
DA:700,2
DA:701,1
DA:702,1
DA:703,1
DA:704,1
DA:707,1
DA:711,9
DA:712,2
DA:713,2
DA:714,2
DA:715,2
DA:718,7
DA:720,7
DA:721,7
DA:727,1
DA:728,1
DA:729,1
DA:732,6
DA:734,6
DA:735,6
DA:737,1
DA:738,1
DA:739,1
DA:742,5
DA:743,1
DA:744,1
DA:745,1
DA:746,1
DA:749,4
DA:751,4
DA:752,4
DA:757,1
DA:758,1
DA:759,1
DA:762,3
DA:763,1
DA:764,1
DA:765,1
DA:766,1
DA:769,2
DA:771,2
DA:772,2
DA:779,1
DA:780,1
DA:781,1
DA:784,1
DA:788,9
DA:789,2
DA:790,2
DA:791,2
DA:792,2
DA:795,7
DA:797,7
DA:798,7
DA:803,1
DA:804,1
DA:805,1
DA:808,6
DA:810,6
DA:811,6
DA:813,1
DA:814,1
DA:815,1
DA:818,5
DA:819,1
DA:820,1
DA:821,1
DA:822,1
DA:825,4
DA:827,4
DA:828,4
DA:833,1
DA:834,1
DA:835,1
DA:838,3
DA:839,1
DA:840,1
DA:841,1
DA:842,1
DA:845,2
DA:847,2
DA:848,2
DA:854,1
DA:855,1
DA:856,1
DA:859,1
DA:863,7
DA:864,2
DA:865,2
DA:866,2
DA:867,2
DA:870,5
DA:872,5
DA:873,5
DA:878,1
DA:879,1
DA:880,1
DA:883,4
DA:885,4
DA:886,4
DA:888,1
DA:889,1
DA:890,1
DA:893,3
DA:894,1
DA:895,1
DA:896,1
DA:897,1
DA:900,2
DA:902,2
DA:903,2
DA:908,1
DA:909,1
DA:910,1
DA:913,1
DA:917,7
DA:918,2
DA:919,2
DA:920,2
DA:921,2
DA:924,5
DA:926,5
DA:927,5
DA:932,1
DA:933,1
DA:934,1
DA:937,4
DA:939,4
DA:940,4
DA:942,1
DA:943,1
DA:944,1
DA:947,3
DA:948,1
DA:949,1
DA:950,1
DA:951,1
DA:954,2
DA:956,2
DA:957,2
DA:962,1
DA:963,1
DA:964,1
DA:967,1
DA:971,8
DA:972,2
DA:973,2
DA:974,2
DA:975,2
DA:978,6
DA:980,6
DA:981,6
DA:986,1
DA:987,1
DA:988,1
DA:991,5
DA:993,5
DA:994,5
DA:996,1
DA:997,1
DA:998,1
DA:1001,4
DA:1002,1
DA:1003,1
DA:1004,1
DA:1005,1
DA:1008,3
DA:1010,3
DA:1011,3
DA:1017,1
DA:1018,1
DA:1019,1
DA:1022,2
DA:1023,1
DA:1024,1
DA:1025,1
DA:1026,1
DA:1029,1
DA:1033,9
DA:1034,2
DA:1035,2
DA:1036,2
DA:1037,2
DA:1040,7
DA:1042,7
DA:1043,7
DA:1049,1
DA:1050,1
DA:1051,1
DA:1054,6
DA:1056,6
DA:1057,6
DA:1059,1
DA:1060,1
DA:1061,1
DA:1064,5
DA:1065,1
DA:1066,1
DA:1067,1
DA:1068,1
DA:1071,4
DA:1073,4
DA:1074,4
DA:1079,1
DA:1080,1
DA:1081,1
DA:1084,3
DA:1085,1
DA:1086,1
DA:1087,1
DA:1088,1
DA:1091,2
DA:1093,2
DA:1094,2
DA:1101,1
DA:1102,1
DA:1103,1
DA:1106,1
DA:1110,9
DA:1111,2
DA:1112,2
DA:1113,2
DA:1114,2
DA:1117,7
DA:1119,7
DA:1120,7
DA:1125,1
DA:1126,1
DA:1127,1
DA:1130,6
DA:1132,6
DA:1133,6
DA:1135,1
DA:1136,1
DA:1137,1
DA:1140,5
DA:1141,1
DA:1142,1
DA:1143,1
DA:1144,1
DA:1147,4
DA:1149,4
DA:1150,4
DA:1155,1
DA:1156,1
DA:1157,1
DA:1160,3
DA:1161,1
DA:1162,1
DA:1163,1
DA:1164,1
DA:1167,2
DA:1169,2
DA:1170,2
DA:1176,1
DA:1177,1
DA:1178,1
DA:1181,1
LF:634
LH:634
BRDA:3,0,0,2
BRDA:3,0,1,3
BRDA:34,1,0,2
BRDA:34,1,1,3
BRDA:65,2,0,2
BRDA:65,2,1,4
BRDA:98,3,0,1
BRDA:98,3,1,1
BRDA:109,4,0,2
BRDA:109,4,1,5
BRDA:140,5,0,1
BRDA:140,5,1,2
BRDA:165,6,0,2
BRDA:165,6,1,5
BRDA:195,7,0,1
BRDA:195,7,1,2
BRDA:219,8,0,2
BRDA:219,8,1,5
BRDA:249,9,0,1
BRDA:249,9,1,2
BRDA:273,10,0,2
BRDA:273,10,1,5
BRDA:303,11,0,1
BRDA:303,11,1,2
BRDA:327,12,0,2
BRDA:327,12,1,6
BRDA:357,13,0,1
BRDA:357,13,1,3
BRDA:378,14,0,1
BRDA:378,14,1,1
BRDA:389,15,0,2
BRDA:389,15,1,7
BRDA:420,16,0,1
BRDA:420,16,1,4
BRDA:440,17,0,1
BRDA:440,17,1,2
BRDA:466,18,0,2
BRDA:466,18,1,7
BRDA:496,19,0,1
BRDA:496,19,1,4
BRDA:516,20,0,1
BRDA:516,20,1,2
BRDA:541,21,0,2
BRDA:541,21,1,5
BRDA:571,22,0,1
BRDA:571,22,1,2
BRDA:595,23,0,2
BRDA:595,23,1,5
BRDA:625,24,0,1
BRDA:625,24,1,2
BRDA:649,25,0,2
BRDA:649,25,1,6
BRDA:679,26,0,1
BRDA:679,26,1,3
BRDA:700,27,0,1
BRDA:700,27,1,1
BRDA:711,28,0,2
BRDA:711,28,1,7
BRDA:742,29,0,1
BRDA:742,29,1,4
BRDA:762,30,0,1
BRDA:762,30,1,2
BRDA:788,31,0,2
BRDA:788,31,1,7
BRDA:818,32,0,1
BRDA:818,32,1,4
BRDA:838,33,0,1
BRDA:838,33,1,2
BRDA:863,34,0,2
BRDA:863,34,1,5
BRDA:893,35,0,1
BRDA:893,35,1,2
BRDA:917,36,0,2
BRDA:917,36,1,5
BRDA:947,37,0,1
BRDA:947,37,1,2
BRDA:971,38,0,2
BRDA:971,38,1,6
BRDA:1001,39,0,1
BRDA:1001,39,1,3
BRDA:1022,40,0,1
BRDA:1022,40,1,1
BRDA:1033,41,0,2
BRDA:1033,41,1,7
BRDA:1064,42,0,1
BRDA:1064,42,1,4
BRDA:1084,43,0,1
BRDA:1084,43,1,2
BRDA:1110,44,0,2
BRDA:1110,44,1,7
BRDA:1140,45,0,1
BRDA:1140,45,1,4
BRDA:1160,46,0,1
BRDA:1160,46,1,2
BRF:94
BRH:94
end_of_record
TN:
SF:/Users/norman/projects/2019/jul/workflyt/src/core/orders/orders-validator.js
FN:1,(anonymous_0)
FNF:1
FNH:1
FNDA:2,(anonymous_0)
DA:1,1
DA:2,2
DA:17,2
DA:34,2
DA:47,2
DA:62,2
DA:64,2
DA:66,2
DA:68,2
DA:70,2
LF:10
LH:10
BRF:0
BRH:0
end_of_record
TN:
SF:/Users/norman/projects/2019/jul/workflyt/src/core/permissions/permissions-controller.js
FN:1,(anonymous_0)
FN:2,(anonymous_1)
FN:11,(anonymous_2)
FN:20,(anonymous_3)
FN:29,(anonymous_4)
FN:38,(anonymous_5)
FNF:6
FNH:6
FNDA:46,(anonymous_0)
FNDA:8,(anonymous_1)
FNDA:8,(anonymous_2)
FNDA:8,(anonymous_3)
FNDA:8,(anonymous_4)
FNDA:8,(anonymous_5)
DA:1,46
DA:3,8
DA:4,5
DA:5,1
DA:7,1
DA:12,8
DA:13,5
DA:14,1
DA:16,1
DA:21,8
DA:22,5
DA:23,1
DA:25,1
DA:30,8
DA:31,5
DA:32,1
DA:34,1
DA:39,8
DA:40,5
DA:41,1
DA:43,1
LF:21
LH:21
BRDA:4,0,0,1
BRDA:4,0,1,1
BRDA:13,1,0,1
BRDA:13,1,1,1
BRDA:22,2,0,1
BRDA:22,2,1,1
BRDA:31,3,0,1
BRDA:31,3,1,1
BRDA:40,4,0,1
BRDA:40,4,1,1
BRF:10
BRH:10
end_of_record
TN:
SF:/Users/norman/projects/2019/jul/workflyt/src/core/permissions/permissions-repository.js
FN:1,(anonymous_0)
FN:2,(anonymous_1)
FN:8,(anonymous_2)
FN:12,(anonymous_3)
FN:19,(anonymous_4)
FN:25,(anonymous_5)
FN:28,(anonymous_6)
FNF:7
FNH:7
FNDA:16,(anonymous_0)
FNDA:2,(anonymous_1)
FNDA:2,(anonymous_2)
FNDA:1,(anonymous_3)
FNDA:1,(anonymous_4)
FNDA:1,(anonymous_5)
FNDA:1,(anonymous_6)
DA:1,16
DA:3,2
DA:9,2
DA:13,1
DA:20,1
DA:25,1
DA:29,1
LF:7
LH:7
BRF:0
BRH:0
end_of_record
TN:
SF:/Users/norman/projects/2019/jul/workflyt/src/core/permissions/permissions-service.js
FN:1,(anonymous_0)
FN:2,(anonymous_1)
FN:35,(anonymous_2)
FN:68,(anonymous_3)
FN:112,(anonymous_4)
FN:170,(anonymous_5)
FNF:6
FNH:6
FNDA:43,(anonymous_0)
FNDA:5,(anonymous_1)
FNDA:5,(anonymous_2)
FNDA:6,(anonymous_3)
FNDA:7,(anonymous_4)
FNDA:7,(anonymous_5)
DA:1,43
DA:3,5
DA:4,2
DA:5,2
DA:6,2
DA:7,2
DA:10,3
DA:12,3
DA:13,3
DA:17,1
DA:18,1
DA:19,1
DA:22,2
DA:24,2
DA:25,2
DA:27,1
DA:28,1
DA:29,1
DA:32,1
DA:36,5
DA:37,2
DA:38,2
DA:39,2
DA:40,2
DA:43,3
DA:45,3
DA:46,3
DA:50,1
DA:51,1
DA:52,1
DA:55,2
DA:57,2
DA:58,2
DA:60,1
DA:61,1
DA:62,1
DA:65,1
DA:69,6
DA:70,2
DA:71,2
DA:72,2
DA:73,2
DA:76,4
DA:78,4
DA:79,4
DA:84,1
DA:85,1
DA:86,1
DA:89,3
DA:91,3
DA:92,3
DA:97,1
DA:98,1
DA:99,1
DA:102,2
DA:103,1
DA:104,1
DA:105,1
DA:106,1
DA:109,1
DA:113,7
DA:114,2
DA:115,2
DA:116,2
DA:117,2
DA:120,5
DA:122,5
DA:123,5
DA:129,1
DA:130,1
DA:131,1
DA:134,4
DA:136,4
DA:137,4
DA:141,1
DA:142,1
DA:143,1
DA:146,3
DA:147,1
DA:148,1
DA:149,1
DA:150,1
DA:153,2
DA:155,2
DA:156,2
DA:162,1
DA:163,1
DA:164,1
DA:167,1
DA:171,7
DA:172,2
DA:173,2
DA:174,2
DA:175,2
DA:178,5
DA:180,5
DA:181,5
DA:186,1
DA:187,1
DA:188,1
DA:191,4
DA:193,4
DA:194,4
DA:198,1
DA:199,1
DA:200,1
DA:203,3
DA:204,1
DA:205,1
DA:206,1
DA:207,1
DA:210,2
DA:212,2
DA:213,2
DA:218,1
DA:219,1
DA:220,1
DA:223,1
LF:118
LH:118
BRDA:3,0,0,2
BRDA:3,0,1,3
BRDA:36,1,0,2
BRDA:36,1,1,3
BRDA:69,2,0,2
BRDA:69,2,1,4
BRDA:102,3,0,1
BRDA:102,3,1,1
BRDA:113,4,0,2
BRDA:113,4,1,5
BRDA:146,5,0,1
BRDA:146,5,1,2
BRDA:171,6,0,2
BRDA:171,6,1,5
BRDA:203,7,0,1
BRDA:203,7,1,2
BRF:16
BRH:16
end_of_record
TN:
SF:/Users/norman/projects/2019/jul/workflyt/src/core/permissions/permissions-validator.js
FN:1,(anonymous_0)
FNF:1
FNH:1
FNDA:2,(anonymous_0)
DA:1,1
DA:2,2
DA:15,2
LF:3
LH:3
BRF:0
BRH:0
end_of_record
TN:
SF:/Users/norman/projects/2019/jul/workflyt/src/core/quotes/quotes-controller.js
FN:1,(anonymous_0)
FN:2,(anonymous_1)
FN:11,(anonymous_2)
FN:20,(anonymous_3)
FN:29,(anonymous_4)
FN:38,(anonymous_5)
FN:47,(anonymous_6)
FN:56,(anonymous_7)
FN:65,(anonymous_8)
FN:74,(anonymous_9)
FN:83,(anonymous_10)
FN:92,(anonymous_11)
FN:101,(anonymous_12)
FN:110,(anonymous_13)
FNF:14
FNH:14
FNDA:118,(anonymous_0)
FNDA:8,(anonymous_1)
FNDA:8,(anonymous_2)
FNDA:8,(anonymous_3)
FNDA:8,(anonymous_4)
FNDA:8,(anonymous_5)
FNDA:8,(anonymous_6)
FNDA:8,(anonymous_7)
FNDA:8,(anonymous_8)
FNDA:8,(anonymous_9)
FNDA:8,(anonymous_10)
FNDA:8,(anonymous_11)
FNDA:8,(anonymous_12)
FNDA:8,(anonymous_13)
DA:1,118
DA:3,8
DA:4,5
DA:5,1
DA:7,1
DA:12,8
DA:13,5
DA:14,1
DA:16,1
DA:21,8
DA:22,5
DA:23,1
DA:25,1
DA:30,8
DA:31,5
DA:32,1
DA:34,1
DA:39,8
DA:40,5
DA:41,1
DA:43,1
DA:48,8
DA:49,5
DA:50,1
DA:52,1
DA:57,8
DA:58,5
DA:59,1
DA:61,1
DA:66,8
DA:67,5
DA:68,1
DA:70,1
DA:75,8
DA:76,5
DA:77,1
DA:79,1
DA:84,8
DA:85,5
DA:86,1
DA:88,1
DA:93,8
DA:94,5
DA:95,1
DA:97,1
DA:102,8
DA:103,5
DA:104,1
DA:106,1
DA:111,8
DA:112,5
DA:113,1
DA:115,1
LF:53
LH:53
BRDA:4,0,0,1
BRDA:4,0,1,1
BRDA:13,1,0,1
BRDA:13,1,1,1
BRDA:22,2,0,1
BRDA:22,2,1,1
BRDA:31,3,0,1
BRDA:31,3,1,1
BRDA:40,4,0,1
BRDA:40,4,1,1
BRDA:49,5,0,1
BRDA:49,5,1,1
BRDA:58,6,0,1
BRDA:58,6,1,1
BRDA:67,7,0,1
BRDA:67,7,1,1
BRDA:76,8,0,1
BRDA:76,8,1,1
BRDA:85,9,0,1
BRDA:85,9,1,1
BRDA:94,10,0,1
BRDA:94,10,1,1
BRDA:103,11,0,1
BRDA:103,11,1,1
BRDA:112,12,0,1
BRDA:112,12,1,1
BRF:26
BRH:26
end_of_record
TN:
SF:/Users/norman/projects/2019/jul/workflyt/src/core/quotes/quotes-repository.js
FN:1,(anonymous_0)
FN:2,(anonymous_1)
FN:8,(anonymous_2)
FN:12,(anonymous_3)
FN:19,(anonymous_4)
FN:25,(anonymous_5)
FN:28,(anonymous_6)
FN:37,(anonymous_7)
FN:41,(anonymous_8)
FN:43,(anonymous_9)
FN:50,(anonymous_10)
FN:60,(anonymous_11)
FN:66,(anonymous_12)
FN:69,(anonymous_13)
FN:78,(anonymous_14)
FN:84,(anonymous_15)
FN:93,(anonymous_16)
FN:96,(anonymous_17)
FNF:18
FNH:18
FNDA:40,(anonymous_0)
FNDA:2,(anonymous_1)
FNDA:2,(anonymous_2)
FNDA:1,(anonymous_3)
FNDA:1,(anonymous_4)
FNDA:1,(anonymous_5)
FNDA:1,(anonymous_6)
FNDA:1,(anonymous_7)
FNDA:1,(anonymous_8)
FNDA:5,(anonymous_9)
FNDA:1,(anonymous_10)
FNDA:1,(anonymous_11)
FNDA:1,(anonymous_12)
FNDA:1,(anonymous_13)
FNDA:1,(anonymous_14)
FNDA:1,(anonymous_15)
FNDA:1,(anonymous_16)
FNDA:1,(anonymous_17)
DA:1,40
DA:3,2
DA:9,2
DA:13,1
DA:20,1
DA:25,1
DA:29,1
DA:38,1
DA:42,1
DA:43,5
DA:51,1
DA:61,1
DA:66,1
DA:70,1
DA:79,1
DA:85,1
DA:93,1
DA:97,1
LF:18
LH:18
BRF:0
BRH:0
end_of_record
TN:
SF:/Users/norman/projects/2019/jul/workflyt/src/core/quotes/quotes-service.js
FN:1,(anonymous_0)
FN:2,(anonymous_1)
FN:33,(anonymous_2)
FN:64,(anonymous_3)
FN:108,(anonymous_4)
FN:164,(anonymous_5)
FN:218,(anonymous_6)
FN:272,(anonymous_7)
FN:326,(anonymous_8)
FN:388,(anonymous_9)
FN:465,(anonymous_10)
FN:540,(anonymous_11)
FN:594,(anonymous_12)
FN:648,(anonymous_13)
FNF:14
FNH:14
FNDA:121,(anonymous_0)
FNDA:5,(anonymous_1)
FNDA:5,(anonymous_2)
FNDA:6,(anonymous_3)
FNDA:7,(anonymous_4)
FNDA:7,(anonymous_5)
FNDA:7,(anonymous_6)
FNDA:7,(anonymous_7)
FNDA:8,(anonymous_8)
FNDA:9,(anonymous_9)
FNDA:9,(anonymous_10)
FNDA:7,(anonymous_11)
FNDA:7,(anonymous_12)
FNDA:8,(anonymous_13)
DA:1,121
DA:3,5
DA:4,2
DA:5,2
DA:6,2
DA:7,2
DA:10,3
DA:12,3
DA:13,3
DA:15,1
DA:16,1
DA:17,1
DA:20,2
DA:22,2
DA:23,2
DA:25,1
DA:26,1
DA:27,1
DA:30,1
DA:34,5
DA:35,2
DA:36,2
DA:37,2
DA:38,2
DA:41,3
DA:43,3
DA:44,3
DA:46,1
DA:47,1
DA:48,1
DA:51,2
DA:53,2
DA:54,2
DA:56,1
DA:57,1
DA:58,1
DA:61,1
DA:65,6
DA:66,2
DA:67,2
DA:68,2
DA:69,2
DA:72,4
DA:74,4
DA:75,4
DA:80,1
DA:81,1
DA:82,1
DA:85,3
DA:87,3
DA:88,3
DA:93,1
DA:94,1
DA:95,1
DA:98,2
DA:99,1
DA:100,1
DA:101,1
DA:102,1
DA:105,1
DA:109,7
DA:110,2
DA:111,2
DA:112,2
DA:113,2
DA:116,5
DA:118,5
DA:119,5
DA:125,1
DA:126,1
DA:127,1
DA:130,4
DA:132,4
DA:133,4
DA:135,1
DA:136,1
DA:137,1
DA:140,3
DA:141,1
DA:142,1
DA:143,1
DA:144,1
DA:147,2
DA:149,2
DA:150,2
DA:156,1
DA:157,1
DA:158,1
DA:161,1
DA:165,7
DA:166,2
DA:167,2
DA:168,2
DA:169,2
DA:172,5
DA:174,5
DA:175,5
DA:180,1
DA:181,1
DA:182,1
DA:185,4
DA:187,4
DA:188,4
DA:190,1
DA:191,1
DA:192,1
DA:195,3
DA:196,1
DA:197,1
DA:198,1
DA:199,1
DA:202,2
DA:204,2
DA:205,2
DA:210,1
DA:211,1
DA:212,1
DA:215,1
DA:219,7
DA:220,2
DA:221,2
DA:222,2
DA:223,2
DA:226,5
DA:228,5
DA:229,5
DA:234,1
DA:235,1
DA:236,1
DA:239,4
DA:241,4
DA:242,4
DA:244,1
DA:245,1
DA:246,1
DA:249,3
DA:250,1
DA:251,1
DA:252,1
DA:253,1
DA:256,2
DA:258,2
DA:259,2
DA:264,1
DA:265,1
DA:266,1
DA:269,1
DA:273,7
DA:274,2
DA:275,2
DA:276,2
DA:277,2
DA:280,5
DA:282,5
DA:283,5
DA:288,1
DA:289,1
DA:290,1
DA:293,4
DA:295,4
DA:296,4
DA:298,1
DA:299,1
DA:300,1
DA:303,3
DA:304,1
DA:305,1
DA:306,1
DA:307,1
DA:310,2
DA:312,2
DA:313,2
DA:318,1
DA:319,1
DA:320,1
DA:323,1
DA:327,8
DA:328,2
DA:329,2
DA:330,2
DA:331,2
DA:334,6
DA:336,6
DA:337,6
DA:342,1
DA:343,1
DA:344,1
DA:347,5
DA:349,5
DA:350,5
DA:352,1
DA:353,1
DA:354,1
DA:357,4
DA:358,1
DA:359,1
DA:360,1
DA:361,1
DA:364,3
DA:366,3
DA:367,3
DA:373,1
DA:374,1
DA:375,1
DA:378,2
DA:379,1
DA:380,1
DA:381,1
DA:382,1
DA:385,1
DA:389,9
DA:390,2
DA:391,2
DA:392,2
DA:393,2
DA:396,7
DA:398,7
DA:399,7
DA:405,1
DA:406,1
DA:407,1
DA:410,6
DA:412,6
DA:413,6
DA:415,1
DA:416,1
DA:417,1
DA:420,5
DA:421,1
DA:422,1
DA:423,1
DA:424,1
DA:427,4
DA:429,4
DA:430,4
DA:435,1
DA:436,1
DA:437,1
DA:440,3
DA:441,1
DA:442,1
DA:443,1
DA:444,1
DA:447,2
DA:449,2
DA:450,2
DA:457,1
DA:458,1
DA:459,1
DA:462,1
DA:466,9
DA:467,2
DA:468,2
DA:469,2
DA:470,2
DA:473,7
DA:475,7
DA:476,7
DA:481,1
DA:482,1
DA:483,1
DA:486,6
DA:488,6
DA:489,6
DA:491,1
DA:492,1
DA:493,1
DA:496,5
DA:497,1
DA:498,1
DA:499,1
DA:500,1
DA:503,4
DA:505,4
DA:506,4
DA:511,1
DA:512,1
DA:513,1
DA:516,3
DA:517,1
DA:518,1
DA:519,1
DA:520,1
DA:523,2
DA:525,2
DA:526,2
DA:532,1
DA:533,1
DA:534,1
DA:537,1
DA:541,7
DA:542,2
DA:543,2
DA:544,2
DA:545,2
DA:548,5
DA:550,5
DA:551,5
DA:556,1
DA:557,1
DA:558,1
DA:561,4
DA:563,4
DA:564,4
DA:566,1
DA:567,1
DA:568,1
DA:571,3
DA:572,1
DA:573,1
DA:574,1
DA:575,1
DA:578,2
DA:580,2
DA:581,2
DA:586,1
DA:587,1
DA:588,1
DA:591,1
DA:595,7
DA:596,2
DA:597,2
DA:598,2
DA:599,2
DA:602,5
DA:604,5
DA:605,5
DA:610,1
DA:611,1
DA:612,1
DA:615,4
DA:617,4
DA:618,4
DA:620,1
DA:621,1
DA:622,1
DA:625,3
DA:626,1
DA:627,1
DA:628,1
DA:629,1
DA:632,2
DA:634,2
DA:635,2
DA:640,1
DA:641,1
DA:642,1
DA:645,1
DA:649,8
DA:650,2
DA:651,2
DA:652,2
DA:653,2
DA:656,6
DA:658,6
DA:659,6
DA:664,1
DA:665,1
DA:666,1
DA:669,5
DA:671,5
DA:672,5
DA:674,1
DA:675,1
DA:676,1
DA:679,4
DA:680,1
DA:681,1
DA:682,1
DA:683,1
DA:686,3
DA:688,3
DA:689,3
DA:695,1
DA:696,1
DA:697,1
DA:700,2
DA:701,1
DA:702,1
DA:703,1
DA:704,1
DA:707,1
LF:382
LH:382
BRDA:3,0,0,2
BRDA:3,0,1,3
BRDA:34,1,0,2
BRDA:34,1,1,3
BRDA:65,2,0,2
BRDA:65,2,1,4
BRDA:98,3,0,1
BRDA:98,3,1,1
BRDA:109,4,0,2
BRDA:109,4,1,5
BRDA:140,5,0,1
BRDA:140,5,1,2
BRDA:165,6,0,2
BRDA:165,6,1,5
BRDA:195,7,0,1
BRDA:195,7,1,2
BRDA:219,8,0,2
BRDA:219,8,1,5
BRDA:249,9,0,1
BRDA:249,9,1,2
BRDA:273,10,0,2
BRDA:273,10,1,5
BRDA:303,11,0,1
BRDA:303,11,1,2
BRDA:327,12,0,2
BRDA:327,12,1,6
BRDA:357,13,0,1
BRDA:357,13,1,3
BRDA:378,14,0,1
BRDA:378,14,1,1
BRDA:389,15,0,2
BRDA:389,15,1,7
BRDA:420,16,0,1
BRDA:420,16,1,4
BRDA:440,17,0,1
BRDA:440,17,1,2
BRDA:466,18,0,2
BRDA:466,18,1,7
BRDA:496,19,0,1
BRDA:496,19,1,4
BRDA:516,20,0,1
BRDA:516,20,1,2
BRDA:541,21,0,2
BRDA:541,21,1,5
BRDA:571,22,0,1
BRDA:571,22,1,2
BRDA:595,23,0,2
BRDA:595,23,1,5
BRDA:625,24,0,1
BRDA:625,24,1,2
BRDA:649,25,0,2
BRDA:649,25,1,6
BRDA:679,26,0,1
BRDA:679,26,1,3
BRDA:700,27,0,1
BRDA:700,27,1,1
BRF:56
BRH:56
end_of_record
TN:
SF:/Users/norman/projects/2019/jul/workflyt/src/core/quotes/quotes-validator.js
FN:1,(anonymous_0)
FNF:1
FNH:1
FNDA:2,(anonymous_0)
DA:1,1
DA:2,2
DA:18,2
DA:35,2
DA:50,2
DA:52,2
DA:54,2
DA:56,2
LF:8
LH:8
BRF:0
BRH:0
end_of_record
TN:
SF:/Users/norman/projects/2019/jul/workflyt/src/core/roles/roles-controller.js
FN:1,(anonymous_0)
FN:2,(anonymous_1)
FN:11,(anonymous_2)
FN:20,(anonymous_3)
FN:29,(anonymous_4)
FN:38,(anonymous_5)
FN:47,(anonymous_6)
FN:56,(anonymous_7)
FN:65,(anonymous_8)
FN:74,(anonymous_9)
FN:83,(anonymous_10)
FNF:11
FNH:11
FNDA:91,(anonymous_0)
FNDA:8,(anonymous_1)
FNDA:8,(anonymous_2)
FNDA:8,(anonymous_3)
FNDA:8,(anonymous_4)
FNDA:8,(anonymous_5)
FNDA:8,(anonymous_6)
FNDA:8,(anonymous_7)
FNDA:8,(anonymous_8)
FNDA:8,(anonymous_9)
FNDA:8,(anonymous_10)
DA:1,91
DA:3,8
DA:4,5
DA:5,1
DA:7,1
DA:12,8
DA:13,5
DA:14,1
DA:16,1
DA:21,8
DA:22,5
DA:23,1
DA:25,1
DA:30,8
DA:31,5
DA:32,1
DA:34,1
DA:39,8
DA:40,5
DA:41,1
DA:43,1
DA:48,8
DA:49,5
DA:50,1
DA:52,1
DA:57,8
DA:58,5
DA:59,1
DA:61,1
DA:66,8
DA:67,5
DA:68,1
DA:70,1
DA:75,8
DA:76,5
DA:77,1
DA:79,1
DA:84,8
DA:85,5
DA:86,1
DA:88,1
LF:41
LH:41
BRDA:4,0,0,1
BRDA:4,0,1,1
BRDA:13,1,0,1
BRDA:13,1,1,1
BRDA:22,2,0,1
BRDA:22,2,1,1
BRDA:31,3,0,1
BRDA:31,3,1,1
BRDA:40,4,0,1
BRDA:40,4,1,1
BRDA:49,5,0,1
BRDA:49,5,1,1
BRDA:58,6,0,1
BRDA:58,6,1,1
BRDA:67,7,0,1
BRDA:67,7,1,1
BRDA:76,8,0,1
BRDA:76,8,1,1
BRDA:85,9,0,1
BRDA:85,9,1,1
BRF:20
BRH:20
end_of_record
TN:
SF:/Users/norman/projects/2019/jul/workflyt/src/core/roles/roles-repository.js
FN:1,(anonymous_0)
FN:2,(anonymous_1)
FN:8,(anonymous_2)
FN:12,(anonymous_3)
FN:19,(anonymous_4)
FN:25,(anonymous_5)
FN:28,(anonymous_6)
FN:37,(anonymous_7)
FN:41,(anonymous_8)
FN:43,(anonymous_9)
FN:50,(anonymous_10)
FN:60,(anonymous_11)
FN:66,(anonymous_12)
FN:69,(anonymous_13)
FNF:14
FNH:14
FNDA:31,(anonymous_0)
FNDA:2,(anonymous_1)
FNDA:2,(anonymous_2)
FNDA:1,(anonymous_3)
FNDA:1,(anonymous_4)
FNDA:1,(anonymous_5)
FNDA:1,(anonymous_6)
FNDA:1,(anonymous_7)
FNDA:1,(anonymous_8)
FNDA:5,(anonymous_9)
FNDA:1,(anonymous_10)
FNDA:1,(anonymous_11)
FNDA:1,(anonymous_12)
FNDA:1,(anonymous_13)
DA:1,31
DA:3,2
DA:9,2
DA:13,1
DA:20,1
DA:25,1
DA:29,1
DA:38,1
DA:42,1
DA:43,5
DA:51,1
DA:61,1
DA:66,1
DA:70,1
LF:14
LH:14
BRF:0
BRH:0
end_of_record
TN:
SF:/Users/norman/projects/2019/jul/workflyt/src/core/roles/roles-service.js
FN:1,(anonymous_0)
FN:2,(anonymous_1)
FN:33,(anonymous_2)
FN:64,(anonymous_3)
FN:108,(anonymous_4)
FN:164,(anonymous_5)
FN:218,(anonymous_6)
FN:272,(anonymous_7)
FN:326,(anonymous_8)
FN:388,(anonymous_9)
FN:465,(anonymous_10)
FNF:11
FNH:11
FNDA:93,(anonymous_0)
FNDA:5,(anonymous_1)
FNDA:5,(anonymous_2)
FNDA:6,(anonymous_3)
FNDA:7,(anonymous_4)
FNDA:7,(anonymous_5)
FNDA:7,(anonymous_6)
FNDA:7,(anonymous_7)
FNDA:8,(anonymous_8)
FNDA:9,(anonymous_9)
FNDA:9,(anonymous_10)
DA:1,93
DA:3,5
DA:4,2
DA:5,2
DA:6,2
DA:7,2
DA:10,3
DA:12,3
DA:13,3
DA:15,1
DA:16,1
DA:17,1
DA:20,2
DA:22,2
DA:23,2
DA:25,1
DA:26,1
DA:27,1
DA:30,1
DA:34,5
DA:35,2
DA:36,2
DA:37,2
DA:38,2
DA:41,3
DA:43,3
DA:44,3
DA:46,1
DA:47,1
DA:48,1
DA:51,2
DA:53,2
DA:54,2
DA:56,1
DA:57,1
DA:58,1
DA:61,1
DA:65,6
DA:66,2
DA:67,2
DA:68,2
DA:69,2
DA:72,4
DA:74,4
DA:75,4
DA:80,1
DA:81,1
DA:82,1
DA:85,3
DA:87,3
DA:88,3
DA:93,1
DA:94,1
DA:95,1
DA:98,2
DA:99,1
DA:100,1
DA:101,1
DA:102,1
DA:105,1
DA:109,7
DA:110,2
DA:111,2
DA:112,2
DA:113,2
DA:116,5
DA:118,5
DA:119,5
DA:125,1
DA:126,1
DA:127,1
DA:130,4
DA:132,4
DA:133,4
DA:135,1
DA:136,1
DA:137,1
DA:140,3
DA:141,1
DA:142,1
DA:143,1
DA:144,1
DA:147,2
DA:149,2
DA:150,2
DA:156,1
DA:157,1
DA:158,1
DA:161,1
DA:165,7
DA:166,2
DA:167,2
DA:168,2
DA:169,2
DA:172,5
DA:174,5
DA:175,5
DA:180,1
DA:181,1
DA:182,1
DA:185,4
DA:187,4
DA:188,4
DA:190,1
DA:191,1
DA:192,1
DA:195,3
DA:196,1
DA:197,1
DA:198,1
DA:199,1
DA:202,2
DA:204,2
DA:205,2
DA:210,1
DA:211,1
DA:212,1
DA:215,1
DA:219,7
DA:220,2
DA:221,2
DA:222,2
DA:223,2
DA:226,5
DA:228,5
DA:229,5
DA:234,1
DA:235,1
DA:236,1
DA:239,4
DA:241,4
DA:242,4
DA:244,1
DA:245,1
DA:246,1
DA:249,3
DA:250,1
DA:251,1
DA:252,1
DA:253,1
DA:256,2
DA:258,2
DA:259,2
DA:264,1
DA:265,1
DA:266,1
DA:269,1
DA:273,7
DA:274,2
DA:275,2
DA:276,2
DA:277,2
DA:280,5
DA:282,5
DA:283,5
DA:288,1
DA:289,1
DA:290,1
DA:293,4
DA:295,4
DA:296,4
DA:298,1
DA:299,1
DA:300,1
DA:303,3
DA:304,1
DA:305,1
DA:306,1
DA:307,1
DA:310,2
DA:312,2
DA:313,2
DA:318,1
DA:319,1
DA:320,1
DA:323,1
DA:327,8
DA:328,2
DA:329,2
DA:330,2
DA:331,2
DA:334,6
DA:336,6
DA:337,6
DA:342,1
DA:343,1
DA:344,1
DA:347,5
DA:349,5
DA:350,5
DA:352,1
DA:353,1
DA:354,1
DA:357,4
DA:358,1
DA:359,1
DA:360,1
DA:361,1
DA:364,3
DA:366,3
DA:367,3
DA:373,1
DA:374,1
DA:375,1
DA:378,2
DA:379,1
DA:380,1
DA:381,1
DA:382,1
DA:385,1
DA:389,9
DA:390,2
DA:391,2
DA:392,2
DA:393,2
DA:396,7
DA:398,7
DA:399,7
DA:405,1
DA:406,1
DA:407,1
DA:410,6
DA:412,6
DA:413,6
DA:415,1
DA:416,1
DA:417,1
DA:420,5
DA:421,1
DA:422,1
DA:423,1
DA:424,1
DA:427,4
DA:429,4
DA:430,4
DA:435,1
DA:436,1
DA:437,1
DA:440,3
DA:441,1
DA:442,1
DA:443,1
DA:444,1
DA:447,2
DA:449,2
DA:450,2
DA:457,1
DA:458,1
DA:459,1
DA:462,1
DA:466,9
DA:467,2
DA:468,2
DA:469,2
DA:470,2
DA:473,7
DA:475,7
DA:476,7
DA:481,1
DA:482,1
DA:483,1
DA:486,6
DA:488,6
DA:489,6
DA:491,1
DA:492,1
DA:493,1
DA:496,5
DA:497,1
DA:498,1
DA:499,1
DA:500,1
DA:503,4
DA:505,4
DA:506,4
DA:511,1
DA:512,1
DA:513,1
DA:516,3
DA:517,1
DA:518,1
DA:519,1
DA:520,1
DA:523,2
DA:525,2
DA:526,2
DA:532,1
DA:533,1
DA:534,1
DA:537,1
LF:290
LH:290
BRDA:3,0,0,2
BRDA:3,0,1,3
BRDA:34,1,0,2
BRDA:34,1,1,3
BRDA:65,2,0,2
BRDA:65,2,1,4
BRDA:98,3,0,1
BRDA:98,3,1,1
BRDA:109,4,0,2
BRDA:109,4,1,5
BRDA:140,5,0,1
BRDA:140,5,1,2
BRDA:165,6,0,2
BRDA:165,6,1,5
BRDA:195,7,0,1
BRDA:195,7,1,2
BRDA:219,8,0,2
BRDA:219,8,1,5
BRDA:249,9,0,1
BRDA:249,9,1,2
BRDA:273,10,0,2
BRDA:273,10,1,5
BRDA:303,11,0,1
BRDA:303,11,1,2
BRDA:327,12,0,2
BRDA:327,12,1,6
BRDA:357,13,0,1
BRDA:357,13,1,3
BRDA:378,14,0,1
BRDA:378,14,1,1
BRDA:389,15,0,2
BRDA:389,15,1,7
BRDA:420,16,0,1
BRDA:420,16,1,4
BRDA:440,17,0,1
BRDA:440,17,1,2
BRDA:466,18,0,2
BRDA:466,18,1,7
BRDA:496,19,0,1
BRDA:496,19,1,4
BRDA:516,20,0,1
BRDA:516,20,1,2
BRF:42
BRH:42
end_of_record
TN:
SF:/Users/norman/projects/2019/jul/workflyt/src/core/roles/roles-validator.js
FN:1,(anonymous_0)
FNF:1
FNH:1
FNDA:2,(anonymous_0)
DA:1,1
DA:2,2
DA:15,2
DA:28,2
DA:30,2
LF:5
LH:5
BRF:0
BRH:0
end_of_record
TN:
SF:/Users/norman/projects/2019/jul/workflyt/src/core/stocks/stocks-controller.js
FN:1,(anonymous_0)
FN:2,(anonymous_1)
FN:11,(anonymous_2)
FN:20,(anonymous_3)
FN:29,(anonymous_4)
FN:38,(anonymous_5)
FNF:6
FNH:6
FNDA:46,(anonymous_0)
FNDA:8,(anonymous_1)
FNDA:8,(anonymous_2)
FNDA:8,(anonymous_3)
FNDA:8,(anonymous_4)
FNDA:8,(anonymous_5)
DA:1,46
DA:3,8
DA:4,5
DA:5,1
DA:7,1
DA:12,8
DA:13,5
DA:14,1
DA:16,1
DA:21,8
DA:22,5
DA:23,1
DA:25,1
DA:30,8
DA:31,5
DA:32,1
DA:34,1
DA:39,8
DA:40,5
DA:41,1
DA:43,1
LF:21
LH:21
BRDA:4,0,0,1
BRDA:4,0,1,1
BRDA:13,1,0,1
BRDA:13,1,1,1
BRDA:22,2,0,1
BRDA:22,2,1,1
BRDA:31,3,0,1
BRDA:31,3,1,1
BRDA:40,4,0,1
BRDA:40,4,1,1
BRF:10
BRH:10
end_of_record
TN:
SF:/Users/norman/projects/2019/jul/workflyt/src/core/stocks/stocks-repository.js
FN:1,(anonymous_0)
FN:2,(anonymous_1)
FN:8,(anonymous_2)
FN:12,(anonymous_3)
FN:19,(anonymous_4)
FN:25,(anonymous_5)
FN:28,(anonymous_6)
FNF:7
FNH:7
FNDA:16,(anonymous_0)
FNDA:2,(anonymous_1)
FNDA:2,(anonymous_2)
FNDA:1,(anonymous_3)
FNDA:1,(anonymous_4)
FNDA:1,(anonymous_5)
FNDA:1,(anonymous_6)
DA:1,16
DA:3,2
DA:9,2
DA:13,1
DA:20,1
DA:25,1
DA:29,1
LF:7
LH:7
BRF:0
BRH:0
end_of_record
TN:
SF:/Users/norman/projects/2019/jul/workflyt/src/core/stocks/stocks-service.js
FN:1,(anonymous_0)
FN:2,(anonymous_1)
FN:33,(anonymous_2)
FN:64,(anonymous_3)
FN:108,(anonymous_4)
FN:164,(anonymous_5)
FNF:6
FNH:6
FNDA:43,(anonymous_0)
FNDA:5,(anonymous_1)
FNDA:5,(anonymous_2)
FNDA:6,(anonymous_3)
FNDA:7,(anonymous_4)
FNDA:7,(anonymous_5)
DA:1,43
DA:3,5
DA:4,2
DA:5,2
DA:6,2
DA:7,2
DA:10,3
DA:12,3
DA:13,3
DA:15,1
DA:16,1
DA:17,1
DA:20,2
DA:22,2
DA:23,2
DA:25,1
DA:26,1
DA:27,1
DA:30,1
DA:34,5
DA:35,2
DA:36,2
DA:37,2
DA:38,2
DA:41,3
DA:43,3
DA:44,3
DA:46,1
DA:47,1
DA:48,1
DA:51,2
DA:53,2
DA:54,2
DA:56,1
DA:57,1
DA:58,1
DA:61,1
DA:65,6
DA:66,2
DA:67,2
DA:68,2
DA:69,2
DA:72,4
DA:74,4
DA:75,4
DA:80,1
DA:81,1
DA:82,1
DA:85,3
DA:87,3
DA:88,3
DA:93,1
DA:94,1
DA:95,1
DA:98,2
DA:99,1
DA:100,1
DA:101,1
DA:102,1
DA:105,1
DA:109,7
DA:110,2
DA:111,2
DA:112,2
DA:113,2
DA:116,5
DA:118,5
DA:119,5
DA:125,1
DA:126,1
DA:127,1
DA:130,4
DA:132,4
DA:133,4
DA:135,1
DA:136,1
DA:137,1
DA:140,3
DA:141,1
DA:142,1
DA:143,1
DA:144,1
DA:147,2
DA:149,2
DA:150,2
DA:156,1
DA:157,1
DA:158,1
DA:161,1
DA:165,7
DA:166,2
DA:167,2
DA:168,2
DA:169,2
DA:172,5
DA:174,5
DA:175,5
DA:180,1
DA:181,1
DA:182,1
DA:185,4
DA:187,4
DA:188,4
DA:190,1
DA:191,1
DA:192,1
DA:195,3
DA:196,1
DA:197,1
DA:198,1
DA:199,1
DA:202,2
DA:204,2
DA:205,2
DA:210,1
DA:211,1
DA:212,1
DA:215,1
LF:118
LH:118
BRDA:3,0,0,2
BRDA:3,0,1,3
BRDA:34,1,0,2
BRDA:34,1,1,3
BRDA:65,2,0,2
BRDA:65,2,1,4
BRDA:98,3,0,1
BRDA:98,3,1,1
BRDA:109,4,0,2
BRDA:109,4,1,5
BRDA:140,5,0,1
BRDA:140,5,1,2
BRDA:165,6,0,2
BRDA:165,6,1,5
BRDA:195,7,0,1
BRDA:195,7,1,2
BRF:16
BRH:16
end_of_record
TN:
SF:/Users/norman/projects/2019/jul/workflyt/src/core/stocks/stocks-validator.js
FN:1,(anonymous_0)
FNF:1
FNH:1
FNDA:2,(anonymous_0)
DA:1,1
DA:2,2
DA:10,2
DA:25,2
LF:4
LH:4
BRF:0
BRH:0
end_of_record
TN:
SF:/Users/norman/projects/2019/jul/workflyt/src/core/supervisors/supervisors-controller.js
FN:1,(anonymous_0)
FN:2,(anonymous_1)
FN:11,(anonymous_2)
FN:20,(anonymous_3)
FNF:4
FNH:4
FNDA:28,(anonymous_0)
FNDA:8,(anonymous_1)
FNDA:8,(anonymous_2)
FNDA:8,(anonymous_3)
DA:1,28
DA:3,8
DA:4,5
DA:5,1
DA:7,1
DA:12,8
DA:13,5
DA:14,1
DA:16,1
DA:21,8
DA:22,5
DA:23,1
DA:25,1
LF:13
LH:13
BRDA:4,0,0,1
BRDA:4,0,1,1
BRDA:13,1,0,1
BRDA:13,1,1,1
BRDA:22,2,0,1
BRDA:22,2,1,1
BRF:6
BRH:6
end_of_record
TN:
SF:/Users/norman/projects/2019/jul/workflyt/src/core/supervisors/supervisors-repository.js
FN:1,(anonymous_0)
FN:2,(anonymous_1)
FN:8,(anonymous_2)
FN:18,(anonymous_3)
FNF:4
FNH:4
FNDA:10,(anonymous_0)
FNDA:2,(anonymous_1)
FNDA:1,(anonymous_2)
FNDA:1,(anonymous_3)
DA:1,10
DA:3,2
DA:9,1
DA:19,1
LF:4
LH:4
BRF:0
BRH:0
end_of_record
TN:
SF:/Users/norman/projects/2019/jul/workflyt/src/core/supervisors/supervisors-service.js
FN:1,(anonymous_0)
FN:2,(anonymous_1)
FN:35,(anonymous_2)
FN:79,(anonymous_3)
FNF:4
FNH:4
FNDA:27,(anonymous_0)
FNDA:5,(anonymous_1)
FNDA:6,(anonymous_2)
FNDA:7,(anonymous_3)
DA:1,27
DA:3,5
DA:4,2
DA:5,2
DA:6,2
DA:7,2
DA:10,3
DA:12,3
DA:13,3
DA:17,1
DA:18,1
DA:19,1
DA:22,2
DA:24,2
DA:25,2
DA:27,1
DA:28,1
DA:29,1
DA:32,1
DA:36,6
DA:37,2
DA:38,2
DA:39,2
DA:40,2
DA:43,4
DA:45,4
DA:46,4
DA:51,1
DA:52,1
DA:53,1
DA:56,3
DA:58,3
DA:59,3
DA:64,1
DA:65,1
DA:66,1
DA:69,2
DA:70,1
DA:71,1
DA:72,1
DA:73,1
DA:76,1
DA:80,7
DA:81,2
DA:82,2
DA:83,2
DA:84,2
DA:87,5
DA:89,5
DA:90,5
DA:95,1
DA:96,1
DA:97,1
DA:100,4
DA:102,4
DA:103,4
DA:107,1
DA:108,1
DA:109,1
DA:112,3
DA:113,1
DA:114,1
DA:115,1
DA:116,1
DA:119,2
DA:121,2
DA:122,2
DA:127,1
DA:128,1
DA:129,1
DA:132,1
LF:71
LH:71
BRDA:3,0,0,2
BRDA:3,0,1,3
BRDA:36,1,0,2
BRDA:36,1,1,4
BRDA:69,2,0,1
BRDA:69,2,1,1
BRDA:80,3,0,2
BRDA:80,3,1,5
BRDA:112,4,0,1
BRDA:112,4,1,2
BRF:10
BRH:10
end_of_record
TN:
SF:/Users/norman/projects/2019/jul/workflyt/src/core/supervisors/supervisors-validator.js
FN:1,(anonymous_0)
FNF:1
FNH:1
FNDA:2,(anonymous_0)
DA:1,1
DA:2,2
DA:17,2
DA:19,2
LF:4
LH:4
BRF:0
BRH:0
end_of_record
TN:
SF:/Users/norman/projects/2019/jul/workflyt/src/core/suppliers/suppliers-controller.js
FN:1,(anonymous_0)
FN:2,(anonymous_1)
FN:11,(anonymous_2)
FN:20,(anonymous_3)
FN:29,(anonymous_4)
FN:38,(anonymous_5)
FN:47,(anonymous_6)
FN:56,(anonymous_7)
FN:65,(anonymous_8)
FN:74,(anonymous_9)
FN:83,(anonymous_10)
FNF:11
FNH:11
FNDA:91,(anonymous_0)
FNDA:8,(anonymous_1)
FNDA:8,(anonymous_2)
FNDA:8,(anonymous_3)
FNDA:8,(anonymous_4)
FNDA:8,(anonymous_5)
FNDA:8,(anonymous_6)
FNDA:8,(anonymous_7)
FNDA:8,(anonymous_8)
FNDA:8,(anonymous_9)
FNDA:8,(anonymous_10)
DA:1,91
DA:3,8
DA:4,5
DA:5,1
DA:7,1
DA:12,8
DA:13,5
DA:14,1
DA:16,1
DA:21,8
DA:22,5
DA:23,1
DA:25,1
DA:30,8
DA:31,5
DA:32,1
DA:34,1
DA:39,8
DA:40,5
DA:41,1
DA:43,1
DA:48,8
DA:49,5
DA:50,1
DA:52,1
DA:57,8
DA:58,5
DA:59,1
DA:61,1
DA:66,8
DA:67,5
DA:68,1
DA:70,1
DA:75,8
DA:76,5
DA:77,1
DA:79,1
DA:84,8
DA:85,5
DA:86,1
DA:88,1
LF:41
LH:41
BRDA:4,0,0,1
BRDA:4,0,1,1
BRDA:13,1,0,1
BRDA:13,1,1,1
BRDA:22,2,0,1
BRDA:22,2,1,1
BRDA:31,3,0,1
BRDA:31,3,1,1
BRDA:40,4,0,1
BRDA:40,4,1,1
BRDA:49,5,0,1
BRDA:49,5,1,1
BRDA:58,6,0,1
BRDA:58,6,1,1
BRDA:67,7,0,1
BRDA:67,7,1,1
BRDA:76,8,0,1
BRDA:76,8,1,1
BRDA:85,9,0,1
BRDA:85,9,1,1
BRF:20
BRH:20
end_of_record
TN:
SF:/Users/norman/projects/2019/jul/workflyt/src/core/suppliers/suppliers-repository.js
FN:1,(anonymous_0)
FN:2,(anonymous_1)
FN:8,(anonymous_2)
FN:12,(anonymous_3)
FN:19,(anonymous_4)
FN:25,(anonymous_5)
FN:28,(anonymous_6)
FN:37,(anonymous_7)
FN:41,(anonymous_8)
FN:43,(anonymous_9)
FN:50,(anonymous_10)
FN:60,(anonymous_11)
FN:66,(anonymous_12)
FN:69,(anonymous_13)
FNF:14
FNH:14
FNDA:31,(anonymous_0)
FNDA:2,(anonymous_1)
FNDA:2,(anonymous_2)
FNDA:1,(anonymous_3)
FNDA:1,(anonymous_4)
FNDA:1,(anonymous_5)
FNDA:1,(anonymous_6)
FNDA:1,(anonymous_7)
FNDA:1,(anonymous_8)
FNDA:5,(anonymous_9)
FNDA:1,(anonymous_10)
FNDA:1,(anonymous_11)
FNDA:1,(anonymous_12)
FNDA:1,(anonymous_13)
DA:1,31
DA:3,2
DA:9,2
DA:13,1
DA:20,1
DA:25,1
DA:29,1
DA:38,1
DA:42,1
DA:43,5
DA:51,1
DA:61,1
DA:66,1
DA:70,1
LF:14
LH:14
BRF:0
BRH:0
end_of_record
TN:
SF:/Users/norman/projects/2019/jul/workflyt/src/core/suppliers/suppliers-service.js
FN:1,(anonymous_0)
FN:2,(anonymous_1)
FN:35,(anonymous_2)
FN:68,(anonymous_3)
FN:112,(anonymous_4)
FN:170,(anonymous_5)
FN:226,(anonymous_6)
FN:282,(anonymous_7)
FN:338,(anonymous_8)
FN:402,(anonymous_9)
FN:481,(anonymous_10)
FNF:11
FNH:11
FNDA:93,(anonymous_0)
FNDA:5,(anonymous_1)
FNDA:5,(anonymous_2)
FNDA:6,(anonymous_3)
FNDA:7,(anonymous_4)
FNDA:7,(anonymous_5)
FNDA:7,(anonymous_6)
FNDA:7,(anonymous_7)
FNDA:8,(anonymous_8)
FNDA:9,(anonymous_9)
FNDA:9,(anonymous_10)
DA:1,93
DA:3,5
DA:4,2
DA:5,2
DA:6,2
DA:7,2
DA:10,3
DA:12,3
DA:13,3
DA:17,1
DA:18,1
DA:19,1
DA:22,2
DA:24,2
DA:25,2
DA:27,1
DA:28,1
DA:29,1
DA:32,1
DA:36,5
DA:37,2
DA:38,2
DA:39,2
DA:40,2
DA:43,3
DA:45,3
DA:46,3
DA:50,1
DA:51,1
DA:52,1
DA:55,2
DA:57,2
DA:58,2
DA:60,1
DA:61,1
DA:62,1
DA:65,1
DA:69,6
DA:70,2
DA:71,2
DA:72,2
DA:73,2
DA:76,4
DA:78,4
DA:79,4
DA:84,1
DA:85,1
DA:86,1
DA:89,3
DA:91,3
DA:92,3
DA:97,1
DA:98,1
DA:99,1
DA:102,2
DA:103,1
DA:104,1
DA:105,1
DA:106,1
DA:109,1
DA:113,7
DA:114,2
DA:115,2
DA:116,2
DA:117,2
DA:120,5
DA:122,5
DA:123,5
DA:129,1
DA:130,1
DA:131,1
DA:134,4
DA:136,4
DA:137,4
DA:141,1
DA:142,1
DA:143,1
DA:146,3
DA:147,1
DA:148,1
DA:149,1
DA:150,1
DA:153,2
DA:155,2
DA:156,2
DA:162,1
DA:163,1
DA:164,1
DA:167,1
DA:171,7
DA:172,2
DA:173,2
DA:174,2
DA:175,2
DA:178,5
DA:180,5
DA:181,5
DA:186,1
DA:187,1
DA:188,1
DA:191,4
DA:193,4
DA:194,4
DA:198,1
DA:199,1
DA:200,1
DA:203,3
DA:204,1
DA:205,1
DA:206,1
DA:207,1
DA:210,2
DA:212,2
DA:213,2
DA:218,1
DA:219,1
DA:220,1
DA:223,1
DA:227,7
DA:228,2
DA:229,2
DA:230,2
DA:231,2
DA:234,5
DA:236,5
DA:237,5
DA:242,1
DA:243,1
DA:244,1
DA:247,4
DA:249,4
DA:250,4
DA:254,1
DA:255,1
DA:256,1
DA:259,3
DA:260,1
DA:261,1
DA:262,1
DA:263,1
DA:266,2
DA:268,2
DA:269,2
DA:274,1
DA:275,1
DA:276,1
DA:279,1
DA:283,7
DA:284,2
DA:285,2
DA:286,2
DA:287,2
DA:290,5
DA:292,5
DA:293,5
DA:298,1
DA:299,1
DA:300,1
DA:303,4
DA:305,4
DA:306,4
DA:310,1
DA:311,1
DA:312,1
DA:315,3
DA:316,1
DA:317,1
DA:318,1
DA:319,1
DA:322,2
DA:324,2
DA:325,2
DA:330,1
DA:331,1
DA:332,1
DA:335,1
DA:339,8
DA:340,2
DA:341,2
DA:342,2
DA:343,2
DA:346,6
DA:348,6
DA:349,6
DA:354,1
DA:355,1
DA:356,1
DA:359,5
DA:361,5
DA:362,5
DA:366,1
DA:367,1
DA:368,1
DA:371,4
DA:372,1
DA:373,1
DA:374,1
DA:375,1
DA:378,3
DA:380,3
DA:381,3
DA:387,1
DA:388,1
DA:389,1
DA:392,2
DA:393,1
DA:394,1
DA:395,1
DA:396,1
DA:399,1
DA:403,9
DA:404,2
DA:405,2
DA:406,2
DA:407,2
DA:410,7
DA:412,7
DA:413,7
DA:419,1
DA:420,1
DA:421,1
DA:424,6
DA:426,6
DA:427,6
DA:431,1
DA:432,1
DA:433,1
DA:436,5
DA:437,1
DA:438,1
DA:439,1
DA:440,1
DA:443,4
DA:445,4
DA:446,4
DA:451,1
DA:452,1
DA:453,1
DA:456,3
DA:457,1
DA:458,1
DA:459,1
DA:460,1
DA:463,2
DA:465,2
DA:466,2
DA:473,1
DA:474,1
DA:475,1
DA:478,1
DA:482,9
DA:483,2
DA:484,2
DA:485,2
DA:486,2
DA:489,7
DA:491,7
DA:492,7
DA:497,1
DA:498,1
DA:499,1
DA:502,6
DA:504,6
DA:505,6
DA:509,1
DA:510,1
DA:511,1
DA:514,5
DA:515,1
DA:516,1
DA:517,1
DA:518,1
DA:521,4
DA:523,4
DA:524,4
DA:529,1
DA:530,1
DA:531,1
DA:534,3
DA:535,1
DA:536,1
DA:537,1
DA:538,1
DA:541,2
DA:543,2
DA:544,2
DA:550,1
DA:551,1
DA:552,1
DA:555,1
LF:290
LH:290
BRDA:3,0,0,2
BRDA:3,0,1,3
BRDA:36,1,0,2
BRDA:36,1,1,3
BRDA:69,2,0,2
BRDA:69,2,1,4
BRDA:102,3,0,1
BRDA:102,3,1,1
BRDA:113,4,0,2
BRDA:113,4,1,5
BRDA:146,5,0,1
BRDA:146,5,1,2
BRDA:171,6,0,2
BRDA:171,6,1,5
BRDA:203,7,0,1
BRDA:203,7,1,2
BRDA:227,8,0,2
BRDA:227,8,1,5
BRDA:259,9,0,1
BRDA:259,9,1,2
BRDA:283,10,0,2
BRDA:283,10,1,5
BRDA:315,11,0,1
BRDA:315,11,1,2
BRDA:339,12,0,2
BRDA:339,12,1,6
BRDA:371,13,0,1
BRDA:371,13,1,3
BRDA:392,14,0,1
BRDA:392,14,1,1
BRDA:403,15,0,2
BRDA:403,15,1,7
BRDA:436,16,0,1
BRDA:436,16,1,4
BRDA:456,17,0,1
BRDA:456,17,1,2
BRDA:482,18,0,2
BRDA:482,18,1,7
BRDA:514,19,0,1
BRDA:514,19,1,4
BRDA:534,20,0,1
BRDA:534,20,1,2
BRF:42
BRH:42
end_of_record
TN:
SF:/Users/norman/projects/2019/jul/workflyt/src/core/suppliers/suppliers-validator.js
FN:1,(anonymous_0)
FNF:1
FNH:1
FNDA:2,(anonymous_0)
DA:1,1
DA:2,2
DA:15,2
DA:32,2
DA:34,2
DA:36,2
LF:6
LH:6
BRF:0
BRH:0
end_of_record
TN:
SF:/Users/norman/projects/2019/jul/workflyt/src/core/users/users-adapter.js
FN:1,(anonymous_0)
FN:2,(anonymous_1)
FNF:2
FNH:2
FNDA:3,(anonymous_0)
FNDA:1,(anonymous_1)
DA:1,3
DA:3,1
LF:2
LH:2
BRF:0
BRH:0
end_of_record
TN:
SF:/Users/norman/projects/2019/jul/workflyt/src/core/users/users-controller.js
FN:1,(anonymous_0)
FN:2,(anonymous_1)
FN:11,(anonymous_2)
FN:20,(anonymous_3)
FN:29,(anonymous_4)
FN:38,(anonymous_5)
FN:47,(anonymous_6)
FN:56,(anonymous_7)
FN:65,(anonymous_8)
FN:74,(anonymous_9)
FN:83,(anonymous_10)
FNF:11
FNH:11
FNDA:91,(anonymous_0)
FNDA:8,(anonymous_1)
FNDA:8,(anonymous_2)
FNDA:8,(anonymous_3)
FNDA:8,(anonymous_4)
FNDA:8,(anonymous_5)
FNDA:8,(anonymous_6)
FNDA:8,(anonymous_7)
FNDA:8,(anonymous_8)
FNDA:8,(anonymous_9)
FNDA:8,(anonymous_10)
DA:1,91
DA:3,8
DA:4,5
DA:5,1
DA:7,1
DA:12,8
DA:13,5
DA:14,1
DA:16,1
DA:21,8
DA:22,5
DA:23,1
DA:25,1
DA:30,8
DA:31,5
DA:32,1
DA:34,1
DA:39,8
DA:40,5
DA:41,1
DA:43,1
DA:48,8
DA:49,5
DA:50,1
DA:52,1
DA:57,8
DA:58,5
DA:59,1
DA:61,1
DA:66,8
DA:67,5
DA:68,1
DA:70,1
DA:75,8
DA:76,5
DA:77,1
DA:79,1
DA:84,8
DA:85,5
DA:86,1
DA:88,1
LF:41
LH:41
BRDA:4,0,0,1
BRDA:4,0,1,1
BRDA:13,1,0,1
BRDA:13,1,1,1
BRDA:22,2,0,1
BRDA:22,2,1,1
BRDA:31,3,0,1
BRDA:31,3,1,1
BRDA:40,4,0,1
BRDA:40,4,1,1
BRDA:49,5,0,1
BRDA:49,5,1,1
BRDA:58,6,0,1
BRDA:58,6,1,1
BRDA:67,7,0,1
BRDA:67,7,1,1
BRDA:76,8,0,1
BRDA:76,8,1,1
BRDA:85,9,0,1
BRDA:85,9,1,1
BRF:20
BRH:20
end_of_record
TN:
SF:/Users/norman/projects/2019/jul/workflyt/src/core/users/users-repository.js
FN:1,(anonymous_0)
FN:2,(anonymous_1)
FN:6,(anonymous_2)
FN:9,(anonymous_3)
FN:12,(anonymous_4)
FN:18,(anonymous_5)
FN:24,(anonymous_6)
FN:30,(anonymous_7)
FN:33,(anonymous_8)
FN:42,(anonymous_9)
FN:46,(anonymous_10)
FN:48,(anonymous_11)
FN:55,(anonymous_12)
FN:65,(anonymous_13)
FN:71,(anonymous_14)
FN:74,(anonymous_15)
FNF:16
FNH:16
FNDA:34,(anonymous_0)
FNDA:2,(anonymous_1)
FNDA:2,(anonymous_2)
FNDA:1,(anonymous_3)
FNDA:1,(anonymous_4)
FNDA:1,(anonymous_5)
FNDA:1,(anonymous_6)
FNDA:1,(anonymous_7)
FNDA:1,(anonymous_8)
FNDA:1,(anonymous_9)
FNDA:1,(anonymous_10)
FNDA:5,(anonymous_11)
FNDA:1,(anonymous_12)
FNDA:1,(anonymous_13)
FNDA:1,(anonymous_14)
FNDA:1,(anonymous_15)
DA:1,34
DA:3,2
DA:7,2
DA:9,1
DA:13,1
DA:19,1
DA:25,1
DA:30,1
DA:34,1
DA:43,1
DA:47,1
DA:48,5
DA:56,1
DA:66,1
DA:71,1
DA:75,1
LF:16
LH:16
BRF:0
BRH:0
end_of_record
TN:
SF:/Users/norman/projects/2019/jul/workflyt/src/core/users/users-service.js
FN:1,(anonymous_0)
FN:2,(anonymous_1)
FN:35,(anonymous_2)
FN:100,(anonymous_3)
FN:146,(anonymous_4)
FN:202,(anonymous_5)
FN:256,(anonymous_6)
FN:310,(anonymous_7)
FN:364,(anonymous_8)
FN:426,(anonymous_9)
FN:503,(anonymous_10)
FNF:11
FNH:11
FNDA:96,(anonymous_0)
FNDA:5,(anonymous_1)
FNDA:8,(anonymous_2)
FNDA:6,(anonymous_3)
FNDA:7,(anonymous_4)
FNDA:7,(anonymous_5)
FNDA:7,(anonymous_6)
FNDA:7,(anonymous_7)
FNDA:8,(anonymous_8)
FNDA:9,(anonymous_9)
FNDA:9,(anonymous_10)
DA:1,96
DA:3,5
DA:4,2
DA:5,2
DA:6,2
DA:7,2
DA:10,3
DA:12,3
DA:13,3
DA:17,1
DA:18,1
DA:19,1
DA:22,2
DA:24,2
DA:25,2
DA:27,1
DA:28,1
DA:29,1
DA:32,1
DA:36,8
DA:37,2
DA:38,2
DA:39,2
DA:40,2
DA:43,6
DA:45,6
DA:46,6
DA:50,1
DA:51,1
DA:52,1
DA:55,5
DA:57,5
DA:58,5
DA:62,1
DA:63,1
DA:64,1
DA:67,4
DA:68,1
DA:69,1
DA:70,1
DA:71,1
DA:74,3
DA:75,3
DA:80,1
DA:81,1
DA:82,1
DA:85,2
DA:87,2
DA:88,2
DA:90,1
DA:91,1
DA:92,1
DA:95,1
DA:97,1
DA:101,6
DA:102,2
DA:103,2
DA:104,2
DA:105,2
DA:108,4
DA:110,4
DA:111,4
DA:116,1
DA:117,1
DA:118,1
DA:121,3
DA:123,3
DA:124,3
DA:129,1
DA:130,1
DA:131,1
DA:134,2
DA:135,1
DA:136,1
DA:137,1
DA:138,1
DA:141,1
DA:143,1
DA:147,7
DA:148,2
DA:149,2
DA:150,2
DA:151,2
DA:154,5
DA:156,5
DA:157,5
DA:163,1
DA:164,1
DA:165,1
DA:168,4
DA:170,4
DA:171,4
DA:173,1
DA:174,1
DA:175,1
DA:178,3
DA:179,1
DA:180,1
DA:181,1
DA:182,1
DA:185,2
DA:187,2
DA:188,2
DA:194,1
DA:195,1
DA:196,1
DA:199,1
DA:203,7
DA:204,2
DA:205,2
DA:206,2
DA:207,2
DA:210,5
DA:212,5
DA:213,5
DA:218,1
DA:219,1
DA:220,1
DA:223,4
DA:225,4
DA:226,4
DA:228,1
DA:229,1
DA:230,1
DA:233,3
DA:234,1
DA:235,1
DA:236,1
DA:237,1
DA:240,2
DA:242,2
DA:243,2
DA:248,1
DA:249,1
DA:250,1
DA:253,1
DA:257,7
DA:258,2
DA:259,2
DA:260,2
DA:261,2
DA:264,5
DA:266,5
DA:267,5
DA:272,1
DA:273,1
DA:274,1
DA:277,4
DA:279,4
DA:280,4
DA:282,1
DA:283,1
DA:284,1
DA:287,3
DA:288,1
DA:289,1
DA:290,1
DA:291,1
DA:294,2
DA:296,2
DA:297,2
DA:302,1
DA:303,1
DA:304,1
DA:307,1
DA:311,7
DA:312,2
DA:313,2
DA:314,2
DA:315,2
DA:318,5
DA:320,5
DA:321,5
DA:326,1
DA:327,1
DA:328,1
DA:331,4
DA:333,4
DA:334,4
DA:336,1
DA:337,1
DA:338,1
DA:341,3
DA:342,1
DA:343,1
DA:344,1
DA:345,1
DA:348,2
DA:350,2
DA:351,2
DA:356,1
DA:357,1
DA:358,1
DA:361,1
DA:365,8
DA:366,2
DA:367,2
DA:368,2
DA:369,2
DA:372,6
DA:374,6
DA:375,6
DA:380,1
DA:381,1
DA:382,1
DA:385,5
DA:387,5
DA:388,5
DA:390,1
DA:391,1
DA:392,1
DA:395,4
DA:396,1
DA:397,1
DA:398,1
DA:399,1
DA:402,3
DA:404,3
DA:405,3
DA:411,1
DA:412,1
DA:413,1
DA:416,2
DA:417,1
DA:418,1
DA:419,1
DA:420,1
DA:423,1
DA:427,9
DA:428,2
DA:429,2
DA:430,2
DA:431,2
DA:434,7
DA:436,7
DA:437,7
DA:443,1
DA:444,1
DA:445,1
DA:448,6
DA:450,6
DA:451,6
DA:453,1
DA:454,1
DA:455,1
DA:458,5
DA:459,1
DA:460,1
DA:461,1
DA:462,1
DA:465,4
DA:467,4
DA:468,4
DA:473,1
DA:474,1
DA:475,1
DA:478,3
DA:479,1
DA:480,1
DA:481,1
DA:482,1
DA:485,2
DA:487,2
DA:488,2
DA:495,1
DA:496,1
DA:497,1
DA:500,1
DA:504,9
DA:505,2
DA:506,2
DA:507,2
DA:508,2
DA:511,7
DA:513,7
DA:514,7
DA:519,1
DA:520,1
DA:521,1
DA:524,6
DA:526,6
DA:527,6
DA:529,1
DA:530,1
DA:531,1
DA:534,5
DA:535,1
DA:536,1
DA:537,1
DA:538,1
DA:541,4
DA:543,4
DA:544,4
DA:549,1
DA:550,1
DA:551,1
DA:554,3
DA:555,1
DA:556,1
DA:557,1
DA:558,1
DA:561,2
DA:563,2
DA:564,2
DA:570,1
DA:571,1
DA:572,1
DA:575,1
LF:308
LH:308
BRDA:3,0,0,2
BRDA:3,0,1,3
BRDA:36,1,0,2
BRDA:36,1,1,6
BRDA:67,2,0,1
BRDA:67,2,1,3
BRDA:101,3,0,2
BRDA:101,3,1,4
BRDA:134,4,0,1
BRDA:134,4,1,1
BRDA:147,5,0,2
BRDA:147,5,1,5
BRDA:178,6,0,1
BRDA:178,6,1,2
BRDA:203,7,0,2
BRDA:203,7,1,5
BRDA:233,8,0,1
BRDA:233,8,1,2
BRDA:257,9,0,2
BRDA:257,9,1,5
BRDA:287,10,0,1
BRDA:287,10,1,2
BRDA:311,11,0,2
BRDA:311,11,1,5
BRDA:341,12,0,1
BRDA:341,12,1,2
BRDA:365,13,0,2
BRDA:365,13,1,6
BRDA:395,14,0,1
BRDA:395,14,1,3
BRDA:416,15,0,1
BRDA:416,15,1,1
BRDA:427,16,0,2
BRDA:427,16,1,7
BRDA:458,17,0,1
BRDA:458,17,1,4
BRDA:478,18,0,1
BRDA:478,18,1,2
BRDA:504,19,0,2
BRDA:504,19,1,7
BRDA:534,20,0,1
BRDA:534,20,1,4
BRDA:554,21,0,1
BRDA:554,21,1,2
BRF:44
BRH:44
end_of_record
TN:
SF:/Users/norman/projects/2019/jul/workflyt/src/core/users/users-validator.js
FN:1,(anonymous_0)
FNF:1
FNH:1
FNDA:2,(anonymous_0)
DA:1,1
DA:2,2
DA:16,2
DA:29,2
DA:31,2
DA:33,2
LF:6
LH:6
BRF:0
BRH:0
end_of_record
TN:
SF:/Users/norman/projects/2019/jul/workflyt/src/core/warehouses/warehouses-controller.js
FN:1,(anonymous_0)
FN:2,(anonymous_1)
FN:11,(anonymous_2)
FN:20,(anonymous_3)
FN:29,(anonymous_4)
FN:38,(anonymous_5)
FN:47,(anonymous_6)
FN:56,(anonymous_7)
FN:65,(anonymous_8)
FN:74,(anonymous_9)
FN:83,(anonymous_10)
FNF:11
FNH:11
FNDA:91,(anonymous_0)
FNDA:8,(anonymous_1)
FNDA:8,(anonymous_2)
FNDA:8,(anonymous_3)
FNDA:8,(anonymous_4)
FNDA:8,(anonymous_5)
FNDA:8,(anonymous_6)
FNDA:8,(anonymous_7)
FNDA:8,(anonymous_8)
FNDA:8,(anonymous_9)
FNDA:8,(anonymous_10)
DA:1,91
DA:3,8
DA:4,5
DA:5,1
DA:7,1
DA:12,8
DA:13,5
DA:14,1
DA:16,1
DA:21,8
DA:22,5
DA:23,1
DA:25,1
DA:30,8
DA:31,5
DA:32,1
DA:34,1
DA:39,8
DA:40,5
DA:41,1
DA:43,1
DA:48,8
DA:49,5
DA:50,1
DA:52,1
DA:57,8
DA:58,5
DA:59,1
DA:61,1
DA:66,8
DA:67,5
DA:68,1
DA:70,1
DA:75,8
DA:76,5
DA:77,1
DA:79,1
DA:84,8
DA:85,5
DA:86,1
DA:88,1
LF:41
LH:41
BRDA:4,0,0,1
BRDA:4,0,1,1
BRDA:13,1,0,1
BRDA:13,1,1,1
BRDA:22,2,0,1
BRDA:22,2,1,1
BRDA:31,3,0,1
BRDA:31,3,1,1
BRDA:40,4,0,1
BRDA:40,4,1,1
BRDA:49,5,0,1
BRDA:49,5,1,1
BRDA:58,6,0,1
BRDA:58,6,1,1
BRDA:67,7,0,1
BRDA:67,7,1,1
BRDA:76,8,0,1
BRDA:76,8,1,1
BRDA:85,9,0,1
BRDA:85,9,1,1
BRF:20
BRH:20
end_of_record
TN:
SF:/Users/norman/projects/2019/jul/workflyt/src/core/warehouses/warehouses-repository.js
FN:1,(anonymous_0)
FN:2,(anonymous_1)
FN:8,(anonymous_2)
FN:12,(anonymous_3)
FN:19,(anonymous_4)
FN:25,(anonymous_5)
FN:28,(anonymous_6)
FN:37,(anonymous_7)
FN:41,(anonymous_8)
FN:43,(anonymous_9)
FN:50,(anonymous_10)
FN:60,(anonymous_11)
FN:66,(anonymous_12)
FN:69,(anonymous_13)
FNF:14
FNH:14
FNDA:31,(anonymous_0)
FNDA:2,(anonymous_1)
FNDA:2,(anonymous_2)
FNDA:1,(anonymous_3)
FNDA:1,(anonymous_4)
FNDA:1,(anonymous_5)
FNDA:1,(anonymous_6)
FNDA:1,(anonymous_7)
FNDA:1,(anonymous_8)
FNDA:5,(anonymous_9)
FNDA:1,(anonymous_10)
FNDA:1,(anonymous_11)
FNDA:1,(anonymous_12)
FNDA:1,(anonymous_13)
DA:1,31
DA:3,2
DA:9,2
DA:13,1
DA:20,1
DA:25,1
DA:29,1
DA:38,1
DA:42,1
DA:43,5
DA:51,1
DA:61,1
DA:66,1
DA:70,1
LF:14
LH:14
BRF:0
BRH:0
end_of_record
TN:
SF:/Users/norman/projects/2019/jul/workflyt/src/core/warehouses/warehouses-service.js
FN:1,(anonymous_0)
FN:2,(anonymous_1)
FN:35,(anonymous_2)
FN:68,(anonymous_3)
FN:112,(anonymous_4)
FN:170,(anonymous_5)
FN:226,(anonymous_6)
FN:282,(anonymous_7)
FN:338,(anonymous_8)
FN:402,(anonymous_9)
FN:481,(anonymous_10)
FNF:11
FNH:11
FNDA:93,(anonymous_0)
FNDA:5,(anonymous_1)
FNDA:5,(anonymous_2)
FNDA:6,(anonymous_3)
FNDA:7,(anonymous_4)
FNDA:7,(anonymous_5)
FNDA:7,(anonymous_6)
FNDA:7,(anonymous_7)
FNDA:8,(anonymous_8)
FNDA:9,(anonymous_9)
FNDA:9,(anonymous_10)
DA:1,93
DA:3,5
DA:4,2
DA:5,2
DA:6,2
DA:7,2
DA:10,3
DA:12,3
DA:13,3
DA:17,1
DA:18,1
DA:19,1
DA:22,2
DA:24,2
DA:25,2
DA:27,1
DA:28,1
DA:29,1
DA:32,1
DA:36,5
DA:37,2
DA:38,2
DA:39,2
DA:40,2
DA:43,3
DA:45,3
DA:46,3
DA:50,1
DA:51,1
DA:52,1
DA:55,2
DA:57,2
DA:58,2
DA:60,1
DA:61,1
DA:62,1
DA:65,1
DA:69,6
DA:70,2
DA:71,2
DA:72,2
DA:73,2
DA:76,4
DA:78,4
DA:79,4
DA:84,1
DA:85,1
DA:86,1
DA:89,3
DA:91,3
DA:92,3
DA:97,1
DA:98,1
DA:99,1
DA:102,2
DA:103,1
DA:104,1
DA:105,1
DA:106,1
DA:109,1
DA:113,7
DA:114,2
DA:115,2
DA:116,2
DA:117,2
DA:120,5
DA:122,5
DA:123,5
DA:129,1
DA:130,1
DA:131,1
DA:134,4
DA:136,4
DA:137,4
DA:141,1
DA:142,1
DA:143,1
DA:146,3
DA:147,1
DA:148,1
DA:149,1
DA:150,1
DA:153,2
DA:155,2
DA:156,2
DA:162,1
DA:163,1
DA:164,1
DA:167,1
DA:171,7
DA:172,2
DA:173,2
DA:174,2
DA:175,2
DA:178,5
DA:180,5
DA:181,5
DA:186,1
DA:187,1
DA:188,1
DA:191,4
DA:193,4
DA:194,4
DA:198,1
DA:199,1
DA:200,1
DA:203,3
DA:204,1
DA:205,1
DA:206,1
DA:207,1
DA:210,2
DA:212,2
DA:213,2
DA:218,1
DA:219,1
DA:220,1
DA:223,1
DA:227,7
DA:228,2
DA:229,2
DA:230,2
DA:231,2
DA:234,5
DA:236,5
DA:237,5
DA:242,1
DA:243,1
DA:244,1
DA:247,4
DA:249,4
DA:250,4
DA:254,1
DA:255,1
DA:256,1
DA:259,3
DA:260,1
DA:261,1
DA:262,1
DA:263,1
DA:266,2
DA:268,2
DA:269,2
DA:274,1
DA:275,1
DA:276,1
DA:279,1
DA:283,7
DA:284,2
DA:285,2
DA:286,2
DA:287,2
DA:290,5
DA:292,5
DA:293,5
DA:298,1
DA:299,1
DA:300,1
DA:303,4
DA:305,4
DA:306,4
DA:310,1
DA:311,1
DA:312,1
DA:315,3
DA:316,1
DA:317,1
DA:318,1
DA:319,1
DA:322,2
DA:324,2
DA:325,2
DA:330,1
DA:331,1
DA:332,1
DA:335,1
DA:339,8
DA:340,2
DA:341,2
DA:342,2
DA:343,2
DA:346,6
DA:348,6
DA:349,6
DA:354,1
DA:355,1
DA:356,1
DA:359,5
DA:361,5
DA:362,5
DA:366,1
DA:367,1
DA:368,1
DA:371,4
DA:372,1
DA:373,1
DA:374,1
DA:375,1
DA:378,3
DA:380,3
DA:381,3
DA:387,1
DA:388,1
DA:389,1
DA:392,2
DA:393,1
DA:394,1
DA:395,1
DA:396,1
DA:399,1
DA:403,9
DA:404,2
DA:405,2
DA:406,2
DA:407,2
DA:410,7
DA:412,7
DA:413,7
DA:419,1
DA:420,1
DA:421,1
DA:424,6
DA:426,6
DA:427,6
DA:431,1
DA:432,1
DA:433,1
DA:436,5
DA:437,1
DA:438,1
DA:439,1
DA:440,1
DA:443,4
DA:445,4
DA:446,4
DA:451,1
DA:452,1
DA:453,1
DA:456,3
DA:457,1
DA:458,1
DA:459,1
DA:460,1
DA:463,2
DA:465,2
DA:466,2
DA:473,1
DA:474,1
DA:475,1
DA:478,1
DA:482,9
DA:483,2
DA:484,2
DA:485,2
DA:486,2
DA:489,7
DA:491,7
DA:492,7
DA:497,1
DA:498,1
DA:499,1
DA:502,6
DA:504,6
DA:505,6
DA:509,1
DA:510,1
DA:511,1
DA:514,5
DA:515,1
DA:516,1
DA:517,1
DA:518,1
DA:521,4
DA:523,4
DA:524,4
DA:529,1
DA:530,1
DA:531,1
DA:534,3
DA:535,1
DA:536,1
DA:537,1
DA:538,1
DA:541,2
DA:543,2
DA:544,2
DA:550,1
DA:551,1
DA:552,1
DA:555,1
LF:290
LH:290
BRDA:3,0,0,2
BRDA:3,0,1,3
BRDA:36,1,0,2
BRDA:36,1,1,3
BRDA:69,2,0,2
BRDA:69,2,1,4
BRDA:102,3,0,1
BRDA:102,3,1,1
BRDA:113,4,0,2
BRDA:113,4,1,5
BRDA:146,5,0,1
BRDA:146,5,1,2
BRDA:171,6,0,2
BRDA:171,6,1,5
BRDA:203,7,0,1
BRDA:203,7,1,2
BRDA:227,8,0,2
BRDA:227,8,1,5
BRDA:259,9,0,1
BRDA:259,9,1,2
BRDA:283,10,0,2
BRDA:283,10,1,5
BRDA:315,11,0,1
BRDA:315,11,1,2
BRDA:339,12,0,2
BRDA:339,12,1,6
BRDA:371,13,0,1
BRDA:371,13,1,3
BRDA:392,14,0,1
BRDA:392,14,1,1
BRDA:403,15,0,2
BRDA:403,15,1,7
BRDA:436,16,0,1
BRDA:436,16,1,4
BRDA:456,17,0,1
BRDA:456,17,1,2
BRDA:482,18,0,2
BRDA:482,18,1,7
BRDA:514,19,0,1
BRDA:514,19,1,4
BRDA:534,20,0,1
BRDA:534,20,1,2
BRF:42
BRH:42
end_of_record
TN:
SF:/Users/norman/projects/2019/jul/workflyt/src/core/warehouses/warehouses-validator.js
FN:1,(anonymous_0)
FNF:1
FNH:1
FNDA:2,(anonymous_0)
DA:1,1
DA:2,2
DA:15,2
DA:32,2
DA:34,2
DA:36,2
LF:6
LH:6
BRF:0
BRH:0
end_of_record
TN:
SF:/Users/norman/projects/2019/jul/workflyt/src/utils/logger.js
FN:19,(anonymous_0)
FN:30,(anonymous_1)
FN:30,(anonymous_2)
FNF:3
FNH:0
FNDA:0,(anonymous_0)
FNDA:0,(anonymous_1)
FNDA:0,(anonymous_2)
DA:1,0
DA:2,0
DA:3,0
DA:5,0
DA:19,0
DA:30,0
DA:31,0
DA:32,0
DA:33,0
DA:34,0
DA:36,0
DA:37,0
DA:39,0
DA:42,0
DA:47,0
LF:15
LH:0
BRDA:31,0,0,0
BRDA:31,0,1,0
BRDA:33,1,0,0
BRDA:33,1,1,0
BRDA:36,2,0,0
BRDA:36,2,1,0
BRDA:36,3,0,0
BRDA:36,3,1,0
BRF:8
BRH:0
end_of_record
TN:
SF:/Users/norman/projects/2019/jul/workflyt/src/utils/middlewares.js
FN:8,onRequestStart
FN:14,onRequestError
FN:41,onRequestNotFound
FN:48,onMethodNotAllowed
FN:55,validateToken
FNF:5
FNH:0
FNDA:0,onRequestStart
FNDA:0,onRequestError
FNDA:0,onRequestNotFound
FNDA:0,onMethodNotAllowed
FNDA:0,validateToken
DA:6,0
DA:9,0
DA:10,0
DA:11,0
DA:15,0
DA:18,0
DA:19,0
DA:20,0
DA:21,0
DA:24,0
DA:33,0
DA:35,0
DA:42,0
DA:43,0
DA:44,0
DA:45,0
DA:49,0
DA:50,0
DA:51,0
DA:52,0
DA:56,0
DA:61,0
DA:62,0
DA:65,0
DA:67,0
DA:68,0
DA:69,0
DA:70,0
DA:71,0
DA:74,0
DA:75,0
DA:76,0
DA:77,0
DA:78,0
DA:81,0
DA:83,0
DA:84,0
DA:85,0
DA:86,0
DA:87,0
DA:90,0
DA:92,0
DA:93,0
DA:95,0
DA:96,0
DA:97,0
DA:98,0
DA:99,0
DA:102,0
DA:103,0
DA:104,0
DA:105,0
DA:106,0
DA:109,0
DA:110,0
DA:111,0
DA:112,0
DA:113,0
DA:116,0
DA:117,0
DA:118,0
DA:119,0
DA:120,0
DA:123,0
LF:64
LH:0
BRDA:18,0,0,0
BRDA:18,0,1,0
BRDA:25,1,0,0
BRDA:25,1,1,0
BRDA:27,2,0,0
BRDA:27,2,1,0
BRDA:30,3,0,0
BRDA:30,3,1,0
BRDA:61,4,0,0
BRDA:61,4,1,0
BRDA:67,5,0,0
BRDA:67,5,1,0
BRDA:74,6,0,0
BRDA:74,6,1,0
BRDA:83,7,0,0
BRDA:83,7,1,0
BRDA:102,8,0,0
BRDA:102,8,1,0
BRDA:109,9,0,0
BRDA:109,9,1,0
BRDA:116,10,0,0
BRDA:116,10,1,0
BRF:22
BRH:0
end_of_record
TN:
SF:/Users/norman/projects/2019/jul/workflyt/src/utils/validator.js
FN:1,UUID
FN:9,UUID_ARRAY
FN:20,ENUM
FN:29,CODE
FN:43,TEXT
FN:52,TEXT_FILTER
FN:78,DATE
FN:88,DATE_FILTER
FN:114,NUMBER
FN:123,NUMBER_FILTER
FN:149,PASS
FN:159,EXTRA
FN:167,ATTRIBUTES
FN:189,INCLUDE
FN:211,BOOLEAN
FN:219,OFFSET
FN:230,LIMIT
FN:242,PRICE
FN:253,PRICE_FILTER
FN:257,ORDER_BY
FN:267,QUERY
FN:276,BODY
FN:285,PARAMS
FNF:23
FNH:0
FNDA:0,UUID
FNDA:0,UUID_ARRAY
FNDA:0,ENUM
FNDA:0,CODE
FNDA:0,TEXT
FNDA:0,TEXT_FILTER
FNDA:0,DATE
FNDA:0,DATE_FILTER
FNDA:0,NUMBER
FNDA:0,NUMBER_FILTER
FNDA:0,PASS
FNDA:0,EXTRA
FNDA:0,ATTRIBUTES
FNDA:0,INCLUDE
FNDA:0,BOOLEAN
FNDA:0,OFFSET
FNDA:0,LIMIT
FNDA:0,PRICE
FNDA:0,PRICE_FILTER
FNDA:0,ORDER_BY
FNDA:0,QUERY
FNDA:0,BODY
FNDA:0,PARAMS
DA:2,0
DA:10,0
DA:21,0
DA:30,0
DA:44,0
DA:53,0
DA:55,0
DA:75,0
DA:79,0
DA:89,0
DA:91,0
DA:111,0
DA:115,0
DA:124,0
DA:126,0
DA:146,0
DA:150,0
DA:160,0
DA:168,0
DA:190,0
DA:212,0
DA:220,0
DA:231,0
DA:243,0
DA:254,0
DA:258,0
DA:268,0
DA:277,0
DA:286,0
LF:29
LH:0
BRF:0
BRH:0
end_of_record
