TN:
SF:/Users/norman/projects/2019/jul/workflyt/src/app.js
FNF:0
FNH:0
DA:2,10
DA:3,10
DA:4,10
DA:5,10
DA:6,10
DA:8,10
DA:10,10
DA:11,10
DA:12,10
DA:13,10
DA:14,10
DA:15,10
DA:16,10
DA:17,10
DA:18,10
DA:19,10
DA:21,10
LF:17
LH:17
BRF:0
BRH:0
end_of_record
TN:
SF:/Users/norman/projects/2019/jul/workflyt/src/router.js
FNF:0
FNH:0
DA:2,10
DA:4,10
DA:6,10
DA:7,10
DA:8,10
DA:9,10
DA:10,10
DA:11,10
DA:12,10
DA:13,10
DA:14,10
DA:15,10
DA:16,10
DA:17,10
DA:18,10
DA:19,10
DA:20,10
DA:21,10
DA:22,10
DA:24,10
LF:20
LH:20
BRF:0
BRH:0
end_of_record
TN:
SF:/Users/norman/projects/2019/jul/workflyt/src/core/areas/areas-controller.js
FN:1,(anonymous_0)
FN:2,(anonymous_1)
FN:5,(anonymous_2)
FN:9,(anonymous_3)
FN:12,(anonymous_4)
FN:16,(anonymous_5)
FN:19,(anonymous_6)
FN:23,(anonymous_7)
FN:26,(anonymous_8)
FN:30,(anonymous_9)
FN:33,(anonymous_10)
FN:37,(anonymous_11)
FN:40,(anonymous_12)
FN:44,(anonymous_13)
FN:47,(anonymous_14)
FN:51,(anonymous_15)
FN:54,(anonymous_16)
FN:58,(anonymous_17)
FN:61,(anonymous_18)
FN:65,(anonymous_19)
FN:68,(anonymous_20)
FN:72,(anonymous_21)
FN:75,(anonymous_22)
FN:79,(anonymous_23)
FN:82,(anonymous_24)
FN:86,(anonymous_25)
FN:89,(anonymous_26)
FN:93,(anonymous_27)
FN:96,(anonymous_28)
FN:100,(anonymous_29)
FN:103,(anonymous_30)
FN:107,(anonymous_31)
FN:110,(anonymous_32)
FN:114,(anonymous_33)
FN:117,(anonymous_34)
FNF:35
FNH:35
FNDA:10,(anonymous_0)
FNDA:6,(anonymous_1)
FNDA:4,(anonymous_2)
FNDA:4,(anonymous_3)
FNDA:1,(anonymous_4)
FNDA:4,(anonymous_5)
FNDA:1,(anonymous_6)
FNDA:4,(anonymous_7)
FNDA:1,(anonymous_8)
FNDA:4,(anonymous_9)
FNDA:1,(anonymous_10)
FNDA:7,(anonymous_11)
FNDA:4,(anonymous_12)
FNDA:5,(anonymous_13)
FNDA:1,(anonymous_14)
FNDA:5,(anonymous_15)
FNDA:1,(anonymous_16)
FNDA:5,(anonymous_17)
FNDA:1,(anonymous_18)
FNDA:5,(anonymous_19)
FNDA:1,(anonymous_20)
FNDA:7,(anonymous_21)
FNDA:4,(anonymous_22)
FNDA:5,(anonymous_23)
FNDA:1,(anonymous_24)
FNDA:5,(anonymous_25)
FNDA:1,(anonymous_26)
FNDA:5,(anonymous_27)
FNDA:1,(anonymous_28)
FNDA:5,(anonymous_29)
FNDA:1,(anonymous_30)
FNDA:7,(anonymous_31)
FNDA:4,(anonymous_32)
FNDA:5,(anonymous_33)
FNDA:1,(anonymous_34)
DA:1,10
DA:3,6
DA:5,4
DA:10,4
DA:12,1
DA:17,4
DA:19,1
DA:24,4
DA:26,1
DA:31,4
DA:33,1
DA:38,7
DA:40,4
DA:45,5
DA:47,1
DA:52,5
DA:54,1
DA:59,5
DA:61,1
DA:66,5
DA:68,1
DA:73,7
DA:75,4
DA:80,5
DA:82,1
DA:87,5
DA:89,1
DA:94,5
DA:96,1
DA:101,5
DA:103,1
DA:108,7
DA:110,4
DA:115,5
DA:117,1
LF:35
LH:35
BRF:0
BRH:0
end_of_record
TN:
SF:/Users/norman/projects/2019/jul/workflyt/src/core/areas/areas-repository.js
FN:1,(anonymous_0)
FN:2,(anonymous_1)
FN:6,(anonymous_2)
FN:10,(anonymous_3)
FN:16,(anonymous_4)
FN:22,(anonymous_5)
FN:25,(anonymous_6)
FN:34,(anonymous_7)
FN:38,(anonymous_8)
FN:40,(anonymous_9)
FN:47,(anonymous_10)
FN:57,(anonymous_11)
FN:63,(anonymous_12)
FN:66,(anonymous_13)
FN:75,(anonymous_14)
FN:79,(anonymous_15)
FN:81,(anonymous_16)
FN:88,(anonymous_17)
FN:98,(anonymous_18)
FN:104,(anonymous_19)
FN:107,(anonymous_20)
FN:116,(anonymous_21)
FN:122,(anonymous_22)
FNF:23
FNH:1
FNDA:10,(anonymous_0)
FNDA:0,(anonymous_1)
FNDA:0,(anonymous_2)
FNDA:0,(anonymous_3)
FNDA:0,(anonymous_4)
FNDA:0,(anonymous_5)
FNDA:0,(anonymous_6)
FNDA:0,(anonymous_7)
FNDA:0,(anonymous_8)
FNDA:0,(anonymous_9)
FNDA:0,(anonymous_10)
FNDA:0,(anonymous_11)
FNDA:0,(anonymous_12)
FNDA:0,(anonymous_13)
FNDA:0,(anonymous_14)
FNDA:0,(anonymous_15)
FNDA:0,(anonymous_16)
FNDA:0,(anonymous_17)
FNDA:0,(anonymous_18)
FNDA:0,(anonymous_19)
FNDA:0,(anonymous_20)
FNDA:0,(anonymous_21)
FNDA:0,(anonymous_22)
DA:1,10
DA:3,0
DA:7,0
DA:11,0
DA:17,0
DA:22,0
DA:26,0
DA:35,0
DA:39,0
DA:40,0
DA:48,0
DA:58,0
DA:63,0
DA:67,0
DA:76,0
DA:80,0
DA:81,0
DA:89,0
DA:99,0
DA:104,0
DA:108,0
DA:117,0
DA:123,0
LF:23
LH:1
BRF:0
BRH:0
end_of_record
TN:
SF:/Users/norman/projects/2019/jul/workflyt/src/core/areas/areas-router.js
FN:4,(anonymous_0)
FNF:1
FNH:1
FNDA:10,(anonymous_0)
DA:1,10
DA:2,10
DA:4,10
DA:5,10
DA:7,10
DA:12,10
DA:18,10
DA:23,10
DA:29,10
DA:34,10
DA:40,10
DA:44,10
DA:49,10
LF:13
LH:13
BRF:0
BRH:0
end_of_record
TN:
SF:/Users/norman/projects/2019/jul/workflyt/src/core/areas/areas-service.js
FN:1,(anonymous_0)
FN:2,(anonymous_1)
FN:24,(anonymous_2)
FN:46,(anonymous_3)
FN:73,(anonymous_4)
FN:114,(anonymous_5)
FN:147,(anonymous_6)
FN:180,(anonymous_7)
FN:216,(anonymous_8)
FN:258,(anonymous_9)
FN:314,(anonymous_10)
FN:365,(anonymous_11)
FN:398,(anonymous_12)
FN:434,(anonymous_13)
FN:476,(anonymous_14)
FN:529,(anonymous_15)
FN:577,(anonymous_16)
FN:610,(anonymous_17)
FNF:18
FNH:18
FNDA:10,(anonymous_0)
FNDA:6,(anonymous_1)
FNDA:4,(anonymous_2)
FNDA:4,(anonymous_3)
FNDA:4,(anonymous_4)
FNDA:4,(anonymous_5)
FNDA:7,(anonymous_6)
FNDA:5,(anonymous_7)
FNDA:5,(anonymous_8)
FNDA:5,(anonymous_9)
FNDA:5,(anonymous_10)
FNDA:7,(anonymous_11)
FNDA:5,(anonymous_12)
FNDA:5,(anonymous_13)
FNDA:5,(anonymous_14)
FNDA:5,(anonymous_15)
FNDA:7,(anonymous_16)
FNDA:5,(anonymous_17)
DA:1,10
DA:3,6
DA:9,5
DA:15,4
DA:21,4
DA:25,4
DA:31,3
DA:37,2
DA:43,1
DA:47,4
DA:53,3
DA:59,2
DA:65,2
DA:70,1
DA:74,4
DA:80,3
DA:90,2
DA:96,2
DA:101,1
DA:111,1
DA:115,4
DA:121,3
DA:127,2
DA:133,2
DA:138,1
DA:144,1
DA:148,7
DA:154,6
DA:160,5
DA:166,5
DA:171,4
DA:177,4
DA:181,5
DA:187,4
DA:193,3
DA:199,3
DA:204,2
DA:213,1
DA:217,5
DA:223,4
DA:229,3
DA:235,3
DA:240,2
DA:250,2
DA:255,1
DA:259,5
DA:265,4
DA:275,3
DA:281,3
DA:286,2
DA:295,2
DA:300,1
DA:311,1
DA:315,5
DA:321,4
DA:327,3
DA:333,3
DA:338,2
DA:347,2
DA:352,1
DA:362,1
DA:366,7
DA:372,6
DA:378,5
DA:384,5
DA:389,4
DA:395,4
DA:399,5
DA:405,4
DA:411,3
DA:417,3
DA:422,2
DA:431,1
DA:435,5
DA:441,4
DA:447,3
DA:453,3
DA:458,2
DA:468,2
DA:473,1
DA:477,5
DA:483,4
DA:493,3
DA:499,3
DA:504,2
DA:510,2
DA:515,1
DA:526,1
DA:530,5
DA:536,4
DA:542,3
DA:548,3
DA:553,2
DA:559,2
DA:564,1
DA:574,1
DA:578,7
DA:584,6
DA:590,5
DA:596,5
DA:601,4
DA:607,4
DA:611,5
DA:617,4
DA:623,3
DA:629,3
DA:634,2
DA:644,2
DA:649,1
LF:109
LH:109
BRF:0
BRH:0
end_of_record
TN:
SF:/Users/norman/projects/2019/jul/workflyt/src/core/areas/areas-validator.js
FNF:0
FNH:0
DA:1,10
DA:2,10
DA:4,10
DA:20,10
DA:38,10
DA:55,10
DA:76,10
DA:91,10
DA:100,10
DA:119,10
DA:127,10
DA:149,10
DA:154,10
DA:166,10
DA:187,10
DA:198,10
DA:227,10
DA:232,10
DA:244,10
DA:265,10
DA:276,10
DA:299,10
LF:22
LH:22
BRF:0
BRH:0
end_of_record
TN:
SF:/Users/norman/projects/2019/jul/workflyt/src/core/areas/index.js
FNF:0
FNH:0
DA:2,10
DA:3,10
DA:4,10
DA:5,10
DA:6,10
DA:7,10
DA:8,10
DA:11,10
DA:12,10
DA:13,10
DA:14,10
DA:16,10
LF:12
LH:12
BRF:0
BRH:0
end_of_record
TN:
SF:/Users/norman/projects/2019/jul/workflyt/src/core/auth/auth-controller.js
FN:1,(anonymous_0)
FN:2,(anonymous_1)
FN:4,(anonymous_2)
FN:8,(anonymous_3)
FN:10,(anonymous_4)
FNF:5
FNH:1
FNDA:10,(anonymous_0)
FNDA:0,(anonymous_1)
FNDA:0,(anonymous_2)
FNDA:0,(anonymous_3)
FNDA:0,(anonymous_4)
DA:1,10
DA:3,0
DA:4,0
DA:9,0
DA:10,0
LF:5
LH:1
BRF:0
BRH:0
end_of_record
TN:
SF:/Users/norman/projects/2019/jul/workflyt/src/core/auth/auth-repository.js
FN:1,(anonymous_0)
FN:2,(anonymous_1)
FN:25,(anonymous_2)
FN:33,(anonymous_3)
FN:37,(anonymous_4)
FNF:5
FNH:1
FNDA:10,(anonymous_0)
FNDA:0,(anonymous_1)
FNDA:0,(anonymous_2)
FNDA:0,(anonymous_3)
FNDA:0,(anonymous_4)
DA:1,10
DA:3,0
DA:26,0
DA:34,0
DA:37,0
LF:5
LH:1
BRF:0
BRH:0
end_of_record
TN:
SF:/Users/norman/projects/2019/jul/workflyt/src/core/auth/auth-router.js
FN:4,(anonymous_0)
FNF:1
FNH:1
FNDA:10,(anonymous_0)
DA:1,10
DA:2,10
DA:4,10
DA:5,10
DA:7,10
DA:11,10
DA:16,10
LF:7
LH:7
BRF:0
BRH:0
end_of_record
TN:
SF:/Users/norman/projects/2019/jul/workflyt/src/core/auth/auth-service.js
FN:1,(anonymous_0)
FN:2,(anonymous_1)
FN:39,(anonymous_2)
FNF:3
FNH:1
FNDA:10,(anonymous_0)
FNDA:0,(anonymous_1)
FNDA:0,(anonymous_2)
DA:1,10
DA:3,0
DA:9,0
DA:15,0
DA:20,0
DA:26,0
DA:28,0
DA:30,0
DA:36,0
DA:40,0
DA:46,0
DA:52,0
DA:53,0
DA:54,0
DA:55,0
DA:56,0
DA:59,0
DA:65,0
DA:71,0
DA:73,0
DA:75,0
DA:81,0
LF:22
LH:1
BRDA:52,0,0,0
BRDA:52,0,1,0
BRF:2
BRH:0
end_of_record
TN:
SF:/Users/norman/projects/2019/jul/workflyt/src/core/auth/auth-validator.js
FN:1,(anonymous_0)
FNF:1
FNH:1
FNDA:10,(anonymous_0)
DA:1,10
DA:2,10
DA:30,10
DA:32,10
DA:34,10
LF:5
LH:5
BRF:0
BRH:0
end_of_record
TN:
SF:/Users/norman/projects/2019/jul/workflyt/src/core/auth/index.js
FNF:0
FNH:0
DA:2,10
DA:3,10
DA:4,10
DA:5,10
DA:6,10
DA:7,10
DA:8,10
DA:9,10
DA:12,10
DA:13,10
DA:14,10
DA:15,10
DA:16,10
DA:20,10
LF:14
LH:14
BRF:0
BRH:0
end_of_record
TN:
SF:/Users/norman/projects/2019/jul/workflyt/src/core/categories/categories-controller.js
FN:1,(anonymous_0)
FN:2,(anonymous_1)
FN:5,(anonymous_2)
FN:9,(anonymous_3)
FN:12,(anonymous_4)
FN:16,(anonymous_5)
FN:19,(anonymous_6)
FN:23,(anonymous_7)
FN:26,(anonymous_8)
FN:30,(anonymous_9)
FN:33,(anonymous_10)
FN:37,(anonymous_11)
FN:40,(anonymous_12)
FN:44,(anonymous_13)
FN:47,(anonymous_14)
FNF:15
FNH:15
FNDA:10,(anonymous_0)
FNDA:6,(anonymous_1)
FNDA:4,(anonymous_2)
FNDA:4,(anonymous_3)
FNDA:1,(anonymous_4)
FNDA:4,(anonymous_5)
FNDA:1,(anonymous_6)
FNDA:4,(anonymous_7)
FNDA:1,(anonymous_8)
FNDA:4,(anonymous_9)
FNDA:1,(anonymous_10)
FNDA:7,(anonymous_11)
FNDA:4,(anonymous_12)
FNDA:5,(anonymous_13)
FNDA:1,(anonymous_14)
DA:1,10
DA:3,6
DA:5,4
DA:10,4
DA:12,1
DA:17,4
DA:19,1
DA:24,4
DA:26,1
DA:31,4
DA:33,1
DA:38,7
DA:40,4
DA:45,5
DA:47,1
LF:15
LH:15
BRF:0
BRH:0
end_of_record
TN:
SF:/Users/norman/projects/2019/jul/workflyt/src/core/categories/categories-repository.js
FN:1,(anonymous_0)
FN:2,(anonymous_1)
FN:8,(anonymous_2)
FN:12,(anonymous_3)
FN:18,(anonymous_4)
FN:24,(anonymous_5)
FN:27,(anonymous_6)
FN:36,(anonymous_7)
FN:42,(anonymous_8)
FNF:9
FNH:1
FNDA:10,(anonymous_0)
FNDA:0,(anonymous_1)
FNDA:0,(anonymous_2)
FNDA:0,(anonymous_3)
FNDA:0,(anonymous_4)
FNDA:0,(anonymous_5)
FNDA:0,(anonymous_6)
FNDA:0,(anonymous_7)
FNDA:0,(anonymous_8)
DA:1,10
DA:3,0
DA:9,0
DA:13,0
DA:19,0
DA:24,0
DA:28,0
DA:37,0
DA:43,0
LF:9
LH:1
BRF:0
BRH:0
end_of_record
TN:
SF:/Users/norman/projects/2019/jul/workflyt/src/core/categories/categories-router.js
FN:4,(anonymous_0)
FNF:1
FNH:1
FNDA:10,(anonymous_0)
DA:1,10
DA:2,10
DA:4,10
DA:5,10
DA:7,10
DA:12,10
DA:18,10
DA:22,10
DA:27,10
LF:9
LH:9
BRF:0
BRH:0
end_of_record
TN:
SF:/Users/norman/projects/2019/jul/workflyt/src/core/categories/categories-service.js
FN:1,(anonymous_0)
FN:2,(anonymous_1)
FN:24,(anonymous_2)
FN:46,(anonymous_3)
FN:73,(anonymous_4)
FN:114,(anonymous_5)
FN:147,(anonymous_6)
FN:180,(anonymous_7)
FNF:8
FNH:8
FNDA:10,(anonymous_0)
FNDA:6,(anonymous_1)
FNDA:4,(anonymous_2)
FNDA:4,(anonymous_3)
FNDA:4,(anonymous_4)
FNDA:4,(anonymous_5)
FNDA:7,(anonymous_6)
FNDA:5,(anonymous_7)
DA:1,10
DA:3,6
DA:9,5
DA:15,4
DA:21,4
DA:25,4
DA:31,3
DA:37,2
DA:43,1
DA:47,4
DA:53,3
DA:59,2
DA:65,2
DA:70,1
DA:74,4
DA:80,3
DA:90,2
DA:96,2
DA:101,1
DA:111,1
DA:115,4
DA:121,3
DA:127,2
DA:133,2
DA:138,1
DA:144,1
DA:148,7
DA:154,6
DA:160,5
DA:166,5
DA:171,4
DA:177,4
DA:181,5
DA:187,4
DA:193,3
DA:199,3
DA:204,2
DA:214,2
DA:219,1
LF:39
LH:39
BRF:0
BRH:0
end_of_record
TN:
SF:/Users/norman/projects/2019/jul/workflyt/src/core/categories/categories-validator.js
FN:1,(anonymous_0)
FNF:1
FNH:1
FNDA:10,(anonymous_0)
DA:1,10
DA:2,10
DA:19,10
DA:36,10
LF:4
LH:4
BRF:0
BRH:0
end_of_record
TN:
SF:/Users/norman/projects/2019/jul/workflyt/src/core/categories/index.js
FNF:0
FNH:0
DA:2,10
DA:3,10
DA:4,10
DA:5,10
DA:6,10
DA:7,10
DA:8,10
DA:9,10
DA:10,10
DA:13,10
DA:14,10
DA:15,10
DA:16,10
DA:17,10
DA:19,10
LF:15
LH:15
BRF:0
BRH:0
end_of_record
TN:
SF:/Users/norman/projects/2019/jul/workflyt/src/core/clients/clients-controller.js
FN:1,(anonymous_0)
FN:2,(anonymous_1)
FN:5,(anonymous_2)
FN:9,(anonymous_3)
FN:12,(anonymous_4)
FN:16,(anonymous_5)
FN:19,(anonymous_6)
FN:23,(anonymous_7)
FN:26,(anonymous_8)
FN:30,(anonymous_9)
FN:33,(anonymous_10)
FN:37,(anonymous_11)
FN:40,(anonymous_12)
FN:44,(anonymous_13)
FN:47,(anonymous_14)
FNF:15
FNH:15
FNDA:10,(anonymous_0)
FNDA:6,(anonymous_1)
FNDA:4,(anonymous_2)
FNDA:4,(anonymous_3)
FNDA:1,(anonymous_4)
FNDA:4,(anonymous_5)
FNDA:1,(anonymous_6)
FNDA:4,(anonymous_7)
FNDA:1,(anonymous_8)
FNDA:4,(anonymous_9)
FNDA:1,(anonymous_10)
FNDA:7,(anonymous_11)
FNDA:4,(anonymous_12)
FNDA:5,(anonymous_13)
FNDA:1,(anonymous_14)
DA:1,10
DA:3,6
DA:5,4
DA:10,4
DA:12,1
DA:17,4
DA:19,1
DA:24,4
DA:26,1
DA:31,4
DA:33,1
DA:38,7
DA:40,4
DA:45,5
DA:47,1
LF:15
LH:15
BRF:0
BRH:0
end_of_record
TN:
SF:/Users/norman/projects/2019/jul/workflyt/src/core/clients/clients-repository.js
FN:1,(anonymous_0)
FN:2,(anonymous_1)
FN:8,(anonymous_2)
FN:12,(anonymous_3)
FN:18,(anonymous_4)
FN:24,(anonymous_5)
FN:27,(anonymous_6)
FN:36,(anonymous_7)
FN:43,(anonymous_8)
FNF:9
FNH:1
FNDA:10,(anonymous_0)
FNDA:0,(anonymous_1)
FNDA:0,(anonymous_2)
FNDA:0,(anonymous_3)
FNDA:0,(anonymous_4)
FNDA:0,(anonymous_5)
FNDA:0,(anonymous_6)
FNDA:0,(anonymous_7)
FNDA:0,(anonymous_8)
DA:1,10
DA:3,0
DA:9,0
DA:13,0
DA:19,0
DA:24,0
DA:28,0
DA:37,0
DA:44,0
LF:9
LH:1
BRF:0
BRH:0
end_of_record
TN:
SF:/Users/norman/projects/2019/jul/workflyt/src/core/clients/clients-router.js
FN:5,(anonymous_0)
FNF:1
FNH:1
FNDA:10,(anonymous_0)
DA:2,10
DA:3,10
DA:5,10
DA:6,10
DA:8,10
DA:13,10
DA:19,10
DA:23,10
DA:28,10
LF:9
LH:9
BRF:0
BRH:0
end_of_record
TN:
SF:/Users/norman/projects/2019/jul/workflyt/src/core/clients/clients-service.js
FN:1,(anonymous_0)
FN:2,(anonymous_1)
FN:24,(anonymous_2)
FN:46,(anonymous_3)
FN:73,(anonymous_4)
FN:114,(anonymous_5)
FN:147,(anonymous_6)
FN:180,(anonymous_7)
FNF:8
FNH:8
FNDA:10,(anonymous_0)
FNDA:6,(anonymous_1)
FNDA:4,(anonymous_2)
FNDA:4,(anonymous_3)
FNDA:4,(anonymous_4)
FNDA:4,(anonymous_5)
FNDA:7,(anonymous_6)
FNDA:5,(anonymous_7)
DA:1,10
DA:3,6
DA:9,5
DA:15,4
DA:21,4
DA:25,4
DA:31,3
DA:37,2
DA:43,1
DA:47,4
DA:53,3
DA:59,2
DA:65,2
DA:70,1
DA:74,4
DA:80,3
DA:90,2
DA:96,2
DA:101,1
DA:111,1
DA:115,4
DA:121,3
DA:127,2
DA:133,2
DA:138,1
DA:144,1
DA:148,7
DA:154,6
DA:160,5
DA:166,5
DA:171,4
DA:177,4
DA:181,5
DA:187,4
DA:193,3
DA:199,3
DA:204,2
DA:214,2
DA:219,1
LF:39
LH:39
BRF:0
BRH:0
end_of_record
TN:
SF:/Users/norman/projects/2019/jul/workflyt/src/core/clients/clients-validator.js
FN:1,(anonymous_0)
FNF:1
FNH:1
FNDA:10,(anonymous_0)
DA:1,10
DA:2,10
DA:18,10
DA:37,10
LF:4
LH:4
BRF:0
BRH:0
end_of_record
TN:
SF:/Users/norman/projects/2019/jul/workflyt/src/core/clients/index.js
FNF:0
FNH:0
DA:2,10
DA:3,10
DA:4,10
DA:5,10
DA:6,10
DA:7,10
DA:8,10
DA:9,10
DA:10,10
DA:13,10
DA:14,10
DA:15,10
DA:16,10
DA:17,10
DA:19,10
LF:15
LH:15
BRF:0
BRH:0
end_of_record
TN:
SF:/Users/norman/projects/2019/jul/workflyt/src/core/companies/companies-controller.js
FN:1,(anonymous_0)
FN:2,(anonymous_1)
FN:5,(anonymous_2)
FN:9,(anonymous_3)
FN:12,(anonymous_4)
FN:16,(anonymous_5)
FN:19,(anonymous_6)
FN:23,(anonymous_7)
FN:26,(anonymous_8)
FN:30,(anonymous_9)
FN:33,(anonymous_10)
FNF:11
FNH:11
FNDA:10,(anonymous_0)
FNDA:6,(anonymous_1)
FNDA:4,(anonymous_2)
FNDA:4,(anonymous_3)
FNDA:1,(anonymous_4)
FNDA:4,(anonymous_5)
FNDA:1,(anonymous_6)
FNDA:4,(anonymous_7)
FNDA:1,(anonymous_8)
FNDA:4,(anonymous_9)
FNDA:1,(anonymous_10)
DA:1,10
DA:3,6
DA:5,4
DA:10,4
DA:12,1
DA:17,4
DA:19,1
DA:24,4
DA:26,1
DA:31,4
DA:33,1
LF:11
LH:11
BRF:0
BRH:0
end_of_record
TN:
SF:/Users/norman/projects/2019/jul/workflyt/src/core/companies/companies-repository.js
FN:1,(anonymous_0)
FN:2,(anonymous_1)
FN:8,(anonymous_2)
FN:12,(anonymous_3)
FN:18,(anonymous_4)
FN:24,(anonymous_5)
FN:27,(anonymous_6)
FNF:7
FNH:1
FNDA:10,(anonymous_0)
FNDA:0,(anonymous_1)
FNDA:0,(anonymous_2)
FNDA:0,(anonymous_3)
FNDA:0,(anonymous_4)
FNDA:0,(anonymous_5)
FNDA:0,(anonymous_6)
DA:1,10
DA:3,0
DA:9,0
DA:13,0
DA:19,0
DA:24,0
DA:28,0
LF:7
LH:1
BRF:0
BRH:0
end_of_record
TN:
SF:/Users/norman/projects/2019/jul/workflyt/src/core/companies/companies-router.js
FN:5,(anonymous_0)
FNF:1
FNH:1
FNDA:10,(anonymous_0)
DA:2,10
DA:3,10
DA:5,10
DA:6,10
DA:8,10
DA:13,10
DA:20,10
LF:7
LH:7
BRF:0
BRH:0
end_of_record
TN:
SF:/Users/norman/projects/2019/jul/workflyt/src/core/companies/companies-service.js
FN:1,(anonymous_0)
FN:2,(anonymous_1)
FN:24,(anonymous_2)
FN:46,(anonymous_3)
FN:73,(anonymous_4)
FN:114,(anonymous_5)
FNF:6
FNH:6
FNDA:10,(anonymous_0)
FNDA:6,(anonymous_1)
FNDA:4,(anonymous_2)
FNDA:4,(anonymous_3)
FNDA:4,(anonymous_4)
FNDA:4,(anonymous_5)
DA:1,10
DA:3,6
DA:9,5
DA:15,4
DA:21,4
DA:25,4
DA:31,3
DA:37,2
DA:43,1
DA:47,4
DA:53,3
DA:59,2
DA:65,2
DA:70,1
DA:74,4
DA:80,3
DA:90,2
DA:96,2
DA:101,1
DA:111,1
DA:115,4
DA:121,3
DA:127,2
DA:133,2
DA:138,1
DA:144,1
LF:26
LH:26
BRF:0
BRH:0
end_of_record
TN:
SF:/Users/norman/projects/2019/jul/workflyt/src/core/companies/companies-validator.js
FN:1,(anonymous_0)
FNF:1
FNH:1
FNDA:10,(anonymous_0)
DA:1,10
DA:2,10
DA:17,10
LF:3
LH:3
BRF:0
BRH:0
end_of_record
TN:
SF:/Users/norman/projects/2019/jul/workflyt/src/core/companies/index.js
FNF:0
FNH:0
DA:2,10
DA:3,10
DA:4,10
DA:5,10
DA:6,10
DA:7,10
DA:8,10
DA:9,10
DA:10,10
DA:13,10
DA:14,10
DA:15,10
DA:16,10
DA:17,10
DA:19,10
LF:15
LH:15
BRF:0
BRH:0
end_of_record
TN:
SF:/Users/norman/projects/2019/jul/workflyt/src/core/jobs/index.js
FNF:0
FNH:0
DA:2,10
DA:3,10
DA:4,10
DA:5,10
DA:6,10
DA:7,10
DA:8,10
DA:9,10
DA:10,10
DA:13,10
DA:14,10
DA:15,10
DA:16,10
DA:17,10
DA:19,10
LF:15
LH:15
BRF:0
BRH:0
end_of_record
TN:
SF:/Users/norman/projects/2019/jul/workflyt/src/core/jobs/jobs-controller.js
FN:1,(anonymous_0)
FN:2,(anonymous_1)
FN:5,(anonymous_2)
FN:9,(anonymous_3)
FN:12,(anonymous_4)
FN:16,(anonymous_5)
FN:19,(anonymous_6)
FN:23,(anonymous_7)
FN:26,(anonymous_8)
FN:30,(anonymous_9)
FN:33,(anonymous_10)
FN:37,(anonymous_11)
FN:40,(anonymous_12)
FN:44,(anonymous_13)
FN:47,(anonymous_14)
FN:51,(anonymous_15)
FN:54,(anonymous_16)
FN:58,(anonymous_17)
FN:61,(anonymous_18)
FN:65,(anonymous_19)
FN:68,(anonymous_20)
FN:72,(anonymous_21)
FN:75,(anonymous_22)
FN:79,(anonymous_23)
FN:82,(anonymous_24)
FN:86,(anonymous_25)
FN:89,(anonymous_26)
FN:93,(anonymous_27)
FN:96,(anonymous_28)
FN:100,(anonymous_29)
FN:103,(anonymous_30)
FN:107,(anonymous_31)
FN:110,(anonymous_32)
FN:114,(anonymous_33)
FN:117,(anonymous_34)
FN:121,(anonymous_35)
FN:124,(anonymous_36)
FN:128,(anonymous_37)
FN:131,(anonymous_38)
FN:135,(anonymous_39)
FN:138,(anonymous_40)
FNF:41
FNH:41
FNDA:10,(anonymous_0)
FNDA:6,(anonymous_1)
FNDA:4,(anonymous_2)
FNDA:3,(anonymous_3)
FNDA:1,(anonymous_4)
FNDA:4,(anonymous_5)
FNDA:1,(anonymous_6)
FNDA:4,(anonymous_7)
FNDA:1,(anonymous_8)
FNDA:4,(anonymous_9)
FNDA:1,(anonymous_10)
FNDA:7,(anonymous_11)
FNDA:4,(anonymous_12)
FNDA:5,(anonymous_13)
FNDA:1,(anonymous_14)
FNDA:5,(anonymous_15)
FNDA:1,(anonymous_16)
FNDA:5,(anonymous_17)
FNDA:1,(anonymous_18)
FNDA:5,(anonymous_19)
FNDA:1,(anonymous_20)
FNDA:7,(anonymous_21)
FNDA:4,(anonymous_22)
FNDA:5,(anonymous_23)
FNDA:1,(anonymous_24)
FNDA:5,(anonymous_25)
FNDA:1,(anonymous_26)
FNDA:5,(anonymous_27)
FNDA:1,(anonymous_28)
FNDA:5,(anonymous_29)
FNDA:1,(anonymous_30)
FNDA:7,(anonymous_31)
FNDA:4,(anonymous_32)
FNDA:5,(anonymous_33)
FNDA:1,(anonymous_34)
FNDA:5,(anonymous_35)
FNDA:1,(anonymous_36)
FNDA:5,(anonymous_37)
FNDA:1,(anonymous_38)
FNDA:5,(anonymous_39)
FNDA:1,(anonymous_40)
DA:1,10
DA:3,6
DA:5,4
DA:10,3
DA:12,1
DA:17,4
DA:19,1
DA:24,4
DA:26,1
DA:31,4
DA:33,1
DA:38,7
DA:40,4
DA:45,5
DA:47,1
DA:52,5
DA:54,1
DA:59,5
DA:61,1
DA:66,5
DA:68,1
DA:73,7
DA:75,4
DA:80,5
DA:82,1
DA:87,5
DA:89,1
DA:94,5
DA:96,1
DA:101,5
DA:103,1
DA:108,7
DA:110,4
DA:115,5
DA:117,1
DA:122,5
DA:124,1
DA:129,5
DA:131,1
DA:136,5
DA:138,1
LF:41
LH:41
BRF:0
BRH:0
end_of_record
TN:
SF:/Users/norman/projects/2019/jul/workflyt/src/core/jobs/jobs-repository.js
FN:1,(anonymous_0)
FN:2,(anonymous_1)
FN:8,(anonymous_2)
FN:12,(anonymous_3)
FN:18,(anonymous_4)
FN:24,(anonymous_5)
FN:27,(anonymous_6)
FN:36,(anonymous_7)
FN:40,(anonymous_8)
FN:42,(anonymous_9)
FN:49,(anonymous_10)
FN:57,(anonymous_11)
FN:63,(anonymous_12)
FN:66,(anonymous_13)
FN:75,(anonymous_14)
FN:79,(anonymous_15)
FN:81,(anonymous_16)
FN:88,(anonymous_17)
FN:98,(anonymous_18)
FN:104,(anonymous_19)
FN:107,(anonymous_20)
FN:116,(anonymous_21)
FN:120,(anonymous_22)
FN:122,(anonymous_23)
FN:129,(anonymous_24)
FN:139,(anonymous_25)
FN:145,(anonymous_26)
FN:148,(anonymous_27)
FNF:28
FNH:1
FNDA:10,(anonymous_0)
FNDA:0,(anonymous_1)
FNDA:0,(anonymous_2)
FNDA:0,(anonymous_3)
FNDA:0,(anonymous_4)
FNDA:0,(anonymous_5)
FNDA:0,(anonymous_6)
FNDA:0,(anonymous_7)
FNDA:0,(anonymous_8)
FNDA:0,(anonymous_9)
FNDA:0,(anonymous_10)
FNDA:0,(anonymous_11)
FNDA:0,(anonymous_12)
FNDA:0,(anonymous_13)
FNDA:0,(anonymous_14)
FNDA:0,(anonymous_15)
FNDA:0,(anonymous_16)
FNDA:0,(anonymous_17)
FNDA:0,(anonymous_18)
FNDA:0,(anonymous_19)
FNDA:0,(anonymous_20)
FNDA:0,(anonymous_21)
FNDA:0,(anonymous_22)
FNDA:0,(anonymous_23)
FNDA:0,(anonymous_24)
FNDA:0,(anonymous_25)
FNDA:0,(anonymous_26)
FNDA:0,(anonymous_27)
DA:1,10
DA:3,0
DA:9,0
DA:13,0
DA:19,0
DA:24,0
DA:28,0
DA:37,0
DA:41,0
DA:42,0
DA:50,0
DA:58,0
DA:63,0
DA:67,0
DA:76,0
DA:80,0
DA:81,0
DA:89,0
DA:99,0
DA:104,0
DA:108,0
DA:117,0
DA:121,0
DA:122,0
DA:130,0
DA:140,0
DA:145,0
DA:149,0
LF:28
LH:1
BRF:0
BRH:0
end_of_record
TN:
SF:/Users/norman/projects/2019/jul/workflyt/src/core/jobs/jobs-router.js
FN:5,(anonymous_0)
FNF:1
FNH:1
FNDA:10,(anonymous_0)
DA:2,10
DA:3,10
DA:5,10
DA:6,10
DA:8,10
DA:13,10
DA:19,10
DA:24,10
DA:30,10
DA:35,10
DA:41,10
DA:46,10
DA:53,10
LF:13
LH:13
BRF:0
BRH:0
end_of_record
TN:
SF:/Users/norman/projects/2019/jul/workflyt/src/core/jobs/jobs-service.js
FN:1,(anonymous_0)
FN:2,(anonymous_1)
FN:24,(anonymous_2)
FN:46,(anonymous_3)
FN:73,(anonymous_4)
FN:114,(anonymous_5)
FN:147,(anonymous_6)
FN:180,(anonymous_7)
FN:216,(anonymous_8)
FN:258,(anonymous_9)
FN:314,(anonymous_10)
FN:365,(anonymous_11)
FN:398,(anonymous_12)
FN:434,(anonymous_13)
FN:476,(anonymous_14)
FN:529,(anonymous_15)
FN:577,(anonymous_16)
FN:610,(anonymous_17)
FN:646,(anonymous_18)
FN:688,(anonymous_19)
FN:741,(anonymous_20)
FNF:21
FNH:21
FNDA:10,(anonymous_0)
FNDA:6,(anonymous_1)
FNDA:3,(anonymous_2)
FNDA:4,(anonymous_3)
FNDA:4,(anonymous_4)
FNDA:4,(anonymous_5)
FNDA:7,(anonymous_6)
FNDA:5,(anonymous_7)
FNDA:5,(anonymous_8)
FNDA:5,(anonymous_9)
FNDA:5,(anonymous_10)
FNDA:7,(anonymous_11)
FNDA:5,(anonymous_12)
FNDA:5,(anonymous_13)
FNDA:5,(anonymous_14)
FNDA:5,(anonymous_15)
FNDA:7,(anonymous_16)
FNDA:5,(anonymous_17)
FNDA:5,(anonymous_18)
FNDA:5,(anonymous_19)
FNDA:5,(anonymous_20)
DA:1,10
DA:3,6
DA:9,5
DA:15,4
DA:21,4
DA:25,3
DA:31,2
DA:37,1
DA:43,1
DA:47,4
DA:53,3
DA:59,2
DA:65,2
DA:70,1
DA:74,4
DA:80,3
DA:90,2
DA:96,2
DA:101,1
DA:111,1
DA:115,4
DA:121,3
DA:127,2
DA:133,2
DA:138,1
DA:144,1
DA:148,7
DA:154,6
DA:160,5
DA:166,5
DA:171,4
DA:177,4
DA:181,5
DA:187,4
DA:193,3
DA:199,3
DA:204,2
DA:213,1
DA:217,5
DA:223,4
DA:229,3
DA:235,3
DA:240,2
DA:250,2
DA:255,1
DA:259,5
DA:265,4
DA:275,3
DA:281,3
DA:286,2
DA:295,2
DA:300,1
DA:311,1
DA:315,5
DA:321,4
DA:327,3
DA:333,3
DA:338,2
DA:347,2
DA:352,1
DA:362,1
DA:366,7
DA:372,6
DA:378,5
DA:384,5
DA:389,4
DA:395,4
DA:399,5
DA:405,4
DA:411,3
DA:417,3
DA:422,2
DA:431,1
DA:435,5
DA:441,4
DA:447,3
DA:453,3
DA:458,2
DA:468,2
DA:473,1
DA:477,5
DA:483,4
DA:493,3
DA:499,3
DA:504,2
DA:510,2
DA:515,1
DA:526,1
DA:530,5
DA:536,4
DA:542,3
DA:548,3
DA:553,2
DA:559,2
DA:564,1
DA:574,1
DA:578,7
DA:584,6
DA:590,5
DA:596,5
DA:601,4
DA:607,4
DA:611,5
DA:617,4
DA:623,3
DA:629,3
DA:634,2
DA:643,1
DA:647,5
DA:653,4
DA:659,3
DA:665,3
DA:670,2
DA:680,2
DA:685,1
DA:689,5
DA:695,4
DA:705,3
DA:711,3
DA:716,2
DA:722,2
DA:727,1
DA:738,1
DA:742,5
DA:748,4
DA:754,3
DA:760,3
DA:765,2
DA:771,2
DA:776,1
DA:786,1
LF:131
LH:131
BRF:0
BRH:0
end_of_record
TN:
SF:/Users/norman/projects/2019/jul/workflyt/src/core/jobs/jobs-validator.js
FN:1,(anonymous_0)
FNF:1
FNH:1
FNDA:10,(anonymous_0)
DA:1,10
DA:2,10
DA:24,10
DA:42,10
DA:59,10
LF:5
LH:5
BRF:0
BRH:0
end_of_record
TN:
SF:/Users/norman/projects/2019/jul/workflyt/src/core/materials/index.js
FNF:0
FNH:0
DA:2,10
DA:3,10
DA:4,10
DA:5,10
DA:6,10
DA:7,10
DA:8,10
DA:9,10
DA:10,10
DA:13,10
DA:14,10
DA:15,10
DA:16,10
DA:17,10
DA:19,10
LF:15
LH:15
BRF:0
BRH:0
end_of_record
TN:
SF:/Users/norman/projects/2019/jul/workflyt/src/core/materials/materials-controller.js
FN:1,(anonymous_0)
FN:2,(anonymous_1)
FN:5,(anonymous_2)
FN:9,(anonymous_3)
FN:12,(anonymous_4)
FN:16,(anonymous_5)
FN:19,(anonymous_6)
FN:23,(anonymous_7)
FN:26,(anonymous_8)
FN:30,(anonymous_9)
FN:33,(anonymous_10)
FN:37,(anonymous_11)
FN:40,(anonymous_12)
FN:44,(anonymous_13)
FN:47,(anonymous_14)
FNF:15
FNH:3
FNDA:10,(anonymous_0)
FNDA:0,(anonymous_1)
FNDA:0,(anonymous_2)
FNDA:0,(anonymous_3)
FNDA:0,(anonymous_4)
FNDA:0,(anonymous_5)
FNDA:0,(anonymous_6)
FNDA:0,(anonymous_7)
FNDA:0,(anonymous_8)
FNDA:0,(anonymous_9)
FNDA:0,(anonymous_10)
FNDA:7,(anonymous_11)
FNDA:4,(anonymous_12)
FNDA:0,(anonymous_13)
FNDA:0,(anonymous_14)
DA:1,10
DA:3,0
DA:5,0
DA:10,0
DA:12,0
DA:17,0
DA:19,0
DA:24,0
DA:26,0
DA:31,0
DA:33,0
DA:38,7
DA:40,4
DA:45,0
DA:47,0
LF:15
LH:3
BRF:0
BRH:0
end_of_record
TN:
SF:/Users/norman/projects/2019/jul/workflyt/src/core/materials/materials-repository.js
FN:1,(anonymous_0)
FN:2,(anonymous_1)
FN:8,(anonymous_2)
FN:12,(anonymous_3)
FN:18,(anonymous_4)
FN:24,(anonymous_5)
FN:27,(anonymous_6)
FN:36,(anonymous_7)
FN:45,(anonymous_8)
FNF:9
FNH:1
FNDA:10,(anonymous_0)
FNDA:0,(anonymous_1)
FNDA:0,(anonymous_2)
FNDA:0,(anonymous_3)
FNDA:0,(anonymous_4)
FNDA:0,(anonymous_5)
FNDA:0,(anonymous_6)
FNDA:0,(anonymous_7)
FNDA:0,(anonymous_8)
DA:1,10
DA:3,0
DA:9,0
DA:13,0
DA:19,0
DA:24,0
DA:28,0
DA:37,0
DA:46,0
LF:9
LH:1
BRF:0
BRH:0
end_of_record
TN:
SF:/Users/norman/projects/2019/jul/workflyt/src/core/materials/materials-router.js
FN:5,(anonymous_0)
FNF:1
FNH:1
FNDA:10,(anonymous_0)
DA:2,10
DA:3,10
DA:5,10
DA:6,10
DA:8,10
DA:13,10
DA:19,10
DA:23,10
DA:28,10
LF:9
LH:9
BRF:0
BRH:0
end_of_record
TN:
SF:/Users/norman/projects/2019/jul/workflyt/src/core/materials/materials-service.js
FN:1,(anonymous_0)
FN:2,(anonymous_1)
FN:24,(anonymous_2)
FN:46,(anonymous_3)
FN:73,(anonymous_4)
FN:114,(anonymous_5)
FN:147,(anonymous_6)
FN:180,(anonymous_7)
FNF:8
FNH:2
FNDA:10,(anonymous_0)
FNDA:0,(anonymous_1)
FNDA:0,(anonymous_2)
FNDA:0,(anonymous_3)
FNDA:0,(anonymous_4)
FNDA:0,(anonymous_5)
FNDA:7,(anonymous_6)
FNDA:0,(anonymous_7)
DA:1,10
DA:3,0
DA:9,0
DA:15,0
DA:21,0
DA:25,0
DA:31,0
DA:37,0
DA:43,0
DA:47,0
DA:53,0
DA:59,0
DA:65,0
DA:70,0
DA:74,0
DA:80,0
DA:90,0
DA:96,0
DA:101,0
DA:111,0
DA:115,0
DA:121,0
DA:127,0
DA:133,0
DA:138,0
DA:144,0
DA:148,7
DA:154,6
DA:160,5
DA:166,5
DA:171,4
DA:177,4
DA:181,0
DA:187,0
DA:193,0
DA:199,0
DA:204,0
DA:214,0
DA:219,0
LF:39
LH:7
BRF:0
BRH:0
end_of_record
TN:
SF:/Users/norman/projects/2019/jul/workflyt/src/core/materials/materials-validator.js
FN:1,(anonymous_0)
FNF:1
FNH:1
FNDA:10,(anonymous_0)
DA:1,10
DA:2,10
DA:19,10
DA:36,10
LF:4
LH:4
BRF:0
BRH:0
end_of_record
TN:
SF:/Users/norman/projects/2019/jul/workflyt/src/core/orders/index.js
FNF:0
FNH:0
DA:2,10
DA:3,10
DA:4,10
DA:5,10
DA:6,10
DA:7,10
DA:8,10
DA:9,10
DA:10,10
DA:13,10
DA:14,10
DA:15,10
DA:16,10
DA:17,10
DA:19,10
LF:15
LH:15
BRF:0
BRH:0
end_of_record
TN:
SF:/Users/norman/projects/2019/jul/workflyt/src/core/orders/orders-controller.js
FN:1,(anonymous_0)
FN:2,(anonymous_1)
FN:5,(anonymous_2)
FN:9,(anonymous_3)
FN:12,(anonymous_4)
FN:16,(anonymous_5)
FN:19,(anonymous_6)
FN:23,(anonymous_7)
FN:26,(anonymous_8)
FN:30,(anonymous_9)
FN:33,(anonymous_10)
FN:37,(anonymous_11)
FN:40,(anonymous_12)
FN:44,(anonymous_13)
FN:47,(anonymous_14)
FNF:15
FNH:15
FNDA:10,(anonymous_0)
FNDA:6,(anonymous_1)
FNDA:4,(anonymous_2)
FNDA:4,(anonymous_3)
FNDA:1,(anonymous_4)
FNDA:4,(anonymous_5)
FNDA:1,(anonymous_6)
FNDA:4,(anonymous_7)
FNDA:1,(anonymous_8)
FNDA:4,(anonymous_9)
FNDA:1,(anonymous_10)
FNDA:7,(anonymous_11)
FNDA:4,(anonymous_12)
FNDA:5,(anonymous_13)
FNDA:1,(anonymous_14)
DA:1,10
DA:3,6
DA:5,4
DA:10,4
DA:12,1
DA:17,4
DA:19,1
DA:24,4
DA:26,1
DA:31,4
DA:33,1
DA:38,7
DA:40,4
DA:45,5
DA:47,1
LF:15
LH:15
BRF:0
BRH:0
end_of_record
TN:
SF:/Users/norman/projects/2019/jul/workflyt/src/core/orders/orders-repository.js
FN:1,(anonymous_0)
FN:2,(anonymous_1)
FN:8,(anonymous_2)
FN:12,(anonymous_3)
FN:19,(anonymous_4)
FN:25,(anonymous_5)
FN:28,(anonymous_6)
FN:37,(anonymous_7)
FN:43,(anonymous_8)
FNF:9
FNH:1
FNDA:10,(anonymous_0)
FNDA:0,(anonymous_1)
FNDA:0,(anonymous_2)
FNDA:0,(anonymous_3)
FNDA:0,(anonymous_4)
FNDA:0,(anonymous_5)
FNDA:0,(anonymous_6)
FNDA:0,(anonymous_7)
FNDA:0,(anonymous_8)
DA:1,10
DA:3,0
DA:9,0
DA:13,0
DA:20,0
DA:25,0
DA:29,0
DA:38,0
DA:44,0
LF:9
LH:1
BRF:0
BRH:0
end_of_record
TN:
SF:/Users/norman/projects/2019/jul/workflyt/src/core/orders/orders-router.js
FN:5,(anonymous_0)
FNF:1
FNH:1
FNDA:10,(anonymous_0)
DA:2,10
DA:3,10
DA:5,10
DA:6,10
DA:8,10
DA:13,10
DA:19,10
DA:23,10
DA:28,10
LF:9
LH:9
BRF:0
BRH:0
end_of_record
TN:
SF:/Users/norman/projects/2019/jul/workflyt/src/core/orders/orders-service.js
FN:1,(anonymous_0)
FN:2,(anonymous_1)
FN:24,(anonymous_2)
FN:46,(anonymous_3)
FN:73,(anonymous_4)
FN:114,(anonymous_5)
FN:147,(anonymous_6)
FN:180,(anonymous_7)
FNF:8
FNH:8
FNDA:10,(anonymous_0)
FNDA:6,(anonymous_1)
FNDA:4,(anonymous_2)
FNDA:4,(anonymous_3)
FNDA:4,(anonymous_4)
FNDA:4,(anonymous_5)
FNDA:7,(anonymous_6)
FNDA:5,(anonymous_7)
DA:1,10
DA:3,6
DA:9,5
DA:15,4
DA:21,4
DA:25,4
DA:31,3
DA:37,2
DA:43,1
DA:47,4
DA:53,3
DA:59,2
DA:65,2
DA:70,1
DA:74,4
DA:80,3
DA:90,2
DA:96,2
DA:101,1
DA:111,1
DA:115,4
DA:121,3
DA:127,2
DA:133,2
DA:138,1
DA:144,1
DA:148,7
DA:154,6
DA:160,5
DA:166,5
DA:171,4
DA:177,4
DA:181,5
DA:187,4
DA:193,3
DA:199,3
DA:204,1
DA:214,1
DA:219,1
LF:39
LH:39
BRF:0
BRH:0
end_of_record
TN:
SF:/Users/norman/projects/2019/jul/workflyt/src/core/orders/orders-validator.js
FN:1,(anonymous_0)
FNF:1
FNH:1
FNDA:10,(anonymous_0)
DA:1,10
DA:2,10
DA:21,10
DA:43,10
LF:4
LH:4
BRF:0
BRH:0
end_of_record
TN:
SF:/Users/norman/projects/2019/jul/workflyt/src/core/permissions/index.js
FNF:0
FNH:0
DA:2,10
DA:3,10
DA:4,10
DA:5,10
DA:6,10
DA:7,10
DA:8,10
DA:9,10
DA:10,10
DA:13,10
DA:14,10
DA:15,10
DA:16,10
DA:17,10
DA:19,10
LF:15
LH:15
BRF:0
BRH:0
end_of_record
TN:
SF:/Users/norman/projects/2019/jul/workflyt/src/core/permissions/permissions-controller.js
FN:1,(anonymous_0)
FN:2,(anonymous_1)
FN:5,(anonymous_2)
FN:9,(anonymous_3)
FN:12,(anonymous_4)
FN:16,(anonymous_5)
FN:19,(anonymous_6)
FN:23,(anonymous_7)
FN:26,(anonymous_8)
FN:30,(anonymous_9)
FN:33,(anonymous_10)
FNF:11
FNH:11
FNDA:10,(anonymous_0)
FNDA:6,(anonymous_1)
FNDA:4,(anonymous_2)
FNDA:4,(anonymous_3)
FNDA:1,(anonymous_4)
FNDA:4,(anonymous_5)
FNDA:1,(anonymous_6)
FNDA:4,(anonymous_7)
FNDA:1,(anonymous_8)
FNDA:4,(anonymous_9)
FNDA:1,(anonymous_10)
DA:1,10
DA:3,6
DA:5,4
DA:10,4
DA:12,1
DA:17,4
DA:19,1
DA:24,4
DA:26,1
DA:31,4
DA:33,1
LF:11
LH:11
BRF:0
BRH:0
end_of_record
TN:
SF:/Users/norman/projects/2019/jul/workflyt/src/core/permissions/permissions-repository.js
FN:1,(anonymous_0)
FN:2,(anonymous_1)
FN:8,(anonymous_2)
FN:12,(anonymous_3)
FN:19,(anonymous_4)
FN:25,(anonymous_5)
FN:28,(anonymous_6)
FNF:7
FNH:1
FNDA:10,(anonymous_0)
FNDA:0,(anonymous_1)
FNDA:0,(anonymous_2)
FNDA:0,(anonymous_3)
FNDA:0,(anonymous_4)
FNDA:0,(anonymous_5)
FNDA:0,(anonymous_6)
DA:1,10
DA:3,0
DA:9,0
DA:13,0
DA:20,0
DA:25,0
DA:29,0
LF:7
LH:1
BRF:0
BRH:0
end_of_record
TN:
SF:/Users/norman/projects/2019/jul/workflyt/src/core/permissions/permissions-router.js
FN:5,(anonymous_0)
FNF:1
FNH:1
FNDA:10,(anonymous_0)
DA:2,10
DA:3,10
DA:5,10
DA:6,10
DA:8,10
DA:13,10
DA:20,10
LF:7
LH:7
BRF:0
BRH:0
end_of_record
TN:
SF:/Users/norman/projects/2019/jul/workflyt/src/core/permissions/permissions-service.js
FN:1,(anonymous_0)
FN:2,(anonymous_1)
FN:24,(anonymous_2)
FN:46,(anonymous_3)
FN:73,(anonymous_4)
FN:114,(anonymous_5)
FNF:6
FNH:6
FNDA:10,(anonymous_0)
FNDA:6,(anonymous_1)
FNDA:4,(anonymous_2)
FNDA:4,(anonymous_3)
FNDA:4,(anonymous_4)
FNDA:4,(anonymous_5)
DA:1,10
DA:3,6
DA:9,5
DA:15,4
DA:21,4
DA:25,4
DA:31,3
DA:37,2
DA:43,1
DA:47,4
DA:53,3
DA:59,2
DA:65,2
DA:70,1
DA:74,4
DA:80,3
DA:90,2
DA:96,2
DA:101,1
DA:111,1
DA:115,4
DA:121,3
DA:127,2
DA:133,2
DA:138,1
DA:144,1
LF:26
LH:26
BRF:0
BRH:0
end_of_record
TN:
SF:/Users/norman/projects/2019/jul/workflyt/src/core/permissions/permissions-validator.js
FN:1,(anonymous_0)
FNF:1
FNH:1
FNDA:10,(anonymous_0)
DA:1,10
DA:2,10
DA:17,10
LF:3
LH:3
BRF:0
BRH:0
end_of_record
TN:
SF:/Users/norman/projects/2019/jul/workflyt/src/core/quotes/index.js
FNF:0
FNH:0
DA:2,10
DA:3,10
DA:4,10
DA:5,10
DA:6,10
DA:7,10
DA:8,10
DA:9,10
DA:10,10
DA:13,10
DA:14,10
DA:15,10
DA:16,10
DA:17,10
DA:19,10
LF:15
LH:15
BRF:0
BRH:0
end_of_record
TN:
SF:/Users/norman/projects/2019/jul/workflyt/src/core/quotes/quotes-controller.js
FN:1,(anonymous_0)
FN:2,(anonymous_1)
FN:5,(anonymous_2)
FN:9,(anonymous_3)
FN:12,(anonymous_4)
FN:16,(anonymous_5)
FN:19,(anonymous_6)
FN:23,(anonymous_7)
FN:26,(anonymous_8)
FN:30,(anonymous_9)
FN:33,(anonymous_10)
FN:37,(anonymous_11)
FN:40,(anonymous_12)
FN:44,(anonymous_13)
FN:47,(anonymous_14)
FN:51,(anonymous_15)
FN:54,(anonymous_16)
FN:58,(anonymous_17)
FN:61,(anonymous_18)
FN:65,(anonymous_19)
FN:68,(anonymous_20)
FN:72,(anonymous_21)
FN:75,(anonymous_22)
FN:79,(anonymous_23)
FN:82,(anonymous_24)
FNF:25
FNH:25
FNDA:10,(anonymous_0)
FNDA:6,(anonymous_1)
FNDA:4,(anonymous_2)
FNDA:4,(anonymous_3)
FNDA:1,(anonymous_4)
FNDA:4,(anonymous_5)
FNDA:1,(anonymous_6)
FNDA:4,(anonymous_7)
FNDA:1,(anonymous_8)
FNDA:4,(anonymous_9)
FNDA:1,(anonymous_10)
FNDA:7,(anonymous_11)
FNDA:4,(anonymous_12)
FNDA:5,(anonymous_13)
FNDA:1,(anonymous_14)
FNDA:4,(anonymous_15)
FNDA:1,(anonymous_16)
FNDA:4,(anonymous_17)
FNDA:1,(anonymous_18)
FNDA:4,(anonymous_19)
FNDA:1,(anonymous_20)
FNDA:7,(anonymous_21)
FNDA:4,(anonymous_22)
FNDA:4,(anonymous_23)
FNDA:1,(anonymous_24)
DA:1,10
DA:3,6
DA:5,4
DA:10,4
DA:12,1
DA:17,4
DA:19,1
DA:24,4
DA:26,1
DA:31,4
DA:33,1
DA:38,7
DA:40,4
DA:45,5
DA:47,1
DA:52,4
DA:54,1
DA:59,4
DA:61,1
DA:66,4
DA:68,1
DA:73,7
DA:75,4
DA:80,4
DA:82,1
LF:25
LH:25
BRF:0
BRH:0
end_of_record
TN:
SF:/Users/norman/projects/2019/jul/workflyt/src/core/quotes/quotes-repository.js
FN:1,(anonymous_0)
FN:2,(anonymous_1)
FN:8,(anonymous_2)
FN:12,(anonymous_3)
FN:19,(anonymous_4)
FN:25,(anonymous_5)
FN:28,(anonymous_6)
FN:37,(anonymous_7)
FN:41,(anonymous_8)
FN:43,(anonymous_9)
FN:50,(anonymous_10)
FN:60,(anonymous_11)
FN:66,(anonymous_12)
FN:69,(anonymous_13)
FN:78,(anonymous_14)
FN:84,(anonymous_15)
FNF:16
FNH:1
FNDA:10,(anonymous_0)
FNDA:0,(anonymous_1)
FNDA:0,(anonymous_2)
FNDA:0,(anonymous_3)
FNDA:0,(anonymous_4)
FNDA:0,(anonymous_5)
FNDA:0,(anonymous_6)
FNDA:0,(anonymous_7)
FNDA:0,(anonymous_8)
FNDA:0,(anonymous_9)
FNDA:0,(anonymous_10)
FNDA:0,(anonymous_11)
FNDA:0,(anonymous_12)
FNDA:0,(anonymous_13)
FNDA:0,(anonymous_14)
FNDA:0,(anonymous_15)
DA:1,10
DA:3,0
DA:9,0
DA:13,0
DA:20,0
DA:25,0
DA:29,0
DA:38,0
DA:42,0
DA:43,0
DA:51,0
DA:61,0
DA:66,0
DA:70,0
DA:79,0
DA:85,0
LF:16
LH:1
BRF:0
BRH:0
end_of_record
TN:
SF:/Users/norman/projects/2019/jul/workflyt/src/core/quotes/quotes-router.js
FN:6,(anonymous_0)
FNF:1
FNH:1
FNDA:10,(anonymous_0)
DA:2,10
DA:3,10
DA:4,10
DA:6,10
DA:8,10
DA:13,10
DA:19,10
DA:24,10
DA:30,10
DA:34,10
DA:39,10
LF:11
LH:11
BRF:0
BRH:0
end_of_record
TN:
SF:/Users/norman/projects/2019/jul/workflyt/src/core/quotes/quotes-service.js
FN:1,(anonymous_0)
FN:2,(anonymous_1)
FN:24,(anonymous_2)
FN:46,(anonymous_3)
FN:73,(anonymous_4)
FN:114,(anonymous_5)
FN:147,(anonymous_6)
FN:180,(anonymous_7)
FN:216,(anonymous_8)
FN:258,(anonymous_9)
FN:311,(anonymous_10)
FN:359,(anonymous_11)
FN:392,(anonymous_12)
FNF:13
FNH:13
FNDA:10,(anonymous_0)
FNDA:6,(anonymous_1)
FNDA:4,(anonymous_2)
FNDA:4,(anonymous_3)
FNDA:4,(anonymous_4)
FNDA:4,(anonymous_5)
FNDA:7,(anonymous_6)
FNDA:5,(anonymous_7)
FNDA:4,(anonymous_8)
FNDA:4,(anonymous_9)
FNDA:4,(anonymous_10)
FNDA:7,(anonymous_11)
FNDA:4,(anonymous_12)
DA:1,10
DA:3,6
DA:9,5
DA:15,4
DA:21,4
DA:25,4
DA:31,3
DA:37,2
DA:43,1
DA:47,4
DA:53,3
DA:59,2
DA:65,2
DA:70,1
DA:74,4
DA:80,3
DA:90,2
DA:96,2
DA:101,1
DA:111,1
DA:115,4
DA:121,3
DA:127,2
DA:133,2
DA:138,1
DA:144,1
DA:148,7
DA:154,6
DA:160,5
DA:166,5
DA:171,4
DA:177,4
DA:181,5
DA:187,4
DA:193,3
DA:199,2
DA:204,1
DA:213,1
DA:217,4
DA:223,3
DA:229,2
DA:235,2
DA:240,1
DA:250,1
DA:255,1
DA:259,4
DA:265,3
DA:275,2
DA:281,2
DA:286,1
DA:292,1
DA:297,1
DA:308,1
DA:312,4
DA:318,3
DA:324,2
DA:330,2
DA:335,1
DA:341,1
DA:346,1
DA:356,1
DA:360,7
DA:366,6
DA:372,5
DA:378,5
DA:383,4
DA:389,4
DA:393,4
DA:399,3
DA:405,2
DA:411,2
DA:416,1
DA:426,1
DA:431,1
LF:74
LH:74
BRF:0
BRH:0
end_of_record
TN:
SF:/Users/norman/projects/2019/jul/workflyt/src/core/quotes/quotes-validator.js
FN:1,(anonymous_0)
FNF:1
FNH:1
FNDA:10,(anonymous_0)
DA:1,10
DA:2,10
DA:21,10
DA:38,10
DA:57,10
LF:5
LH:5
BRF:0
BRH:0
end_of_record
TN:
SF:/Users/norman/projects/2019/jul/workflyt/src/core/roles/index.js
FNF:0
FNH:0
DA:2,10
DA:3,10
DA:4,10
DA:5,10
DA:6,10
DA:7,10
DA:8,10
DA:9,10
DA:10,10
DA:13,10
DA:14,10
DA:15,10
DA:16,10
DA:17,10
DA:19,10
LF:15
LH:15
BRF:0
BRH:0
end_of_record
TN:
SF:/Users/norman/projects/2019/jul/workflyt/src/core/roles/roles-controller.js
FN:1,(anonymous_0)
FN:2,(anonymous_1)
FN:5,(anonymous_2)
FN:9,(anonymous_3)
FN:12,(anonymous_4)
FN:16,(anonymous_5)
FN:19,(anonymous_6)
FN:23,(anonymous_7)
FN:26,(anonymous_8)
FN:30,(anonymous_9)
FN:33,(anonymous_10)
FN:37,(anonymous_11)
FN:40,(anonymous_12)
FN:44,(anonymous_13)
FN:47,(anonymous_14)
FN:51,(anonymous_15)
FN:54,(anonymous_16)
FN:58,(anonymous_17)
FN:61,(anonymous_18)
FN:65,(anonymous_19)
FN:68,(anonymous_20)
FNF:21
FNH:21
FNDA:10,(anonymous_0)
FNDA:6,(anonymous_1)
FNDA:4,(anonymous_2)
FNDA:4,(anonymous_3)
FNDA:1,(anonymous_4)
FNDA:5,(anonymous_5)
FNDA:1,(anonymous_6)
FNDA:4,(anonymous_7)
FNDA:1,(anonymous_8)
FNDA:4,(anonymous_9)
FNDA:1,(anonymous_10)
FNDA:6,(anonymous_11)
FNDA:4,(anonymous_12)
FNDA:5,(anonymous_13)
FNDA:1,(anonymous_14)
FNDA:5,(anonymous_15)
FNDA:1,(anonymous_16)
FNDA:5,(anonymous_17)
FNDA:1,(anonymous_18)
FNDA:5,(anonymous_19)
FNDA:1,(anonymous_20)
DA:1,10
DA:3,6
DA:5,4
DA:10,4
DA:12,1
DA:17,5
DA:19,1
DA:24,4
DA:26,1
DA:31,4
DA:33,1
DA:38,6
DA:40,4
DA:45,5
DA:47,1
DA:52,5
DA:54,1
DA:59,5
DA:61,1
DA:66,5
DA:68,1
LF:21
LH:21
BRF:0
BRH:0
end_of_record
TN:
SF:/Users/norman/projects/2019/jul/workflyt/src/core/roles/roles-repository.js
FN:1,(anonymous_0)
FN:2,(anonymous_1)
FN:8,(anonymous_2)
FN:12,(anonymous_3)
FN:19,(anonymous_4)
FN:25,(anonymous_5)
FN:28,(anonymous_6)
FN:37,(anonymous_7)
FN:41,(anonymous_8)
FN:43,(anonymous_9)
FN:50,(anonymous_10)
FN:60,(anonymous_11)
FN:66,(anonymous_12)
FN:69,(anonymous_13)
FNF:14
FNH:1
FNDA:10,(anonymous_0)
FNDA:0,(anonymous_1)
FNDA:0,(anonymous_2)
FNDA:0,(anonymous_3)
FNDA:0,(anonymous_4)
FNDA:0,(anonymous_5)
FNDA:0,(anonymous_6)
FNDA:0,(anonymous_7)
FNDA:0,(anonymous_8)
FNDA:0,(anonymous_9)
FNDA:0,(anonymous_10)
FNDA:0,(anonymous_11)
FNDA:0,(anonymous_12)
FNDA:0,(anonymous_13)
DA:1,10
DA:3,0
DA:9,0
DA:13,0
DA:20,0
DA:25,0
DA:29,0
DA:38,0
DA:42,0
DA:43,0
DA:51,0
DA:61,0
DA:66,0
DA:70,0
LF:14
LH:1
BRF:0
BRH:0
end_of_record
TN:
SF:/Users/norman/projects/2019/jul/workflyt/src/core/roles/roles-router.js
FN:6,(anonymous_0)
FNF:1
FNH:1
FNDA:10,(anonymous_0)
DA:2,10
DA:3,10
DA:4,10
DA:6,10
DA:8,10
DA:13,10
DA:19,10
DA:24,10
DA:31,10
LF:9
LH:9
BRF:0
BRH:0
end_of_record
TN:
SF:/Users/norman/projects/2019/jul/workflyt/src/core/roles/roles-service.js
FN:1,(anonymous_0)
FN:2,(anonymous_1)
FN:24,(anonymous_2)
FN:46,(anonymous_3)
FN:73,(anonymous_4)
FN:114,(anonymous_5)
FN:147,(anonymous_6)
FN:180,(anonymous_7)
FN:216,(anonymous_8)
FN:258,(anonymous_9)
FN:311,(anonymous_10)
FNF:11
FNH:11
FNDA:10,(anonymous_0)
FNDA:6,(anonymous_1)
FNDA:4,(anonymous_2)
FNDA:5,(anonymous_3)
FNDA:4,(anonymous_4)
FNDA:4,(anonymous_5)
FNDA:6,(anonymous_6)
FNDA:5,(anonymous_7)
FNDA:5,(anonymous_8)
FNDA:5,(anonymous_9)
FNDA:5,(anonymous_10)
DA:1,10
DA:3,6
DA:9,5
DA:15,4
DA:21,4
DA:25,4
DA:31,3
DA:37,2
DA:43,1
DA:47,5
DA:53,3
DA:59,2
DA:65,2
DA:70,1
DA:74,4
DA:80,3
DA:90,2
DA:96,2
DA:101,1
DA:111,1
DA:115,4
DA:121,3
DA:127,2
DA:133,2
DA:138,1
DA:144,1
DA:148,6
DA:154,6
DA:160,5
DA:166,5
DA:171,4
DA:177,4
DA:181,5
DA:187,4
DA:193,3
DA:199,3
DA:204,2
DA:213,1
DA:217,5
DA:223,4
DA:229,3
DA:235,3
DA:240,2
DA:250,2
DA:255,1
DA:259,5
DA:265,4
DA:275,3
DA:281,3
DA:286,2
DA:292,2
DA:297,1
DA:308,1
DA:312,5
DA:318,4
DA:324,3
DA:330,3
DA:335,2
DA:341,2
DA:346,1
DA:356,1
LF:61
LH:61
BRF:0
BRH:0
end_of_record
TN:
SF:/Users/norman/projects/2019/jul/workflyt/src/core/roles/roles-validator.js
FN:1,(anonymous_0)
FNF:1
FNH:1
FNDA:10,(anonymous_0)
DA:1,10
DA:2,10
DA:18,10
DA:33,10
LF:4
LH:4
BRF:0
BRH:0
end_of_record
TN:
SF:/Users/norman/projects/2019/jul/workflyt/src/core/services/index.js
FNF:0
FNH:0
DA:2,10
DA:3,10
DA:4,10
DA:5,10
DA:6,10
DA:7,10
DA:8,10
DA:9,10
DA:10,10
DA:13,10
DA:14,10
DA:15,10
DA:16,10
DA:17,10
DA:19,10
LF:15
LH:15
BRF:0
BRH:0
end_of_record
TN:
SF:/Users/norman/projects/2019/jul/workflyt/src/core/services/services-controller.js
FN:1,(anonymous_0)
FN:5,(anonymous_1)
FN:8,(anonymous_2)
FN:12,(anonymous_3)
FN:15,(anonymous_4)
FN:19,(anonymous_5)
FN:22,(anonymous_6)
FN:26,(anonymous_7)
FN:29,(anonymous_8)
FN:33,(anonymous_9)
FN:36,(anonymous_10)
FN:42,(anonymous_11)
FN:45,(anonymous_12)
FN:49,(anonymous_13)
FN:52,(anonymous_14)
FNF:15
FNH:1
FNDA:10,(anonymous_0)
FNDA:0,(anonymous_1)
FNDA:0,(anonymous_2)
FNDA:0,(anonymous_3)
FNDA:0,(anonymous_4)
FNDA:0,(anonymous_5)
FNDA:0,(anonymous_6)
FNDA:0,(anonymous_7)
FNDA:0,(anonymous_8)
FNDA:0,(anonymous_9)
FNDA:0,(anonymous_10)
FNDA:0,(anonymous_11)
FNDA:0,(anonymous_12)
FNDA:0,(anonymous_13)
FNDA:0,(anonymous_14)
DA:1,10
DA:6,0
DA:8,0
DA:13,0
DA:15,0
DA:20,0
DA:22,0
DA:27,0
DA:29,0
DA:34,0
DA:36,0
DA:43,0
DA:45,0
DA:50,0
DA:52,0
LF:15
LH:1
BRF:0
BRH:0
end_of_record
TN:
SF:/Users/norman/projects/2019/jul/workflyt/src/core/services/services-repository.js
FN:1,(anonymous_0)
FN:5,(anonymous_1)
FN:11,(anonymous_2)
FN:15,(anonymous_3)
FN:22,(anonymous_4)
FN:28,(anonymous_5)
FN:31,(anonymous_6)
FN:42,(anonymous_7)
FN:48,(anonymous_8)
FNF:9
FNH:1
FNDA:10,(anonymous_0)
FNDA:0,(anonymous_1)
FNDA:0,(anonymous_2)
FNDA:0,(anonymous_3)
FNDA:0,(anonymous_4)
FNDA:0,(anonymous_5)
FNDA:0,(anonymous_6)
FNDA:0,(anonymous_7)
FNDA:0,(anonymous_8)
DA:1,10
DA:6,0
DA:12,0
DA:16,0
DA:23,0
DA:28,0
DA:32,0
DA:43,0
DA:49,0
LF:9
LH:1
BRF:0
BRH:0
end_of_record
TN:
SF:/Users/norman/projects/2019/jul/workflyt/src/core/services/services-router.js
FN:6,(anonymous_0)
FNF:1
FNH:1
FNDA:10,(anonymous_0)
DA:2,10
DA:3,10
DA:4,10
DA:6,10
DA:8,10
DA:13,10
DA:19,10
DA:23,10
DA:28,10
LF:9
LH:9
BRF:0
BRH:0
end_of_record
TN:
SF:/Users/norman/projects/2019/jul/workflyt/src/core/services/services-service.js
FN:1,(anonymous_0)
FN:5,(anonymous_1)
FN:27,(anonymous_2)
FN:49,(anonymous_3)
FN:76,(anonymous_4)
FN:117,(anonymous_5)
FN:152,(anonymous_6)
FN:185,(anonymous_7)
FNF:8
FNH:1
FNDA:10,(anonymous_0)
FNDA:0,(anonymous_1)
FNDA:0,(anonymous_2)
FNDA:0,(anonymous_3)
FNDA:0,(anonymous_4)
FNDA:0,(anonymous_5)
FNDA:0,(anonymous_6)
FNDA:0,(anonymous_7)
DA:1,10
DA:6,0
DA:12,0
DA:18,0
DA:24,0
DA:28,0
DA:34,0
DA:40,0
DA:46,0
DA:50,0
DA:56,0
DA:62,0
DA:68,0
DA:73,0
DA:77,0
DA:83,0
DA:93,0
DA:99,0
DA:104,0
DA:114,0
DA:118,0
DA:124,0
DA:130,0
DA:136,0
DA:141,0
DA:147,0
DA:153,0
DA:159,0
DA:165,0
DA:171,0
DA:176,0
DA:182,0
DA:186,0
DA:192,0
DA:198,0
DA:204,0
DA:209,0
DA:219,0
DA:224,0
LF:39
LH:1
BRF:0
BRH:0
end_of_record
TN:
SF:/Users/norman/projects/2019/jul/workflyt/src/core/services/services-validator.js
FN:1,(anonymous_0)
FNF:1
FNH:1
FNDA:10,(anonymous_0)
DA:1,10
DA:2,10
DA:19,10
DA:41,10
LF:4
LH:4
BRF:0
BRH:0
end_of_record
TN:
SF:/Users/norman/projects/2019/jul/workflyt/src/core/stocks/index.js
FNF:0
FNH:0
DA:2,10
DA:3,10
DA:4,10
DA:5,10
DA:6,10
DA:7,10
DA:8,10
DA:9,10
DA:10,10
DA:13,10
DA:14,10
DA:15,10
DA:16,10
DA:17,10
DA:19,10
LF:15
LH:15
BRF:0
BRH:0
end_of_record
TN:
SF:/Users/norman/projects/2019/jul/workflyt/src/core/stocks/stocks-controller.js
FN:1,(anonymous_0)
FN:2,(anonymous_1)
FN:5,(anonymous_2)
FN:9,(anonymous_3)
FN:12,(anonymous_4)
FN:16,(anonymous_5)
FN:19,(anonymous_6)
FN:23,(anonymous_7)
FN:26,(anonymous_8)
FN:30,(anonymous_9)
FN:33,(anonymous_10)
FNF:11
FNH:1
FNDA:10,(anonymous_0)
FNDA:0,(anonymous_1)
FNDA:0,(anonymous_2)
FNDA:0,(anonymous_3)
FNDA:0,(anonymous_4)
FNDA:0,(anonymous_5)
FNDA:0,(anonymous_6)
FNDA:0,(anonymous_7)
FNDA:0,(anonymous_8)
FNDA:0,(anonymous_9)
FNDA:0,(anonymous_10)
DA:1,10
DA:3,0
DA:5,0
DA:10,0
DA:12,0
DA:17,0
DA:19,0
DA:24,0
DA:26,0
DA:31,0
DA:33,0
LF:11
LH:1
BRF:0
BRH:0
end_of_record
TN:
SF:/Users/norman/projects/2019/jul/workflyt/src/core/stocks/stocks-repository.js
FN:1,(anonymous_0)
FN:2,(anonymous_1)
FN:8,(anonymous_2)
FN:12,(anonymous_3)
FN:19,(anonymous_4)
FN:25,(anonymous_5)
FN:28,(anonymous_6)
FNF:7
FNH:1
FNDA:10,(anonymous_0)
FNDA:0,(anonymous_1)
FNDA:0,(anonymous_2)
FNDA:0,(anonymous_3)
FNDA:0,(anonymous_4)
FNDA:0,(anonymous_5)
FNDA:0,(anonymous_6)
DA:1,10
DA:3,0
DA:9,0
DA:13,0
DA:20,0
DA:25,0
DA:29,0
LF:7
LH:1
BRF:0
BRH:0
end_of_record
TN:
SF:/Users/norman/projects/2019/jul/workflyt/src/core/stocks/stocks-router.js
FN:6,(anonymous_0)
FNF:1
FNH:1
FNDA:10,(anonymous_0)
DA:2,10
DA:3,10
DA:4,10
DA:6,10
DA:8,10
DA:13,10
DA:20,10
LF:7
LH:7
BRF:0
BRH:0
end_of_record
TN:
SF:/Users/norman/projects/2019/jul/workflyt/src/core/stocks/stocks-service.js
FN:1,(anonymous_0)
FN:3,(anonymous_1)
FN:25,(anonymous_2)
FN:47,(anonymous_3)
FN:74,(anonymous_4)
FN:115,(anonymous_5)
FNF:6
FNH:1
FNDA:10,(anonymous_0)
FNDA:0,(anonymous_1)
FNDA:0,(anonymous_2)
FNDA:0,(anonymous_3)
FNDA:0,(anonymous_4)
FNDA:0,(anonymous_5)
DA:1,10
DA:4,0
DA:10,0
DA:16,0
DA:22,0
DA:26,0
DA:32,0
DA:38,0
DA:44,0
DA:48,0
DA:54,0
DA:60,0
DA:66,0
DA:71,0
DA:75,0
DA:81,0
DA:91,0
DA:97,0
DA:102,0
DA:112,0
DA:116,0
DA:122,0
DA:128,0
DA:134,0
DA:139,0
DA:145,0
LF:26
LH:1
BRF:0
BRH:0
end_of_record
TN:
SF:/Users/norman/projects/2019/jul/workflyt/src/core/stocks/stocks-validator.js
FN:1,(anonymous_0)
FNF:1
FNH:1
FNDA:10,(anonymous_0)
DA:1,10
DA:2,10
DA:10,10
DA:27,10
LF:4
LH:4
BRF:0
BRH:0
end_of_record
TN:
SF:/Users/norman/projects/2019/jul/workflyt/src/core/suppliers/index.js
FNF:0
FNH:0
DA:2,10
DA:3,10
DA:4,10
DA:5,10
DA:6,10
DA:7,10
DA:8,10
DA:9,10
DA:10,10
DA:13,10
DA:14,10
DA:15,10
DA:16,10
DA:17,10
DA:19,10
LF:15
LH:15
BRF:0
BRH:0
end_of_record
TN:
SF:/Users/norman/projects/2019/jul/workflyt/src/core/suppliers/suppliers-controller.js
FN:1,(anonymous_0)
FN:2,(anonymous_1)
FN:5,(anonymous_2)
FN:9,(anonymous_3)
FN:12,(anonymous_4)
FN:16,(anonymous_5)
FN:19,(anonymous_6)
FN:23,(anonymous_7)
FN:26,(anonymous_8)
FN:30,(anonymous_9)
FN:33,(anonymous_10)
FN:37,(anonymous_11)
FN:40,(anonymous_12)
FN:44,(anonymous_13)
FN:47,(anonymous_14)
FN:51,(anonymous_15)
FN:54,(anonymous_16)
FN:58,(anonymous_17)
FN:61,(anonymous_18)
FN:65,(anonymous_19)
FN:68,(anonymous_20)
FNF:21
FNH:1
FNDA:10,(anonymous_0)
FNDA:0,(anonymous_1)
FNDA:0,(anonymous_2)
FNDA:0,(anonymous_3)
FNDA:0,(anonymous_4)
FNDA:0,(anonymous_5)
FNDA:0,(anonymous_6)
FNDA:0,(anonymous_7)
FNDA:0,(anonymous_8)
FNDA:0,(anonymous_9)
FNDA:0,(anonymous_10)
FNDA:0,(anonymous_11)
FNDA:0,(anonymous_12)
FNDA:0,(anonymous_13)
FNDA:0,(anonymous_14)
FNDA:0,(anonymous_15)
FNDA:0,(anonymous_16)
FNDA:0,(anonymous_17)
FNDA:0,(anonymous_18)
FNDA:0,(anonymous_19)
FNDA:0,(anonymous_20)
DA:1,10
DA:3,0
DA:5,0
DA:10,0
DA:12,0
DA:17,0
DA:19,0
DA:24,0
DA:26,0
DA:31,0
DA:33,0
DA:38,0
DA:40,0
DA:45,0
DA:47,0
DA:52,0
DA:54,0
DA:59,0
DA:61,0
DA:66,0
DA:68,0
LF:21
LH:1
BRF:0
BRH:0
end_of_record
TN:
SF:/Users/norman/projects/2019/jul/workflyt/src/core/suppliers/suppliers-repository.js
FN:1,(anonymous_0)
FN:2,(anonymous_1)
FN:8,(anonymous_2)
FN:12,(anonymous_3)
FN:19,(anonymous_4)
FN:25,(anonymous_5)
FN:28,(anonymous_6)
FN:37,(anonymous_7)
FN:41,(anonymous_8)
FN:43,(anonymous_9)
FN:50,(anonymous_10)
FN:60,(anonymous_11)
FN:66,(anonymous_12)
FN:69,(anonymous_13)
FNF:14
FNH:1
FNDA:10,(anonymous_0)
FNDA:0,(anonymous_1)
FNDA:0,(anonymous_2)
FNDA:0,(anonymous_3)
FNDA:0,(anonymous_4)
FNDA:0,(anonymous_5)
FNDA:0,(anonymous_6)
FNDA:0,(anonymous_7)
FNDA:0,(anonymous_8)
FNDA:0,(anonymous_9)
FNDA:0,(anonymous_10)
FNDA:0,(anonymous_11)
FNDA:0,(anonymous_12)
FNDA:0,(anonymous_13)
DA:1,10
DA:3,0
DA:9,0
DA:13,0
DA:20,0
DA:25,0
DA:29,0
DA:38,0
DA:42,0
DA:43,0
DA:51,0
DA:61,0
DA:66,0
DA:70,0
LF:14
LH:1
BRF:0
BRH:0
end_of_record
TN:
SF:/Users/norman/projects/2019/jul/workflyt/src/core/suppliers/suppliers-router.js
FN:6,(anonymous_0)
FNF:1
FNH:1
FNDA:10,(anonymous_0)
DA:2,10
DA:3,10
DA:4,10
DA:6,10
DA:8,10
DA:13,10
DA:19,10
DA:24,10
DA:31,10
LF:9
LH:9
BRF:0
BRH:0
end_of_record
TN:
SF:/Users/norman/projects/2019/jul/workflyt/src/core/suppliers/suppliers-service.js
FN:1,(anonymous_0)
FN:3,(anonymous_1)
FN:25,(anonymous_2)
FN:47,(anonymous_3)
FN:74,(anonymous_4)
FN:115,(anonymous_5)
FN:148,(anonymous_6)
FN:181,(anonymous_7)
FN:217,(anonymous_8)
FN:259,(anonymous_9)
FN:312,(anonymous_10)
FNF:11
FNH:1
FNDA:10,(anonymous_0)
FNDA:0,(anonymous_1)
FNDA:0,(anonymous_2)
FNDA:0,(anonymous_3)
FNDA:0,(anonymous_4)
FNDA:0,(anonymous_5)
FNDA:0,(anonymous_6)
FNDA:0,(anonymous_7)
FNDA:0,(anonymous_8)
FNDA:0,(anonymous_9)
FNDA:0,(anonymous_10)
DA:1,10
DA:4,0
DA:10,0
DA:16,0
DA:22,0
DA:26,0
DA:32,0
DA:38,0
DA:44,0
DA:48,0
DA:54,0
DA:60,0
DA:66,0
DA:71,0
DA:75,0
DA:81,0
DA:91,0
DA:97,0
DA:102,0
DA:112,0
DA:116,0
DA:122,0
DA:128,0
DA:134,0
DA:139,0
DA:145,0
DA:149,0
DA:155,0
DA:161,0
DA:167,0
DA:172,0
DA:178,0
DA:182,0
DA:188,0
DA:194,0
DA:200,0
DA:205,0
DA:214,0
DA:218,0
DA:224,0
DA:230,0
DA:236,0
DA:241,0
DA:251,0
DA:256,0
DA:260,0
DA:266,0
DA:276,0
DA:282,0
DA:287,0
DA:293,0
DA:298,0
DA:309,0
DA:313,0
DA:319,0
DA:325,0
DA:331,0
DA:336,0
DA:342,0
DA:347,0
DA:357,0
LF:61
LH:1
BRF:0
BRH:0
end_of_record
TN:
SF:/Users/norman/projects/2019/jul/workflyt/src/core/suppliers/suppliers-validator.js
FN:1,(anonymous_0)
FNF:1
FNH:1
FNDA:10,(anonymous_0)
DA:1,10
DA:2,10
DA:18,10
DA:35,10
LF:4
LH:4
BRF:0
BRH:0
end_of_record
TN:
SF:/Users/norman/projects/2019/jul/workflyt/src/core/users/index.js
FNF:0
FNH:0
DA:2,10
DA:3,10
DA:4,10
DA:5,10
DA:6,10
DA:7,10
DA:8,10
DA:9,10
DA:10,10
DA:13,10
DA:14,10
DA:15,10
DA:16,10
DA:17,10
DA:19,10
LF:15
LH:15
BRF:0
BRH:0
end_of_record
TN:
SF:/Users/norman/projects/2019/jul/workflyt/src/core/users/users-controller.js
FN:1,(anonymous_0)
FN:3,(anonymous_1)
FN:6,(anonymous_2)
FN:10,(anonymous_3)
FN:13,(anonymous_4)
FN:17,(anonymous_5)
FN:20,(anonymous_6)
FN:24,(anonymous_7)
FN:27,(anonymous_8)
FN:31,(anonymous_9)
FN:34,(anonymous_10)
FN:38,(anonymous_11)
FN:41,(anonymous_12)
FN:45,(anonymous_13)
FN:48,(anonymous_14)
FN:52,(anonymous_15)
FN:55,(anonymous_16)
FN:59,(anonymous_17)
FN:62,(anonymous_18)
FN:66,(anonymous_19)
FN:69,(anonymous_20)
FNF:21
FNH:1
FNDA:10,(anonymous_0)
FNDA:0,(anonymous_1)
FNDA:0,(anonymous_2)
FNDA:0,(anonymous_3)
FNDA:0,(anonymous_4)
FNDA:0,(anonymous_5)
FNDA:0,(anonymous_6)
FNDA:0,(anonymous_7)
FNDA:0,(anonymous_8)
FNDA:0,(anonymous_9)
FNDA:0,(anonymous_10)
FNDA:0,(anonymous_11)
FNDA:0,(anonymous_12)
FNDA:0,(anonymous_13)
FNDA:0,(anonymous_14)
FNDA:0,(anonymous_15)
FNDA:0,(anonymous_16)
FNDA:0,(anonymous_17)
FNDA:0,(anonymous_18)
FNDA:0,(anonymous_19)
FNDA:0,(anonymous_20)
DA:1,10
DA:4,0
DA:6,0
DA:11,0
DA:13,0
DA:18,0
DA:20,0
DA:25,0
DA:27,0
DA:32,0
DA:34,0
DA:39,0
DA:41,0
DA:46,0
DA:48,0
DA:53,0
DA:55,0
DA:60,0
DA:62,0
DA:67,0
DA:69,0
LF:21
LH:1
BRF:0
BRH:0
end_of_record
TN:
SF:/Users/norman/projects/2019/jul/workflyt/src/core/users/users-repository.js
FN:1,(anonymous_0)
FN:3,(anonymous_1)
FN:7,(anonymous_2)
FN:10,(anonymous_3)
FN:13,(anonymous_4)
FN:19,(anonymous_5)
FN:25,(anonymous_6)
FN:31,(anonymous_7)
FN:34,(anonymous_8)
FN:43,(anonymous_9)
FN:47,(anonymous_10)
FN:49,(anonymous_11)
FN:56,(anonymous_12)
FN:66,(anonymous_13)
FN:72,(anonymous_14)
FN:75,(anonymous_15)
FNF:16
FNH:1
FNDA:10,(anonymous_0)
FNDA:0,(anonymous_1)
FNDA:0,(anonymous_2)
FNDA:0,(anonymous_3)
FNDA:0,(anonymous_4)
FNDA:0,(anonymous_5)
FNDA:0,(anonymous_6)
FNDA:0,(anonymous_7)
FNDA:0,(anonymous_8)
FNDA:0,(anonymous_9)
FNDA:0,(anonymous_10)
FNDA:0,(anonymous_11)
FNDA:0,(anonymous_12)
FNDA:0,(anonymous_13)
FNDA:0,(anonymous_14)
FNDA:0,(anonymous_15)
DA:1,10
DA:4,0
DA:8,0
DA:10,0
DA:14,0
DA:20,0
DA:26,0
DA:31,0
DA:35,0
DA:44,0
DA:48,0
DA:49,0
DA:57,0
DA:67,0
DA:72,0
DA:76,0
LF:16
LH:1
BRF:0
BRH:0
end_of_record
TN:
SF:/Users/norman/projects/2019/jul/workflyt/src/core/users/users-router.js
FN:6,(anonymous_0)
FNF:1
FNH:1
FNDA:10,(anonymous_0)
DA:2,10
DA:3,10
DA:4,10
DA:6,10
DA:8,10
DA:13,10
DA:19,10
DA:24,10
DA:31,10
LF:9
LH:9
BRF:0
BRH:0
end_of_record
TN:
SF:/Users/norman/projects/2019/jul/workflyt/src/core/users/users-service.js
FN:1,(anonymous_0)
FN:3,(anonymous_1)
FN:25,(anonymous_2)
FN:68,(anonymous_3)
FN:95,(anonymous_4)
FN:136,(anonymous_5)
FN:169,(anonymous_6)
FN:202,(anonymous_7)
FN:238,(anonymous_8)
FN:280,(anonymous_9)
FN:333,(anonymous_10)
FNF:11
FNH:1
FNDA:10,(anonymous_0)
FNDA:0,(anonymous_1)
FNDA:0,(anonymous_2)
FNDA:0,(anonymous_3)
FNDA:0,(anonymous_4)
FNDA:0,(anonymous_5)
FNDA:0,(anonymous_6)
FNDA:0,(anonymous_7)
FNDA:0,(anonymous_8)
FNDA:0,(anonymous_9)
FNDA:0,(anonymous_10)
DA:1,10
DA:4,0
DA:10,0
DA:16,0
DA:22,0
DA:26,0
DA:32,0
DA:38,0
DA:44,0
DA:45,0
DA:46,0
DA:47,0
DA:48,0
DA:51,0
DA:57,0
DA:63,0
DA:65,0
DA:69,0
DA:75,0
DA:81,0
DA:87,0
DA:92,0
DA:96,0
DA:102,0
DA:112,0
DA:118,0
DA:123,0
DA:133,0
DA:137,0
DA:143,0
DA:149,0
DA:155,0
DA:160,0
DA:166,0
DA:170,0
DA:176,0
DA:182,0
DA:188,0
DA:193,0
DA:199,0
DA:203,0
DA:209,0
DA:215,0
DA:221,0
DA:226,0
DA:235,0
DA:239,0
DA:245,0
DA:251,0
DA:257,0
DA:262,0
DA:272,0
DA:277,0
DA:281,0
DA:287,0
DA:297,0
DA:303,0
DA:308,0
DA:314,0
DA:319,0
DA:330,0
DA:334,0
DA:340,0
DA:346,0
DA:352,0
DA:357,0
DA:363,0
DA:368,0
DA:378,0
LF:69
LH:1
BRDA:44,0,0,0
BRDA:44,0,1,0
BRF:2
BRH:0
end_of_record
TN:
SF:/Users/norman/projects/2019/jul/workflyt/src/core/users/users-validator.js
FN:1,(anonymous_0)
FNF:1
FNH:1
FNDA:10,(anonymous_0)
DA:1,10
DA:2,10
DA:20,10
DA:36,10
LF:4
LH:4
BRF:0
BRH:0
end_of_record
TN:
SF:/Users/norman/projects/2019/jul/workflyt/src/core/warehouses/index.js
FNF:0
FNH:0
DA:2,10
DA:3,10
DA:4,10
DA:5,10
DA:6,10
DA:7,10
DA:8,10
DA:9,10
DA:10,10
DA:13,10
DA:14,10
DA:15,10
DA:16,10
DA:17,10
DA:19,10
LF:15
LH:15
BRF:0
BRH:0
end_of_record
TN:
SF:/Users/norman/projects/2019/jul/workflyt/src/core/warehouses/warehouses-controller.js
FN:1,(anonymous_0)
FN:2,(anonymous_1)
FN:5,(anonymous_2)
FN:9,(anonymous_3)
FN:12,(anonymous_4)
FN:16,(anonymous_5)
FN:19,(anonymous_6)
FN:23,(anonymous_7)
FN:26,(anonymous_8)
FN:30,(anonymous_9)
FN:33,(anonymous_10)
FN:37,(anonymous_11)
FN:40,(anonymous_12)
FN:44,(anonymous_13)
FN:47,(anonymous_14)
FN:51,(anonymous_15)
FN:54,(anonymous_16)
FN:58,(anonymous_17)
FN:61,(anonymous_18)
FN:65,(anonymous_19)
FN:68,(anonymous_20)
FNF:21
FNH:1
FNDA:10,(anonymous_0)
FNDA:0,(anonymous_1)
FNDA:0,(anonymous_2)
FNDA:0,(anonymous_3)
FNDA:0,(anonymous_4)
FNDA:0,(anonymous_5)
FNDA:0,(anonymous_6)
FNDA:0,(anonymous_7)
FNDA:0,(anonymous_8)
FNDA:0,(anonymous_9)
FNDA:0,(anonymous_10)
FNDA:0,(anonymous_11)
FNDA:0,(anonymous_12)
FNDA:0,(anonymous_13)
FNDA:0,(anonymous_14)
FNDA:0,(anonymous_15)
FNDA:0,(anonymous_16)
FNDA:0,(anonymous_17)
FNDA:0,(anonymous_18)
FNDA:0,(anonymous_19)
FNDA:0,(anonymous_20)
DA:1,10
DA:3,0
DA:5,0
DA:10,0
DA:12,0
DA:17,0
DA:19,0
DA:24,0
DA:26,0
DA:31,0
DA:33,0
DA:38,0
DA:40,0
DA:45,0
DA:47,0
DA:52,0
DA:54,0
DA:59,0
DA:61,0
DA:66,0
DA:68,0
LF:21
LH:1
BRF:0
BRH:0
end_of_record
TN:
SF:/Users/norman/projects/2019/jul/workflyt/src/core/warehouses/warehouses-repository.js
FN:1,(anonymous_0)
FN:3,(anonymous_1)
FN:9,(anonymous_2)
FN:13,(anonymous_3)
FN:20,(anonymous_4)
FN:26,(anonymous_5)
FN:29,(anonymous_6)
FN:38,(anonymous_7)
FN:42,(anonymous_8)
FN:44,(anonymous_9)
FN:51,(anonymous_10)
FN:61,(anonymous_11)
FN:67,(anonymous_12)
FN:70,(anonymous_13)
FNF:14
FNH:1
FNDA:10,(anonymous_0)
FNDA:0,(anonymous_1)
FNDA:0,(anonymous_2)
FNDA:0,(anonymous_3)
FNDA:0,(anonymous_4)
FNDA:0,(anonymous_5)
FNDA:0,(anonymous_6)
FNDA:0,(anonymous_7)
FNDA:0,(anonymous_8)
FNDA:0,(anonymous_9)
FNDA:0,(anonymous_10)
FNDA:0,(anonymous_11)
FNDA:0,(anonymous_12)
FNDA:0,(anonymous_13)
DA:1,10
DA:4,0
DA:10,0
DA:14,0
DA:21,0
DA:26,0
DA:30,0
DA:39,0
DA:43,0
DA:44,0
DA:52,0
DA:62,0
DA:67,0
DA:71,0
LF:14
LH:1
BRF:0
BRH:0
end_of_record
TN:
SF:/Users/norman/projects/2019/jul/workflyt/src/core/warehouses/warehouses-router.js
FN:6,(anonymous_0)
FNF:1
FNH:1
FNDA:10,(anonymous_0)
DA:2,10
DA:3,10
DA:4,10
DA:6,10
DA:8,10
DA:13,10
DA:19,10
DA:24,10
DA:31,10
LF:9
LH:9
BRF:0
BRH:0
end_of_record
TN:
SF:/Users/norman/projects/2019/jul/workflyt/src/core/warehouses/warehouses-service.js
FN:1,(anonymous_0)
FN:3,(anonymous_1)
FN:25,(anonymous_2)
FN:47,(anonymous_3)
FN:74,(anonymous_4)
FN:115,(anonymous_5)
FN:148,(anonymous_6)
FN:181,(anonymous_7)
FN:217,(anonymous_8)
FN:259,(anonymous_9)
FN:312,(anonymous_10)
FNF:11
FNH:1
FNDA:10,(anonymous_0)
FNDA:0,(anonymous_1)
FNDA:0,(anonymous_2)
FNDA:0,(anonymous_3)
FNDA:0,(anonymous_4)
FNDA:0,(anonymous_5)
FNDA:0,(anonymous_6)
FNDA:0,(anonymous_7)
FNDA:0,(anonymous_8)
FNDA:0,(anonymous_9)
FNDA:0,(anonymous_10)
DA:1,10
DA:4,0
DA:10,0
DA:16,0
DA:22,0
DA:26,0
DA:32,0
DA:38,0
DA:44,0
DA:48,0
DA:54,0
DA:60,0
DA:66,0
DA:71,0
DA:75,0
DA:81,0
DA:91,0
DA:97,0
DA:102,0
DA:112,0
DA:116,0
DA:122,0
DA:128,0
DA:134,0
DA:139,0
DA:145,0
DA:149,0
DA:155,0
DA:161,0
DA:167,0
DA:172,0
DA:178,0
DA:182,0
DA:188,0
DA:194,0
DA:200,0
DA:205,0
DA:214,0
DA:218,0
DA:224,0
DA:230,0
DA:236,0
DA:241,0
DA:251,0
DA:256,0
DA:260,0
DA:266,0
DA:276,0
DA:282,0
DA:287,0
DA:293,0
DA:298,0
DA:309,0
DA:313,0
DA:319,0
DA:325,0
DA:331,0
DA:336,0
DA:342,0
DA:347,0
DA:357,0
LF:61
LH:1
BRF:0
BRH:0
end_of_record
TN:
SF:/Users/norman/projects/2019/jul/workflyt/src/core/warehouses/warehouses-validator.js
FN:1,(anonymous_0)
FNF:1
FNH:1
FNDA:10,(anonymous_0)
DA:1,10
DA:2,10
DA:18,10
DA:35,10
LF:4
LH:4
BRF:0
BRH:0
end_of_record
TN:
SF:/Users/norman/projects/2019/jul/workflyt/src/core/workers/index.js
FNF:0
FNH:0
DA:2,10
DA:3,10
DA:4,10
DA:5,10
DA:6,10
DA:7,10
DA:8,10
DA:9,10
DA:10,10
DA:13,10
DA:14,10
DA:15,10
DA:16,10
DA:17,10
DA:19,10
LF:15
LH:15
BRF:0
BRH:0
end_of_record
TN:
SF:/Users/norman/projects/2019/jul/workflyt/src/core/workers/workers-controller.js
FN:1,(anonymous_0)
FN:3,(anonymous_1)
FN:6,(anonymous_2)
FN:10,(anonymous_3)
FN:13,(anonymous_4)
FN:17,(anonymous_5)
FN:20,(anonymous_6)
FN:24,(anonymous_7)
FN:27,(anonymous_8)
FN:31,(anonymous_9)
FN:34,(anonymous_10)
FN:38,(anonymous_11)
FN:41,(anonymous_12)
FN:45,(anonymous_13)
FN:48,(anonymous_14)
FN:52,(anonymous_15)
FN:55,(anonymous_16)
FN:59,(anonymous_17)
FN:62,(anonymous_18)
FN:66,(anonymous_19)
FN:69,(anonymous_20)
FN:73,(anonymous_21)
FN:76,(anonymous_22)
FN:80,(anonymous_23)
FN:83,(anonymous_24)
FN:87,(anonymous_25)
FN:90,(anonymous_26)
FN:94,(anonymous_27)
FN:97,(anonymous_28)
FN:101,(anonymous_29)
FN:104,(anonymous_30)
FN:108,(anonymous_31)
FN:111,(anonymous_32)
FN:115,(anonymous_33)
FN:118,(anonymous_34)
FN:122,(anonymous_35)
FN:125,(anonymous_36)
FNF:37
FNH:1
FNDA:10,(anonymous_0)
FNDA:0,(anonymous_1)
FNDA:0,(anonymous_2)
FNDA:0,(anonymous_3)
FNDA:0,(anonymous_4)
FNDA:0,(anonymous_5)
FNDA:0,(anonymous_6)
FNDA:0,(anonymous_7)
FNDA:0,(anonymous_8)
FNDA:0,(anonymous_9)
FNDA:0,(anonymous_10)
FNDA:0,(anonymous_11)
FNDA:0,(anonymous_12)
FNDA:0,(anonymous_13)
FNDA:0,(anonymous_14)
FNDA:0,(anonymous_15)
FNDA:0,(anonymous_16)
FNDA:0,(anonymous_17)
FNDA:0,(anonymous_18)
FNDA:0,(anonymous_19)
FNDA:0,(anonymous_20)
FNDA:0,(anonymous_21)
FNDA:0,(anonymous_22)
FNDA:0,(anonymous_23)
FNDA:0,(anonymous_24)
FNDA:0,(anonymous_25)
FNDA:0,(anonymous_26)
FNDA:0,(anonymous_27)
FNDA:0,(anonymous_28)
FNDA:0,(anonymous_29)
FNDA:0,(anonymous_30)
FNDA:0,(anonymous_31)
FNDA:0,(anonymous_32)
FNDA:0,(anonymous_33)
FNDA:0,(anonymous_34)
FNDA:0,(anonymous_35)
FNDA:0,(anonymous_36)
DA:1,10
DA:4,0
DA:6,0
DA:11,0
DA:13,0
DA:18,0
DA:20,0
DA:25,0
DA:27,0
DA:32,0
DA:34,0
DA:39,0
DA:41,0
DA:46,0
DA:48,0
DA:53,0
DA:55,0
DA:60,0
DA:62,0
DA:67,0
DA:69,0
DA:74,0
DA:76,0
DA:81,0
DA:83,0
DA:88,0
DA:90,0
DA:95,0
DA:97,0
DA:102,0
DA:104,0
DA:109,0
DA:111,0
DA:116,0
DA:118,0
DA:123,0
DA:125,0
LF:37
LH:1
BRF:0
BRH:0
end_of_record
TN:
SF:/Users/norman/projects/2019/jul/workflyt/src/core/workers/workers-repository.js
FN:1,(anonymous_0)
FN:3,(anonymous_1)
FN:7,(anonymous_2)
FN:11,(anonymous_3)
FN:17,(anonymous_4)
FN:23,(anonymous_5)
FN:26,(anonymous_6)
FN:35,(anonymous_7)
FN:39,(anonymous_8)
FN:41,(anonymous_9)
FN:48,(anonymous_10)
FN:56,(anonymous_11)
FN:62,(anonymous_12)
FN:65,(anonymous_13)
FN:74,(anonymous_14)
FN:78,(anonymous_15)
FN:80,(anonymous_16)
FN:87,(anonymous_17)
FN:97,(anonymous_18)
FN:103,(anonymous_19)
FN:106,(anonymous_20)
FN:115,(anonymous_21)
FN:124,(anonymous_22)
FN:134,(anonymous_23)
FNF:24
FNH:1
FNDA:10,(anonymous_0)
FNDA:0,(anonymous_1)
FNDA:0,(anonymous_2)
FNDA:0,(anonymous_3)
FNDA:0,(anonymous_4)
FNDA:0,(anonymous_5)
FNDA:0,(anonymous_6)
FNDA:0,(anonymous_7)
FNDA:0,(anonymous_8)
FNDA:0,(anonymous_9)
FNDA:0,(anonymous_10)
FNDA:0,(anonymous_11)
FNDA:0,(anonymous_12)
FNDA:0,(anonymous_13)
FNDA:0,(anonymous_14)
FNDA:0,(anonymous_15)
FNDA:0,(anonymous_16)
FNDA:0,(anonymous_17)
FNDA:0,(anonymous_18)
FNDA:0,(anonymous_19)
FNDA:0,(anonymous_20)
FNDA:0,(anonymous_21)
FNDA:0,(anonymous_22)
FNDA:0,(anonymous_23)
DA:1,10
DA:4,0
DA:8,0
DA:12,0
DA:18,0
DA:23,0
DA:27,0
DA:36,0
DA:40,0
DA:41,0
DA:49,0
DA:57,0
DA:62,0
DA:66,0
DA:75,0
DA:79,0
DA:80,0
DA:88,0
DA:98,0
DA:103,0
DA:107,0
DA:116,0
DA:125,0
DA:135,0
LF:24
LH:1
BRF:0
BRH:0
end_of_record
TN:
SF:/Users/norman/projects/2019/jul/workflyt/src/core/workers/workers-router.js
FN:6,(anonymous_0)
FNF:1
FNH:1
FNDA:10,(anonymous_0)
DA:2,10
DA:3,10
DA:4,10
DA:6,10
DA:8,10
DA:13,10
DA:19,10
DA:24,10
DA:30,10
DA:35,10
DA:41,10
DA:45,10
DA:49,10
DA:54,10
LF:14
LH:14
BRF:0
BRH:0
end_of_record
TN:
SF:/Users/norman/projects/2019/jul/workflyt/src/core/workers/workers-service.js
FN:1,(anonymous_0)
FN:3,(anonymous_1)
FN:25,(anonymous_2)
FN:47,(anonymous_3)
FN:74,(anonymous_4)
FN:115,(anonymous_5)
FN:148,(anonymous_6)
FN:181,(anonymous_7)
FN:217,(anonymous_8)
FN:259,(anonymous_9)
FN:312,(anonymous_10)
FN:360,(anonymous_11)
FN:393,(anonymous_12)
FN:429,(anonymous_13)
FN:471,(anonymous_14)
FN:524,(anonymous_15)
FN:572,(anonymous_16)
FN:605,(anonymous_17)
FN:647,(anonymous_18)
FNF:19
FNH:1
FNDA:10,(anonymous_0)
FNDA:0,(anonymous_1)
FNDA:0,(anonymous_2)
FNDA:0,(anonymous_3)
FNDA:0,(anonymous_4)
FNDA:0,(anonymous_5)
FNDA:0,(anonymous_6)
FNDA:0,(anonymous_7)
FNDA:0,(anonymous_8)
FNDA:0,(anonymous_9)
FNDA:0,(anonymous_10)
FNDA:0,(anonymous_11)
FNDA:0,(anonymous_12)
FNDA:0,(anonymous_13)
FNDA:0,(anonymous_14)
FNDA:0,(anonymous_15)
FNDA:0,(anonymous_16)
FNDA:0,(anonymous_17)
FNDA:0,(anonymous_18)
DA:1,10
DA:4,0
DA:10,0
DA:16,0
DA:22,0
DA:26,0
DA:32,0
DA:38,0
DA:44,0
DA:48,0
DA:54,0
DA:60,0
DA:66,0
DA:71,0
DA:75,0
DA:81,0
DA:91,0
DA:97,0
DA:102,0
DA:112,0
DA:116,0
DA:122,0
DA:128,0
DA:134,0
DA:139,0
DA:145,0
DA:149,0
DA:155,0
DA:161,0
DA:167,0
DA:172,0
DA:178,0
DA:182,0
DA:188,0
DA:194,0
DA:200,0
DA:205,0
DA:214,0
DA:218,0
DA:224,0
DA:230,0
DA:236,0
DA:241,0
DA:251,0
DA:256,0
DA:260,0
DA:266,0
DA:276,0
DA:282,0
DA:287,0
DA:293,0
DA:298,0
DA:309,0
DA:313,0
DA:319,0
DA:325,0
DA:331,0
DA:336,0
DA:342,0
DA:347,0
DA:357,0
DA:361,0
DA:367,0
DA:373,0
DA:379,0
DA:384,0
DA:390,0
DA:394,0
DA:400,0
DA:406,0
DA:412,0
DA:417,0
DA:426,0
DA:430,0
DA:436,0
DA:442,0
DA:448,0
DA:453,0
DA:463,0
DA:468,0
DA:472,0
DA:478,0
DA:488,0
DA:494,0
DA:499,0
DA:505,0
DA:510,0
DA:521,0
DA:525,0
DA:531,0
DA:537,0
DA:543,0
DA:548,0
DA:554,0
DA:559,0
DA:569,0
DA:573,0
DA:579,0
DA:585,0
DA:591,0
DA:596,0
DA:602,0
DA:606,0
DA:612,0
DA:618,0
DA:624,0
DA:629,0
DA:639,0
DA:644,0
DA:648,0
DA:654,0
DA:660,0
DA:666,0
DA:671,0
DA:677,0
DA:682,0
LF:116
LH:1
BRF:0
BRH:0
end_of_record
TN:
SF:/Users/norman/projects/2019/jul/workflyt/src/core/workers/workers-validator.js
FN:1,(anonymous_0)
FNF:1
FNH:1
FNDA:10,(anonymous_0)
DA:1,10
DA:2,10
DA:20,10
DA:39,10
DA:57,10
DA:79,10
LF:6
LH:6
BRF:0
BRH:0
end_of_record
TN:
SF:/Users/norman/projects/2019/jul/workflyt/src/utils/adapters.js
FN:4,(anonymous_0)
FN:15,(anonymous_1)
FN:26,(anonymous_2)
FN:36,(anonymous_3)
FN:46,(anonymous_4)
FN:67,(anonymous_5)
FN:77,(anonymous_6)
FNF:7
FNH:3
FNDA:449,(anonymous_0)
FNDA:260,(anonymous_1)
FNDA:358,(anonymous_2)
FNDA:0,(anonymous_3)
FNDA:0,(anonymous_4)
FNDA:0,(anonymous_5)
FNDA:0,(anonymous_6)
DA:1,10
DA:2,10
DA:4,10
DA:5,449
DA:6,358
DA:8,91
DA:9,91
DA:10,91
DA:11,91
DA:15,10
DA:16,260
DA:17,165
DA:19,95
DA:20,95
DA:21,95
DA:22,95
DA:26,10
DA:27,358
DA:28,358
DA:30,91
DA:31,91
DA:32,91
DA:36,10
DA:37,0
DA:38,0
DA:40,0
DA:41,0
DA:42,0
DA:46,10
DA:47,0
DA:49,0
DA:50,0
DA:52,0
DA:53,0
DA:54,0
DA:57,0
DA:58,0
DA:60,0
DA:61,0
DA:62,0
DA:63,0
DA:67,10
DA:68,0
DA:69,0
DA:71,0
DA:72,0
DA:73,0
DA:77,10
DA:78,0
DA:79,0
DA:81,0
DA:82,0
DA:83,0
LF:53
LH:26
BRDA:5,0,0,358
BRDA:5,0,1,91
BRDA:16,1,0,165
BRDA:16,1,1,95
BRDA:57,2,0,0
BRDA:57,2,1,0
BRF:6
BRH:4
end_of_record
TN:
SF:/Users/norman/projects/2019/jul/workflyt/src/utils/logger.js
FN:19,(anonymous_0)
FN:30,(anonymous_1)
FN:30,(anonymous_2)
FNF:3
FNH:2
FNDA:0,(anonymous_0)
FNDA:449,(anonymous_1)
FNDA:449,(anonymous_2)
DA:1,10
DA:2,10
DA:3,10
DA:5,10
DA:19,0
DA:30,449
DA:31,449
DA:32,0
DA:33,0
DA:34,0
DA:36,0
DA:37,0
DA:39,0
DA:42,0
DA:47,0
LF:15
LH:6
BRDA:31,0,0,0
BRDA:31,0,1,449
BRDA:33,1,0,0
BRDA:33,1,1,0
BRDA:36,2,0,0
BRDA:36,2,1,0
BRDA:36,3,0,0
BRDA:36,3,1,0
BRF:8
BRH:1
end_of_record
TN:
SF:/Users/norman/projects/2019/jul/workflyt/src/utils/middlewares.js
FN:8,onRequestStart
FN:14,onRequestError
FN:38,onRequestNotFound
FN:45,onMethodNotAllowed
FN:52,validateToken
FNF:5
FNH:3
FNDA:449,onRequestStart
FNDA:292,onRequestError
FNDA:0,onRequestNotFound
FNDA:0,onMethodNotAllowed
FNDA:449,validateToken
DA:6,10
DA:9,449
DA:10,449
DA:11,449
DA:15,292
DA:18,292
DA:19,0
DA:20,0
DA:21,0
DA:24,292
DA:33,292
DA:35,292
DA:39,0
DA:40,0
DA:41,0
DA:42,0
DA:46,0
DA:47,0
DA:48,0
DA:49,0
DA:53,449
DA:58,449
DA:59,0
DA:62,449
DA:64,449
DA:65,0
DA:66,0
DA:67,0
DA:68,0
DA:71,449
DA:72,0
DA:73,0
DA:74,0
DA:75,0
DA:78,449
DA:80,449
DA:81,0
DA:82,0
DA:83,0
DA:84,0
DA:87,449
DA:89,449
DA:90,449
DA:92,0
DA:93,0
DA:94,0
DA:95,0
DA:96,0
DA:99,449
DA:100,0
DA:101,0
DA:102,0
DA:103,0
DA:106,449
DA:107,0
DA:108,0
DA:109,0
DA:110,0
DA:113,449
DA:114,0
DA:115,0
DA:116,0
DA:117,0
DA:120,449
LF:64
LH:23
BRDA:18,0,0,0
BRDA:18,0,1,292
BRDA:25,1,0,0
BRDA:25,1,1,292
BRDA:27,2,0,0
BRDA:27,2,1,292
BRDA:30,3,0,0
BRDA:30,3,1,292
BRDA:58,4,0,0
BRDA:58,4,1,449
BRDA:64,5,0,0
BRDA:64,5,1,449
BRDA:71,6,0,0
BRDA:71,6,1,449
BRDA:80,7,0,0
BRDA:80,7,1,449
BRDA:99,8,0,0
BRDA:99,8,1,449
BRDA:106,9,0,0
BRDA:106,9,1,449
BRDA:113,10,0,0
BRDA:113,10,1,449
BRF:22
BRH:11
end_of_record
TN:
SF:/Users/norman/projects/2019/jul/workflyt/src/utils/validator.js
FN:1,UUID
FN:9,UUID_ARRAY
FN:20,ENUM
FN:29,CODE
FN:42,TEXT
FN:51,TEXT_FILTER
FN:77,DATE
FN:87,DATE_FILTER
FN:113,NUMBER
FN:122,NUMBER_FILTER
FN:148,PASS
FN:158,EXTRA
FN:166,ATTRIBUTES
FN:188,INCLUDE
FN:210,BOOLEAN
FN:218,OFFSET
FN:229,LIMIT
FN:241,PRICE
FN:252,PRICE_FILTER
FN:256,ORDER_BY
FN:266,QUERY
FN:275,BODY
FN:284,PARAMS
FNF:23
FNH:21
FNDA:5630,UUID
FNDA:120,UUID_ARRAY
FNDA:630,ENUM
FNDA:640,CODE
FNDA:4880,TEXT
FNDA:380,TEXT_FILTER
FNDA:7950,DATE
FNDA:1110,DATE_FILTER
FNDA:1980,NUMBER
FNDA:180,NUMBER_FILTER
FNDA:20,PASS
FNDA:800,EXTRA
FNDA:760,ATTRIBUTES
FNDA:290,INCLUDE
FNDA:1550,BOOLEAN
FNDA:360,OFFSET
FNDA:360,LIMIT
FNDA:0,PRICE
FNDA:0,PRICE_FILTER
FNDA:360,ORDER_BY
FNDA:1290,QUERY
FNDA:560,BODY
FNDA:1250,PARAMS
DA:2,5630
DA:10,120
DA:21,630
DA:30,640
DA:43,4880
DA:52,380
DA:54,380
DA:74,380
DA:78,7950
DA:88,1110
DA:90,1110
DA:110,1110
DA:114,1980
DA:123,180
DA:125,180
DA:145,180
DA:149,20
DA:159,800
DA:167,760
DA:189,290
DA:211,1550
DA:219,360
DA:230,360
DA:242,0
DA:253,0
DA:257,360
DA:267,1290
DA:276,560
DA:285,1250
DA:294,10
DA:296,10
LF:31
LH:29
BRF:0
BRH:0
end_of_record
