{"/Users/norman/projects/2019/jul/workflyt/src/app.js": {"path":"/Users/norman/projects/2019/jul/workflyt/src/app.js","statementMap":{"0":{"start":{"line":2,"column":16},"end":{"line":2,"column":34}},"1":{"start":{"line":3,"column":21},"end":{"line":3,"column":45}},"2":{"start":{"line":4,"column":20},"end":{"line":4,"column":42}},"3":{"start":{"line":5,"column":15},"end":{"line":5,"column":34}},"4":{"start":{"line":6,"column":20},"end":{"line":6,"column":50}},"5":{"start":{"line":8,"column":12},"end":{"line":8,"column":21}},"6":{"start":{"line":10,"column":0},"end":{"line":10,"column":31}},"7":{"start":{"line":11,"column":0},"end":{"line":11,"column":41}},"8":{"start":{"line":12,"column":0},"end":{"line":12,"column":48}},"9":{"start":{"line":13,"column":0},"end":{"line":13,"column":49}},"10":{"start":{"line":14,"column":0},"end":{"line":14,"column":23}},"11":{"start":{"line":15,"column":0},"end":{"line":15,"column":36}},"12":{"start":{"line":16,"column":0},"end":{"line":16,"column":35}},"13":{"start":{"line":17,"column":0},"end":{"line":17,"column":23}},"14":{"start":{"line":18,"column":0},"end":{"line":18,"column":39}},"15":{"start":{"line":19,"column":0},"end":{"line":19,"column":36}},"16":{"start":{"line":21,"column":0},"end":{"line":21,"column":21}}},"fnMap":{},"branchMap":{},"s":{"0":615,"1":615,"2":615,"3":615,"4":615,"5":615,"6":615,"7":615,"8":615,"9":615,"10":615,"11":615,"12":615,"13":615,"14":615,"15":615,"16":615},"f":{},"b":{},"_coverageSchema":"43e27e138ebf9cfc5966b082cf9a028302ed4184","hash":"b6a21e958fa9e34a0f71183b1c20abec19eeda90"}
,"/Users/norman/projects/2019/jul/workflyt/src/router.js": {"path":"/Users/norman/projects/2019/jul/workflyt/src/router.js","statementMap":{"0":{"start":{"line":2,"column":16},"end":{"line":2,"column":34}},"1":{"start":{"line":4,"column":15},"end":{"line":4,"column":31}},"2":{"start":{"line":6,"column":0},"end":{"line":6,"column":35}},"3":{"start":{"line":7,"column":0},"end":{"line":7,"column":36}},"4":{"start":{"line":8,"column":0},"end":{"line":8,"column":41}},"5":{"start":{"line":9,"column":0},"end":{"line":9,"column":38}},"6":{"start":{"line":10,"column":0},"end":{"line":10,"column":40}},"7":{"start":{"line":11,"column":0},"end":{"line":11,"column":35}},"8":{"start":{"line":12,"column":0},"end":{"line":12,"column":40}},"9":{"start":{"line":13,"column":0},"end":{"line":13,"column":37}},"10":{"start":{"line":14,"column":0},"end":{"line":14,"column":42}},"11":{"start":{"line":15,"column":0},"end":{"line":15,"column":37}},"12":{"start":{"line":16,"column":0},"end":{"line":16,"column":36}},"13":{"start":{"line":17,"column":0},"end":{"line":17,"column":39}},"14":{"start":{"line":18,"column":0},"end":{"line":18,"column":37}},"15":{"start":{"line":19,"column":0},"end":{"line":19,"column":40}},"16":{"start":{"line":20,"column":0},"end":{"line":20,"column":36}},"17":{"start":{"line":21,"column":0},"end":{"line":21,"column":41}},"18":{"start":{"line":22,"column":0},"end":{"line":22,"column":38}},"19":{"start":{"line":24,"column":0},"end":{"line":24,"column":24}}},"fnMap":{},"branchMap":{},"s":{"0":615,"1":615,"2":615,"3":615,"4":615,"5":615,"6":615,"7":615,"8":615,"9":615,"10":615,"11":615,"12":615,"13":615,"14":615,"15":615,"16":615,"17":615,"18":615,"19":615},"f":{},"b":{},"_coverageSchema":"43e27e138ebf9cfc5966b082cf9a028302ed4184","hash":"3ce9dd2fb5f263ef55205417ee3d00fc7255638f"}
,"/Users/norman/projects/2019/jul/workflyt/src/core/areas/areas-controller.js": {"path":"/Users/norman/projects/2019/jul/workflyt/src/core/areas/areas-controller.js","statementMap":{"0":{"start":{"line":1,"column":0},"end":{"line":211,"column":3}},"1":{"start":{"line":1,"column":58},"end":{"line":211,"column":2}},"2":{"start":{"line":6,"column":6},"end":{"line":8,"column":21}},"3":{"start":{"line":7,"column":24},"end":{"line":7,"column":65}},"4":{"start":{"line":16,"column":6},"end":{"line":18,"column":21}},"5":{"start":{"line":17,"column":24},"end":{"line":17,"column":77}},"6":{"start":{"line":26,"column":20},"end":{"line":26,"column":35}},"7":{"start":{"line":27,"column":20},"end":{"line":27,"column":29}},"8":{"start":{"line":28,"column":6},"end":{"line":30,"column":21}},"9":{"start":{"line":29,"column":24},"end":{"line":29,"column":65}},"10":{"start":{"line":38,"column":20},"end":{"line":38,"column":35}},"11":{"start":{"line":39,"column":19},"end":{"line":39,"column":27}},"12":{"start":{"line":40,"column":20},"end":{"line":40,"column":29}},"13":{"start":{"line":41,"column":6},"end":{"line":43,"column":21}},"14":{"start":{"line":42,"column":24},"end":{"line":42,"column":65}},"15":{"start":{"line":51,"column":20},"end":{"line":51,"column":35}},"16":{"start":{"line":52,"column":20},"end":{"line":52,"column":29}},"17":{"start":{"line":53,"column":6},"end":{"line":55,"column":21}},"18":{"start":{"line":54,"column":24},"end":{"line":54,"column":65}},"19":{"start":{"line":63,"column":20},"end":{"line":63,"column":35}},"20":{"start":{"line":64,"column":20},"end":{"line":64,"column":29}},"21":{"start":{"line":65,"column":6},"end":{"line":67,"column":21}},"22":{"start":{"line":66,"column":24},"end":{"line":66,"column":65}},"23":{"start":{"line":75,"column":20},"end":{"line":75,"column":35}},"24":{"start":{"line":76,"column":21},"end":{"line":76,"column":38}},"25":{"start":{"line":77,"column":6},"end":{"line":79,"column":21}},"26":{"start":{"line":78,"column":24},"end":{"line":78,"column":77}},"27":{"start":{"line":87,"column":20},"end":{"line":87,"column":35}},"28":{"start":{"line":88,"column":23},"end":{"line":88,"column":41}},"29":{"start":{"line":89,"column":20},"end":{"line":89,"column":29}},"30":{"start":{"line":90,"column":6},"end":{"line":92,"column":21}},"31":{"start":{"line":91,"column":24},"end":{"line":91,"column":65}},"32":{"start":{"line":100,"column":20},"end":{"line":100,"column":35}},"33":{"start":{"line":101,"column":23},"end":{"line":101,"column":41}},"34":{"start":{"line":102,"column":19},"end":{"line":102,"column":27}},"35":{"start":{"line":103,"column":20},"end":{"line":103,"column":29}},"36":{"start":{"line":104,"column":6},"end":{"line":106,"column":21}},"37":{"start":{"line":105,"column":24},"end":{"line":105,"column":65}},"38":{"start":{"line":114,"column":20},"end":{"line":114,"column":35}},"39":{"start":{"line":115,"column":23},"end":{"line":115,"column":41}},"40":{"start":{"line":116,"column":20},"end":{"line":116,"column":29}},"41":{"start":{"line":117,"column":6},"end":{"line":119,"column":21}},"42":{"start":{"line":118,"column":24},"end":{"line":118,"column":65}},"43":{"start":{"line":127,"column":20},"end":{"line":127,"column":35}},"44":{"start":{"line":128,"column":20},"end":{"line":128,"column":29}},"45":{"start":{"line":129,"column":6},"end":{"line":131,"column":21}},"46":{"start":{"line":130,"column":24},"end":{"line":130,"column":65}},"47":{"start":{"line":139,"column":20},"end":{"line":139,"column":35}},"48":{"start":{"line":140,"column":20},"end":{"line":140,"column":36}},"49":{"start":{"line":141,"column":6},"end":{"line":143,"column":21}},"50":{"start":{"line":142,"column":24},"end":{"line":142,"column":77}},"51":{"start":{"line":151,"column":20},"end":{"line":151,"column":35}},"52":{"start":{"line":152,"column":22},"end":{"line":152,"column":39}},"53":{"start":{"line":153,"column":20},"end":{"line":153,"column":29}},"54":{"start":{"line":154,"column":6},"end":{"line":156,"column":21}},"55":{"start":{"line":155,"column":24},"end":{"line":155,"column":65}},"56":{"start":{"line":164,"column":20},"end":{"line":164,"column":35}},"57":{"start":{"line":165,"column":22},"end":{"line":165,"column":39}},"58":{"start":{"line":166,"column":19},"end":{"line":166,"column":27}},"59":{"start":{"line":167,"column":20},"end":{"line":167,"column":29}},"60":{"start":{"line":168,"column":6},"end":{"line":170,"column":21}},"61":{"start":{"line":169,"column":24},"end":{"line":169,"column":65}},"62":{"start":{"line":178,"column":20},"end":{"line":178,"column":35}},"63":{"start":{"line":179,"column":22},"end":{"line":179,"column":39}},"64":{"start":{"line":180,"column":20},"end":{"line":180,"column":29}},"65":{"start":{"line":181,"column":6},"end":{"line":183,"column":21}},"66":{"start":{"line":182,"column":24},"end":{"line":182,"column":65}},"67":{"start":{"line":191,"column":20},"end":{"line":191,"column":35}},"68":{"start":{"line":192,"column":20},"end":{"line":192,"column":29}},"69":{"start":{"line":193,"column":6},"end":{"line":195,"column":21}},"70":{"start":{"line":194,"column":24},"end":{"line":194,"column":65}},"71":{"start":{"line":203,"column":20},"end":{"line":203,"column":35}},"72":{"start":{"line":204,"column":23},"end":{"line":204,"column":41}},"73":{"start":{"line":205,"column":20},"end":{"line":205,"column":29}},"74":{"start":{"line":206,"column":6},"end":{"line":208,"column":21}},"75":{"start":{"line":207,"column":24},"end":{"line":207,"column":65}}},"fnMap":{"0":{"name":"(anonymous_0)","decl":{"start":{"line":1,"column":17},"end":{"line":1,"column":18}},"loc":{"start":{"line":1,"column":58},"end":{"line":211,"column":2}},"line":1},"1":{"name":"handler","decl":{"start":{"line":5,"column":13},"end":{"line":5,"column":20}},"loc":{"start":{"line":5,"column":38},"end":{"line":9,"column":5}},"line":5},"2":{"name":"(anonymous_2)","decl":{"start":{"line":7,"column":14},"end":{"line":7,"column":15}},"loc":{"start":{"line":7,"column":24},"end":{"line":7,"column":65}},"line":7},"3":{"name":"handler","decl":{"start":{"line":15,"column":13},"end":{"line":15,"column":20}},"loc":{"start":{"line":15,"column":38},"end":{"line":19,"column":5}},"line":15},"4":{"name":"(anonymous_4)","decl":{"start":{"line":17,"column":14},"end":{"line":17,"column":15}},"loc":{"start":{"line":17,"column":24},"end":{"line":17,"column":77}},"line":17},"5":{"name":"handler","decl":{"start":{"line":25,"column":13},"end":{"line":25,"column":20}},"loc":{"start":{"line":25,"column":38},"end":{"line":31,"column":5}},"line":25},"6":{"name":"(anonymous_6)","decl":{"start":{"line":29,"column":14},"end":{"line":29,"column":15}},"loc":{"start":{"line":29,"column":24},"end":{"line":29,"column":65}},"line":29},"7":{"name":"handler","decl":{"start":{"line":37,"column":13},"end":{"line":37,"column":20}},"loc":{"start":{"line":37,"column":38},"end":{"line":44,"column":5}},"line":37},"8":{"name":"(anonymous_8)","decl":{"start":{"line":42,"column":14},"end":{"line":42,"column":15}},"loc":{"start":{"line":42,"column":24},"end":{"line":42,"column":65}},"line":42},"9":{"name":"handler","decl":{"start":{"line":50,"column":13},"end":{"line":50,"column":20}},"loc":{"start":{"line":50,"column":38},"end":{"line":56,"column":5}},"line":50},"10":{"name":"(anonymous_10)","decl":{"start":{"line":54,"column":14},"end":{"line":54,"column":15}},"loc":{"start":{"line":54,"column":24},"end":{"line":54,"column":65}},"line":54},"11":{"name":"handler","decl":{"start":{"line":62,"column":13},"end":{"line":62,"column":20}},"loc":{"start":{"line":62,"column":38},"end":{"line":68,"column":5}},"line":62},"12":{"name":"(anonymous_12)","decl":{"start":{"line":66,"column":14},"end":{"line":66,"column":15}},"loc":{"start":{"line":66,"column":24},"end":{"line":66,"column":65}},"line":66},"13":{"name":"handler","decl":{"start":{"line":74,"column":13},"end":{"line":74,"column":20}},"loc":{"start":{"line":74,"column":38},"end":{"line":80,"column":5}},"line":74},"14":{"name":"(anonymous_14)","decl":{"start":{"line":78,"column":14},"end":{"line":78,"column":15}},"loc":{"start":{"line":78,"column":24},"end":{"line":78,"column":77}},"line":78},"15":{"name":"handler","decl":{"start":{"line":86,"column":13},"end":{"line":86,"column":20}},"loc":{"start":{"line":86,"column":38},"end":{"line":93,"column":5}},"line":86},"16":{"name":"(anonymous_16)","decl":{"start":{"line":91,"column":14},"end":{"line":91,"column":15}},"loc":{"start":{"line":91,"column":24},"end":{"line":91,"column":65}},"line":91},"17":{"name":"handler","decl":{"start":{"line":99,"column":13},"end":{"line":99,"column":20}},"loc":{"start":{"line":99,"column":38},"end":{"line":107,"column":5}},"line":99},"18":{"name":"(anonymous_18)","decl":{"start":{"line":105,"column":14},"end":{"line":105,"column":15}},"loc":{"start":{"line":105,"column":24},"end":{"line":105,"column":65}},"line":105},"19":{"name":"handler","decl":{"start":{"line":113,"column":13},"end":{"line":113,"column":20}},"loc":{"start":{"line":113,"column":38},"end":{"line":120,"column":5}},"line":113},"20":{"name":"(anonymous_20)","decl":{"start":{"line":118,"column":14},"end":{"line":118,"column":15}},"loc":{"start":{"line":118,"column":24},"end":{"line":118,"column":65}},"line":118},"21":{"name":"handler","decl":{"start":{"line":126,"column":13},"end":{"line":126,"column":20}},"loc":{"start":{"line":126,"column":38},"end":{"line":132,"column":5}},"line":126},"22":{"name":"(anonymous_22)","decl":{"start":{"line":130,"column":14},"end":{"line":130,"column":15}},"loc":{"start":{"line":130,"column":24},"end":{"line":130,"column":65}},"line":130},"23":{"name":"handler","decl":{"start":{"line":138,"column":13},"end":{"line":138,"column":20}},"loc":{"start":{"line":138,"column":38},"end":{"line":144,"column":5}},"line":138},"24":{"name":"(anonymous_24)","decl":{"start":{"line":142,"column":14},"end":{"line":142,"column":15}},"loc":{"start":{"line":142,"column":24},"end":{"line":142,"column":77}},"line":142},"25":{"name":"handler","decl":{"start":{"line":150,"column":13},"end":{"line":150,"column":20}},"loc":{"start":{"line":150,"column":38},"end":{"line":157,"column":5}},"line":150},"26":{"name":"(anonymous_26)","decl":{"start":{"line":155,"column":14},"end":{"line":155,"column":15}},"loc":{"start":{"line":155,"column":24},"end":{"line":155,"column":65}},"line":155},"27":{"name":"handler","decl":{"start":{"line":163,"column":13},"end":{"line":163,"column":20}},"loc":{"start":{"line":163,"column":38},"end":{"line":171,"column":5}},"line":163},"28":{"name":"(anonymous_28)","decl":{"start":{"line":169,"column":14},"end":{"line":169,"column":15}},"loc":{"start":{"line":169,"column":24},"end":{"line":169,"column":65}},"line":169},"29":{"name":"handler","decl":{"start":{"line":177,"column":13},"end":{"line":177,"column":20}},"loc":{"start":{"line":177,"column":38},"end":{"line":184,"column":5}},"line":177},"30":{"name":"(anonymous_30)","decl":{"start":{"line":182,"column":14},"end":{"line":182,"column":15}},"loc":{"start":{"line":182,"column":24},"end":{"line":182,"column":65}},"line":182},"31":{"name":"handler","decl":{"start":{"line":190,"column":13},"end":{"line":190,"column":20}},"loc":{"start":{"line":190,"column":38},"end":{"line":196,"column":5}},"line":190},"32":{"name":"(anonymous_32)","decl":{"start":{"line":194,"column":14},"end":{"line":194,"column":15}},"loc":{"start":{"line":194,"column":24},"end":{"line":194,"column":65}},"line":194},"33":{"name":"handler","decl":{"start":{"line":202,"column":13},"end":{"line":202,"column":20}},"loc":{"start":{"line":202,"column":38},"end":{"line":209,"column":5}},"line":202},"34":{"name":"(anonymous_34)","decl":{"start":{"line":207,"column":14},"end":{"line":207,"column":15}},"loc":{"start":{"line":207,"column":24},"end":{"line":207,"column":65}},"line":207}},"branchMap":{},"s":{"0":615,"1":615,"2":1,"3":1,"4":2,"5":1,"6":2,"7":2,"8":2,"9":1,"10":2,"11":2,"12":2,"13":2,"14":1,"15":2,"16":2,"17":2,"18":1,"19":2,"20":2,"21":2,"22":1,"23":2,"24":2,"25":2,"26":1,"27":2,"28":2,"29":2,"30":2,"31":1,"32":2,"33":2,"34":2,"35":2,"36":2,"37":1,"38":2,"39":2,"40":2,"41":2,"42":1,"43":2,"44":2,"45":2,"46":1,"47":2,"48":2,"49":2,"50":1,"51":2,"52":2,"53":2,"54":2,"55":1,"56":2,"57":2,"58":2,"59":2,"60":2,"61":1,"62":2,"63":2,"64":2,"65":2,"66":1,"67":2,"68":2,"69":2,"70":1,"71":2,"72":2,"73":2,"74":2,"75":1},"f":{"0":615,"1":1,"2":1,"3":2,"4":1,"5":2,"6":1,"7":2,"8":1,"9":2,"10":1,"11":2,"12":1,"13":2,"14":1,"15":2,"16":1,"17":2,"18":1,"19":2,"20":1,"21":2,"22":1,"23":2,"24":1,"25":2,"26":1,"27":2,"28":1,"29":2,"30":1,"31":2,"32":1,"33":2,"34":1},"b":{},"_coverageSchema":"43e27e138ebf9cfc5966b082cf9a028302ed4184","hash":"ce5633cef49a244e1a34430d372a35ee9f32bec6"}
,"/Users/norman/projects/2019/jul/workflyt/src/core/areas/areas-repository.js": {"path":"/Users/norman/projects/2019/jul/workflyt/src/core/areas/areas-repository.js","statementMap":{"0":{"start":{"line":1,"column":0},"end":{"line":131,"column":3}},"1":{"start":{"line":1,"column":36},"end":{"line":131,"column":1}},"2":{"start":{"line":3,"column":4},"end":{"line":3,"column":55}},"3":{"start":{"line":7,"column":4},"end":{"line":7,"column":53}},"4":{"start":{"line":11,"column":15},"end":{"line":14,"column":5}},"5":{"start":{"line":16,"column":4},"end":{"line":20,"column":5}},"6":{"start":{"line":17,"column":6},"end":{"line":17,"column":35}},"7":{"start":{"line":19,"column":6},"end":{"line":19,"column":18}},"8":{"start":{"line":24,"column":15},"end":{"line":24,"column":52}},"9":{"start":{"line":25,"column":4},"end":{"line":25,"column":46}},"10":{"start":{"line":29,"column":15},"end":{"line":29,"column":52}},"11":{"start":{"line":30,"column":4},"end":{"line":30,"column":39}},"12":{"start":{"line":34,"column":15},"end":{"line":34,"column":52}},"13":{"start":{"line":35,"column":4},"end":{"line":35,"column":66}},"14":{"start":{"line":39,"column":15},"end":{"line":39,"column":52}},"15":{"start":{"line":40,"column":4},"end":{"line":40,"column":44}},"16":{"start":{"line":44,"column":15},"end":{"line":44,"column":52}},"17":{"start":{"line":46,"column":18},"end":{"line":52,"column":6}},"18":{"start":{"line":54,"column":4},"end":{"line":58,"column":5}},"19":{"start":{"line":55,"column":6},"end":{"line":55,"column":35}},"20":{"start":{"line":57,"column":6},"end":{"line":57,"column":21}},"21":{"start":{"line":62,"column":18},"end":{"line":62,"column":70}},"22":{"start":{"line":63,"column":4},"end":{"line":63,"column":61}},"23":{"start":{"line":67,"column":18},"end":{"line":67,"column":70}},"24":{"start":{"line":68,"column":4},"end":{"line":68,"column":54}},"25":{"start":{"line":72,"column":15},"end":{"line":72,"column":52}},"26":{"start":{"line":73,"column":4},"end":{"line":73,"column":65}},"27":{"start":{"line":77,"column":15},"end":{"line":77,"column":52}},"28":{"start":{"line":78,"column":4},"end":{"line":78,"column":42}},"29":{"start":{"line":82,"column":15},"end":{"line":82,"column":52}},"30":{"start":{"line":84,"column":17},"end":{"line":90,"column":6}},"31":{"start":{"line":92,"column":4},"end":{"line":96,"column":5}},"32":{"start":{"line":93,"column":6},"end":{"line":93,"column":35}},"33":{"start":{"line":95,"column":6},"end":{"line":95,"column":20}},"34":{"start":{"line":100,"column":17},"end":{"line":100,"column":67}},"35":{"start":{"line":101,"column":4},"end":{"line":101,"column":59}},"36":{"start":{"line":105,"column":17},"end":{"line":105,"column":67}},"37":{"start":{"line":106,"column":4},"end":{"line":106,"column":52}},"38":{"start":{"line":110,"column":15},"end":{"line":110,"column":52}},"39":{"start":{"line":111,"column":4},"end":{"line":111,"column":66}},"40":{"start":{"line":115,"column":15},"end":{"line":115,"column":52}},"41":{"start":{"line":117,"column":18},"end":{"line":123,"column":6}},"42":{"start":{"line":125,"column":4},"end":{"line":129,"column":5}},"43":{"start":{"line":126,"column":6},"end":{"line":126,"column":35}},"44":{"start":{"line":128,"column":6},"end":{"line":128,"column":21}}},"fnMap":{"0":{"name":"(anonymous_0)","decl":{"start":{"line":1,"column":17},"end":{"line":1,"column":18}},"loc":{"start":{"line":1,"column":36},"end":{"line":131,"column":1}},"line":1},"1":{"name":"(anonymous_1)","decl":{"start":{"line":2,"column":2},"end":{"line":2,"column":3}},"loc":{"start":{"line":2,"column":27},"end":{"line":4,"column":3}},"line":2},"2":{"name":"(anonymous_2)","decl":{"start":{"line":6,"column":2},"end":{"line":6,"column":3}},"loc":{"start":{"line":6,"column":28},"end":{"line":8,"column":3}},"line":6},"3":{"name":"(anonymous_3)","decl":{"start":{"line":10,"column":2},"end":{"line":10,"column":3}},"loc":{"start":{"line":10,"column":47},"end":{"line":21,"column":3}},"line":10},"4":{"name":"(anonymous_4)","decl":{"start":{"line":23,"column":2},"end":{"line":23,"column":3}},"loc":{"start":{"line":23,"column":50},"end":{"line":26,"column":3}},"line":23},"5":{"name":"(anonymous_5)","decl":{"start":{"line":28,"column":2},"end":{"line":28,"column":3}},"loc":{"start":{"line":28,"column":42},"end":{"line":31,"column":3}},"line":28},"6":{"name":"(anonymous_6)","decl":{"start":{"line":33,"column":2},"end":{"line":33,"column":3}},"loc":{"start":{"line":33,"column":43},"end":{"line":36,"column":3}},"line":33},"7":{"name":"(anonymous_7)","decl":{"start":{"line":38,"column":2},"end":{"line":38,"column":3}},"loc":{"start":{"line":38,"column":44},"end":{"line":41,"column":3}},"line":38},"8":{"name":"(anonymous_8)","decl":{"start":{"line":43,"column":2},"end":{"line":43,"column":3}},"loc":{"start":{"line":43,"column":62},"end":{"line":59,"column":3}},"line":43},"9":{"name":"(anonymous_9)","decl":{"start":{"line":61,"column":2},"end":{"line":61,"column":3}},"loc":{"start":{"line":61,"column":65},"end":{"line":64,"column":3}},"line":61},"10":{"name":"(anonymous_10)","decl":{"start":{"line":66,"column":2},"end":{"line":66,"column":3}},"loc":{"start":{"line":66,"column":57},"end":{"line":69,"column":3}},"line":66},"11":{"name":"(anonymous_11)","decl":{"start":{"line":71,"column":2},"end":{"line":71,"column":3}},"loc":{"start":{"line":71,"column":42},"end":{"line":74,"column":3}},"line":71},"12":{"name":"(anonymous_12)","decl":{"start":{"line":76,"column":2},"end":{"line":76,"column":3}},"loc":{"start":{"line":76,"column":42},"end":{"line":79,"column":3}},"line":76},"13":{"name":"(anonymous_13)","decl":{"start":{"line":81,"column":2},"end":{"line":81,"column":3}},"loc":{"start":{"line":81,"column":60},"end":{"line":97,"column":3}},"line":81},"14":{"name":"(anonymous_14)","decl":{"start":{"line":99,"column":2},"end":{"line":99,"column":3}},"loc":{"start":{"line":99,"column":63},"end":{"line":102,"column":3}},"line":99},"15":{"name":"(anonymous_15)","decl":{"start":{"line":104,"column":2},"end":{"line":104,"column":3}},"loc":{"start":{"line":104,"column":55},"end":{"line":107,"column":3}},"line":104},"16":{"name":"(anonymous_16)","decl":{"start":{"line":109,"column":2},"end":{"line":109,"column":3}},"loc":{"start":{"line":109,"column":43},"end":{"line":112,"column":3}},"line":109},"17":{"name":"(anonymous_17)","decl":{"start":{"line":114,"column":2},"end":{"line":114,"column":3}},"loc":{"start":{"line":114,"column":62},"end":{"line":130,"column":3}},"line":114}},"branchMap":{"0":{"loc":{"start":{"line":16,"column":4},"end":{"line":20,"column":5}},"type":"if","locations":[{"start":{"line":16,"column":4},"end":{"line":20,"column":5}},{"start":{"line":16,"column":4},"end":{"line":20,"column":5}}],"line":16},"1":{"loc":{"start":{"line":16,"column":8},"end":{"line":16,"column":23}},"type":"binary-expr","locations":[{"start":{"line":16,"column":8},"end":{"line":16,"column":14}},{"start":{"line":16,"column":18},"end":{"line":16,"column":23}}],"line":16},"2":{"loc":{"start":{"line":54,"column":4},"end":{"line":58,"column":5}},"type":"if","locations":[{"start":{"line":54,"column":4},"end":{"line":58,"column":5}},{"start":{"line":54,"column":4},"end":{"line":58,"column":5}}],"line":54},"3":{"loc":{"start":{"line":54,"column":8},"end":{"line":54,"column":26}},"type":"binary-expr","locations":[{"start":{"line":54,"column":8},"end":{"line":54,"column":14}},{"start":{"line":54,"column":18},"end":{"line":54,"column":26}}],"line":54},"4":{"loc":{"start":{"line":92,"column":4},"end":{"line":96,"column":5}},"type":"if","locations":[{"start":{"line":92,"column":4},"end":{"line":96,"column":5}},{"start":{"line":92,"column":4},"end":{"line":96,"column":5}}],"line":92},"5":{"loc":{"start":{"line":92,"column":8},"end":{"line":92,"column":25}},"type":"binary-expr","locations":[{"start":{"line":92,"column":8},"end":{"line":92,"column":14}},{"start":{"line":92,"column":18},"end":{"line":92,"column":25}}],"line":92},"6":{"loc":{"start":{"line":125,"column":4},"end":{"line":129,"column":5}},"type":"if","locations":[{"start":{"line":125,"column":4},"end":{"line":129,"column":5}},{"start":{"line":125,"column":4},"end":{"line":129,"column":5}}],"line":125},"7":{"loc":{"start":{"line":125,"column":8},"end":{"line":125,"column":26}},"type":"binary-expr","locations":[{"start":{"line":125,"column":8},"end":{"line":125,"column":14}},{"start":{"line":125,"column":18},"end":{"line":125,"column":26}}],"line":125}},"s":{"0":617,"1":617,"2":3,"3":2,"4":59,"5":58,"6":15,"7":43,"8":3,"9":2,"10":3,"11":2,"12":4,"13":3,"14":3,"15":2,"16":13,"17":10,"18":9,"19":3,"20":6,"21":4,"22":2,"23":4,"24":2,"25":4,"26":3,"27":3,"28":2,"29":13,"30":10,"31":9,"32":3,"33":6,"34":4,"35":2,"36":4,"37":2,"38":4,"39":3,"40":5,"41":4,"42":3,"43":1,"44":2},"f":{"0":617,"1":3,"2":2,"3":59,"4":3,"5":3,"6":4,"7":3,"8":13,"9":4,"10":4,"11":4,"12":3,"13":13,"14":4,"15":4,"16":4,"17":5},"b":{"0":[15,43],"1":[58,56],"2":[3,6],"3":[9,8],"4":[3,6],"5":[9,8],"6":[1,2],"7":[3,2]},"_coverageSchema":"43e27e138ebf9cfc5966b082cf9a028302ed4184","hash":"7e4f34ca76dd6bce26f65403d2f34176e66977de"}
,"/Users/norman/projects/2019/jul/workflyt/src/core/areas/areas-router.js": {"path":"/Users/norman/projects/2019/jul/workflyt/src/core/areas/areas-router.js","statementMap":{"0":{"start":{"line":1,"column":20},"end":{"line":1,"column":52}},"1":{"start":{"line":2,"column":16},"end":{"line":2,"column":34}},"2":{"start":{"line":4,"column":0},"end":{"line":49,"column":2}},"3":{"start":{"line":5,"column":17},"end":{"line":5,"column":33}},"4":{"start":{"line":7,"column":2},"end":{"line":10,"column":41}},"5":{"start":{"line":12,"column":2},"end":{"line":16,"column":41}},"6":{"start":{"line":18,"column":2},"end":{"line":21,"column":41}},"7":{"start":{"line":23,"column":2},"end":{"line":27,"column":41}},"8":{"start":{"line":29,"column":2},"end":{"line":32,"column":41}},"9":{"start":{"line":34,"column":2},"end":{"line":38,"column":41}},"10":{"start":{"line":40,"column":2},"end":{"line":42,"column":41}},"11":{"start":{"line":44,"column":2},"end":{"line":46,"column":41}},"12":{"start":{"line":48,"column":2},"end":{"line":48,"column":16}}},"fnMap":{"0":{"name":"(anonymous_0)","decl":{"start":{"line":4,"column":17},"end":{"line":4,"column":18}},"loc":{"start":{"line":4,"column":31},"end":{"line":49,"column":1}},"line":4}},"branchMap":{},"s":{"0":615,"1":615,"2":615,"3":615,"4":615,"5":615,"6":615,"7":615,"8":615,"9":615,"10":615,"11":615,"12":615},"f":{"0":615},"b":{},"_coverageSchema":"43e27e138ebf9cfc5966b082cf9a028302ed4184","hash":"b9accb950ddb8a7985bbc3a78a8f9e3b7e6fc4fe"}
,"/Users/norman/projects/2019/jul/workflyt/src/core/areas/areas-service.js": {"path":"/Users/norman/projects/2019/jul/workflyt/src/core/areas/areas-service.js","statementMap":{"0":{"start":{"line":1,"column":0},"end":{"line":69,"column":3}},"1":{"start":{"line":1,"column":38},"end":{"line":69,"column":1}},"2":{"start":{"line":3,"column":4},"end":{"line":3,"column":46}},"3":{"start":{"line":7,"column":4},"end":{"line":7,"column":47}},"4":{"start":{"line":11,"column":4},"end":{"line":11,"column":64}},"5":{"start":{"line":15,"column":4},"end":{"line":15,"column":69}},"6":{"start":{"line":19,"column":4},"end":{"line":19,"column":61}},"7":{"start":{"line":23,"column":4},"end":{"line":23,"column":62}},"8":{"start":{"line":27,"column":4},"end":{"line":27,"column":63}},"9":{"start":{"line":31,"column":4},"end":{"line":31,"column":79}},"10":{"start":{"line":35,"column":4},"end":{"line":35,"column":84}},"11":{"start":{"line":39,"column":4},"end":{"line":39,"column":76}},"12":{"start":{"line":43,"column":4},"end":{"line":43,"column":61}},"13":{"start":{"line":47,"column":4},"end":{"line":47,"column":61}},"14":{"start":{"line":51,"column":4},"end":{"line":51,"column":77}},"15":{"start":{"line":55,"column":4},"end":{"line":55,"column":82}},"16":{"start":{"line":59,"column":4},"end":{"line":59,"column":74}},"17":{"start":{"line":63,"column":4},"end":{"line":63,"column":62}},"18":{"start":{"line":67,"column":4},"end":{"line":67,"column":79}}},"fnMap":{"0":{"name":"(anonymous_0)","decl":{"start":{"line":1,"column":17},"end":{"line":1,"column":18}},"loc":{"start":{"line":1,"column":38},"end":{"line":69,"column":1}},"line":1},"1":{"name":"(anonymous_1)","decl":{"start":{"line":2,"column":2},"end":{"line":2,"column":3}},"loc":{"start":{"line":2,"column":27},"end":{"line":4,"column":3}},"line":2},"2":{"name":"(anonymous_2)","decl":{"start":{"line":6,"column":2},"end":{"line":6,"column":3}},"loc":{"start":{"line":6,"column":28},"end":{"line":8,"column":3}},"line":6},"3":{"name":"(anonymous_3)","decl":{"start":{"line":10,"column":2},"end":{"line":10,"column":3}},"loc":{"start":{"line":10,"column":39},"end":{"line":12,"column":3}},"line":10},"4":{"name":"(anonymous_4)","decl":{"start":{"line":14,"column":2},"end":{"line":14,"column":3}},"loc":{"start":{"line":14,"column":50},"end":{"line":16,"column":3}},"line":14},"5":{"name":"(anonymous_5)","decl":{"start":{"line":18,"column":2},"end":{"line":18,"column":3}},"loc":{"start":{"line":18,"column":42},"end":{"line":20,"column":3}},"line":18},"6":{"name":"(anonymous_6)","decl":{"start":{"line":22,"column":2},"end":{"line":22,"column":3}},"loc":{"start":{"line":22,"column":43},"end":{"line":24,"column":3}},"line":22},"7":{"name":"(anonymous_7)","decl":{"start":{"line":26,"column":2},"end":{"line":26,"column":3}},"loc":{"start":{"line":26,"column":44},"end":{"line":28,"column":3}},"line":26},"8":{"name":"(anonymous_8)","decl":{"start":{"line":30,"column":2},"end":{"line":30,"column":3}},"loc":{"start":{"line":30,"column":54},"end":{"line":32,"column":3}},"line":30},"9":{"name":"(anonymous_9)","decl":{"start":{"line":34,"column":2},"end":{"line":34,"column":3}},"loc":{"start":{"line":34,"column":65},"end":{"line":36,"column":3}},"line":34},"10":{"name":"(anonymous_10)","decl":{"start":{"line":38,"column":2},"end":{"line":38,"column":3}},"loc":{"start":{"line":38,"column":57},"end":{"line":40,"column":3}},"line":38},"11":{"name":"(anonymous_11)","decl":{"start":{"line":42,"column":2},"end":{"line":42,"column":3}},"loc":{"start":{"line":42,"column":42},"end":{"line":44,"column":3}},"line":42},"12":{"name":"(anonymous_12)","decl":{"start":{"line":46,"column":2},"end":{"line":46,"column":3}},"loc":{"start":{"line":46,"column":42},"end":{"line":48,"column":3}},"line":46},"13":{"name":"(anonymous_13)","decl":{"start":{"line":50,"column":2},"end":{"line":50,"column":3}},"loc":{"start":{"line":50,"column":52},"end":{"line":52,"column":3}},"line":50},"14":{"name":"(anonymous_14)","decl":{"start":{"line":54,"column":2},"end":{"line":54,"column":3}},"loc":{"start":{"line":54,"column":63},"end":{"line":56,"column":3}},"line":54},"15":{"name":"(anonymous_15)","decl":{"start":{"line":58,"column":2},"end":{"line":58,"column":3}},"loc":{"start":{"line":58,"column":55},"end":{"line":60,"column":3}},"line":58},"16":{"name":"(anonymous_16)","decl":{"start":{"line":62,"column":2},"end":{"line":62,"column":3}},"loc":{"start":{"line":62,"column":43},"end":{"line":64,"column":3}},"line":62},"17":{"name":"(anonymous_17)","decl":{"start":{"line":66,"column":2},"end":{"line":66,"column":3}},"loc":{"start":{"line":66,"column":54},"end":{"line":68,"column":3}},"line":66}},"branchMap":{},"s":{"0":583,"1":616,"2":2,"3":2,"4":2,"5":2,"6":2,"7":2,"8":2,"9":2,"10":2,"11":2,"12":2,"13":2,"14":2,"15":2,"16":2,"17":2,"18":2},"f":{"0":616,"1":2,"2":2,"3":2,"4":2,"5":2,"6":2,"7":2,"8":2,"9":2,"10":2,"11":2,"12":2,"13":2,"14":2,"15":2,"16":2,"17":2},"b":{},"_coverageSchema":"43e27e138ebf9cfc5966b082cf9a028302ed4184","hash":"d3aaf32260aa90befbec82bf15500c3bbd403e92"}
,"/Users/norman/projects/2019/jul/workflyt/src/core/areas/areas-validator.js": {"path":"/Users/norman/projects/2019/jul/workflyt/src/core/areas/areas-validator.js","statementMap":{"0":{"start":{"line":1,"column":18},"end":{"line":1,"column":47}},"1":{"start":{"line":2,"column":15},"end":{"line":2,"column":45}},"2":{"start":{"line":4,"column":20},"end":{"line":18,"column":1}},"3":{"start":{"line":20,"column":22},"end":{"line":36,"column":1}},"4":{"start":{"line":38,"column":23},"end":{"line":53,"column":1}},"5":{"start":{"line":55,"column":24},"end":{"line":74,"column":2}},"6":{"start":{"line":76,"column":26},"end":{"line":89,"column":21}},"7":{"start":{"line":91,"column":23},"end":{"line":98,"column":2}},"8":{"start":{"line":100,"column":26},"end":{"line":117,"column":21}},"9":{"start":{"line":119,"column":26},"end":{"line":125,"column":2}},"10":{"start":{"line":127,"column":27},"end":{"line":147,"column":2}},"11":{"start":{"line":149,"column":27},"end":{"line":152,"column":2}},"12":{"start":{"line":154,"column":26},"end":{"line":164,"column":2}},"13":{"start":{"line":166,"column":29},"end":{"line":185,"column":2}},"14":{"start":{"line":187,"column":29},"end":{"line":196,"column":2}},"15":{"start":{"line":198,"column":26},"end":{"line":225,"column":2}},"16":{"start":{"line":227,"column":26},"end":{"line":230,"column":2}},"17":{"start":{"line":232,"column":25},"end":{"line":242,"column":2}},"18":{"start":{"line":244,"column":28},"end":{"line":263,"column":2}},"19":{"start":{"line":265,"column":28},"end":{"line":274,"column":2}},"20":{"start":{"line":276,"column":27},"end":{"line":297,"column":2}},"21":{"start":{"line":299,"column":26},"end":{"line":309,"column":2}}},"fnMap":{},"branchMap":{},"s":{"0":615,"1":615,"2":615,"3":615,"4":615,"5":615,"6":615,"7":615,"8":615,"9":615,"10":615,"11":615,"12":615,"13":615,"14":615,"15":615,"16":615,"17":615,"18":615,"19":615,"20":615,"21":615},"f":{},"b":{},"_coverageSchema":"43e27e138ebf9cfc5966b082cf9a028302ed4184","hash":"1b9cb33601838113c99b4629b44bdc49cf0aed8b"}
,"/Users/norman/projects/2019/jul/workflyt/src/core/areas/index.js": {"path":"/Users/norman/projects/2019/jul/workflyt/src/core/areas/index.js","statementMap":{"0":{"start":{"line":2,"column":17},"end":{"line":2,"column":50}},"1":{"start":{"line":3,"column":20},"end":{"line":3,"column":48}},"2":{"start":{"line":4,"column":18},"end":{"line":4,"column":46}},"3":{"start":{"line":5,"column":19},"end":{"line":5,"column":48}},"4":{"start":{"line":6,"column":16},"end":{"line":6,"column":42}},"5":{"start":{"line":7,"column":19},"end":{"line":7,"column":48}},"6":{"start":{"line":8,"column":15},"end":{"line":8,"column":40}},"7":{"start":{"line":11,"column":19},"end":{"line":11,"column":43}},"8":{"start":{"line":12,"column":16},"end":{"line":12,"column":39}},"9":{"start":{"line":13,"column":19},"end":{"line":13,"column":66}},"10":{"start":{"line":14,"column":15},"end":{"line":14,"column":33}},"11":{"start":{"line":16,"column":0},"end":{"line":16,"column":24}}},"fnMap":{},"branchMap":{},"s":{"0":615,"1":615,"2":615,"3":615,"4":615,"5":615,"6":615,"7":615,"8":615,"9":615,"10":615,"11":615},"f":{},"b":{},"_coverageSchema":"43e27e138ebf9cfc5966b082cf9a028302ed4184","hash":"fffd6fd16f08601eea5df8805c3ad6bfc21bb239"}
,"/Users/norman/projects/2019/jul/workflyt/src/core/auth/auth-controller.js": {"path":"/Users/norman/projects/2019/jul/workflyt/src/core/auth/auth-controller.js","statementMap":{"0":{"start":{"line":1,"column":0},"end":{"line":12,"column":3}},"1":{"start":{"line":1,"column":58},"end":{"line":12,"column":2}},"2":{"start":{"line":5,"column":21},"end":{"line":5,"column":38}},"3":{"start":{"line":6,"column":21},"end":{"line":6,"column":38}},"4":{"start":{"line":7,"column":6},"end":{"line":9,"column":21}},"5":{"start":{"line":8,"column":24},"end":{"line":8,"column":65}}},"fnMap":{"0":{"name":"(anonymous_0)","decl":{"start":{"line":1,"column":17},"end":{"line":1,"column":18}},"loc":{"start":{"line":1,"column":58},"end":{"line":12,"column":2}},"line":1},"1":{"name":"handler","decl":{"start":{"line":4,"column":13},"end":{"line":4,"column":20}},"loc":{"start":{"line":4,"column":38},"end":{"line":10,"column":5}},"line":4},"2":{"name":"(anonymous_2)","decl":{"start":{"line":8,"column":14},"end":{"line":8,"column":15}},"loc":{"start":{"line":8,"column":24},"end":{"line":8,"column":65}},"line":8}},"branchMap":{},"s":{"0":615,"1":615,"2":2,"3":2,"4":2,"5":1},"f":{"0":615,"1":2,"2":1},"b":{},"_coverageSchema":"43e27e138ebf9cfc5966b082cf9a028302ed4184","hash":"5248bddc0c7221609d1771ee652e5ceb3e7515c3"}
,"/Users/norman/projects/2019/jul/workflyt/src/core/auth/auth-repository.js": {"path":"/Users/norman/projects/2019/jul/workflyt/src/core/auth/auth-repository.js","statementMap":{"0":{"start":{"line":1,"column":0},"end":{"line":1,"column":36}},"1":{"start":{"line":1,"column":31},"end":{"line":1,"column":35}}},"fnMap":{"0":{"name":"(anonymous_0)","decl":{"start":{"line":1,"column":17},"end":{"line":1,"column":18}},"loc":{"start":{"line":1,"column":31},"end":{"line":1,"column":35}},"line":1}},"branchMap":{},"s":{"0":616,"1":617},"f":{"0":617},"b":{},"_coverageSchema":"43e27e138ebf9cfc5966b082cf9a028302ed4184","hash":"9d80bba810cb4bf8bfbc99fe286df2106577e0a6"}
,"/Users/norman/projects/2019/jul/workflyt/src/core/auth/auth-router.js": {"path":"/Users/norman/projects/2019/jul/workflyt/src/core/auth/auth-router.js","statementMap":{"0":{"start":{"line":1,"column":20},"end":{"line":1,"column":52}},"1":{"start":{"line":2,"column":16},"end":{"line":2,"column":34}},"2":{"start":{"line":4,"column":0},"end":{"line":12,"column":2}},"3":{"start":{"line":5,"column":17},"end":{"line":5,"column":33}},"4":{"start":{"line":7,"column":2},"end":{"line":9,"column":41}},"5":{"start":{"line":11,"column":2},"end":{"line":11,"column":16}}},"fnMap":{"0":{"name":"(anonymous_0)","decl":{"start":{"line":4,"column":17},"end":{"line":4,"column":18}},"loc":{"start":{"line":4,"column":31},"end":{"line":12,"column":1}},"line":4}},"branchMap":{},"s":{"0":615,"1":615,"2":615,"3":615,"4":615,"5":615},"f":{"0":615},"b":{},"_coverageSchema":"43e27e138ebf9cfc5966b082cf9a028302ed4184","hash":"97807cc44783eb6dab3cb9de1d2734e16db1b855"}
,"/Users/norman/projects/2019/jul/workflyt/src/core/auth/auth-service.js": {"path":"/Users/norman/projects/2019/jul/workflyt/src/core/auth/auth-service.js","statementMap":{"0":{"start":{"line":1,"column":0},"end":{"line":18,"column":3}},"1":{"start":{"line":1,"column":46},"end":{"line":18,"column":2}},"2":{"start":{"line":3,"column":15},"end":{"line":3,"column":72}},"3":{"start":{"line":5,"column":4},"end":{"line":9,"column":5}},"4":{"start":{"line":6,"column":18},"end":{"line":6,"column":40}},"5":{"start":{"line":7,"column":6},"end":{"line":7,"column":25}},"6":{"start":{"line":8,"column":6},"end":{"line":8,"column":18}},"7":{"start":{"line":11,"column":4},"end":{"line":11,"column":74}},"8":{"start":{"line":13,"column":4},"end":{"line":13,"column":23}},"9":{"start":{"line":14,"column":4},"end":{"line":14,"column":30}},"10":{"start":{"line":16,"column":4},"end":{"line":16,"column":80}}},"fnMap":{"0":{"name":"(anonymous_0)","decl":{"start":{"line":1,"column":17},"end":{"line":1,"column":18}},"loc":{"start":{"line":1,"column":46},"end":{"line":18,"column":2}},"line":1},"1":{"name":"(anonymous_1)","decl":{"start":{"line":2,"column":2},"end":{"line":2,"column":3}},"loc":{"start":{"line":2,"column":40},"end":{"line":17,"column":3}},"line":2}},"branchMap":{"0":{"loc":{"start":{"line":5,"column":4},"end":{"line":9,"column":5}},"type":"if","locations":[{"start":{"line":5,"column":4},"end":{"line":9,"column":5}},{"start":{"line":5,"column":4},"end":{"line":9,"column":5}}],"line":5}},"s":{"0":615,"1":616,"2":3,"3":3,"4":2,"5":2,"6":2,"7":1,"8":1,"9":1,"10":1},"f":{"0":616,"1":3},"b":{"0":[2,1]},"_coverageSchema":"43e27e138ebf9cfc5966b082cf9a028302ed4184","hash":"ef82fba7b91185331f0807e69b732e65ee6547bf"}
,"/Users/norman/projects/2019/jul/workflyt/src/core/auth/auth-validator.js": {"path":"/Users/norman/projects/2019/jul/workflyt/src/core/auth/auth-validator.js","statementMap":{"0":{"start":{"line":1,"column":18},"end":{"line":1,"column":47}},"1":{"start":{"line":3,"column":22},"end":{"line":29,"column":2}}},"fnMap":{},"branchMap":{},"s":{"0":615,"1":615},"f":{},"b":{},"_coverageSchema":"43e27e138ebf9cfc5966b082cf9a028302ed4184","hash":"e229f56f30b82d421781da56300b46eb46615eb5"}
,"/Users/norman/projects/2019/jul/workflyt/src/core/auth/index.js": {"path":"/Users/norman/projects/2019/jul/workflyt/src/core/auth/index.js","statementMap":{"0":{"start":{"line":2,"column":17},"end":{"line":2,"column":50}},"1":{"start":{"line":3,"column":20},"end":{"line":3,"column":48}},"2":{"start":{"line":4,"column":18},"end":{"line":4,"column":45}},"3":{"start":{"line":5,"column":19},"end":{"line":5,"column":47}},"4":{"start":{"line":6,"column":23},"end":{"line":6,"column":59}},"5":{"start":{"line":7,"column":16},"end":{"line":7,"column":41}},"6":{"start":{"line":8,"column":19},"end":{"line":8,"column":47}},"7":{"start":{"line":9,"column":15},"end":{"line":9,"column":39}},"8":{"start":{"line":12,"column":19},"end":{"line":12,"column":69}},"9":{"start":{"line":13,"column":16},"end":{"line":13,"column":61}},"10":{"start":{"line":14,"column":19},"end":{"line":14,"column":66}},"11":{"start":{"line":15,"column":15},"end":{"line":15,"column":33}},"12":{"start":{"line":17,"column":0},"end":{"line":17,"column":24}}},"fnMap":{},"branchMap":{},"s":{"0":615,"1":615,"2":615,"3":615,"4":615,"5":615,"6":615,"7":615,"8":615,"9":615,"10":615,"11":615,"12":615},"f":{},"b":{},"_coverageSchema":"43e27e138ebf9cfc5966b082cf9a028302ed4184","hash":"739ecfd4c35e22e5ee9f3559a59f2b6008bfe496"}
,"/Users/norman/projects/2019/jul/workflyt/src/core/categories/categories-controller.js": {"path":"/Users/norman/projects/2019/jul/workflyt/src/core/categories/categories-controller.js","statementMap":{"0":{"start":{"line":1,"column":0},"end":{"line":83,"column":3}},"1":{"start":{"line":1,"column":58},"end":{"line":83,"column":2}},"2":{"start":{"line":6,"column":6},"end":{"line":8,"column":21}},"3":{"start":{"line":7,"column":24},"end":{"line":7,"column":65}},"4":{"start":{"line":16,"column":6},"end":{"line":18,"column":21}},"5":{"start":{"line":17,"column":24},"end":{"line":17,"column":77}},"6":{"start":{"line":26,"column":24},"end":{"line":26,"column":43}},"7":{"start":{"line":27,"column":20},"end":{"line":27,"column":29}},"8":{"start":{"line":28,"column":6},"end":{"line":30,"column":21}},"9":{"start":{"line":29,"column":24},"end":{"line":29,"column":65}},"10":{"start":{"line":38,"column":24},"end":{"line":38,"column":43}},"11":{"start":{"line":39,"column":19},"end":{"line":39,"column":27}},"12":{"start":{"line":40,"column":20},"end":{"line":40,"column":29}},"13":{"start":{"line":41,"column":6},"end":{"line":43,"column":21}},"14":{"start":{"line":42,"column":24},"end":{"line":42,"column":65}},"15":{"start":{"line":51,"column":24},"end":{"line":51,"column":43}},"16":{"start":{"line":52,"column":20},"end":{"line":52,"column":29}},"17":{"start":{"line":53,"column":6},"end":{"line":55,"column":21}},"18":{"start":{"line":54,"column":24},"end":{"line":54,"column":65}},"19":{"start":{"line":63,"column":24},"end":{"line":63,"column":43}},"20":{"start":{"line":64,"column":20},"end":{"line":64,"column":29}},"21":{"start":{"line":65,"column":6},"end":{"line":67,"column":21}},"22":{"start":{"line":66,"column":24},"end":{"line":66,"column":65}},"23":{"start":{"line":75,"column":24},"end":{"line":75,"column":43}},"24":{"start":{"line":76,"column":24},"end":{"line":76,"column":43}},"25":{"start":{"line":77,"column":20},"end":{"line":77,"column":29}},"26":{"start":{"line":78,"column":6},"end":{"line":80,"column":21}},"27":{"start":{"line":79,"column":24},"end":{"line":79,"column":65}}},"fnMap":{"0":{"name":"(anonymous_0)","decl":{"start":{"line":1,"column":17},"end":{"line":1,"column":18}},"loc":{"start":{"line":1,"column":58},"end":{"line":83,"column":2}},"line":1},"1":{"name":"handler","decl":{"start":{"line":5,"column":13},"end":{"line":5,"column":20}},"loc":{"start":{"line":5,"column":38},"end":{"line":9,"column":5}},"line":5},"2":{"name":"(anonymous_2)","decl":{"start":{"line":7,"column":14},"end":{"line":7,"column":15}},"loc":{"start":{"line":7,"column":24},"end":{"line":7,"column":65}},"line":7},"3":{"name":"handler","decl":{"start":{"line":15,"column":13},"end":{"line":15,"column":20}},"loc":{"start":{"line":15,"column":38},"end":{"line":19,"column":5}},"line":15},"4":{"name":"(anonymous_4)","decl":{"start":{"line":17,"column":14},"end":{"line":17,"column":15}},"loc":{"start":{"line":17,"column":24},"end":{"line":17,"column":77}},"line":17},"5":{"name":"handler","decl":{"start":{"line":25,"column":13},"end":{"line":25,"column":20}},"loc":{"start":{"line":25,"column":38},"end":{"line":31,"column":5}},"line":25},"6":{"name":"(anonymous_6)","decl":{"start":{"line":29,"column":14},"end":{"line":29,"column":15}},"loc":{"start":{"line":29,"column":24},"end":{"line":29,"column":65}},"line":29},"7":{"name":"handler","decl":{"start":{"line":37,"column":13},"end":{"line":37,"column":20}},"loc":{"start":{"line":37,"column":38},"end":{"line":44,"column":5}},"line":37},"8":{"name":"(anonymous_8)","decl":{"start":{"line":42,"column":14},"end":{"line":42,"column":15}},"loc":{"start":{"line":42,"column":24},"end":{"line":42,"column":65}},"line":42},"9":{"name":"handler","decl":{"start":{"line":50,"column":13},"end":{"line":50,"column":20}},"loc":{"start":{"line":50,"column":38},"end":{"line":56,"column":5}},"line":50},"10":{"name":"(anonymous_10)","decl":{"start":{"line":54,"column":14},"end":{"line":54,"column":15}},"loc":{"start":{"line":54,"column":24},"end":{"line":54,"column":65}},"line":54},"11":{"name":"handler","decl":{"start":{"line":62,"column":13},"end":{"line":62,"column":20}},"loc":{"start":{"line":62,"column":38},"end":{"line":68,"column":5}},"line":62},"12":{"name":"(anonymous_12)","decl":{"start":{"line":66,"column":14},"end":{"line":66,"column":15}},"loc":{"start":{"line":66,"column":24},"end":{"line":66,"column":65}},"line":66},"13":{"name":"handler","decl":{"start":{"line":74,"column":13},"end":{"line":74,"column":20}},"loc":{"start":{"line":74,"column":38},"end":{"line":81,"column":5}},"line":74},"14":{"name":"(anonymous_14)","decl":{"start":{"line":79,"column":14},"end":{"line":79,"column":15}},"loc":{"start":{"line":79,"column":24},"end":{"line":79,"column":65}},"line":79}},"branchMap":{},"s":{"0":615,"1":615,"2":1,"3":1,"4":2,"5":1,"6":2,"7":2,"8":2,"9":1,"10":2,"11":2,"12":2,"13":2,"14":1,"15":2,"16":2,"17":2,"18":1,"19":2,"20":2,"21":2,"22":1,"23":2,"24":2,"25":2,"26":2,"27":1},"f":{"0":615,"1":1,"2":1,"3":2,"4":1,"5":2,"6":1,"7":2,"8":1,"9":2,"10":1,"11":2,"12":1,"13":2,"14":1},"b":{},"_coverageSchema":"43e27e138ebf9cfc5966b082cf9a028302ed4184","hash":"c405e0357777339401d9b338f525ab312db7696e"}
,"/Users/norman/projects/2019/jul/workflyt/src/core/categories/categories-repository.js": {"path":"/Users/norman/projects/2019/jul/workflyt/src/core/categories/categories-repository.js","statementMap":{"0":{"start":{"line":1,"column":0},"end":{"line":55,"column":3}},"1":{"start":{"line":1,"column":36},"end":{"line":55,"column":1}},"2":{"start":{"line":3,"column":4},"end":{"line":3,"column":59}},"3":{"start":{"line":7,"column":4},"end":{"line":7,"column":57}},"4":{"start":{"line":11,"column":19},"end":{"line":14,"column":5}},"5":{"start":{"line":16,"column":4},"end":{"line":20,"column":5}},"6":{"start":{"line":17,"column":6},"end":{"line":17,"column":35}},"7":{"start":{"line":19,"column":6},"end":{"line":19,"column":22}},"8":{"start":{"line":24,"column":19},"end":{"line":24,"column":64}},"9":{"start":{"line":25,"column":4},"end":{"line":25,"column":50}},"10":{"start":{"line":29,"column":19},"end":{"line":29,"column":64}},"11":{"start":{"line":30,"column":4},"end":{"line":30,"column":43}},"12":{"start":{"line":34,"column":19},"end":{"line":34,"column":64}},"13":{"start":{"line":35,"column":4},"end":{"line":35,"column":71}},"14":{"start":{"line":39,"column":19},"end":{"line":39,"column":64}},"15":{"start":{"line":41,"column":19},"end":{"line":47,"column":6}},"16":{"start":{"line":49,"column":4},"end":{"line":53,"column":5}},"17":{"start":{"line":50,"column":6},"end":{"line":50,"column":35}},"18":{"start":{"line":52,"column":6},"end":{"line":52,"column":22}}},"fnMap":{"0":{"name":"(anonymous_0)","decl":{"start":{"line":1,"column":17},"end":{"line":1,"column":18}},"loc":{"start":{"line":1,"column":36},"end":{"line":55,"column":1}},"line":1},"1":{"name":"(anonymous_1)","decl":{"start":{"line":2,"column":2},"end":{"line":2,"column":3}},"loc":{"start":{"line":2,"column":32},"end":{"line":4,"column":3}},"line":2},"2":{"name":"(anonymous_2)","decl":{"start":{"line":6,"column":2},"end":{"line":6,"column":3}},"loc":{"start":{"line":6,"column":32},"end":{"line":8,"column":3}},"line":6},"3":{"name":"(anonymous_3)","decl":{"start":{"line":10,"column":2},"end":{"line":10,"column":3}},"loc":{"start":{"line":10,"column":55},"end":{"line":21,"column":3}},"line":10},"4":{"name":"(anonymous_4)","decl":{"start":{"line":23,"column":2},"end":{"line":23,"column":3}},"loc":{"start":{"line":23,"column":58},"end":{"line":26,"column":3}},"line":23},"5":{"name":"(anonymous_5)","decl":{"start":{"line":28,"column":2},"end":{"line":28,"column":3}},"loc":{"start":{"line":28,"column":50},"end":{"line":31,"column":3}},"line":28},"6":{"name":"(anonymous_6)","decl":{"start":{"line":33,"column":2},"end":{"line":33,"column":3}},"loc":{"start":{"line":33,"column":48},"end":{"line":36,"column":3}},"line":33},"7":{"name":"(anonymous_7)","decl":{"start":{"line":38,"column":2},"end":{"line":38,"column":3}},"loc":{"start":{"line":38,"column":68},"end":{"line":54,"column":3}},"line":38}},"branchMap":{"0":{"loc":{"start":{"line":16,"column":4},"end":{"line":20,"column":5}},"type":"if","locations":[{"start":{"line":16,"column":4},"end":{"line":20,"column":5}},{"start":{"line":16,"column":4},"end":{"line":20,"column":5}}],"line":16},"1":{"loc":{"start":{"line":16,"column":8},"end":{"line":16,"column":27}},"type":"binary-expr","locations":[{"start":{"line":16,"column":8},"end":{"line":16,"column":14}},{"start":{"line":16,"column":18},"end":{"line":16,"column":27}}],"line":16},"2":{"loc":{"start":{"line":49,"column":4},"end":{"line":53,"column":5}},"type":"if","locations":[{"start":{"line":49,"column":4},"end":{"line":53,"column":5}},{"start":{"line":49,"column":4},"end":{"line":53,"column":5}}],"line":49},"3":{"loc":{"start":{"line":49,"column":8},"end":{"line":49,"column":27}},"type":"binary-expr","locations":[{"start":{"line":49,"column":8},"end":{"line":49,"column":14}},{"start":{"line":49,"column":18},"end":{"line":49,"column":27}}],"line":49}},"s":{"0":617,"1":617,"2":3,"3":2,"4":19,"5":18,"6":5,"7":13,"8":3,"9":2,"10":3,"11":2,"12":4,"13":3,"14":5,"15":4,"16":3,"17":1,"18":2},"f":{"0":617,"1":3,"2":2,"3":19,"4":3,"5":3,"6":4,"7":5},"b":{"0":[5,13],"1":[18,16],"2":[1,2],"3":[3,2]},"_coverageSchema":"43e27e138ebf9cfc5966b082cf9a028302ed4184","hash":"7da19696dd7fda7c214a608a56753b6860ad1360"}
,"/Users/norman/projects/2019/jul/workflyt/src/core/categories/categories-router.js": {"path":"/Users/norman/projects/2019/jul/workflyt/src/core/categories/categories-router.js","statementMap":{"0":{"start":{"line":1,"column":20},"end":{"line":1,"column":52}},"1":{"start":{"line":2,"column":16},"end":{"line":2,"column":34}},"2":{"start":{"line":4,"column":0},"end":{"line":27,"column":2}},"3":{"start":{"line":5,"column":17},"end":{"line":5,"column":33}},"4":{"start":{"line":7,"column":2},"end":{"line":10,"column":41}},"5":{"start":{"line":12,"column":2},"end":{"line":16,"column":41}},"6":{"start":{"line":18,"column":2},"end":{"line":20,"column":41}},"7":{"start":{"line":22,"column":2},"end":{"line":24,"column":41}},"8":{"start":{"line":26,"column":2},"end":{"line":26,"column":16}}},"fnMap":{"0":{"name":"(anonymous_0)","decl":{"start":{"line":4,"column":17},"end":{"line":4,"column":18}},"loc":{"start":{"line":4,"column":31},"end":{"line":27,"column":1}},"line":4}},"branchMap":{},"s":{"0":615,"1":615,"2":615,"3":615,"4":615,"5":615,"6":615,"7":615,"8":615},"f":{"0":615},"b":{},"_coverageSchema":"43e27e138ebf9cfc5966b082cf9a028302ed4184","hash":"2e35aa42eb2ad386c3660d71ab077935c45d03b8"}
,"/Users/norman/projects/2019/jul/workflyt/src/core/categories/categories-service.js": {"path":"/Users/norman/projects/2019/jul/workflyt/src/core/categories/categories-service.js","statementMap":{"0":{"start":{"line":1,"column":0},"end":{"line":29,"column":3}},"1":{"start":{"line":1,"column":38},"end":{"line":29,"column":1}},"2":{"start":{"line":3,"column":4},"end":{"line":3,"column":51}},"3":{"start":{"line":7,"column":4},"end":{"line":7,"column":51}},"4":{"start":{"line":11,"column":4},"end":{"line":11,"column":72}},"5":{"start":{"line":15,"column":4},"end":{"line":15,"column":77}},"6":{"start":{"line":19,"column":4},"end":{"line":19,"column":69}},"7":{"start":{"line":23,"column":4},"end":{"line":23,"column":67}},"8":{"start":{"line":27,"column":4},"end":{"line":27,"column":85}}},"fnMap":{"0":{"name":"(anonymous_0)","decl":{"start":{"line":1,"column":17},"end":{"line":1,"column":18}},"loc":{"start":{"line":1,"column":38},"end":{"line":29,"column":1}},"line":1},"1":{"name":"(anonymous_1)","decl":{"start":{"line":2,"column":2},"end":{"line":2,"column":3}},"loc":{"start":{"line":2,"column":32},"end":{"line":4,"column":3}},"line":2},"2":{"name":"(anonymous_2)","decl":{"start":{"line":6,"column":2},"end":{"line":6,"column":3}},"loc":{"start":{"line":6,"column":32},"end":{"line":8,"column":3}},"line":6},"3":{"name":"(anonymous_3)","decl":{"start":{"line":10,"column":2},"end":{"line":10,"column":3}},"loc":{"start":{"line":10,"column":47},"end":{"line":12,"column":3}},"line":10},"4":{"name":"(anonymous_4)","decl":{"start":{"line":14,"column":2},"end":{"line":14,"column":3}},"loc":{"start":{"line":14,"column":58},"end":{"line":16,"column":3}},"line":14},"5":{"name":"(anonymous_5)","decl":{"start":{"line":18,"column":2},"end":{"line":18,"column":3}},"loc":{"start":{"line":18,"column":50},"end":{"line":20,"column":3}},"line":18},"6":{"name":"(anonymous_6)","decl":{"start":{"line":22,"column":2},"end":{"line":22,"column":3}},"loc":{"start":{"line":22,"column":48},"end":{"line":24,"column":3}},"line":22},"7":{"name":"(anonymous_7)","decl":{"start":{"line":26,"column":2},"end":{"line":26,"column":3}},"loc":{"start":{"line":26,"column":60},"end":{"line":28,"column":3}},"line":26}},"branchMap":{},"s":{"0":603,"1":616,"2":2,"3":2,"4":2,"5":2,"6":2,"7":2,"8":2},"f":{"0":616,"1":2,"2":2,"3":2,"4":2,"5":2,"6":2,"7":2},"b":{},"_coverageSchema":"43e27e138ebf9cfc5966b082cf9a028302ed4184","hash":"62bf0ea4e4b3c238ad112934d04da1566c6f86be"}
,"/Users/norman/projects/2019/jul/workflyt/src/core/categories/categories-validator.js": {"path":"/Users/norman/projects/2019/jul/workflyt/src/core/categories/categories-validator.js","statementMap":{"0":{"start":{"line":1,"column":18},"end":{"line":1,"column":47}},"1":{"start":{"line":2,"column":15},"end":{"line":2,"column":45}},"2":{"start":{"line":4,"column":24},"end":{"line":19,"column":1}},"3":{"start":{"line":21,"column":24},"end":{"line":36,"column":1}},"4":{"start":{"line":38,"column":29},"end":{"line":58,"column":2}},"5":{"start":{"line":60,"column":30},"end":{"line":74,"column":21}},"6":{"start":{"line":76,"column":27},"end":{"line":86,"column":2}},"7":{"start":{"line":88,"column":30},"end":{"line":110,"column":21}},"8":{"start":{"line":112,"column":30},"end":{"line":121,"column":2}},"9":{"start":{"line":123,"column":28},"end":{"line":144,"column":2}},"10":{"start":{"line":146,"column":27},"end":{"line":156,"column":2}}},"fnMap":{},"branchMap":{},"s":{"0":615,"1":615,"2":615,"3":615,"4":615,"5":615,"6":615,"7":615,"8":615,"9":615,"10":615},"f":{},"b":{},"_coverageSchema":"43e27e138ebf9cfc5966b082cf9a028302ed4184","hash":"f6ca1f9b7e67b9232e450f9f1ec2e2929bef2fd9"}
,"/Users/norman/projects/2019/jul/workflyt/src/core/categories/index.js": {"path":"/Users/norman/projects/2019/jul/workflyt/src/core/categories/index.js","statementMap":{"0":{"start":{"line":2,"column":17},"end":{"line":2,"column":50}},"1":{"start":{"line":3,"column":20},"end":{"line":3,"column":48}},"2":{"start":{"line":4,"column":18},"end":{"line":4,"column":51}},"3":{"start":{"line":5,"column":19},"end":{"line":5,"column":53}},"4":{"start":{"line":6,"column":16},"end":{"line":6,"column":47}},"5":{"start":{"line":7,"column":19},"end":{"line":7,"column":53}},"6":{"start":{"line":8,"column":15},"end":{"line":8,"column":45}},"7":{"start":{"line":11,"column":19},"end":{"line":11,"column":43}},"8":{"start":{"line":12,"column":16},"end":{"line":12,"column":39}},"9":{"start":{"line":13,"column":19},"end":{"line":13,"column":66}},"10":{"start":{"line":14,"column":15},"end":{"line":14,"column":33}},"11":{"start":{"line":16,"column":0},"end":{"line":16,"column":24}}},"fnMap":{},"branchMap":{},"s":{"0":615,"1":615,"2":615,"3":615,"4":615,"5":615,"6":615,"7":615,"8":615,"9":615,"10":615,"11":615},"f":{},"b":{},"_coverageSchema":"43e27e138ebf9cfc5966b082cf9a028302ed4184","hash":"7f49b60da2edadae6cc1f18e82ebb1c06d5dd1c7"}
,"/Users/norman/projects/2019/jul/workflyt/src/core/clients/clients-controller.js": {"path":"/Users/norman/projects/2019/jul/workflyt/src/core/clients/clients-controller.js","statementMap":{"0":{"start":{"line":1,"column":0},"end":{"line":83,"column":3}},"1":{"start":{"line":1,"column":58},"end":{"line":83,"column":2}},"2":{"start":{"line":6,"column":6},"end":{"line":8,"column":21}},"3":{"start":{"line":7,"column":24},"end":{"line":7,"column":65}},"4":{"start":{"line":16,"column":6},"end":{"line":18,"column":21}},"5":{"start":{"line":17,"column":24},"end":{"line":17,"column":77}},"6":{"start":{"line":26,"column":22},"end":{"line":26,"column":39}},"7":{"start":{"line":27,"column":20},"end":{"line":27,"column":29}},"8":{"start":{"line":28,"column":6},"end":{"line":30,"column":21}},"9":{"start":{"line":29,"column":24},"end":{"line":29,"column":65}},"10":{"start":{"line":38,"column":22},"end":{"line":38,"column":39}},"11":{"start":{"line":39,"column":19},"end":{"line":39,"column":27}},"12":{"start":{"line":40,"column":20},"end":{"line":40,"column":29}},"13":{"start":{"line":41,"column":6},"end":{"line":43,"column":21}},"14":{"start":{"line":42,"column":24},"end":{"line":42,"column":65}},"15":{"start":{"line":51,"column":22},"end":{"line":51,"column":39}},"16":{"start":{"line":52,"column":20},"end":{"line":52,"column":29}},"17":{"start":{"line":53,"column":6},"end":{"line":55,"column":21}},"18":{"start":{"line":54,"column":24},"end":{"line":54,"column":65}},"19":{"start":{"line":63,"column":22},"end":{"line":63,"column":39}},"20":{"start":{"line":64,"column":20},"end":{"line":64,"column":29}},"21":{"start":{"line":65,"column":6},"end":{"line":67,"column":21}},"22":{"start":{"line":66,"column":24},"end":{"line":66,"column":65}},"23":{"start":{"line":75,"column":22},"end":{"line":75,"column":39}},"24":{"start":{"line":76,"column":21},"end":{"line":76,"column":37}},"25":{"start":{"line":77,"column":20},"end":{"line":77,"column":29}},"26":{"start":{"line":78,"column":6},"end":{"line":80,"column":21}},"27":{"start":{"line":79,"column":24},"end":{"line":79,"column":65}}},"fnMap":{"0":{"name":"(anonymous_0)","decl":{"start":{"line":1,"column":17},"end":{"line":1,"column":18}},"loc":{"start":{"line":1,"column":58},"end":{"line":83,"column":2}},"line":1},"1":{"name":"handler","decl":{"start":{"line":5,"column":13},"end":{"line":5,"column":20}},"loc":{"start":{"line":5,"column":38},"end":{"line":9,"column":5}},"line":5},"2":{"name":"(anonymous_2)","decl":{"start":{"line":7,"column":14},"end":{"line":7,"column":15}},"loc":{"start":{"line":7,"column":24},"end":{"line":7,"column":65}},"line":7},"3":{"name":"handler","decl":{"start":{"line":15,"column":13},"end":{"line":15,"column":20}},"loc":{"start":{"line":15,"column":38},"end":{"line":19,"column":5}},"line":15},"4":{"name":"(anonymous_4)","decl":{"start":{"line":17,"column":14},"end":{"line":17,"column":15}},"loc":{"start":{"line":17,"column":24},"end":{"line":17,"column":77}},"line":17},"5":{"name":"handler","decl":{"start":{"line":25,"column":13},"end":{"line":25,"column":20}},"loc":{"start":{"line":25,"column":38},"end":{"line":31,"column":5}},"line":25},"6":{"name":"(anonymous_6)","decl":{"start":{"line":29,"column":14},"end":{"line":29,"column":15}},"loc":{"start":{"line":29,"column":24},"end":{"line":29,"column":65}},"line":29},"7":{"name":"handler","decl":{"start":{"line":37,"column":13},"end":{"line":37,"column":20}},"loc":{"start":{"line":37,"column":38},"end":{"line":44,"column":5}},"line":37},"8":{"name":"(anonymous_8)","decl":{"start":{"line":42,"column":14},"end":{"line":42,"column":15}},"loc":{"start":{"line":42,"column":24},"end":{"line":42,"column":65}},"line":42},"9":{"name":"handler","decl":{"start":{"line":50,"column":13},"end":{"line":50,"column":20}},"loc":{"start":{"line":50,"column":38},"end":{"line":56,"column":5}},"line":50},"10":{"name":"(anonymous_10)","decl":{"start":{"line":54,"column":14},"end":{"line":54,"column":15}},"loc":{"start":{"line":54,"column":24},"end":{"line":54,"column":65}},"line":54},"11":{"name":"handler","decl":{"start":{"line":62,"column":13},"end":{"line":62,"column":20}},"loc":{"start":{"line":62,"column":38},"end":{"line":68,"column":5}},"line":62},"12":{"name":"(anonymous_12)","decl":{"start":{"line":66,"column":14},"end":{"line":66,"column":15}},"loc":{"start":{"line":66,"column":24},"end":{"line":66,"column":65}},"line":66},"13":{"name":"handler","decl":{"start":{"line":74,"column":13},"end":{"line":74,"column":20}},"loc":{"start":{"line":74,"column":38},"end":{"line":81,"column":5}},"line":74},"14":{"name":"(anonymous_14)","decl":{"start":{"line":79,"column":14},"end":{"line":79,"column":15}},"loc":{"start":{"line":79,"column":24},"end":{"line":79,"column":65}},"line":79}},"branchMap":{},"s":{"0":615,"1":615,"2":1,"3":1,"4":2,"5":1,"6":2,"7":2,"8":2,"9":1,"10":2,"11":2,"12":2,"13":2,"14":1,"15":2,"16":2,"17":2,"18":1,"19":2,"20":2,"21":2,"22":1,"23":2,"24":2,"25":2,"26":2,"27":1},"f":{"0":615,"1":1,"2":1,"3":2,"4":1,"5":2,"6":1,"7":2,"8":1,"9":2,"10":1,"11":2,"12":1,"13":2,"14":1},"b":{},"_coverageSchema":"43e27e138ebf9cfc5966b082cf9a028302ed4184","hash":"e58ec0332ffd530be5c255e3585c113d4db13dd9"}
,"/Users/norman/projects/2019/jul/workflyt/src/core/clients/clients-repository.js": {"path":"/Users/norman/projects/2019/jul/workflyt/src/core/clients/clients-repository.js","statementMap":{"0":{"start":{"line":1,"column":0},"end":{"line":55,"column":3}},"1":{"start":{"line":1,"column":36},"end":{"line":55,"column":1}},"2":{"start":{"line":3,"column":4},"end":{"line":3,"column":57}},"3":{"start":{"line":7,"column":4},"end":{"line":7,"column":55}},"4":{"start":{"line":11,"column":17},"end":{"line":14,"column":5}},"5":{"start":{"line":16,"column":4},"end":{"line":20,"column":5}},"6":{"start":{"line":17,"column":6},"end":{"line":17,"column":35}},"7":{"start":{"line":19,"column":6},"end":{"line":19,"column":20}},"8":{"start":{"line":24,"column":17},"end":{"line":24,"column":58}},"9":{"start":{"line":25,"column":4},"end":{"line":25,"column":48}},"10":{"start":{"line":29,"column":17},"end":{"line":29,"column":58}},"11":{"start":{"line":30,"column":4},"end":{"line":30,"column":41}},"12":{"start":{"line":34,"column":17},"end":{"line":34,"column":58}},"13":{"start":{"line":35,"column":4},"end":{"line":35,"column":66}},"14":{"start":{"line":39,"column":17},"end":{"line":39,"column":58}},"15":{"start":{"line":41,"column":16},"end":{"line":47,"column":6}},"16":{"start":{"line":49,"column":4},"end":{"line":53,"column":5}},"17":{"start":{"line":50,"column":6},"end":{"line":50,"column":35}},"18":{"start":{"line":52,"column":6},"end":{"line":52,"column":19}}},"fnMap":{"0":{"name":"(anonymous_0)","decl":{"start":{"line":1,"column":17},"end":{"line":1,"column":18}},"loc":{"start":{"line":1,"column":36},"end":{"line":55,"column":1}},"line":1},"1":{"name":"(anonymous_1)","decl":{"start":{"line":2,"column":2},"end":{"line":2,"column":3}},"loc":{"start":{"line":2,"column":29},"end":{"line":4,"column":3}},"line":2},"2":{"name":"(anonymous_2)","decl":{"start":{"line":6,"column":2},"end":{"line":6,"column":3}},"loc":{"start":{"line":6,"column":30},"end":{"line":8,"column":3}},"line":6},"3":{"name":"(anonymous_3)","decl":{"start":{"line":10,"column":2},"end":{"line":10,"column":3}},"loc":{"start":{"line":10,"column":51},"end":{"line":21,"column":3}},"line":10},"4":{"name":"(anonymous_4)","decl":{"start":{"line":23,"column":2},"end":{"line":23,"column":3}},"loc":{"start":{"line":23,"column":54},"end":{"line":26,"column":3}},"line":23},"5":{"name":"(anonymous_5)","decl":{"start":{"line":28,"column":2},"end":{"line":28,"column":3}},"loc":{"start":{"line":28,"column":46},"end":{"line":31,"column":3}},"line":28},"6":{"name":"(anonymous_6)","decl":{"start":{"line":33,"column":2},"end":{"line":33,"column":3}},"loc":{"start":{"line":33,"column":43},"end":{"line":36,"column":3}},"line":33},"7":{"name":"(anonymous_7)","decl":{"start":{"line":38,"column":2},"end":{"line":38,"column":3}},"loc":{"start":{"line":38,"column":60},"end":{"line":54,"column":3}},"line":38}},"branchMap":{"0":{"loc":{"start":{"line":16,"column":4},"end":{"line":20,"column":5}},"type":"if","locations":[{"start":{"line":16,"column":4},"end":{"line":20,"column":5}},{"start":{"line":16,"column":4},"end":{"line":20,"column":5}}],"line":16},"1":{"loc":{"start":{"line":16,"column":8},"end":{"line":16,"column":25}},"type":"binary-expr","locations":[{"start":{"line":16,"column":8},"end":{"line":16,"column":14}},{"start":{"line":16,"column":18},"end":{"line":16,"column":25}}],"line":16},"2":{"loc":{"start":{"line":49,"column":4},"end":{"line":53,"column":5}},"type":"if","locations":[{"start":{"line":49,"column":4},"end":{"line":53,"column":5}},{"start":{"line":49,"column":4},"end":{"line":53,"column":5}}],"line":49},"3":{"loc":{"start":{"line":49,"column":8},"end":{"line":49,"column":24}},"type":"binary-expr","locations":[{"start":{"line":49,"column":8},"end":{"line":49,"column":14}},{"start":{"line":49,"column":18},"end":{"line":49,"column":24}}],"line":49}},"s":{"0":617,"1":617,"2":3,"3":2,"4":19,"5":18,"6":5,"7":13,"8":3,"9":2,"10":3,"11":2,"12":4,"13":3,"14":5,"15":4,"16":3,"17":1,"18":2},"f":{"0":617,"1":3,"2":2,"3":19,"4":3,"5":3,"6":4,"7":5},"b":{"0":[5,13],"1":[18,16],"2":[1,2],"3":[3,2]},"_coverageSchema":"43e27e138ebf9cfc5966b082cf9a028302ed4184","hash":"308b4eb22dc485faf94d2acd57133bf61793713f"}
,"/Users/norman/projects/2019/jul/workflyt/src/core/clients/clients-router.js": {"path":"/Users/norman/projects/2019/jul/workflyt/src/core/clients/clients-router.js","statementMap":{"0":{"start":{"line":2,"column":20},"end":{"line":2,"column":52}},"1":{"start":{"line":3,"column":16},"end":{"line":3,"column":34}},"2":{"start":{"line":5,"column":0},"end":{"line":28,"column":2}},"3":{"start":{"line":6,"column":17},"end":{"line":6,"column":33}},"4":{"start":{"line":8,"column":2},"end":{"line":11,"column":41}},"5":{"start":{"line":13,"column":2},"end":{"line":17,"column":41}},"6":{"start":{"line":19,"column":2},"end":{"line":21,"column":41}},"7":{"start":{"line":23,"column":2},"end":{"line":25,"column":41}},"8":{"start":{"line":27,"column":2},"end":{"line":27,"column":16}}},"fnMap":{"0":{"name":"(anonymous_0)","decl":{"start":{"line":5,"column":17},"end":{"line":5,"column":18}},"loc":{"start":{"line":5,"column":31},"end":{"line":28,"column":1}},"line":5}},"branchMap":{},"s":{"0":615,"1":615,"2":615,"3":615,"4":615,"5":615,"6":615,"7":615,"8":615},"f":{"0":615},"b":{},"_coverageSchema":"43e27e138ebf9cfc5966b082cf9a028302ed4184","hash":"82fa7af4c689637727860b424aa90ff6335078bf"}
,"/Users/norman/projects/2019/jul/workflyt/src/core/clients/clients-service.js": {"path":"/Users/norman/projects/2019/jul/workflyt/src/core/clients/clients-service.js","statementMap":{"0":{"start":{"line":1,"column":0},"end":{"line":29,"column":3}},"1":{"start":{"line":1,"column":38},"end":{"line":29,"column":1}},"2":{"start":{"line":3,"column":4},"end":{"line":3,"column":48}},"3":{"start":{"line":7,"column":4},"end":{"line":7,"column":49}},"4":{"start":{"line":11,"column":4},"end":{"line":11,"column":68}},"5":{"start":{"line":15,"column":4},"end":{"line":15,"column":73}},"6":{"start":{"line":19,"column":4},"end":{"line":19,"column":65}},"7":{"start":{"line":23,"column":4},"end":{"line":23,"column":62}},"8":{"start":{"line":27,"column":4},"end":{"line":27,"column":77}}},"fnMap":{"0":{"name":"(anonymous_0)","decl":{"start":{"line":1,"column":17},"end":{"line":1,"column":18}},"loc":{"start":{"line":1,"column":38},"end":{"line":29,"column":1}},"line":1},"1":{"name":"(anonymous_1)","decl":{"start":{"line":2,"column":2},"end":{"line":2,"column":3}},"loc":{"start":{"line":2,"column":29},"end":{"line":4,"column":3}},"line":2},"2":{"name":"(anonymous_2)","decl":{"start":{"line":6,"column":2},"end":{"line":6,"column":3}},"loc":{"start":{"line":6,"column":30},"end":{"line":8,"column":3}},"line":6},"3":{"name":"(anonymous_3)","decl":{"start":{"line":10,"column":2},"end":{"line":10,"column":3}},"loc":{"start":{"line":10,"column":43},"end":{"line":12,"column":3}},"line":10},"4":{"name":"(anonymous_4)","decl":{"start":{"line":14,"column":2},"end":{"line":14,"column":3}},"loc":{"start":{"line":14,"column":54},"end":{"line":16,"column":3}},"line":14},"5":{"name":"(anonymous_5)","decl":{"start":{"line":18,"column":2},"end":{"line":18,"column":3}},"loc":{"start":{"line":18,"column":46},"end":{"line":20,"column":3}},"line":18},"6":{"name":"(anonymous_6)","decl":{"start":{"line":22,"column":2},"end":{"line":22,"column":3}},"loc":{"start":{"line":22,"column":43},"end":{"line":24,"column":3}},"line":22},"7":{"name":"(anonymous_7)","decl":{"start":{"line":26,"column":2},"end":{"line":26,"column":3}},"loc":{"start":{"line":26,"column":52},"end":{"line":28,"column":3}},"line":26}},"branchMap":{},"s":{"0":603,"1":616,"2":2,"3":2,"4":2,"5":2,"6":2,"7":2,"8":2},"f":{"0":616,"1":2,"2":2,"3":2,"4":2,"5":2,"6":2,"7":2},"b":{},"_coverageSchema":"43e27e138ebf9cfc5966b082cf9a028302ed4184","hash":"c669603827a14a4620c00d42b6567b176eadf97a"}
,"/Users/norman/projects/2019/jul/workflyt/src/core/clients/clients-validator.js": {"path":"/Users/norman/projects/2019/jul/workflyt/src/core/clients/clients-validator.js","statementMap":{"0":{"start":{"line":1,"column":18},"end":{"line":1,"column":47}},"1":{"start":{"line":2,"column":15},"end":{"line":2,"column":45}},"2":{"start":{"line":4,"column":22},"end":{"line":18,"column":1}},"3":{"start":{"line":20,"column":21},"end":{"line":37,"column":1}},"4":{"start":{"line":39,"column":26},"end":{"line":58,"column":2}},"5":{"start":{"line":60,"column":28},"end":{"line":73,"column":21}},"6":{"start":{"line":75,"column":25},"end":{"line":82,"column":2}},"7":{"start":{"line":84,"column":28},"end":{"line":101,"column":21}},"8":{"start":{"line":103,"column":28},"end":{"line":109,"column":2}},"9":{"start":{"line":111,"column":25},"end":{"line":137,"column":2}},"10":{"start":{"line":139,"column":24},"end":{"line":149,"column":2}}},"fnMap":{},"branchMap":{},"s":{"0":615,"1":615,"2":615,"3":615,"4":615,"5":615,"6":615,"7":615,"8":615,"9":615,"10":615},"f":{},"b":{},"_coverageSchema":"43e27e138ebf9cfc5966b082cf9a028302ed4184","hash":"0fa02e614ea540e6dd780dae4e9c20bddca62fec"}
,"/Users/norman/projects/2019/jul/workflyt/src/core/clients/index.js": {"path":"/Users/norman/projects/2019/jul/workflyt/src/core/clients/index.js","statementMap":{"0":{"start":{"line":2,"column":17},"end":{"line":2,"column":50}},"1":{"start":{"line":3,"column":20},"end":{"line":3,"column":48}},"2":{"start":{"line":4,"column":18},"end":{"line":4,"column":48}},"3":{"start":{"line":5,"column":19},"end":{"line":5,"column":50}},"4":{"start":{"line":6,"column":16},"end":{"line":6,"column":44}},"5":{"start":{"line":7,"column":19},"end":{"line":7,"column":50}},"6":{"start":{"line":8,"column":15},"end":{"line":8,"column":42}},"7":{"start":{"line":11,"column":19},"end":{"line":11,"column":43}},"8":{"start":{"line":12,"column":16},"end":{"line":12,"column":39}},"9":{"start":{"line":13,"column":19},"end":{"line":13,"column":66}},"10":{"start":{"line":14,"column":15},"end":{"line":14,"column":33}},"11":{"start":{"line":16,"column":0},"end":{"line":16,"column":24}}},"fnMap":{},"branchMap":{},"s":{"0":615,"1":615,"2":615,"3":615,"4":615,"5":615,"6":615,"7":615,"8":615,"9":615,"10":615,"11":615},"f":{},"b":{},"_coverageSchema":"43e27e138ebf9cfc5966b082cf9a028302ed4184","hash":"cbad715ffee35a86d4d9acb493208a25377a6bca"}
,"/Users/norman/projects/2019/jul/workflyt/src/core/companies/companies-controller.js": {"path":"/Users/norman/projects/2019/jul/workflyt/src/core/companies/companies-controller.js","statementMap":{"0":{"start":{"line":1,"column":0},"end":{"line":58,"column":3}},"1":{"start":{"line":1,"column":58},"end":{"line":58,"column":2}},"2":{"start":{"line":6,"column":6},"end":{"line":8,"column":21}},"3":{"start":{"line":7,"column":24},"end":{"line":7,"column":65}},"4":{"start":{"line":16,"column":6},"end":{"line":18,"column":21}},"5":{"start":{"line":17,"column":24},"end":{"line":17,"column":77}},"6":{"start":{"line":26,"column":23},"end":{"line":26,"column":41}},"7":{"start":{"line":27,"column":20},"end":{"line":27,"column":29}},"8":{"start":{"line":28,"column":6},"end":{"line":30,"column":21}},"9":{"start":{"line":29,"column":24},"end":{"line":29,"column":65}},"10":{"start":{"line":38,"column":23},"end":{"line":38,"column":41}},"11":{"start":{"line":39,"column":19},"end":{"line":39,"column":27}},"12":{"start":{"line":40,"column":20},"end":{"line":40,"column":29}},"13":{"start":{"line":41,"column":6},"end":{"line":43,"column":21}},"14":{"start":{"line":42,"column":24},"end":{"line":42,"column":65}},"15":{"start":{"line":51,"column":23},"end":{"line":51,"column":41}},"16":{"start":{"line":52,"column":20},"end":{"line":52,"column":29}},"17":{"start":{"line":53,"column":6},"end":{"line":55,"column":21}},"18":{"start":{"line":54,"column":24},"end":{"line":54,"column":65}}},"fnMap":{"0":{"name":"(anonymous_0)","decl":{"start":{"line":1,"column":17},"end":{"line":1,"column":18}},"loc":{"start":{"line":1,"column":58},"end":{"line":58,"column":2}},"line":1},"1":{"name":"handler","decl":{"start":{"line":5,"column":13},"end":{"line":5,"column":20}},"loc":{"start":{"line":5,"column":38},"end":{"line":9,"column":5}},"line":5},"2":{"name":"(anonymous_2)","decl":{"start":{"line":7,"column":14},"end":{"line":7,"column":15}},"loc":{"start":{"line":7,"column":24},"end":{"line":7,"column":65}},"line":7},"3":{"name":"handler","decl":{"start":{"line":15,"column":13},"end":{"line":15,"column":20}},"loc":{"start":{"line":15,"column":38},"end":{"line":19,"column":5}},"line":15},"4":{"name":"(anonymous_4)","decl":{"start":{"line":17,"column":14},"end":{"line":17,"column":15}},"loc":{"start":{"line":17,"column":24},"end":{"line":17,"column":77}},"line":17},"5":{"name":"handler","decl":{"start":{"line":25,"column":13},"end":{"line":25,"column":20}},"loc":{"start":{"line":25,"column":38},"end":{"line":31,"column":5}},"line":25},"6":{"name":"(anonymous_6)","decl":{"start":{"line":29,"column":14},"end":{"line":29,"column":15}},"loc":{"start":{"line":29,"column":24},"end":{"line":29,"column":65}},"line":29},"7":{"name":"handler","decl":{"start":{"line":37,"column":13},"end":{"line":37,"column":20}},"loc":{"start":{"line":37,"column":38},"end":{"line":44,"column":5}},"line":37},"8":{"name":"(anonymous_8)","decl":{"start":{"line":42,"column":14},"end":{"line":42,"column":15}},"loc":{"start":{"line":42,"column":24},"end":{"line":42,"column":65}},"line":42},"9":{"name":"handler","decl":{"start":{"line":50,"column":13},"end":{"line":50,"column":20}},"loc":{"start":{"line":50,"column":38},"end":{"line":56,"column":5}},"line":50},"10":{"name":"(anonymous_10)","decl":{"start":{"line":54,"column":14},"end":{"line":54,"column":15}},"loc":{"start":{"line":54,"column":24},"end":{"line":54,"column":65}},"line":54}},"branchMap":{},"s":{"0":615,"1":615,"2":1,"3":1,"4":2,"5":1,"6":2,"7":2,"8":2,"9":1,"10":2,"11":2,"12":2,"13":2,"14":1,"15":2,"16":2,"17":2,"18":1},"f":{"0":615,"1":1,"2":1,"3":2,"4":1,"5":2,"6":1,"7":2,"8":1,"9":2,"10":1},"b":{},"_coverageSchema":"43e27e138ebf9cfc5966b082cf9a028302ed4184","hash":"c197e9a1ace535990e3d94a9336e4f16dd27cead"}
,"/Users/norman/projects/2019/jul/workflyt/src/core/companies/companies-repository.js": {"path":"/Users/norman/projects/2019/jul/workflyt/src/core/companies/companies-repository.js","statementMap":{"0":{"start":{"line":1,"column":0},"end":{"line":32,"column":3}},"1":{"start":{"line":1,"column":36},"end":{"line":32,"column":1}},"2":{"start":{"line":3,"column":4},"end":{"line":3,"column":58}},"3":{"start":{"line":7,"column":4},"end":{"line":7,"column":56}},"4":{"start":{"line":11,"column":18},"end":{"line":14,"column":5}},"5":{"start":{"line":16,"column":4},"end":{"line":20,"column":5}},"6":{"start":{"line":17,"column":6},"end":{"line":17,"column":35}},"7":{"start":{"line":19,"column":6},"end":{"line":19,"column":21}},"8":{"start":{"line":24,"column":18},"end":{"line":24,"column":61}},"9":{"start":{"line":25,"column":4},"end":{"line":25,"column":49}},"10":{"start":{"line":29,"column":18},"end":{"line":29,"column":61}},"11":{"start":{"line":30,"column":4},"end":{"line":30,"column":42}}},"fnMap":{"0":{"name":"(anonymous_0)","decl":{"start":{"line":1,"column":17},"end":{"line":1,"column":18}},"loc":{"start":{"line":1,"column":36},"end":{"line":32,"column":1}},"line":1},"1":{"name":"(anonymous_1)","decl":{"start":{"line":2,"column":2},"end":{"line":2,"column":3}},"loc":{"start":{"line":2,"column":31},"end":{"line":4,"column":3}},"line":2},"2":{"name":"(anonymous_2)","decl":{"start":{"line":6,"column":2},"end":{"line":6,"column":3}},"loc":{"start":{"line":6,"column":31},"end":{"line":8,"column":3}},"line":6},"3":{"name":"(anonymous_3)","decl":{"start":{"line":10,"column":2},"end":{"line":10,"column":3}},"loc":{"start":{"line":10,"column":53},"end":{"line":21,"column":3}},"line":10},"4":{"name":"(anonymous_4)","decl":{"start":{"line":23,"column":2},"end":{"line":23,"column":3}},"loc":{"start":{"line":23,"column":56},"end":{"line":26,"column":3}},"line":23},"5":{"name":"(anonymous_5)","decl":{"start":{"line":28,"column":2},"end":{"line":28,"column":3}},"loc":{"start":{"line":28,"column":48},"end":{"line":31,"column":3}},"line":28}},"branchMap":{"0":{"loc":{"start":{"line":16,"column":4},"end":{"line":20,"column":5}},"type":"if","locations":[{"start":{"line":16,"column":4},"end":{"line":20,"column":5}},{"start":{"line":16,"column":4},"end":{"line":20,"column":5}}],"line":16},"1":{"loc":{"start":{"line":16,"column":8},"end":{"line":16,"column":26}},"type":"binary-expr","locations":[{"start":{"line":16,"column":8},"end":{"line":16,"column":14}},{"start":{"line":16,"column":18},"end":{"line":16,"column":26}}],"line":16}},"s":{"0":617,"1":617,"2":3,"3":2,"4":10,"5":9,"6":3,"7":6,"8":3,"9":2,"10":3,"11":2},"f":{"0":617,"1":3,"2":2,"3":10,"4":3,"5":3},"b":{"0":[3,6],"1":[9,7]},"_coverageSchema":"43e27e138ebf9cfc5966b082cf9a028302ed4184","hash":"b4434c4dc7d0f0e208899d62a508518b0228a744"}
,"/Users/norman/projects/2019/jul/workflyt/src/core/companies/companies-router.js": {"path":"/Users/norman/projects/2019/jul/workflyt/src/core/companies/companies-router.js","statementMap":{"0":{"start":{"line":1,"column":20},"end":{"line":1,"column":52}},"1":{"start":{"line":2,"column":16},"end":{"line":2,"column":34}},"2":{"start":{"line":4,"column":0},"end":{"line":19,"column":2}},"3":{"start":{"line":5,"column":17},"end":{"line":5,"column":33}},"4":{"start":{"line":7,"column":2},"end":{"line":10,"column":41}},"5":{"start":{"line":12,"column":2},"end":{"line":16,"column":41}},"6":{"start":{"line":18,"column":2},"end":{"line":18,"column":16}}},"fnMap":{"0":{"name":"(anonymous_0)","decl":{"start":{"line":4,"column":17},"end":{"line":4,"column":18}},"loc":{"start":{"line":4,"column":31},"end":{"line":19,"column":1}},"line":4}},"branchMap":{},"s":{"0":615,"1":615,"2":615,"3":615,"4":615,"5":615,"6":615},"f":{"0":615},"b":{},"_coverageSchema":"43e27e138ebf9cfc5966b082cf9a028302ed4184","hash":"418aa9f9ec3e49321d5b39997addaaabdc150eb6"}
[...]
,"/Users/norman/projects/2019/jul/workflyt/src/utils/middlewares.js": {"path":"/Users/norman/projects/2019/jul/workflyt/src/utils/middlewares.js","statementMap":{"0":{"start":{"line":6,"column":15},"end":{"line":6,"column":38}},"1":{"start":{"line":9,"column":2},"end":{"line":9,"column":25}},"2":{"start":{"line":10,"column":2},"end":{"line":10,"column":61}},"3":{"start":{"line":11,"column":2},"end":{"line":11,"column":9}},"4":{"start":{"line":17,"column":21},"end":{"line":17,"column":58}},"5":{"start":{"line":20,"column":2},"end":{"line":24,"column":3}},"6":{"start":{"line":21,"column":4},"end":{"line":21,"column":37}},"7":{"start":{"line":22,"column":4},"end":{"line":22,"column":25}},"8":{"start":{"line":23,"column":4},"end":{"line":23,"column":35}},"9":{"start":{"line":27,"column":2},"end":{"line":31,"column":3}},"10":{"start":{"line":28,"column":4},"end":{"line":28,"column":37}},"11":{"start":{"line":29,"column":4},"end":{"line":29,"column":25}},"12":{"start":{"line":30,"column":4},"end":{"line":30,"column":41}},"13":{"start":{"line":34,"column":2},"end":{"line":38,"column":3}},"14":{"start":{"line":35,"column":4},"end":{"line":35,"column":37}},"15":{"start":{"line":36,"column":4},"end":{"line":36,"column":25}},"16":{"start":{"line":37,"column":4},"end":{"line":37,"column":37}},"17":{"start":{"line":40,"column":14},"end":{"line":47,"column":3}},"18":{"start":{"line":49,"column":2},"end":{"line":49,"column":20}},"19":{"start":{"line":51,"column":2},"end":{"line":51,"column":68}},"20":{"start":{"line":55,"column":14},"end":{"line":55,"column":37}},"21":{"start":{"line":56,"column":2},"end":{"line":56,"column":21}},"22":{"start":{"line":57,"column":2},"end":{"line":57,"column":19}},"23":{"start":{"line":58,"column":2},"end":{"line":58,"column":21}},"24":{"start":{"line":62,"column":14},"end":{"line":62,"column":46}},"25":{"start":{"line":63,"column":2},"end":{"line":63,"column":21}},"26":{"start":{"line":64,"column":2},"end":{"line":64,"column":19}},"27":{"start":{"line":65,"column":2},"end":{"line":65,"column":21}},"28":{"start":{"line":69,"column":21},"end":{"line":72,"column":3}},"29":{"start":{"line":74,"column":2},"end":{"line":76,"column":3}},"30":{"start":{"line":75,"column":4},"end":{"line":75,"column":18}},"31":{"start":{"line":78,"column":14},"end":{"line":78,"column":39}},"32":{"start":{"line":80,"column":2},"end":{"line":85,"column":3}},"33":{"start":{"line":81,"column":16},"end":{"line":81,"column":41}},"34":{"start":{"line":82,"column":4},"end":{"line":82,"column":23}},"35":{"start":{"line":83,"column":4},"end":{"line":83,"column":25}},"36":{"start":{"line":84,"column":4},"end":{"line":84,"column":23}},"37":{"start":{"line":87,"column":2},"end":{"line":92,"column":3}},"38":{"start":{"line":88,"column":16},"end":{"line":88,"column":41}},"39":{"start":{"line":89,"column":4},"end":{"line":89,"column":23}},"40":{"start":{"line":90,"column":4},"end":{"line":90,"column":25}},"41":{"start":{"line":91,"column":4},"end":{"line":91,"column":23}},"42":{"start":{"line":94,"column":2},"end":{"line":94,"column":39}},"43":{"start":{"line":96,"column":2},"end":{"line":101,"column":3}},"44":{"start":{"line":97,"column":16},"end":{"line":97,"column":41}},"45":{"start":{"line":98,"column":4},"end":{"line":98,"column":23}},"46":{"start":{"line":99,"column":4},"end":{"line":99,"column":25}},"47":{"start":{"line":100,"column":4},"end":{"line":100,"column":23}},"48":{"start":{"line":103,"column":2},"end":{"line":103,"column":19}},"49":{"start":{"line":105,"column":2},"end":{"line":113,"column":3}},"50":{"start":{"line":106,"column":4},"end":{"line":106,"column":67}},"51":{"start":{"line":108,"column":4},"end":{"line":108,"column":33}},"52":{"start":{"line":109,"column":4},"end":{"line":109,"column":35}},"53":{"start":{"line":110,"column":4},"end":{"line":110,"column":23}},"54":{"start":{"line":111,"column":4},"end":{"line":111,"column":25}},"55":{"start":{"line":112,"column":4},"end":{"line":112,"column":23}},"56":{"start":{"line":115,"column":2},"end":{"line":120,"column":3}},"57":{"start":{"line":116,"column":16},"end":{"line":116,"column":41}},"58":{"start":{"line":117,"column":4},"end":{"line":117,"column":23}},"59":{"start":{"line":118,"column":4},"end":{"line":118,"column":25}},"60":{"start":{"line":119,"column":4},"end":{"line":119,"column":23}},"61":{"start":{"line":122,"column":2},"end":{"line":127,"column":3}},"62":{"start":{"line":123,"column":16},"end":{"line":123,"column":41}},"63":{"start":{"line":124,"column":4},"end":{"line":124,"column":23}},"64":{"start":{"line":125,"column":4},"end":{"line":125,"column":25}},"65":{"start":{"line":126,"column":4},"end":{"line":126,"column":23}},"66":{"start":{"line":129,"column":2},"end":{"line":134,"column":3}},"67":{"start":{"line":130,"column":16},"end":{"line":130,"column":41}},"68":{"start":{"line":131,"column":4},"end":{"line":131,"column":23}},"69":{"start":{"line":132,"column":4},"end":{"line":132,"column":25}},"70":{"start":{"line":133,"column":4},"end":{"line":133,"column":23}},"71":{"start":{"line":136,"column":2},"end":{"line":136,"column":16}},"72":{"start":{"line":140,"column":2},"end":{"line":155,"column":3}},"73":{"start":{"line":141,"column":4},"end":{"line":154,"column":5}},"74":{"start":{"line":142,"column":19},"end":{"line":146,"column":8}},"75":{"start":{"line":147,"column":6},"end":{"line":147,"column":31}},"76":{"start":{"line":148,"column":6},"end":{"line":148,"column":29}},"77":{"start":{"line":149,"column":6},"end":{"line":149,"column":33}},"78":{"start":{"line":150,"column":6},"end":{"line":150,"column":13}},"79":{"start":{"line":152,"column":6},"end":{"line":152,"column":25}},"80":{"start":{"line":153,"column":6},"end":{"line":153,"column":18}}},"fnMap":{"0":{"name":"onRequestStart","decl":{"start":{"line":8,"column":16},"end":{"line":8,"column":30}},"loc":{"start":{"line":8,"column":47},"end":{"line":12,"column":1}},"line":8},"1":{"name":"onRequestError","decl":{"start":{"line":14,"column":16},"end":{"line":14,"column":30}},"loc":{"start":{"line":14,"column":56},"end":{"line":52,"column":1}},"line":14},"2":{"name":"onRequestNotFound","decl":{"start":{"line":54,"column":16},"end":{"line":54,"column":33}},"loc":{"start":{"line":54,"column":50},"end":{"line":59,"column":1}},"line":54},"3":{"name":"onMethodNotAllowed","decl":{"start":{"line":61,"column":16},"end":{"line":61,"column":34}},"loc":{"start":{"line":61,"column":51},"end":{"line":66,"column":1}},"line":61},"4":{"name":"validateToken","decl":{"start":{"line":68,"column":16},"end":{"line":68,"column":29}},"loc":{"start":{"line":68,"column":46},"end":{"line":137,"column":1}},"line":68},"5":{"name":"validator","decl":{"start":{"line":139,"column":16},"end":{"line":139,"column":25}},"loc":{"start":{"line":139,"column":34},"end":{"line":156,"column":1}},"line":139},"6":{"name":"(anonymous_6)","decl":{"start":{"line":140,"column":9},"end":{"line":140,"column":10}},"loc":{"start":{"line":140,"column":35},"end":{"line":155,"column":3}},"line":140}},"branchMap":{"0":{"loc":{"start":{"line":20,"column":2},"end":{"line":24,"column":3}},"type":"if","locations":[{"start":{"line":20,"column":2},"end":{"line":24,"column":3}},{"start":{"line":20,"column":2},"end":{"line":24,"column":3}}],"line":20},"1":{"loc":{"start":{"line":27,"column":2},"end":{"line":31,"column":3}},"type":"if","locations":[{"start":{"line":27,"column":2},"end":{"line":31,"column":3}},{"start":{"line":27,"column":2},"end":{"line":31,"column":3}}],"line":27},"2":{"loc":{"start":{"line":34,"column":2},"end":{"line":38,"column":3}},"type":"if","locations":[{"start":{"line":34,"column":2},"end":{"line":38,"column":3}},{"start":{"line":34,"column":2},"end":{"line":38,"column":3}}],"line":34},"3":{"loc":{"start":{"line":41,"column":10},"end":{"line":41,"column":49}},"type":"cond-expr","locations":[{"start":{"line":41,"column":25},"end":{"line":41,"column":34}},{"start":{"line":41,"column":37},"end":{"line":41,"column":49}}],"line":41},"4":{"loc":{"start":{"line":43,"column":12},"end":{"line":43,"column":53}},"type":"cond-expr","locations":[{"start":{"line":43,"column":27},"end":{"line":43,"column":36}},{"start":{"line":43,"column":39},"end":{"line":43,"column":53}}],"line":43},"5":{"loc":{"start":{"line":46,"column":7},"end":{"line":46,"column":36}},"type":"cond-expr","locations":[{"start":{"line":46,"column":22},"end":{"line":46,"column":26}},{"start":{"line":46,"column":29},"end":{"line":46,"column":36}}],"line":46},"6":{"loc":{"start":{"line":74,"column":2},"end":{"line":76,"column":3}},"type":"if","locations":[{"start":{"line":74,"column":2},"end":{"line":76,"column":3}},{"start":{"line":74,"column":2},"end":{"line":76,"column":3}}],"line":74},"7":{"loc":{"start":{"line":80,"column":2},"end":{"line":85,"column":3}},"type":"if","locations":[{"start":{"line":80,"column":2},"end":{"line":85,"column":3}},{"start":{"line":80,"column":2},"end":{"line":85,"column":3}}],"line":80},"8":{"loc":{"start":{"line":87,"column":2},"end":{"line":92,"column":3}},"type":"if","locations":[{"start":{"line":87,"column":2},"end":{"line":92,"column":3}},{"start":{"line":87,"column":2},"end":{"line":92,"column":3}}],"line":87},"9":{"loc":{"start":{"line":96,"column":2},"end":{"line":101,"column":3}},"type":"if","locations":[{"start":{"line":96,"column":2},"end":{"line":101,"column":3}},{"start":{"line":96,"column":2},"end":{"line":101,"column":3}}],"line":96},"10":{"loc":{"start":{"line":115,"column":2},"end":{"line":120,"column":3}},"type":"if","locations":[{"start":{"line":115,"column":2},"end":{"line":120,"column":3}},{"start":{"line":115,"column":2},"end":{"line":120,"column":3}}],"line":115},"11":{"loc":{"start":{"line":122,"column":2},"end":{"line":127,"column":3}},"type":"if","locations":[{"start":{"line":122,"column":2},"end":{"line":127,"column":3}},{"start":{"line":122,"column":2},"end":{"line":127,"column":3}}],"line":122},"12":{"loc":{"start":{"line":129,"column":2},"end":{"line":134,"column":3}},"type":"if","locations":[{"start":{"line":129,"column":2},"end":{"line":134,"column":3}},{"start":{"line":129,"column":2},"end":{"line":134,"column":3}}],"line":129}},"s":{"0":615,"1":615,"2":615,"3":615,"4":457,"5":457,"6":125,"7":125,"8":125,"9":457,"10":0,"11":0,"12":0,"13":457,"14":0,"15":0,"16":0,"17":457,"18":457,"19":457,"20":0,"21":0,"22":0,"23":0,"24":0,"25":0,"26":0,"27":0,"28":615,"29":615,"30":3,"31":612,"32":612,"33":0,"34":0,"35":0,"36":0,"37":612,"38":0,"39":0,"40":0,"41":0,"42":612,"43":612,"44":0,"45":0,"46":0,"47":0,"48":612,"49":612,"50":612,"51":0,"52":0,"53":0,"54":0,"55":0,"56":612,"57":0,"58":0,"59":0,"60":0,"61":612,"62":0,"63":0,"64":0,"65":0,"66":612,"67":0,"68":0,"69":0,"70":0,"71":612,"72":0,"73":0,"74":0,"75":0,"76":0,"77":0,"78":0,"79":0,"80":0},"f":{"0":615,"1":457,"2":0,"3":0,"4":615,"5":0,"6":0},"b":{"0":[125,332],"1":[0,457],"2":[0,457],"3":[0,457],"4":[0,457],"5":[0,457],"6":[3,612],"7":[0,612],"8":[0,612],"9":[0,612],"10":[0,612],"11":[0,612],"12":[0,612]},"_coverageSchema":"43e27e138ebf9cfc5966b082cf9a028302ed4184","hash":"2374e89715af2802b1741e1ed73047034ad23033"}
,"/Users/norman/projects/2019/jul/workflyt/src/utils/validator.js": {"path":"/Users/norman/projects/2019/jul/workflyt/src/utils/validator.js","statementMap":{"0":{"start":{"line":2,"column":2},"end":{"line":6,"column":4}},"1":{"start":{"line":10,"column":2},"end":{"line":17,"column":4}},"2":{"start":{"line":21,"column":2},"end":{"line":26,"column":3}},"3":{"start":{"line":30,"column":2},"end":{"line":39,"column":4}},"4":{"start":{"line":43,"column":2},"end":{"line":48,"column":4}},"5":{"start":{"line":52,"column":17},"end":{"line":52,"column":27}},"6":{"start":{"line":54,"column":2},"end":{"line":72,"column":4}},"7":{"start":{"line":74,"column":2},"end":{"line":74,"column":16}},"8":{"start":{"line":78,"column":2},"end":{"line":84,"column":4}},"9":{"start":{"line":88,"column":17},"end":{"line":88,"column":27}},"10":{"start":{"line":90,"column":2},"end":{"line":108,"column":4}},"11":{"start":{"line":110,"column":2},"end":{"line":110,"column":16}},"12":{"start":{"line":114,"column":2},"end":{"line":119,"column":4}},"13":{"start":{"line":123,"column":17},"end":{"line":123,"column":29}},"14":{"start":{"line":125,"column":2},"end":{"line":143,"column":4}},"15":{"start":{"line":145,"column":2},"end":{"line":145,"column":16}},"16":{"start":{"line":149,"column":2},"end":{"line":155,"column":4}},"17":{"start":{"line":159,"column":2},"end":{"line":163,"column":4}},"18":{"start":{"line":167,"column":2},"end":{"line":185,"column":4}},"19":{"start":{"line":189,"column":2},"end":{"line":207,"column":4}},"20":{"start":{"line":211,"column":2},"end":{"line":215,"column":3}},"21":{"start":{"line":219,"column":2},"end":{"line":226,"column":5}},"22":{"start":{"line":230,"column":2},"end":{"line":238,"column":5}},"23":{"start":{"line":242,"column":2},"end":{"line":249,"column":5}},"24":{"start":{"line":253,"column":2},"end":{"line":253,"column":35}},"25":{"start":{"line":257,"column":2},"end":{"line":263,"column":4}},"26":{"start":{"line":267,"column":2},"end":{"line":272,"column":4}},"27":{"start":{"line":276,"column":2},"end":{"line":281,"column":4}},"28":{"start":{"line":285,"column":2},"end":{"line":291,"column":3}},"29":{"start":{"line":294,"column":21},"end":{"line":294,"column":26}},"30":{"start":{"line":296,"column":28},"end":{"line":296,"column":40}}},"fnMap":{"0":{"name":"UUID","decl":{"start":{"line":1,"column":16},"end":{"line":1,"column":20}},"loc":{"start":{"line":1,"column":28},"end":{"line":7,"column":1}},"line":1},"1":{"name":"UUID_ARRAY","decl":{"start":{"line":9,"column":16},"end":{"line":9,"column":26}},"loc":{"start":{"line":9,"column":34},"end":{"line":18,"column":1}},"line":9},"2":{"name":"ENUM","decl":{"start":{"line":20,"column":16},"end":{"line":20,"column":20}},"loc":{"start":{"line":20,"column":38},"end":{"line":27,"column":1}},"line":20},"3":{"name":"CODE","decl":{"start":{"line":29,"column":16},"end":{"line":29,"column":20}},"loc":{"start":{"line":29,"column":28},"end":{"line":40,"column":1}},"line":29},"4":{"name":"TEXT","decl":{"start":{"line":42,"column":16},"end":{"line":42,"column":20}},"loc":{"start":{"line":42,"column":28},"end":{"line":49,"column":1}},"line":42},"5":{"name":"TEXT_FILTER","decl":{"start":{"line":51,"column":16},"end":{"line":51,"column":27}},"loc":{"start":{"line":51,"column":35},"end":{"line":75,"column":1}},"line":51},"6":{"name":"DATE","decl":{"start":{"line":77,"column":16},"end":{"line":77,"column":20}},"loc":{"start":{"line":77,"column":28},"end":{"line":85,"column":1}},"line":77},"7":{"name":"DATE_FILTER","decl":{"start":{"line":87,"column":16},"end":{"line":87,"column":27}},"loc":{"start":{"line":87,"column":35},"end":{"line":111,"column":1}},"line":87},"8":{"name":"NUMBER","decl":{"start":{"line":113,"column":16},"end":{"line":113,"column":22}},"loc":{"start":{"line":113,"column":30},"end":{"line":120,"column":1}},"line":113},"9":{"name":"NUMBER_FILTER","decl":{"start":{"line":122,"column":16},"end":{"line":122,"column":29}},"loc":{"start":{"line":122,"column":37},"end":{"line":146,"column":1}},"line":122},"10":{"name":"PASS","decl":{"start":{"line":148,"column":16},"end":{"line":148,"column":20}},"loc":{"start":{"line":148,"column":28},"end":{"line":156,"column":1}},"line":148},"11":{"name":"EXTRA","decl":{"start":{"line":158,"column":16},"end":{"line":158,"column":21}},"loc":{"start":{"line":158,"column":29},"end":{"line":164,"column":1}},"line":158},"12":{"name":"ATTRIBUTES","decl":{"start":{"line":166,"column":16},"end":{"line":166,"column":26}},"loc":{"start":{"line":166,"column":38},"end":{"line":186,"column":1}},"line":166},"13":{"name":"INCLUDE","decl":{"start":{"line":188,"column":16},"end":{"line":188,"column":23}},"loc":{"start":{"line":188,"column":39},"end":{"line":208,"column":1}},"line":188},"14":{"name":"BOOLEAN","decl":{"start":{"line":210,"column":16},"end":{"line":210,"column":23}},"loc":{"start":{"line":210,"column":31},"end":{"line":216,"column":1}},"line":210},"15":{"name":"OFFSET","decl":{"start":{"line":218,"column":16},"end":{"line":218,"column":22}},"loc":{"start":{"line":218,"column":30},"end":{"line":227,"column":1}},"line":218},"16":{"name":"LIMIT","decl":{"start":{"line":229,"column":16},"end":{"line":229,"column":21}},"loc":{"start":{"line":229,"column":29},"end":{"line":239,"column":1}},"line":229},"17":{"name":"PRICE","decl":{"start":{"line":241,"column":16},"end":{"line":241,"column":21}},"loc":{"start":{"line":241,"column":29},"end":{"line":250,"column":1}},"line":241},"18":{"name":"PRICE_FILTER","decl":{"start":{"line":252,"column":16},"end":{"line":252,"column":28}},"loc":{"start":{"line":252,"column":36},"end":{"line":254,"column":1}},"line":252},"19":{"name":"ORDER_BY","decl":{"start":{"line":256,"column":16},"end":{"line":256,"column":24}},"loc":{"start":{"line":256,"column":32},"end":{"line":264,"column":1}},"line":256},"20":{"name":"QUERY","decl":{"start":{"line":266,"column":16},"end":{"line":266,"column":21}},"loc":{"start":{"line":266,"column":35},"end":{"line":273,"column":1}},"line":266},"21":{"name":"BODY","decl":{"start":{"line":275,"column":16},"end":{"line":275,"column":20}},"loc":{"start":{"line":275,"column":34},"end":{"line":282,"column":1}},"line":275},"22":{"name":"PARAMS","decl":{"start":{"line":284,"column":16},"end":{"line":284,"column":22}},"loc":{"start":{"line":284,"column":36},"end":{"line":292,"column":1}},"line":284}},"branchMap":{},"s":{"0":346245,"1":7380,"2":38745,"3":39360,"4":300120,"5":23370,"6":23370,"7":23370,"8":488925,"9":68265,"10":68265,"11":68265,"12":121770,"13":11070,"14":11070,"15":11070,"16":1230,"17":49200,"18":46740,"19":17835,"20":95325,"21":22140,"22":22140,"23":0,"24":0,"25":22140,"26":79335,"27":34440,"28":76875,"29":615,"30":615},"f":{"0":346245,"1":7380,"2":38745,"3":39360,"4":300120,"5":23370,"6":488925,"7":68265,"8":121770,"9":11070,"10":1230,"11":49200,"12":46740,"13":17835,"14":95325,"15":22140,"16":22140,"17":0,"18":0,"19":22140,"20":79335,"21":34440,"22":76875},"b":{},"_coverageSchema":"43e27e138ebf9cfc5966b082cf9a028302ed4184","hash":"90d83e6779844356c3d124083b62f2e549bf43e5"}
}
