<?xml version="1.0" encoding="UTF-8"?>
<coverage generated="1568210043236" clover="3.2.0">
  <project timestamp="1568210043236" name="All files">
    <metrics statements="2087" coveredstatements="1964" conditionals="202" coveredconditionals="178" methods="747" coveredmethods="733" elements="3036" coveredelements="2875" complexity="0" loc="2087" ncloc="2087" packages="19" files="109" classes="109"/>
    <package name="src">
      <metrics statements="37" coveredstatements="37" conditionals="0" coveredconditionals="0" methods="0" coveredmethods="0"/>
      <file name="app.js" path="/Users/norman/projects/2019/jul/workflyt/src/app.js">
        <metrics statements="17" coveredstatements="17" conditionals="0" coveredconditionals="0" methods="0" coveredmethods="0"/>
        <line num="2" count="17" type="stmt"/>
        <line num="3" count="17" type="stmt"/>
        <line num="4" count="17" type="stmt"/>
        <line num="5" count="17" type="stmt"/>
        <line num="6" count="17" type="stmt"/>
        <line num="8" count="17" type="stmt"/>
        <line num="10" count="17" type="stmt"/>
        <line num="11" count="17" type="stmt"/>
        <line num="12" count="17" type="stmt"/>
        <line num="13" count="17" type="stmt"/>
        <line num="14" count="17" type="stmt"/>
        <line num="15" count="17" type="stmt"/>
        <line num="16" count="17" type="stmt"/>
        <line num="17" count="17" type="stmt"/>
        <line num="18" count="17" type="stmt"/>
        <line num="19" count="17" type="stmt"/>
        <line num="21" count="17" type="stmt"/>
      </file>
      <file name="router.js" path="/Users/norman/projects/2019/jul/workflyt/src/router.js">
        <metrics statements="20" coveredstatements="20" conditionals="0" coveredconditionals="0" methods="0" coveredmethods="0"/>
        <line num="2" count="17" type="stmt"/>
        <line num="4" count="17" type="stmt"/>
        <line num="6" count="17" type="stmt"/>
        <line num="7" count="17" type="stmt"/>
        <line num="8" count="17" type="stmt"/>
        <line num="9" count="17" type="stmt"/>
        <line num="10" count="17" type="stmt"/>
        <line num="11" count="17" type="stmt"/>
        <line num="12" count="17" type="stmt"/>
        <line num="13" count="17" type="stmt"/>
        <line num="14" count="17" type="stmt"/>
        <line num="15" count="17" type="stmt"/>
        <line num="16" count="17" type="stmt"/>
        <line num="17" count="17" type="stmt"/>
        <line num="18" count="17" type="stmt"/>
        <line num="19" count="17" type="stmt"/>
        <line num="20" count="17" type="stmt"/>
        <line num="21" count="17" type="stmt"/>
        <line num="22" count="17" type="stmt"/>
        <line num="24" count="17" type="stmt"/>
      </file>
    </package>
    <package name="src.core.areas">
      <metrics statements="184" coveredstatements="184" conditionals="16" coveredconditionals="16" methods="72" coveredmethods="72"/>
      <file name="areas-controller.js" path="/Users/norman/projects/2019/jul/workflyt/src/core/areas/areas-controller.js">
        <metrics statements="75" coveredstatements="75" conditionals="0" coveredconditionals="0" methods="35" coveredmethods="35"/>
        <line num="1" count="17" type="stmt"/>
        <line num="6" count="1" type="stmt"/>
        <line num="7" count="1" type="stmt"/>
        <line num="16" count="2" type="stmt"/>
        <line num="17" count="1" type="stmt"/>
        <line num="26" count="2" type="stmt"/>
        <line num="27" count="2" type="stmt"/>
        <line num="28" count="2" type="stmt"/>
        <line num="29" count="1" type="stmt"/>
        <line num="38" count="2" type="stmt"/>
        <line num="39" count="2" type="stmt"/>
        <line num="40" count="2" type="stmt"/>
        <line num="41" count="2" type="stmt"/>
        <line num="42" count="1" type="stmt"/>
        <line num="51" count="2" type="stmt"/>
        <line num="52" count="2" type="stmt"/>
        <line num="53" count="2" type="stmt"/>
        <line num="54" count="1" type="stmt"/>
        <line num="63" count="2" type="stmt"/>
        <line num="64" count="2" type="stmt"/>
        <line num="65" count="2" type="stmt"/>
        <line num="66" count="1" type="stmt"/>
        <line num="75" count="2" type="stmt"/>
        <line num="76" count="2" type="stmt"/>
        <line num="77" count="2" type="stmt"/>
        <line num="78" count="1" type="stmt"/>
        <line num="87" count="2" type="stmt"/>
        <line num="88" count="2" type="stmt"/>
        <line num="89" count="2" type="stmt"/>
        <line num="90" count="2" type="stmt"/>
        <line num="91" count="1" type="stmt"/>
        <line num="100" count="2" type="stmt"/>
        <line num="101" count="2" type="stmt"/>
        <line num="102" count="2" type="stmt"/>
        <line num="103" count="2" type="stmt"/>
        <line num="104" count="2" type="stmt"/>
        <line num="105" count="1" type="stmt"/>
        <line num="114" count="2" type="stmt"/>
        <line num="115" count="2" type="stmt"/>
        <line num="116" count="2" type="stmt"/>
        <line num="117" count="2" type="stmt"/>
        <line num="118" count="1" type="stmt"/>
        <line num="127" count="2" type="stmt"/>
        <line num="128" count="2" type="stmt"/>
        <line num="129" count="2" type="stmt"/>
        <line num="130" count="1" type="stmt"/>
        <line num="139" count="2" type="stmt"/>
        <line num="140" count="2" type="stmt"/>
        <line num="141" count="2" type="stmt"/>
        <line num="142" count="1" type="stmt"/>
        <line num="151" count="2" type="stmt"/>
        <line num="152" count="2" type="stmt"/>
        <line num="153" count="2" type="stmt"/>
        <line num="154" count="2" type="stmt"/>
        <line num="155" count="1" type="stmt"/>
        <line num="164" count="2" type="stmt"/>
        <line num="165" count="2" type="stmt"/>
        <line num="166" count="2" type="stmt"/>
        <line num="167" count="2" type="stmt"/>
        <line num="168" count="2" type="stmt"/>
        <line num="169" count="1" type="stmt"/>
        <line num="178" count="2" type="stmt"/>
        <line num="179" count="2" type="stmt"/>
        <line num="180" count="2" type="stmt"/>
        <line num="181" count="2" type="stmt"/>
        <line num="182" count="1" type="stmt"/>
        <line num="191" count="2" type="stmt"/>
        <line num="192" count="2" type="stmt"/>
        <line num="193" count="2" type="stmt"/>
        <line num="194" count="1" type="stmt"/>
        <line num="203" count="2" type="stmt"/>
        <line num="204" count="2" type="stmt"/>
        <line num="205" count="2" type="stmt"/>
        <line num="206" count="2" type="stmt"/>
        <line num="207" count="1" type="stmt"/>
      </file>
      <file name="areas-repository.js" path="/Users/norman/projects/2019/jul/workflyt/src/core/areas/areas-repository.js">
        <metrics statements="44" coveredstatements="44" conditionals="16" coveredconditionals="16" methods="18" coveredmethods="18"/>
        <line num="1" count="19" type="stmt"/>
        <line num="3" count="4" type="stmt"/>
        <line num="7" count="4" type="stmt"/>
        <line num="11" count="89" type="stmt"/>
        <line num="16" count="88" type="cond" truecount="4" falsecount="0"/>
        <line num="17" count="27" type="stmt"/>
        <line num="19" count="61" type="stmt"/>
        <line num="24" count="5" type="stmt"/>
        <line num="25" count="3" type="stmt"/>
        <line num="29" count="5" type="stmt"/>
        <line num="30" count="3" type="stmt"/>
        <line num="34" count="6" type="stmt"/>
        <line num="35" count="4" type="stmt"/>
        <line num="39" count="5" type="stmt"/>
        <line num="40" count="3" type="stmt"/>
        <line num="44" count="19" type="stmt"/>
        <line num="46" count="14" type="stmt"/>
        <line num="54" count="13" type="cond" truecount="4" falsecount="0"/>
        <line num="55" count="4" type="stmt"/>
        <line num="57" count="9" type="stmt"/>
        <line num="62" count="6" type="stmt"/>
        <line num="63" count="3" type="stmt"/>
        <line num="67" count="6" type="stmt"/>
        <line num="68" count="3" type="stmt"/>
        <line num="72" count="6" type="stmt"/>
        <line num="73" count="4" type="stmt"/>
        <line num="77" count="5" type="stmt"/>
        <line num="78" count="3" type="stmt"/>
        <line num="82" count="19" type="stmt"/>
        <line num="84" count="14" type="stmt"/>
        <line num="92" count="13" type="cond" truecount="4" falsecount="0"/>
        <line num="93" count="4" type="stmt"/>
        <line num="95" count="9" type="stmt"/>
        <line num="100" count="6" type="stmt"/>
        <line num="101" count="3" type="stmt"/>
        <line num="105" count="6" type="stmt"/>
        <line num="106" count="3" type="stmt"/>
        <line num="110" count="6" type="stmt"/>
        <line num="111" count="4" type="stmt"/>
        <line num="115" count="7" type="stmt"/>
        <line num="117" count="6" type="stmt"/>
        <line num="125" count="5" type="cond" truecount="4" falsecount="0"/>
        <line num="126" count="2" type="stmt"/>
        <line num="128" count="3" type="stmt"/>
      </file>
      <file name="areas-router.js" path="/Users/norman/projects/2019/jul/workflyt/src/core/areas/areas-router.js">
        <metrics statements="13" coveredstatements="13" conditionals="0" coveredconditionals="0" methods="1" coveredmethods="1"/>
        <line num="1" count="17" type="stmt"/>
        <line num="2" count="17" type="stmt"/>
        <line num="4" count="17" type="stmt"/>
        <line num="5" count="17" type="stmt"/>
        <line num="7" count="17" type="stmt"/>
        <line num="12" count="17" type="stmt"/>
        <line num="18" count="17" type="stmt"/>
        <line num="23" count="17" type="stmt"/>
        <line num="29" count="17" type="stmt"/>
        <line num="34" count="17" type="stmt"/>
        <line num="40" count="17" type="stmt"/>
        <line num="44" count="17" type="stmt"/>
        <line num="48" count="17" type="stmt"/>
      </file>
      <file name="areas-service.js" path="/Users/norman/projects/2019/jul/workflyt/src/core/areas/areas-service.js">
        <metrics statements="18" coveredstatements="18" conditionals="0" coveredconditionals="0" methods="18" coveredmethods="18"/>
        <line num="1" count="51" type="stmt"/>
        <line num="3" count="3" type="stmt"/>
        <line num="7" count="4" type="stmt"/>
        <line num="11" count="4" type="stmt"/>
        <line num="15" count="4" type="stmt"/>
        <line num="19" count="4" type="stmt"/>
        <line num="23" count="4" type="stmt"/>
        <line num="27" count="4" type="stmt"/>
        <line num="31" count="4" type="stmt"/>
        <line num="35" count="4" type="stmt"/>
        <line num="39" count="4" type="stmt"/>
        <line num="43" count="4" type="stmt"/>
        <line num="47" count="4" type="stmt"/>
        <line num="51" count="4" type="stmt"/>
        <line num="55" count="4" type="stmt"/>
        <line num="59" count="4" type="stmt"/>
        <line num="63" count="4" type="stmt"/>
        <line num="67" count="4" type="stmt"/>
      </file>
      <file name="areas-validator.js" path="/Users/norman/projects/2019/jul/workflyt/src/core/areas/areas-validator.js">
        <metrics statements="22" coveredstatements="22" conditionals="0" coveredconditionals="0" methods="0" coveredmethods="0"/>
        <line num="1" count="17" type="stmt"/>
        <line num="2" count="17" type="stmt"/>
        <line num="4" count="17" type="stmt"/>
        <line num="20" count="17" type="stmt"/>
        <line num="38" count="17" type="stmt"/>
        <line num="55" count="17" type="stmt"/>
        <line num="76" count="17" type="stmt"/>
        <line num="91" count="17" type="stmt"/>
        <line num="100" count="17" type="stmt"/>
        <line num="119" count="17" type="stmt"/>
        <line num="127" count="17" type="stmt"/>
        <line num="149" count="17" type="stmt"/>
        <line num="154" count="17" type="stmt"/>
        <line num="166" count="17" type="stmt"/>
        <line num="187" count="17" type="stmt"/>
        <line num="198" count="17" type="stmt"/>
        <line num="227" count="17" type="stmt"/>
        <line num="232" count="17" type="stmt"/>
        <line num="244" count="17" type="stmt"/>
        <line num="265" count="17" type="stmt"/>
        <line num="276" count="17" type="stmt"/>
        <line num="299" count="17" type="stmt"/>
      </file>
      <file name="index.js" path="/Users/norman/projects/2019/jul/workflyt/src/core/areas/index.js">
        <metrics statements="12" coveredstatements="12" conditionals="0" coveredconditionals="0" methods="0" coveredmethods="0"/>
        <line num="2" count="17" type="stmt"/>
        <line num="3" count="17" type="stmt"/>
        <line num="4" count="17" type="stmt"/>
        <line num="5" count="17" type="stmt"/>
        <line num="6" count="17" type="stmt"/>
        <line num="7" count="17" type="stmt"/>
        <line num="8" count="17" type="stmt"/>
        <line num="11" count="17" type="stmt"/>
        <line num="12" count="17" type="stmt"/>
        <line num="13" count="17" type="stmt"/>
        <line num="14" count="17" type="stmt"/>
        <line num="16" count="17" type="stmt"/>
      </file>
    </package>
    <package name="src.core.auth">
      <metrics statements="37" coveredstatements="37" conditionals="2" coveredconditionals="2" methods="7" coveredmethods="7"/>
      <file name="auth-controller.js" path="/Users/norman/projects/2019/jul/workflyt/src/core/auth/auth-controller.js">
        <metrics statements="5" coveredstatements="5" conditionals="0" coveredconditionals="0" methods="3" coveredmethods="3"/>
        <line num="1" count="17" type="stmt"/>
        <line num="5" count="2" type="stmt"/>
        <line num="6" count="2" type="stmt"/>
        <line num="7" count="2" type="stmt"/>
        <line num="8" count="1" type="stmt"/>
      </file>
      <file name="auth-repository.js" path="/Users/norman/projects/2019/jul/workflyt/src/core/auth/auth-repository.js">
        <metrics statements="1" coveredstatements="1" conditionals="0" coveredconditionals="0" methods="1" coveredmethods="1"/>
        <line num="1" count="19" type="stmt"/>
      </file>
      <file name="auth-router.js" path="/Users/norman/projects/2019/jul/workflyt/src/core/auth/auth-router.js">
        <metrics statements="6" coveredstatements="6" conditionals="0" coveredconditionals="0" methods="1" coveredmethods="1"/>
        <line num="1" count="17" type="stmt"/>
        <line num="2" count="17" type="stmt"/>
        <line num="4" count="17" type="stmt"/>
        <line num="5" count="17" type="stmt"/>
        <line num="7" count="17" type="stmt"/>
        <line num="11" count="17" type="stmt"/>
      </file>
      <file name="auth-service.js" path="/Users/norman/projects/2019/jul/workflyt/src/core/auth/auth-service.js">
        <metrics statements="10" coveredstatements="10" conditionals="2" coveredconditionals="2" methods="2" coveredmethods="2"/>
        <line num="1" count="19" type="stmt"/>
        <line num="3" count="4" type="stmt"/>
        <line num="5" count="4" type="cond" truecount="2" falsecount="0"/>
        <line num="6" count="2" type="stmt"/>
        <line num="7" count="2" type="stmt"/>
        <line num="8" count="2" type="stmt"/>
        <line num="11" count="2" type="stmt"/>
        <line num="13" count="2" type="stmt"/>
        <line num="14" count="2" type="stmt"/>
        <line num="16" count="2" type="stmt"/>
      </file>
      <file name="auth-validator.js" path="/Users/norman/projects/2019/jul/workflyt/src/core/auth/auth-validator.js">
        <metrics statements="2" coveredstatements="2" conditionals="0" coveredconditionals="0" methods="0" coveredmethods="0"/>
        <line num="1" count="17" type="stmt"/>
        <line num="3" count="17" type="stmt"/>
      </file>
      <file name="index.js" path="/Users/norman/projects/2019/jul/workflyt/src/core/auth/index.js">
        <metrics statements="13" coveredstatements="13" conditionals="0" coveredconditionals="0" methods="0" coveredmethods="0"/>
        <line num="2" count="17" type="stmt"/>
        <line num="3" count="17" type="stmt"/>
        <line num="4" count="17" type="stmt"/>
        <line num="5" count="17" type="stmt"/>
        <line num="6" count="17" type="stmt"/>
        <line num="7" count="17" type="stmt"/>
        <line num="8" count="17" type="stmt"/>
        <line num="9" count="17" type="stmt"/>
        <line num="12" count="17" type="stmt"/>
        <line num="13" count="17" type="stmt"/>
        <line num="14" count="17" type="stmt"/>
        <line num="15" count="17" type="stmt"/>
        <line num="17" count="17" type="stmt"/>
      </file>
    </package>
    <package name="src.core.categories">
      <metrics statements="85" coveredstatements="85" conditionals="8" coveredconditionals="8" methods="32" coveredmethods="32"/>
      <file name="categories-controller.js" path="/Users/norman/projects/2019/jul/workflyt/src/core/categories/categories-controller.js">
        <metrics statements="27" coveredstatements="27" conditionals="0" coveredconditionals="0" methods="15" coveredmethods="15"/>
        <line num="1" count="17" type="stmt"/>
        <line num="6" count="1" type="stmt"/>
        <line num="7" count="1" type="stmt"/>
        <line num="16" count="2" type="stmt"/>
        <line num="17" count="1" type="stmt"/>
        <line num="26" count="2" type="stmt"/>
        <line num="27" count="2" type="stmt"/>
        <line num="28" count="2" type="stmt"/>
        <line num="29" count="1" type="stmt"/>
        <line num="38" count="2" type="stmt"/>
        <line num="39" count="2" type="stmt"/>
        <line num="40" count="2" type="stmt"/>
        <line num="41" count="2" type="stmt"/>
        <line num="42" count="1" type="stmt"/>
        <line num="51" count="2" type="stmt"/>
        <line num="52" count="2" type="stmt"/>
        <line num="53" count="2" type="stmt"/>
        <line num="54" count="1" type="stmt"/>
        <line num="63" count="2" type="stmt"/>
        <line num="64" count="2" type="stmt"/>
        <line num="65" count="2" type="stmt"/>
        <line num="66" count="1" type="stmt"/>
        <line num="75" count="2" type="stmt"/>
        <line num="76" count="2" type="stmt"/>
        <line num="77" count="2" type="stmt"/>
        <line num="78" count="2" type="stmt"/>
        <line num="79" count="1" type="stmt"/>
      </file>
      <file name="categories-repository.js" path="/Users/norman/projects/2019/jul/workflyt/src/core/categories/categories-repository.js">
        <metrics statements="18" coveredstatements="18" conditionals="8" coveredconditionals="8" methods="8" coveredmethods="8"/>
        <line num="1" count="19" type="stmt"/>
        <line num="3" count="4" type="stmt"/>
        <line num="7" count="4" type="stmt"/>
        <line num="11" count="29" type="stmt"/>
        <line num="16" count="28" type="cond" truecount="4" falsecount="0"/>
        <line num="17" count="9" type="stmt"/>
        <line num="19" count="19" type="stmt"/>
        <line num="24" count="5" type="stmt"/>
        <line num="25" count="3" type="stmt"/>
        <line num="29" count="5" type="stmt"/>
        <line num="30" count="3" type="stmt"/>
        <line num="34" count="6" type="stmt"/>
        <line num="35" count="4" type="stmt"/>
        <line num="39" count="7" type="stmt"/>
        <line num="41" count="6" type="stmt"/>
        <line num="49" count="5" type="cond" truecount="4" falsecount="0"/>
        <line num="50" count="2" type="stmt"/>
        <line num="52" count="3" type="stmt"/>
      </file>
      <file name="categories-router.js" path="/Users/norman/projects/2019/jul/workflyt/src/core/categories/categories-router.js">
        <metrics statements="9" coveredstatements="9" conditionals="0" coveredconditionals="0" methods="1" coveredmethods="1"/>
        <line num="1" count="17" type="stmt"/>
        <line num="2" count="17" type="stmt"/>
        <line num="4" count="17" type="stmt"/>
        <line num="5" count="17" type="stmt"/>
        <line num="7" count="17" type="stmt"/>
        <line num="12" count="17" type="stmt"/>
        <line num="18" count="17" type="stmt"/>
        <line num="22" count="17" type="stmt"/>
        <line num="26" count="17" type="stmt"/>
      </file>
      <file name="categories-service.js" path="/Users/norman/projects/2019/jul/workflyt/src/core/categories/categories-service.js">
        <metrics statements="8" coveredstatements="8" conditionals="0" coveredconditionals="0" methods="8" coveredmethods="8"/>
        <line num="1" count="31" type="stmt"/>
        <line num="3" count="3" type="stmt"/>
        <line num="7" count="4" type="stmt"/>
        <line num="11" count="4" type="stmt"/>
        <line num="15" count="4" type="stmt"/>
        <line num="19" count="4" type="stmt"/>
        <line num="23" count="4" type="stmt"/>
        <line num="27" count="4" type="stmt"/>
      </file>
      <file name="categories-validator.js" path="/Users/norman/projects/2019/jul/workflyt/src/core/categories/categories-validator.js">
        <metrics statements="11" coveredstatements="11" conditionals="0" coveredconditionals="0" methods="0" coveredmethods="0"/>
        <line num="1" count="17" type="stmt"/>
        <line num="2" count="17" type="stmt"/>
        <line num="4" count="17" type="stmt"/>
        <line num="21" count="17" type="stmt"/>
        <line num="38" count="17" type="stmt"/>
        <line num="60" count="17" type="stmt"/>
        <line num="76" count="17" type="stmt"/>
        <line num="88" count="17" type="stmt"/>
        <line num="112" count="17" type="stmt"/>
        <line num="123" count="17" type="stmt"/>
        <line num="146" count="17" type="stmt"/>
      </file>
      <file name="index.js" path="/Users/norman/projects/2019/jul/workflyt/src/core/categories/index.js">
        <metrics statements="12" coveredstatements="12" conditionals="0" coveredconditionals="0" methods="0" coveredmethods="0"/>
        <line num="2" count="17" type="stmt"/>
        <line num="3" count="17" type="stmt"/>
        <line num="4" count="17" type="stmt"/>
        <line num="5" count="17" type="stmt"/>
        <line num="6" count="17" type="stmt"/>
        <line num="7" count="17" type="stmt"/>
        <line num="8" count="17" type="stmt"/>
        <line num="11" count="17" type="stmt"/>
        <line num="12" count="17" type="stmt"/>
        <line num="13" count="17" type="stmt"/>
        <line num="14" count="17" type="stmt"/>
        <line num="16" count="17" type="stmt"/>
      </file>
    </package>
    <package name="src.core.clients">
      <metrics statements="85" coveredstatements="85" conditionals="8" coveredconditionals="8" methods="32" coveredmethods="32"/>
      <file name="clients-controller.js" path="/Users/norman/projects/2019/jul/workflyt/src/core/clients/clients-controller.js">
        <metrics statements="27" coveredstatements="27" conditionals="0" coveredconditionals="0" methods="15" coveredmethods="15"/>
        <line num="1" count="17" type="stmt"/>
        <line num="6" count="1" type="stmt"/>
        <line num="7" count="1" type="stmt"/>
        <line num="16" count="2" type="stmt"/>
        <line num="17" count="1" type="stmt"/>
        <line num="26" count="2" type="stmt"/>
        <line num="27" count="2" type="stmt"/>
        <line num="28" count="2" type="stmt"/>
        <line num="29" count="1" type="stmt"/>
        <line num="38" count="2" type="stmt"/>
        <line num="39" count="2" type="stmt"/>
        <line num="40" count="2" type="stmt"/>
        <line num="41" count="2" type="stmt"/>
        <line num="42" count="1" type="stmt"/>
        <line num="51" count="2" type="stmt"/>
        <line num="52" count="2" type="stmt"/>
        <line num="53" count="2" type="stmt"/>
        <line num="54" count="1" type="stmt"/>
        <line num="63" count="2" type="stmt"/>
        <line num="64" count="2" type="stmt"/>
        <line num="65" count="2" type="stmt"/>
        <line num="66" count="1" type="stmt"/>
        <line num="75" count="2" type="stmt"/>
        <line num="76" count="2" type="stmt"/>
        <line num="77" count="2" type="stmt"/>
        <line num="78" count="2" type="stmt"/>
        <line num="79" count="1" type="stmt"/>
      </file>
      <file name="clients-repository.js" path="/Users/norman/projects/2019/jul/workflyt/src/core/clients/clients-repository.js">
        <metrics statements="18" coveredstatements="18" conditionals="8" coveredconditionals="8" methods="8" coveredmethods="8"/>
        <line num="1" count="19" type="stmt"/>
        <line num="3" count="4" type="stmt"/>
        <line num="7" count="4" type="stmt"/>
        <line num="11" count="29" type="stmt"/>
        <line num="16" count="28" type="cond" truecount="4" falsecount="0"/>
        <line num="17" count="9" type="stmt"/>
        <line num="19" count="19" type="stmt"/>
        <line num="24" count="5" type="stmt"/>
        <line num="25" count="3" type="stmt"/>
        <line num="29" count="5" type="stmt"/>
        <line num="30" count="3" type="stmt"/>
        <line num="34" count="6" type="stmt"/>
        <line num="35" count="4" type="stmt"/>
        <line num="39" count="7" type="stmt"/>
        <line num="41" count="6" type="stmt"/>
        <line num="49" count="5" type="cond" truecount="4" falsecount="0"/>
        <line num="50" count="2" type="stmt"/>
        <line num="52" count="3" type="stmt"/>
      </file>
      <file name="clients-router.js" path="/Users/norman/projects/2019/jul/workflyt/src/core/clients/clients-router.js">
        <metrics statements="9" coveredstatements="9" conditionals="0" coveredconditionals="0" methods="1" coveredmethods="1"/>
        <line num="2" count="17" type="stmt"/>
        <line num="3" count="17" type="stmt"/>
        <line num="5" count="17" type="stmt"/>
        <line num="6" count="17" type="stmt"/>
        <line num="8" count="17" type="stmt"/>
        <line num="13" count="17" type="stmt"/>
        <line num="19" count="17" type="stmt"/>
        <line num="23" count="17" type="stmt"/>
        <line num="27" count="17" type="stmt"/>
      </file>
      <file name="clients-service.js" path="/Users/norman/projects/2019/jul/workflyt/src/core/clients/clients-service.js">
        <metrics statements="8" coveredstatements="8" conditionals="0" coveredconditionals="0" methods="8" coveredmethods="8"/>
        <line num="1" count="31" type="stmt"/>
        <line num="3" count="3" type="stmt"/>
        <line num="7" count="4" type="stmt"/>
        <line num="11" count="4" type="stmt"/>
        <line num="15" count="4" type="stmt"/>
        <line num="19" count="4" type="stmt"/>
        <line num="23" count="4" type="stmt"/>
        <line num="27" count="4" type="stmt"/>
      </file>
      <file name="clients-validator.js" path="/Users/norman/projects/2019/jul/workflyt/src/core/clients/clients-validator.js">
        <metrics statements="11" coveredstatements="11" conditionals="0" coveredconditionals="0" methods="0" coveredmethods="0"/>
        <line num="1" count="17" type="stmt"/>
        <line num="2" count="17" type="stmt"/>
        <line num="4" count="17" type="stmt"/>
        <line num="20" count="17" type="stmt"/>
        <line num="39" count="17" type="stmt"/>
        <line num="60" count="17" type="stmt"/>
        <line num="75" count="17" type="stmt"/>
        <line num="84" count="17" type="stmt"/>
        <line num="103" count="17" type="stmt"/>
        <line num="111" count="17" type="stmt"/>
        <line num="139" count="17" type="stmt"/>
      </file>
      <file name="index.js" path="/Users/norman/projects/2019/jul/workflyt/src/core/clients/index.js">
        <metrics statements="12" coveredstatements="12" conditionals="0" coveredconditionals="0" methods="0" coveredmethods="0"/>
        <line num="2" count="17" type="stmt"/>
        <line num="3" count="17" type="stmt"/>
        <line num="4" count="17" type="stmt"/>
        <line num="5" count="17" type="stmt"/>
        <line num="6" count="17" type="stmt"/>
        <line num="7" count="17" type="stmt"/>
        <line num="8" count="17" type="stmt"/>
        <line num="11" count="17" type="stmt"/>
        <line num="12" count="17" type="stmt"/>
        <line num="13" count="17" type="stmt"/>
        <line num="14" count="17" type="stmt"/>
        <line num="16" count="17" type="stmt"/>
      </file>
    </package>
    <package name="src.core.companies">
      <metrics statements="62" coveredstatements="62" conditionals="4" coveredconditionals="4" methods="24" coveredmethods="24"/>
      <file name="companies-controller.js" path="/Users/norman/projects/2019/jul/workflyt/src/core/companies/companies-controller.js">
        <metrics statements="18" coveredstatements="18" conditionals="0" coveredconditionals="0" methods="11" coveredmethods="11"/>
        <line num="1" count="17" type="stmt"/>
        <line num="6" count="1" type="stmt"/>
        <line num="7" count="1" type="stmt"/>
        <line num="16" count="2" type="stmt"/>
        <line num="17" count="1" type="stmt"/>
        <line num="26" count="2" type="stmt"/>
        <line num="27" count="2" type="stmt"/>
        <line num="28" count="2" type="stmt"/>
        <line num="29" count="1" type="stmt"/>
        <line num="38" count="2" type="stmt"/>
        <line num="39" count="2" type="stmt"/>
        <line num="40" count="2" type="stmt"/>
        <line num="41" count="2" type="stmt"/>
        <line num="42" count="1" type="stmt"/>
        <line num="51" count="2" type="stmt"/>
        <line num="52" count="2" type="stmt"/>
        <line num="53" count="2" type="stmt"/>
        <line num="54" count="1" type="stmt"/>
      </file>
      <file name="companies-repository.js" path="/Users/norman/projects/2019/jul/workflyt/src/core/companies/companies-repository.js">
        <metrics statements="11" coveredstatements="11" conditionals="4" coveredconditionals="4" methods="6" coveredmethods="6"/>
        <line num="1" count="19" type="stmt"/>
        <line num="3" count="4" type="stmt"/>
        <line num="7" count="4" type="stmt"/>
        <line num="11" count="16" type="stmt"/>
        <line num="16" count="15" type="cond" truecount="4" falsecount="0"/>
        <line num="17" count="6" type="stmt"/>
        <line num="19" count="9" type="stmt"/>
        <line num="24" count="5" type="stmt"/>
        <line num="25" count="3" type="stmt"/>
        <line num="29" count="5" type="stmt"/>
        <line num="30" count="3" type="stmt"/>
      </file>
      <file name="companies-router.js" path="/Users/norman/projects/2019/jul/workflyt/src/core/companies/companies-router.js">
        <metrics statements="7" coveredstatements="7" conditionals="0" coveredconditionals="0" methods="1" coveredmethods="1"/>
        <line num="1" count="17" type="stmt"/>
        <line num="2" count="17" type="stmt"/>
        <line num="4" count="17" type="stmt"/>
        <line num="5" count="17" type="stmt"/>
        <line num="7" count="17" type="stmt"/>
        <line num="12" count="17" type="stmt"/>
        <line num="18" count="17" type="stmt"/>
      </file>
      <file name="companies-service.js" path="/Users/norman/projects/2019/jul/workflyt/src/core/companies/companies-service.js">
        <metrics statements="6" coveredstatements="6" conditionals="0" coveredconditionals="0" methods="6" coveredmethods="6"/>
        <line num="1" count="27" type="stmt"/>
        <line num="3" count="3" type="stmt"/>
        <line num="7" count="4" type="stmt"/>
        <line num="11" count="4" type="stmt"/>
        <line num="15" count="4" type="stmt"/>
        <line num="19" count="4" type="stmt"/>
      </file>
      <file name="companies-validator.js" path="/Users/norman/projects/2019/jul/workflyt/src/core/companies/companies-validator.js">
        <metrics statements="8" coveredstatements="8" conditionals="0" coveredconditionals="0" methods="0" coveredmethods="0"/>
        <line num="1" count="17" type="stmt"/>
        <line num="2" count="17" type="stmt"/>
        <line num="4" count="17" type="stmt"/>
        <line num="19" count="17" type="stmt"/>
        <line num="40" count="17" type="stmt"/>
        <line num="55" count="17" type="stmt"/>
        <line num="63" count="17" type="stmt"/>
        <line num="82" count="17" type="stmt"/>
      </file>
      <file name="index.js" path="/Users/norman/projects/2019/jul/workflyt/src/core/companies/index.js">
        <metrics statements="12" coveredstatements="12" conditionals="0" coveredconditionals="0" methods="0" coveredmethods="0"/>
        <line num="2" count="17" type="stmt"/>
        <line num="3" count="17" type="stmt"/>
        <line num="4" count="17" type="stmt"/>
        <line num="5" count="17" type="stmt"/>
        <line num="6" count="17" type="stmt"/>
        <line num="7" count="17" type="stmt"/>
        <line num="8" count="17" type="stmt"/>
        <line num="11" count="17" type="stmt"/>
        <line num="12" count="17" type="stmt"/>
        <line num="13" count="17" type="stmt"/>
        <line num="14" count="17" type="stmt"/>
        <line num="16" count="17" type="stmt"/>
      </file>
    </package>
    <package name="src.core.jobs">
      <metrics statements="211" coveredstatements="211" conditionals="16" coveredconditionals="16" methods="84" coveredmethods="84"/>
      <file name="index.js" path="/Users/norman/projects/2019/jul/workflyt/src/core/jobs/index.js">
        <metrics statements="12" coveredstatements="12" conditionals="0" coveredconditionals="0" methods="0" coveredmethods="0"/>
        <line num="2" count="17" type="stmt"/>
        <line num="3" count="17" type="stmt"/>
        <line num="4" count="17" type="stmt"/>
        <line num="5" count="17" type="stmt"/>
        <line num="6" count="17" type="stmt"/>
        <line num="7" count="17" type="stmt"/>
        <line num="8" count="17" type="stmt"/>
        <line num="11" count="17" type="stmt"/>
        <line num="12" count="17" type="stmt"/>
        <line num="13" count="17" type="stmt"/>
        <line num="14" count="17" type="stmt"/>
        <line num="16" count="17" type="stmt"/>
      </file>
      <file name="jobs-controller.js" path="/Users/norman/projects/2019/jul/workflyt/src/core/jobs/jobs-controller.js">
        <metrics statements="90" coveredstatements="90" conditionals="0" coveredconditionals="0" methods="41" coveredmethods="41"/>
        <line num="1" count="17" type="stmt"/>
        <line num="6" count="1" type="stmt"/>
        <line num="7" count="1" type="stmt"/>
        <line num="16" count="1" type="stmt"/>
        <line num="17" count="1" type="stmt"/>
        <line num="26" count="2" type="stmt"/>
        <line num="27" count="2" type="stmt"/>
        <line num="28" count="2" type="stmt"/>
        <line num="29" count="1" type="stmt"/>
        <line num="38" count="2" type="stmt"/>
        <line num="39" count="2" type="stmt"/>
        <line num="40" count="2" type="stmt"/>
        <line num="41" count="2" type="stmt"/>
        <line num="42" count="1" type="stmt"/>
        <line num="51" count="2" type="stmt"/>
        <line num="52" count="2" type="stmt"/>
        <line num="53" count="2" type="stmt"/>
        <line num="54" count="1" type="stmt"/>
        <line num="63" count="2" type="stmt"/>
        <line num="64" count="2" type="stmt"/>
        <line num="65" count="2" type="stmt"/>
        <line num="66" count="1" type="stmt"/>
        <line num="75" count="2" type="stmt"/>
        <line num="76" count="2" type="stmt"/>
        <line num="77" count="2" type="stmt"/>
        <line num="78" count="1" type="stmt"/>
        <line num="87" count="2" type="stmt"/>
        <line num="88" count="2" type="stmt"/>
        <line num="89" count="2" type="stmt"/>
        <line num="90" count="2" type="stmt"/>
        <line num="91" count="1" type="stmt"/>
        <line num="100" count="2" type="stmt"/>
        <line num="101" count="2" type="stmt"/>
        <line num="102" count="2" type="stmt"/>
        <line num="103" count="2" type="stmt"/>
        <line num="104" count="2" type="stmt"/>
        <line num="105" count="1" type="stmt"/>
        <line num="114" count="2" type="stmt"/>
        <line num="115" count="2" type="stmt"/>
        <line num="116" count="2" type="stmt"/>
        <line num="117" count="2" type="stmt"/>
        <line num="118" count="1" type="stmt"/>
        <line num="127" count="2" type="stmt"/>
        <line num="128" count="2" type="stmt"/>
        <line num="129" count="2" type="stmt"/>
        <line num="130" count="1" type="stmt"/>
        <line num="139" count="2" type="stmt"/>
        <line num="140" count="2" type="stmt"/>
        <line num="141" count="2" type="stmt"/>
        <line num="142" count="1" type="stmt"/>
        <line num="151" count="2" type="stmt"/>
        <line num="152" count="2" type="stmt"/>
        <line num="153" count="2" type="stmt"/>
        <line num="154" count="2" type="stmt"/>
        <line num="155" count="1" type="stmt"/>
        <line num="164" count="2" type="stmt"/>
        <line num="165" count="2" type="stmt"/>
        <line num="166" count="2" type="stmt"/>
        <line num="167" count="2" type="stmt"/>
        <line num="168" count="2" type="stmt"/>
        <line num="169" count="1" type="stmt"/>
        <line num="178" count="2" type="stmt"/>
        <line num="179" count="2" type="stmt"/>
        <line num="180" count="2" type="stmt"/>
        <line num="181" count="2" type="stmt"/>
        <line num="182" count="1" type="stmt"/>
        <line num="191" count="2" type="stmt"/>
        <line num="192" count="2" type="stmt"/>
        <line num="193" count="2" type="stmt"/>
        <line num="194" count="1" type="stmt"/>
        <line num="203" count="2" type="stmt"/>
        <line num="204" count="2" type="stmt"/>
        <line num="205" count="2" type="stmt"/>
        <line num="206" count="1" type="stmt"/>
        <line num="215" count="2" type="stmt"/>
        <line num="216" count="2" type="stmt"/>
        <line num="217" count="2" type="stmt"/>
        <line num="218" count="2" type="stmt"/>
        <line num="219" count="1" type="stmt"/>
        <line num="228" count="2" type="stmt"/>
        <line num="229" count="2" type="stmt"/>
        <line num="230" count="2" type="stmt"/>
        <line num="231" count="2" type="stmt"/>
        <line num="232" count="2" type="stmt"/>
        <line num="233" count="1" type="stmt"/>
        <line num="242" count="2" type="stmt"/>
        <line num="243" count="2" type="stmt"/>
        <line num="244" count="2" type="stmt"/>
        <line num="245" count="2" type="stmt"/>
        <line num="246" count="1" type="stmt"/>
      </file>
      <file name="jobs-repository.js" path="/Users/norman/projects/2019/jul/workflyt/src/core/jobs/jobs-repository.js">
        <metrics statements="50" coveredstatements="50" conditionals="16" coveredconditionals="16" methods="21" coveredmethods="21"/>
        <line num="1" count="19" type="stmt"/>
        <line num="3" count="4" type="stmt"/>
        <line num="7" count="3" type="stmt"/>
        <line num="11" count="106" type="stmt"/>
        <line num="16" count="105" type="cond" truecount="4" falsecount="0"/>
        <line num="17" count="33" type="stmt"/>
        <line num="19" count="72" type="stmt"/>
        <line num="24" count="5" type="stmt"/>
        <line num="25" count="3" type="stmt"/>
        <line num="29" count="5" type="stmt"/>
        <line num="30" count="3" type="stmt"/>
        <line num="34" count="6" type="stmt"/>
        <line num="35" count="4" type="stmt"/>
        <line num="39" count="5" type="stmt"/>
        <line num="40" count="3" type="stmt"/>
        <line num="44" count="19" type="stmt"/>
        <line num="46" count="14" type="stmt"/>
        <line num="54" count="13" type="cond" truecount="4" falsecount="0"/>
        <line num="55" count="4" type="stmt"/>
        <line num="57" count="9" type="stmt"/>
        <line num="62" count="6" type="stmt"/>
        <line num="63" count="3" type="stmt"/>
        <line num="67" count="6" type="stmt"/>
        <line num="68" count="3" type="stmt"/>
        <line num="72" count="6" type="stmt"/>
        <line num="73" count="4" type="stmt"/>
        <line num="77" count="5" type="stmt"/>
        <line num="78" count="3" type="stmt"/>
        <line num="82" count="19" type="stmt"/>
        <line num="84" count="14" type="stmt"/>
        <line num="92" count="13" type="cond" truecount="4" falsecount="0"/>
        <line num="93" count="4" type="stmt"/>
        <line num="95" count="9" type="stmt"/>
        <line num="100" count="6" type="stmt"/>
        <line num="101" count="3" type="stmt"/>
        <line num="105" count="6" type="stmt"/>
        <line num="106" count="3" type="stmt"/>
        <line num="110" count="6" type="stmt"/>
        <line num="111" count="4" type="stmt"/>
        <line num="115" count="5" type="stmt"/>
        <line num="116" count="3" type="stmt"/>
        <line num="120" count="19" type="stmt"/>
        <line num="122" count="14" type="stmt"/>
        <line num="130" count="13" type="cond" truecount="4" falsecount="0"/>
        <line num="131" count="4" type="stmt"/>
        <line num="133" count="9" type="stmt"/>
        <line num="138" count="6" type="stmt"/>
        <line num="139" count="3" type="stmt"/>
        <line num="143" count="6" type="stmt"/>
        <line num="144" count="3" type="stmt"/>
      </file>
      <file name="jobs-router.js" path="/Users/norman/projects/2019/jul/workflyt/src/core/jobs/jobs-router.js">
        <metrics statements="13" coveredstatements="13" conditionals="0" coveredconditionals="0" methods="1" coveredmethods="1"/>
        <line num="1" count="17" type="stmt"/>
        <line num="2" count="17" type="stmt"/>
        <line num="4" count="17" type="stmt"/>
        <line num="5" count="17" type="stmt"/>
        <line num="7" count="17" type="stmt"/>
        <line num="12" count="17" type="stmt"/>
        <line num="18" count="17" type="stmt"/>
        <line num="23" count="17" type="stmt"/>
        <line num="29" count="17" type="stmt"/>
        <line num="34" count="17" type="stmt"/>
        <line num="40" count="17" type="stmt"/>
        <line num="45" count="17" type="stmt"/>
        <line num="51" count="17" type="stmt"/>
      </file>
      <file name="jobs-service.js" path="/Users/norman/projects/2019/jul/workflyt/src/core/jobs/jobs-service.js">
        <metrics statements="21" coveredstatements="21" conditionals="0" coveredconditionals="0" methods="21" coveredmethods="21"/>
        <line num="1" count="57" type="stmt"/>
        <line num="3" count="3" type="stmt"/>
        <line num="7" count="3" type="stmt"/>
        <line num="11" count="4" type="stmt"/>
        <line num="15" count="4" type="stmt"/>
        <line num="19" count="4" type="stmt"/>
        <line num="23" count="4" type="stmt"/>
        <line num="27" count="4" type="stmt"/>
        <line num="31" count="4" type="stmt"/>
        <line num="35" count="4" type="stmt"/>
        <line num="39" count="4" type="stmt"/>
        <line num="43" count="4" type="stmt"/>
        <line num="47" count="4" type="stmt"/>
        <line num="51" count="4" type="stmt"/>
        <line num="55" count="4" type="stmt"/>
        <line num="59" count="4" type="stmt"/>
        <line num="63" count="4" type="stmt"/>
        <line num="67" count="4" type="stmt"/>
        <line num="71" count="4" type="stmt"/>
        <line num="75" count="4" type="stmt"/>
        <line num="79" count="4" type="stmt"/>
      </file>
      <file name="jobs-validator.js" path="/Users/norman/projects/2019/jul/workflyt/src/core/jobs/jobs-validator.js">
        <metrics statements="25" coveredstatements="25" conditionals="0" coveredconditionals="0" methods="0" coveredmethods="0"/>
        <line num="1" count="17" type="stmt"/>
        <line num="2" count="17" type="stmt"/>
        <line num="4" count="17" type="stmt"/>
        <line num="26" count="17" type="stmt"/>
        <line num="44" count="17" type="stmt"/>
        <line num="61" count="17" type="stmt"/>
        <line num="98" count="17" type="stmt"/>
        <line num="148" count="17" type="stmt"/>
        <line num="157" count="17" type="stmt"/>
        <line num="200" count="17" type="stmt"/>
        <line num="208" count="17" type="stmt"/>
        <line num="246" count="17" type="stmt"/>
        <line num="251" count="17" type="stmt"/>
        <line num="263" count="17" type="stmt"/>
        <line num="284" count="17" type="stmt"/>
        <line num="295" count="17" type="stmt"/>
        <line num="327" count="17" type="stmt"/>
        <line num="338" count="17" type="stmt"/>
        <line num="350" count="17" type="stmt"/>
        <line num="371" count="17" type="stmt"/>
        <line num="382" count="17" type="stmt"/>
        <line num="408" count="17" type="stmt"/>
        <line num="419" count="17" type="stmt"/>
        <line num="431" count="17" type="stmt"/>
        <line num="452" count="17" type="stmt"/>
      </file>
    </package>
    <package name="src.core.materials">
      <metrics statements="85" coveredstatements="85" conditionals="8" coveredconditionals="8" methods="32" coveredmethods="32"/>
      <file name="index.js" path="/Users/norman/projects/2019/jul/workflyt/src/core/materials/index.js">
        <metrics statements="12" coveredstatements="12" conditionals="0" coveredconditionals="0" methods="0" coveredmethods="0"/>
        <line num="2" count="17" type="stmt"/>
        <line num="3" count="17" type="stmt"/>
        <line num="4" count="17" type="stmt"/>
        <line num="5" count="17" type="stmt"/>
        <line num="6" count="17" type="stmt"/>
        <line num="7" count="17" type="stmt"/>
        <line num="8" count="17" type="stmt"/>
        <line num="11" count="17" type="stmt"/>
        <line num="12" count="17" type="stmt"/>
        <line num="13" count="17" type="stmt"/>
        <line num="14" count="17" type="stmt"/>
        <line num="16" count="17" type="stmt"/>
      </file>
      <file name="materials-controller.js" path="/Users/norman/projects/2019/jul/workflyt/src/core/materials/materials-controller.js">
        <metrics statements="27" coveredstatements="27" conditionals="0" coveredconditionals="0" methods="15" coveredmethods="15"/>
        <line num="1" count="17" type="stmt"/>
        <line num="6" count="1" type="stmt"/>
        <line num="7" count="1" type="stmt"/>
        <line num="16" count="2" type="stmt"/>
        <line num="17" count="1" type="stmt"/>
        <line num="26" count="2" type="stmt"/>
        <line num="27" count="2" type="stmt"/>
        <line num="28" count="2" type="stmt"/>
        <line num="29" count="1" type="stmt"/>
        <line num="38" count="2" type="stmt"/>
        <line num="39" count="2" type="stmt"/>
        <line num="40" count="2" type="stmt"/>
        <line num="41" count="2" type="stmt"/>
        <line num="42" count="1" type="stmt"/>
        <line num="51" count="2" type="stmt"/>
        <line num="52" count="2" type="stmt"/>
        <line num="53" count="2" type="stmt"/>
        <line num="54" count="1" type="stmt"/>
        <line num="63" count="2" type="stmt"/>
        <line num="64" count="2" type="stmt"/>
        <line num="65" count="2" type="stmt"/>
        <line num="66" count="1" type="stmt"/>
        <line num="75" count="2" type="stmt"/>
        <line num="76" count="2" type="stmt"/>
        <line num="77" count="2" type="stmt"/>
        <line num="78" count="2" type="stmt"/>
        <line num="79" count="1" type="stmt"/>
      </file>
      <file name="materials-repository.js" path="/Users/norman/projects/2019/jul/workflyt/src/core/materials/materials-repository.js">
        <metrics statements="18" coveredstatements="18" conditionals="8" coveredconditionals="8" methods="8" coveredmethods="8"/>
        <line num="1" count="19" type="stmt"/>
        <line num="3" count="4" type="stmt"/>
        <line num="7" count="4" type="stmt"/>
        <line num="11" count="29" type="stmt"/>
        <line num="16" count="28" type="cond" truecount="4" falsecount="0"/>
        <line num="17" count="9" type="stmt"/>
        <line num="19" count="19" type="stmt"/>
        <line num="24" count="5" type="stmt"/>
        <line num="25" count="3" type="stmt"/>
        <line num="29" count="5" type="stmt"/>
        <line num="30" count="3" type="stmt"/>
        <line num="34" count="6" type="stmt"/>
        <line num="35" count="4" type="stmt"/>
        <line num="39" count="7" type="stmt"/>
        <line num="41" count="6" type="stmt"/>
        <line num="49" count="5" type="cond" truecount="4" falsecount="0"/>
        <line num="50" count="2" type="stmt"/>
        <line num="52" count="3" type="stmt"/>
      </file>
      <file name="materials-router.js" path="/Users/norman/projects/2019/jul/workflyt/src/core/materials/materials-router.js">
        <metrics statements="9" coveredstatements="9" conditionals="0" coveredconditionals="0" methods="1" coveredmethods="1"/>
        <line num="2" count="17" type="stmt"/>
        <line num="3" count="17" type="stmt"/>
        <line num="5" count="17" type="stmt"/>
        <line num="6" count="17" type="stmt"/>
        <line num="8" count="17" type="stmt"/>
        <line num="13" count="17" type="stmt"/>
        <line num="19" count="17" type="stmt"/>
        <line num="23" count="17" type="stmt"/>
        <line num="27" count="17" type="stmt"/>
      </file>
      <file name="materials-service.js" path="/Users/norman/projects/2019/jul/workflyt/src/core/materials/materials-service.js">
        <metrics statements="8" coveredstatements="8" conditionals="0" coveredconditionals="0" methods="8" coveredmethods="8"/>
        <line num="1" count="31" type="stmt"/>
        <line num="3" count="3" type="stmt"/>
        <line num="7" count="4" type="stmt"/>
        <line num="11" count="4" type="stmt"/>
        <line num="15" count="4" type="stmt"/>
        <line num="19" count="4" type="stmt"/>
        <line num="23" count="4" type="stmt"/>
        <line num="27" count="4" type="stmt"/>
      </file>
      <file name="materials-validator.js" path="/Users/norman/projects/2019/jul/workflyt/src/core/materials/materials-validator.js">
        <metrics statements="11" coveredstatements="11" conditionals="0" coveredconditionals="0" methods="0" coveredmethods="0"/>
        <line num="1" count="17" type="stmt"/>
        <line num="2" count="17" type="stmt"/>
        <line num="4" count="17" type="stmt"/>
        <line num="21" count="17" type="stmt"/>
        <line num="38" count="17" type="stmt"/>
        <line num="59" count="17" type="stmt"/>
        <line num="75" count="17" type="stmt"/>
        <line num="84" count="17" type="stmt"/>
        <line num="108" count="17" type="stmt"/>
        <line num="116" count="17" type="stmt"/>
        <line num="154" count="17" type="stmt"/>
      </file>
    </package>
    <package name="src.core.orders">
      <metrics statements="85" coveredstatements="85" conditionals="8" coveredconditionals="8" methods="32" coveredmethods="32"/>
      <file name="index.js" path="/Users/norman/projects/2019/jul/workflyt/src/core/orders/index.js">
        <metrics statements="12" coveredstatements="12" conditionals="0" coveredconditionals="0" methods="0" coveredmethods="0"/>
        <line num="2" count="17" type="stmt"/>
        <line num="3" count="17" type="stmt"/>
        <line num="4" count="17" type="stmt"/>
        <line num="5" count="17" type="stmt"/>
        <line num="6" count="17" type="stmt"/>
        <line num="7" count="17" type="stmt"/>
        <line num="8" count="17" type="stmt"/>
        <line num="11" count="17" type="stmt"/>
        <line num="12" count="17" type="stmt"/>
        <line num="13" count="17" type="stmt"/>
        <line num="14" count="17" type="stmt"/>
        <line num="16" count="17" type="stmt"/>
      </file>
      <file name="orders-controller.js" path="/Users/norman/projects/2019/jul/workflyt/src/core/orders/orders-controller.js">
        <metrics statements="27" coveredstatements="27" conditionals="0" coveredconditionals="0" methods="15" coveredmethods="15"/>
        <line num="1" count="17" type="stmt"/>
        <line num="6" count="1" type="stmt"/>
        <line num="7" count="1" type="stmt"/>
        <line num="16" count="2" type="stmt"/>
        <line num="17" count="1" type="stmt"/>
        <line num="26" count="2" type="stmt"/>
        <line num="27" count="2" type="stmt"/>
        <line num="28" count="2" type="stmt"/>
        <line num="29" count="1" type="stmt"/>
        <line num="38" count="2" type="stmt"/>
        <line num="39" count="2" type="stmt"/>
        <line num="40" count="2" type="stmt"/>
        <line num="41" count="2" type="stmt"/>
        <line num="42" count="1" type="stmt"/>
        <line num="51" count="2" type="stmt"/>
        <line num="52" count="2" type="stmt"/>
        <line num="53" count="2" type="stmt"/>
        <line num="54" count="1" type="stmt"/>
        <line num="63" count="2" type="stmt"/>
        <line num="64" count="2" type="stmt"/>
        <line num="65" count="2" type="stmt"/>
        <line num="66" count="1" type="stmt"/>
        <line num="75" count="2" type="stmt"/>
        <line num="76" count="2" type="stmt"/>
        <line num="77" count="2" type="stmt"/>
        <line num="78" count="2" type="stmt"/>
        <line num="79" count="1" type="stmt"/>
      </file>
      <file name="orders-repository.js" path="/Users/norman/projects/2019/jul/workflyt/src/core/orders/orders-repository.js">
        <metrics statements="18" coveredstatements="18" conditionals="8" coveredconditionals="8" methods="8" coveredmethods="8"/>
        <line num="1" count="19" type="stmt"/>
        <line num="3" count="4" type="stmt"/>
        <line num="7" count="4" type="stmt"/>
        <line num="11" count="29" type="stmt"/>
        <line num="16" count="28" type="cond" truecount="4" falsecount="0"/>
        <line num="17" count="9" type="stmt"/>
        <line num="19" count="19" type="stmt"/>
        <line num="24" count="5" type="stmt"/>
        <line num="25" count="3" type="stmt"/>
        <line num="29" count="5" type="stmt"/>
        <line num="30" count="3" type="stmt"/>
        <line num="34" count="6" type="stmt"/>
        <line num="35" count="4" type="stmt"/>
        <line num="39" count="7" type="stmt"/>
        <line num="41" count="6" type="stmt"/>
        <line num="49" count="5" type="cond" truecount="4" falsecount="0"/>
        <line num="50" count="2" type="stmt"/>
        <line num="52" count="3" type="stmt"/>
      </file>
      <file name="orders-router.js" path="/Users/norman/projects/2019/jul/workflyt/src/core/orders/orders-router.js">
        <metrics statements="9" coveredstatements="9" conditionals="0" coveredconditionals="0" methods="1" coveredmethods="1"/>
        <line num="1" count="17" type="stmt"/>
        <line num="2" count="17" type="stmt"/>
        <line num="4" count="17" type="stmt"/>
        <line num="5" count="17" type="stmt"/>
        <line num="7" count="17" type="stmt"/>
        <line num="12" count="17" type="stmt"/>
        <line num="18" count="17" type="stmt"/>
        <line num="22" count="17" type="stmt"/>
        <line num="26" count="17" type="stmt"/>
      </file>
      <file name="orders-service.js" path="/Users/norman/projects/2019/jul/workflyt/src/core/orders/orders-service.js">
        <metrics statements="8" coveredstatements="8" conditionals="0" coveredconditionals="0" methods="8" coveredmethods="8"/>
        <line num="1" count="31" type="stmt"/>
        <line num="3" count="3" type="stmt"/>
        <line num="7" count="4" type="stmt"/>
        <line num="11" count="4" type="stmt"/>
        <line num="15" count="4" type="stmt"/>
        <line num="19" count="4" type="stmt"/>
        <line num="23" count="4" type="stmt"/>
        <line num="27" count="4" type="stmt"/>
      </file>
      <file name="orders-validator.js" path="/Users/norman/projects/2019/jul/workflyt/src/core/orders/orders-validator.js">
        <metrics statements="11" coveredstatements="11" conditionals="0" coveredconditionals="0" methods="0" coveredmethods="0"/>
        <line num="1" count="17" type="stmt"/>
        <line num="2" count="17" type="stmt"/>
        <line num="4" count="17" type="stmt"/>
        <line num="23" count="17" type="stmt"/>
        <line num="45" count="17" type="stmt"/>
        <line num="75" count="17" type="stmt"/>
        <line num="116" count="17" type="stmt"/>
        <line num="125" count="17" type="stmt"/>
        <line num="159" count="17" type="stmt"/>
        <line num="170" count="17" type="stmt"/>
        <line num="208" count="17" type="stmt"/>
      </file>
    </package>
    <package name="src.core.permissions">
      <metrics statements="62" coveredstatements="62" conditionals="4" coveredconditionals="4" methods="24" coveredmethods="24"/>
      <file name="index.js" path="/Users/norman/projects/2019/jul/workflyt/src/core/permissions/index.js">
        <metrics statements="12" coveredstatements="12" conditionals="0" coveredconditionals="0" methods="0" coveredmethods="0"/>
        <line num="2" count="17" type="stmt"/>
        <line num="3" count="17" type="stmt"/>
        <line num="4" count="17" type="stmt"/>
        <line num="5" count="17" type="stmt"/>
        <line num="6" count="17" type="stmt"/>
        <line num="7" count="17" type="stmt"/>
        <line num="8" count="17" type="stmt"/>
        <line num="11" count="17" type="stmt"/>
        <line num="12" count="17" type="stmt"/>
        <line num="13" count="17" type="stmt"/>
        <line num="14" count="17" type="stmt"/>
        <line num="16" count="17" type="stmt"/>
      </file>
      <file name="permissions-controller.js" path="/Users/norman/projects/2019/jul/workflyt/src/core/permissions/permissions-controller.js">
        <metrics statements="18" coveredstatements="18" conditionals="0" coveredconditionals="0" methods="11" coveredmethods="11"/>
        <line num="1" count="17" type="stmt"/>
        <line num="6" count="1" type="stmt"/>
        <line num="7" count="1" type="stmt"/>
        <line num="16" count="2" type="stmt"/>
        <line num="17" count="1" type="stmt"/>
        <line num="26" count="2" type="stmt"/>
        <line num="27" count="2" type="stmt"/>
        <line num="28" count="2" type="stmt"/>
        <line num="29" count="1" type="stmt"/>
        <line num="38" count="2" type="stmt"/>
        <line num="39" count="2" type="stmt"/>
        <line num="40" count="2" type="stmt"/>
        <line num="41" count="2" type="stmt"/>
        <line num="42" count="1" type="stmt"/>
        <line num="51" count="2" type="stmt"/>
        <line num="52" count="2" type="stmt"/>
        <line num="53" count="2" type="stmt"/>
        <line num="54" count="1" type="stmt"/>
      </file>
      <file name="permissions-repository.js" path="/Users/norman/projects/2019/jul/workflyt/src/core/permissions/permissions-repository.js">
        <metrics statements="11" coveredstatements="11" conditionals="4" coveredconditionals="4" methods="6" coveredmethods="6"/>
        <line num="1" count="19" type="stmt"/>
        <line num="3" count="4" type="stmt"/>
        <line num="7" count="4" type="stmt"/>
        <line num="11" count="16" type="stmt"/>
        <line num="16" count="15" type="cond" truecount="4" falsecount="0"/>
        <line num="17" count="6" type="stmt"/>
        <line num="19" count="9" type="stmt"/>
        <line num="24" count="5" type="stmt"/>
        <line num="25" count="3" type="stmt"/>
        <line num="29" count="5" type="stmt"/>
        <line num="30" count="3" type="stmt"/>
      </file>
      <file name="permissions-router.js" path="/Users/norman/projects/2019/jul/workflyt/src/core/permissions/permissions-router.js">
        <metrics statements="7" coveredstatements="7" conditionals="0" coveredconditionals="0" methods="1" coveredmethods="1"/>
        <line num="1" count="17" type="stmt"/>
        <line num="2" count="17" type="stmt"/>
        <line num="4" count="17" type="stmt"/>
        <line num="5" count="17" type="stmt"/>
        <line num="7" count="17" type="stmt"/>
        <line num="12" count="17" type="stmt"/>
        <line num="18" count="17" type="stmt"/>
      </file>
      <file name="permissions-service.js" path="/Users/norman/projects/2019/jul/workflyt/src/core/permissions/permissions-service.js">
        <metrics statements="6" coveredstatements="6" conditionals="0" coveredconditionals="0" methods="6" coveredmethods="6"/>
        <line num="1" count="27" type="stmt"/>
        <line num="3" count="3" type="stmt"/>
        <line num="7" count="4" type="stmt"/>
        <line num="11" count="4" type="stmt"/>
        <line num="15" count="4" type="stmt"/>
        <line num="19" count="4" type="stmt"/>
      </file>
      <file name="permissions-validator.js" path="/Users/norman/projects/2019/jul/workflyt/src/core/permissions/permissions-validator.js">
        <metrics statements="8" coveredstatements="8" conditionals="0" coveredconditionals="0" methods="0" coveredmethods="0"/>
        <line num="1" count="17" type="stmt"/>
        <line num="2" count="17" type="stmt"/>
        <line num="4" count="17" type="stmt"/>
        <line num="19" count="17" type="stmt"/>
        <line num="40" count="17" type="stmt"/>
        <line num="55" count="17" type="stmt"/>
        <line num="66" count="17" type="stmt"/>
        <line num="88" count="17" type="stmt"/>
      </file>
    </package>
    <package name="src.core.quotes">
      <metrics statements="135" coveredstatements="135" conditionals="12" coveredconditionals="12" methods="52" coveredmethods="52"/>
      <file name="index.js" path="/Users/norman/projects/2019/jul/workflyt/src/core/quotes/index.js">
        <metrics statements="12" coveredstatements="12" conditionals="0" coveredconditionals="0" methods="0" coveredmethods="0"/>
        <line num="2" count="17" type="stmt"/>
        <line num="3" count="17" type="stmt"/>
        <line num="4" count="17" type="stmt"/>
        <line num="5" count="17" type="stmt"/>
        <line num="6" count="17" type="stmt"/>
        <line num="7" count="17" type="stmt"/>
        <line num="8" count="17" type="stmt"/>
        <line num="11" count="17" type="stmt"/>
        <line num="12" count="17" type="stmt"/>
        <line num="13" count="17" type="stmt"/>
        <line num="14" count="17" type="stmt"/>
        <line num="16" count="17" type="stmt"/>
      </file>
      <file name="quotes-controller.js" path="/Users/norman/projects/2019/jul/workflyt/src/core/quotes/quotes-controller.js">
        <metrics statements="51" coveredstatements="51" conditionals="0" coveredconditionals="0" methods="25" coveredmethods="25"/>
        <line num="1" count="17" type="stmt"/>
        <line num="6" count="1" type="stmt"/>
        <line num="7" count="1" type="stmt"/>
        <line num="16" count="2" type="stmt"/>
        <line num="17" count="1" type="stmt"/>
        <line num="26" count="2" type="stmt"/>
        <line num="27" count="2" type="stmt"/>
        <line num="28" count="2" type="stmt"/>
        <line num="29" count="1" type="stmt"/>
        <line num="38" count="2" type="stmt"/>
        <line num="39" count="2" type="stmt"/>
        <line num="40" count="2" type="stmt"/>
        <line num="41" count="2" type="stmt"/>
        <line num="42" count="1" type="stmt"/>
        <line num="51" count="2" type="stmt"/>
        <line num="52" count="2" type="stmt"/>
        <line num="53" count="2" type="stmt"/>
        <line num="54" count="1" type="stmt"/>
        <line num="63" count="2" type="stmt"/>
        <line num="64" count="2" type="stmt"/>
        <line num="65" count="2" type="stmt"/>
        <line num="66" count="1" type="stmt"/>
        <line num="75" count="2" type="stmt"/>
        <line num="76" count="2" type="stmt"/>
        <line num="77" count="2" type="stmt"/>
        <line num="78" count="1" type="stmt"/>
        <line num="87" count="2" type="stmt"/>
        <line num="88" count="2" type="stmt"/>
        <line num="89" count="2" type="stmt"/>
        <line num="90" count="2" type="stmt"/>
        <line num="91" count="1" type="stmt"/>
        <line num="100" count="2" type="stmt"/>
        <line num="101" count="2" type="stmt"/>
        <line num="102" count="2" type="stmt"/>
        <line num="103" count="2" type="stmt"/>
        <line num="104" count="2" type="stmt"/>
        <line num="105" count="1" type="stmt"/>
        <line num="114" count="2" type="stmt"/>
        <line num="115" count="2" type="stmt"/>
        <line num="116" count="2" type="stmt"/>
        <line num="117" count="2" type="stmt"/>
        <line num="118" count="1" type="stmt"/>
        <line num="127" count="2" type="stmt"/>
        <line num="128" count="2" type="stmt"/>
        <line num="129" count="2" type="stmt"/>
        <line num="130" count="1" type="stmt"/>
        <line num="139" count="2" type="stmt"/>
        <line num="140" count="2" type="stmt"/>
        <line num="141" count="2" type="stmt"/>
        <line num="142" count="2" type="stmt"/>
        <line num="143" count="1" type="stmt"/>
      </file>
      <file name="quotes-repository.js" path="/Users/norman/projects/2019/jul/workflyt/src/core/quotes/quotes-repository.js">
        <metrics statements="31" coveredstatements="31" conditionals="12" coveredconditionals="12" methods="13" coveredmethods="13"/>
        <line num="1" count="19" type="stmt"/>
        <line num="3" count="4" type="stmt"/>
        <line num="7" count="4" type="stmt"/>
        <line num="11" count="59" type="stmt"/>
        <line num="16" count="58" type="cond" truecount="4" falsecount="0"/>
        <line num="17" count="18" type="stmt"/>
        <line num="19" count="40" type="stmt"/>
        <line num="24" count="5" type="stmt"/>
        <line num="25" count="3" type="stmt"/>
        <line num="29" count="5" type="stmt"/>
        <line num="30" count="3" type="stmt"/>
        <line num="34" count="6" type="stmt"/>
        <line num="35" count="4" type="stmt"/>
        <line num="39" count="5" type="stmt"/>
        <line num="40" count="3" type="stmt"/>
        <line num="44" count="19" type="stmt"/>
        <line num="46" count="14" type="stmt"/>
        <line num="54" count="13" type="cond" truecount="4" falsecount="0"/>
        <line num="55" count="4" type="stmt"/>
        <line num="57" count="9" type="stmt"/>
        <line num="62" count="6" type="stmt"/>
        <line num="63" count="3" type="stmt"/>
        <line num="67" count="6" type="stmt"/>
        <line num="68" count="3" type="stmt"/>
        <line num="72" count="6" type="stmt"/>
        <line num="73" count="4" type="stmt"/>
        <line num="77" count="7" type="stmt"/>
        <line num="79" count="6" type="stmt"/>
        <line num="87" count="5" type="cond" truecount="4" falsecount="0"/>
        <line num="88" count="2" type="stmt"/>
        <line num="90" count="3" type="stmt"/>
      </file>
      <file name="quotes-router.js" path="/Users/norman/projects/2019/jul/workflyt/src/core/quotes/quotes-router.js">
        <metrics statements="11" coveredstatements="11" conditionals="0" coveredconditionals="0" methods="1" coveredmethods="1"/>
        <line num="1" count="17" type="stmt"/>
        <line num="2" count="17" type="stmt"/>
        <line num="4" count="17" type="stmt"/>
        <line num="5" count="17" type="stmt"/>
        <line num="7" count="17" type="stmt"/>
        <line num="12" count="17" type="stmt"/>
        <line num="18" count="17" type="stmt"/>
        <line num="23" count="17" type="stmt"/>
        <line num="29" count="17" type="stmt"/>
        <line num="33" count="17" type="stmt"/>
        <line num="37" count="17" type="stmt"/>
      </file>
      <file name="quotes-service.js" path="/Users/norman/projects/2019/jul/workflyt/src/core/quotes/quotes-service.js">
        <metrics statements="13" coveredstatements="13" conditionals="0" coveredconditionals="0" methods="13" coveredmethods="13"/>
        <line num="1" count="41" type="stmt"/>
        <line num="3" count="3" type="stmt"/>
        <line num="7" count="4" type="stmt"/>
        <line num="11" count="4" type="stmt"/>
        <line num="15" count="4" type="stmt"/>
        <line num="19" count="4" type="stmt"/>
        <line num="23" count="4" type="stmt"/>
        <line num="27" count="4" type="stmt"/>
        <line num="31" count="4" type="stmt"/>
        <line num="35" count="4" type="stmt"/>
        <line num="39" count="4" type="stmt"/>
        <line num="43" count="4" type="stmt"/>
        <line num="47" count="4" type="stmt"/>
      </file>
      <file name="quotes-validator.js" path="/Users/norman/projects/2019/jul/workflyt/src/core/quotes/quotes-validator.js">
        <metrics statements="17" coveredstatements="17" conditionals="0" coveredconditionals="0" methods="0" coveredmethods="0"/>
        <line num="1" count="17" type="stmt"/>
        <line num="2" count="17" type="stmt"/>
        <line num="4" count="17" type="stmt"/>
        <line num="23" count="17" type="stmt"/>
        <line num="40" count="17" type="stmt"/>
        <line num="59" count="17" type="stmt"/>
        <line num="86" count="17" type="stmt"/>
        <line num="114" count="17" type="stmt"/>
        <line num="126" count="17" type="stmt"/>
        <line num="162" count="17" type="stmt"/>
        <line num="173" count="17" type="stmt"/>
        <line num="199" count="17" type="stmt"/>
        <line num="210" count="17" type="stmt"/>
        <line num="222" count="17" type="stmt"/>
        <line num="243" count="17" type="stmt"/>
        <line num="254" count="17" type="stmt"/>
        <line num="288" count="17" type="stmt"/>
      </file>
    </package>
    <package name="src.core.roles">
      <metrics statements="112" coveredstatements="112" conditionals="8" coveredconditionals="8" methods="44" coveredmethods="44"/>
      <file name="index.js" path="/Users/norman/projects/2019/jul/workflyt/src/core/roles/index.js">
        <metrics statements="12" coveredstatements="12" conditionals="0" coveredconditionals="0" methods="0" coveredmethods="0"/>
        <line num="2" count="17" type="stmt"/>
        <line num="3" count="17" type="stmt"/>
        <line num="4" count="17" type="stmt"/>
        <line num="5" count="17" type="stmt"/>
        <line num="6" count="17" type="stmt"/>
        <line num="7" count="17" type="stmt"/>
        <line num="8" count="17" type="stmt"/>
        <line num="11" count="17" type="stmt"/>
        <line num="12" count="17" type="stmt"/>
        <line num="13" count="17" type="stmt"/>
        <line num="14" count="17" type="stmt"/>
        <line num="16" count="17" type="stmt"/>
      </file>
      <file name="roles-controller.js" path="/Users/norman/projects/2019/jul/workflyt/src/core/roles/roles-controller.js">
        <metrics statements="42" coveredstatements="42" conditionals="0" coveredconditionals="0" methods="21" coveredmethods="21"/>
        <line num="1" count="17" type="stmt"/>
        <line num="6" count="1" type="stmt"/>
        <line num="7" count="1" type="stmt"/>
        <line num="16" count="2" type="stmt"/>
        <line num="17" count="1" type="stmt"/>
        <line num="26" count="2" type="stmt"/>
        <line num="27" count="2" type="stmt"/>
        <line num="28" count="2" type="stmt"/>
        <line num="29" count="1" type="stmt"/>
        <line num="38" count="2" type="stmt"/>
        <line num="39" count="2" type="stmt"/>
        <line num="40" count="2" type="stmt"/>
        <line num="41" count="2" type="stmt"/>
        <line num="42" count="1" type="stmt"/>
        <line num="51" count="2" type="stmt"/>
        <line num="52" count="2" type="stmt"/>
        <line num="53" count="2" type="stmt"/>
        <line num="54" count="1" type="stmt"/>
        <line num="63" count="2" type="stmt"/>
        <line num="64" count="2" type="stmt"/>
        <line num="65" count="2" type="stmt"/>
        <line num="66" count="1" type="stmt"/>
        <line num="75" count="2" type="stmt"/>
        <line num="76" count="2" type="stmt"/>
        <line num="77" count="2" type="stmt"/>
        <line num="78" count="1" type="stmt"/>
        <line num="87" count="2" type="stmt"/>
        <line num="88" count="2" type="stmt"/>
        <line num="89" count="2" type="stmt"/>
        <line num="90" count="2" type="stmt"/>
        <line num="91" count="1" type="stmt"/>
        <line num="100" count="2" type="stmt"/>
        <line num="101" count="2" type="stmt"/>
        <line num="102" count="2" type="stmt"/>
        <line num="103" count="2" type="stmt"/>
        <line num="104" count="2" type="stmt"/>
        <line num="105" count="1" type="stmt"/>
        <line num="114" count="2" type="stmt"/>
        <line num="115" count="2" type="stmt"/>
        <line num="116" count="2" type="stmt"/>
        <line num="117" count="2" type="stmt"/>
        <line num="118" count="1" type="stmt"/>
      </file>
      <file name="roles-repository.js" path="/Users/norman/projects/2019/jul/workflyt/src/core/roles/roles-repository.js">
        <metrics statements="24" coveredstatements="24" conditionals="8" coveredconditionals="8" methods="11" coveredmethods="11"/>
        <line num="1" count="19" type="stmt"/>
        <line num="3" count="4" type="stmt"/>
        <line num="7" count="4" type="stmt"/>
        <line num="11" count="46" type="stmt"/>
        <line num="16" count="45" type="cond" truecount="4" falsecount="0"/>
        <line num="17" count="15" type="stmt"/>
        <line num="19" count="30" type="stmt"/>
        <line num="24" count="5" type="stmt"/>
        <line num="25" count="3" type="stmt"/>
        <line num="29" count="5" type="stmt"/>
        <line num="30" count="3" type="stmt"/>
        <line num="34" count="6" type="stmt"/>
        <line num="35" count="4" type="stmt"/>
        <line num="39" count="5" type="stmt"/>
        <line num="40" count="3" type="stmt"/>
        <line num="44" count="19" type="stmt"/>
        <line num="46" count="14" type="stmt"/>
        <line num="54" count="13" type="cond" truecount="4" falsecount="0"/>
        <line num="55" count="4" type="stmt"/>
        <line num="57" count="9" type="stmt"/>
        <line num="62" count="6" type="stmt"/>
        <line num="63" count="3" type="stmt"/>
        <line num="67" count="6" type="stmt"/>
        <line num="68" count="3" type="stmt"/>
      </file>
      <file name="roles-router.js" path="/Users/norman/projects/2019/jul/workflyt/src/core/roles/roles-router.js">
        <metrics statements="9" coveredstatements="9" conditionals="0" coveredconditionals="0" methods="1" coveredmethods="1"/>
        <line num="1" count="17" type="stmt"/>
        <line num="2" count="17" type="stmt"/>
        <line num="4" count="17" type="stmt"/>
        <line num="5" count="17" type="stmt"/>
        <line num="7" count="17" type="stmt"/>
        <line num="12" count="17" type="stmt"/>
        <line num="18" count="17" type="stmt"/>
        <line num="23" count="17" type="stmt"/>
        <line num="29" count="17" type="stmt"/>
      </file>
      <file name="roles-service.js" path="/Users/norman/projects/2019/jul/workflyt/src/core/roles/roles-service.js">
        <metrics statements="11" coveredstatements="11" conditionals="0" coveredconditionals="0" methods="11" coveredmethods="11"/>
        <line num="1" count="37" type="stmt"/>
        <line num="3" count="3" type="stmt"/>
        <line num="7" count="4" type="stmt"/>
        <line num="11" count="4" type="stmt"/>
        <line num="15" count="4" type="stmt"/>
        <line num="19" count="4" type="stmt"/>
        <line num="23" count="4" type="stmt"/>
        <line num="27" count="4" type="stmt"/>
        <line num="31" count="4" type="stmt"/>
        <line num="35" count="4" type="stmt"/>
        <line num="39" count="4" type="stmt"/>
      </file>
      <file name="roles-validator.js" path="/Users/norman/projects/2019/jul/workflyt/src/core/roles/roles-validator.js">
        <metrics statements="14" coveredstatements="14" conditionals="0" coveredconditionals="0" methods="0" coveredmethods="0"/>
        <line num="1" count="17" type="stmt"/>
        <line num="2" count="17" type="stmt"/>
        <line num="4" count="17" type="stmt"/>
        <line num="20" count="17" type="stmt"/>
        <line num="35" count="17" type="stmt"/>
        <line num="56" count="17" type="stmt"/>
        <line num="71" count="17" type="stmt"/>
        <line num="83" count="17" type="stmt"/>
        <line num="106" count="17" type="stmt"/>
        <line num="117" count="17" type="stmt"/>
        <line num="142" count="17" type="stmt"/>
        <line num="153" count="17" type="stmt"/>
        <line num="164" count="17" type="stmt"/>
        <line num="185" count="17" type="stmt"/>
      </file>
    </package>
    <package name="src.core.services">
      <metrics statements="85" coveredstatements="85" conditionals="8" coveredconditionals="8" methods="32" coveredmethods="32"/>
      <file name="index.js" path="/Users/norman/projects/2019/jul/workflyt/src/core/services/index.js">
        <metrics statements="12" coveredstatements="12" conditionals="0" coveredconditionals="0" methods="0" coveredmethods="0"/>
        <line num="2" count="17" type="stmt"/>
        <line num="3" count="17" type="stmt"/>
        <line num="4" count="17" type="stmt"/>
        <line num="5" count="17" type="stmt"/>
        <line num="6" count="17" type="stmt"/>
        <line num="7" count="17" type="stmt"/>
        <line num="8" count="17" type="stmt"/>
        <line num="11" count="17" type="stmt"/>
        <line num="12" count="17" type="stmt"/>
        <line num="13" count="17" type="stmt"/>
        <line num="14" count="17" type="stmt"/>
        <line num="16" count="17" type="stmt"/>
      </file>
      <file name="services-controller.js" path="/Users/norman/projects/2019/jul/workflyt/src/core/services/services-controller.js">
        <metrics statements="27" coveredstatements="27" conditionals="0" coveredconditionals="0" methods="15" coveredmethods="15"/>
        <line num="1" count="17" type="stmt"/>
        <line num="6" count="1" type="stmt"/>
        <line num="7" count="1" type="stmt"/>
        <line num="16" count="2" type="stmt"/>
        <line num="17" count="1" type="stmt"/>
        <line num="26" count="2" type="stmt"/>
        <line num="27" count="2" type="stmt"/>
        <line num="28" count="2" type="stmt"/>
        <line num="29" count="1" type="stmt"/>
        <line num="38" count="2" type="stmt"/>
        <line num="39" count="2" type="stmt"/>
        <line num="40" count="2" type="stmt"/>
        <line num="41" count="2" type="stmt"/>
        <line num="42" count="1" type="stmt"/>
        <line num="51" count="2" type="stmt"/>
        <line num="52" count="2" type="stmt"/>
        <line num="53" count="2" type="stmt"/>
        <line num="54" count="1" type="stmt"/>
        <line num="63" count="2" type="stmt"/>
        <line num="64" count="2" type="stmt"/>
        <line num="65" count="2" type="stmt"/>
        <line num="66" count="1" type="stmt"/>
        <line num="75" count="2" type="stmt"/>
        <line num="76" count="2" type="stmt"/>
        <line num="77" count="2" type="stmt"/>
        <line num="78" count="2" type="stmt"/>
        <line num="79" count="1" type="stmt"/>
      </file>
      <file name="services-repository.js" path="/Users/norman/projects/2019/jul/workflyt/src/core/services/services-repository.js">
        <metrics statements="18" coveredstatements="18" conditionals="8" coveredconditionals="8" methods="8" coveredmethods="8"/>
[...]
        <line num="152" count="2" type="stmt"/>
        <line num="153" count="2" type="stmt"/>
        <line num="154" count="2" type="stmt"/>
        <line num="155" count="1" type="stmt"/>
        <line num="164" count="2" type="stmt"/>
        <line num="165" count="2" type="stmt"/>
        <line num="166" count="2" type="stmt"/>
        <line num="167" count="2" type="stmt"/>
        <line num="168" count="2" type="stmt"/>
        <line num="169" count="1" type="stmt"/>
        <line num="178" count="2" type="stmt"/>
        <line num="179" count="2" type="stmt"/>
        <line num="180" count="2" type="stmt"/>
        <line num="181" count="2" type="stmt"/>
        <line num="182" count="1" type="stmt"/>
        <line num="191" count="2" type="stmt"/>
        <line num="192" count="2" type="stmt"/>
        <line num="193" count="2" type="stmt"/>
        <line num="194" count="1" type="stmt"/>
        <line num="203" count="2" type="stmt"/>
        <line num="204" count="2" type="stmt"/>
        <line num="205" count="2" type="stmt"/>
        <line num="206" count="2" type="stmt"/>
        <line num="207" count="1" type="stmt"/>
        <line num="216" count="2" type="stmt"/>
        <line num="217" count="2" type="stmt"/>
        <line num="218" count="2" type="stmt"/>
        <line num="219" count="1" type="stmt"/>
      </file>
      <file name="workers-repository.js" path="/Users/norman/projects/2019/jul/workflyt/src/core/workers/workers-repository.js">
        <metrics statements="49" coveredstatements="49" conditionals="20" coveredconditionals="20" methods="19" coveredmethods="19"/>
        <line num="1" count="19" type="stmt"/>
        <line num="3" count="4" type="stmt"/>
        <line num="7" count="4" type="stmt"/>
        <line num="11" count="96" type="stmt"/>
        <line num="16" count="95" type="cond" truecount="4" falsecount="0"/>
        <line num="17" count="31" type="stmt"/>
        <line num="19" count="64" type="stmt"/>
        <line num="24" count="5" type="stmt"/>
        <line num="25" count="3" type="stmt"/>
        <line num="29" count="5" type="stmt"/>
        <line num="30" count="3" type="stmt"/>
        <line num="34" count="6" type="stmt"/>
        <line num="35" count="4" type="stmt"/>
        <line num="39" count="5" type="stmt"/>
        <line num="40" count="3" type="stmt"/>
        <line num="44" count="19" type="stmt"/>
        <line num="46" count="14" type="stmt"/>
        <line num="54" count="13" type="cond" truecount="4" falsecount="0"/>
        <line num="55" count="4" type="stmt"/>
        <line num="57" count="9" type="stmt"/>
        <line num="62" count="6" type="stmt"/>
        <line num="63" count="3" type="stmt"/>
        <line num="67" count="6" type="stmt"/>
        <line num="68" count="3" type="stmt"/>
        <line num="72" count="6" type="stmt"/>
        <line num="73" count="4" type="stmt"/>
        <line num="77" count="5" type="stmt"/>
        <line num="78" count="3" type="stmt"/>
        <line num="82" count="19" type="stmt"/>
        <line num="84" count="13" type="stmt"/>
        <line num="92" count="12" type="cond" truecount="4" falsecount="0"/>
        <line num="93" count="3" type="stmt"/>
        <line num="95" count="9" type="stmt"/>
        <line num="100" count="6" type="stmt"/>
        <line num="101" count="3" type="stmt"/>
        <line num="105" count="6" type="stmt"/>
        <line num="106" count="3" type="stmt"/>
        <line num="110" count="6" type="stmt"/>
        <line num="111" count="4" type="stmt"/>
        <line num="115" count="7" type="stmt"/>
        <line num="117" count="5" type="stmt"/>
        <line num="125" count="4" type="cond" truecount="4" falsecount="0"/>
        <line num="126" count="1" type="stmt"/>
        <line num="128" count="3" type="stmt"/>
        <line num="133" count="7" type="stmt"/>
        <line num="135" count="5" type="stmt"/>
        <line num="137" count="4" type="cond" truecount="4" falsecount="0"/>
        <line num="138" count="1" type="stmt"/>
        <line num="140" count="3" type="stmt"/>
      </file>
      <file name="workers-router.js" path="/Users/norman/projects/2019/jul/workflyt/src/core/workers/workers-router.js">
        <metrics statements="14" coveredstatements="14" conditionals="0" coveredconditionals="0" methods="1" coveredmethods="1"/>
        <line num="1" count="17" type="stmt"/>
        <line num="2" count="17" type="stmt"/>
        <line num="4" count="17" type="stmt"/>
        <line num="5" count="17" type="stmt"/>
        <line num="7" count="17" type="stmt"/>
        <line num="12" count="17" type="stmt"/>
        <line num="18" count="17" type="stmt"/>
        <line num="23" count="17" type="stmt"/>
        <line num="29" count="17" type="stmt"/>
        <line num="34" count="17" type="stmt"/>
        <line num="40" count="17" type="stmt"/>
        <line num="44" count="17" type="stmt"/>
        <line num="48" count="17" type="stmt"/>
        <line num="52" count="17" type="stmt"/>
      </file>
      <file name="workers-service.js" path="/Users/norman/projects/2019/jul/workflyt/src/core/workers/workers-service.js">
        <metrics statements="19" coveredstatements="19" conditionals="0" coveredconditionals="0" methods="19" coveredmethods="19"/>
        <line num="1" count="53" type="stmt"/>
        <line num="3" count="3" type="stmt"/>
        <line num="7" count="4" type="stmt"/>
        <line num="11" count="4" type="stmt"/>
        <line num="15" count="4" type="stmt"/>
        <line num="19" count="4" type="stmt"/>
        <line num="23" count="4" type="stmt"/>
        <line num="27" count="4" type="stmt"/>
        <line num="31" count="4" type="stmt"/>
        <line num="35" count="4" type="stmt"/>
        <line num="39" count="4" type="stmt"/>
        <line num="43" count="4" type="stmt"/>
        <line num="47" count="4" type="stmt"/>
        <line num="51" count="4" type="stmt"/>
        <line num="55" count="4" type="stmt"/>
        <line num="59" count="4" type="stmt"/>
        <line num="63" count="4" type="stmt"/>
        <line num="67" count="4" type="stmt"/>
        <line num="71" count="4" type="stmt"/>
      </file>
      <file name="workers-validator.js" path="/Users/norman/projects/2019/jul/workflyt/src/core/workers/workers-validator.js">
        <metrics statements="24" coveredstatements="24" conditionals="0" coveredconditionals="0" methods="0" coveredmethods="0"/>
        <line num="1" count="17" type="stmt"/>
        <line num="2" count="17" type="stmt"/>
        <line num="4" count="17" type="stmt"/>
        <line num="22" count="17" type="stmt"/>
        <line num="41" count="17" type="stmt"/>
        <line num="59" count="17" type="stmt"/>
        <line num="81" count="17" type="stmt"/>
        <line num="109" count="17" type="stmt"/>
        <line num="132" count="17" type="stmt"/>
        <line num="141" count="17" type="stmt"/>
        <line num="168" count="17" type="stmt"/>
        <line num="179" count="17" type="stmt"/>
        <line num="208" count="17" type="stmt"/>
        <line num="213" count="17" type="stmt"/>
        <line num="225" count="17" type="stmt"/>
        <line num="246" count="17" type="stmt"/>
        <line num="257" count="17" type="stmt"/>
        <line num="295" count="17" type="stmt"/>
        <line num="300" count="17" type="stmt"/>
        <line num="312" count="17" type="stmt"/>
        <line num="333" count="17" type="stmt"/>
        <line num="344" count="17" type="stmt"/>
        <line num="372" count="17" type="stmt"/>
        <line num="384" count="17" type="stmt"/>
      </file>
    </package>
    <package name="src.utils">
      <metrics statements="216" coveredstatements="93" conditionals="44" coveredconditionals="20" methods="46" coveredmethods="32"/>
      <file name="adapters.js" path="/Users/norman/projects/2019/jul/workflyt/src/utils/adapters.js">
        <metrics statements="53" coveredstatements="0" conditionals="6" coveredconditionals="0" methods="7" coveredmethods="0"/>
        <line num="1" count="0" type="stmt"/>
        <line num="2" count="0" type="stmt"/>
        <line num="4" count="0" type="stmt"/>
        <line num="5" count="0" type="cond" truecount="0" falsecount="2"/>
        <line num="6" count="0" type="stmt"/>
        <line num="8" count="0" type="stmt"/>
        <line num="9" count="0" type="stmt"/>
        <line num="10" count="0" type="stmt"/>
        <line num="11" count="0" type="stmt"/>
        <line num="15" count="0" type="stmt"/>
        <line num="16" count="0" type="cond" truecount="0" falsecount="2"/>
        <line num="17" count="0" type="stmt"/>
        <line num="19" count="0" type="stmt"/>
        <line num="20" count="0" type="stmt"/>
        <line num="21" count="0" type="stmt"/>
        <line num="22" count="0" type="stmt"/>
        <line num="26" count="0" type="stmt"/>
        <line num="27" count="0" type="stmt"/>
        <line num="28" count="0" type="stmt"/>
        <line num="30" count="0" type="stmt"/>
        <line num="31" count="0" type="stmt"/>
        <line num="32" count="0" type="stmt"/>
        <line num="36" count="0" type="stmt"/>
        <line num="37" count="0" type="stmt"/>
        <line num="38" count="0" type="stmt"/>
        <line num="40" count="0" type="stmt"/>
        <line num="41" count="0" type="stmt"/>
        <line num="42" count="0" type="stmt"/>
        <line num="46" count="0" type="stmt"/>
        <line num="47" count="0" type="stmt"/>
        <line num="49" count="0" type="stmt"/>
        <line num="50" count="0" type="stmt"/>
        <line num="52" count="0" type="stmt"/>
        <line num="53" count="0" type="stmt"/>
        <line num="54" count="0" type="stmt"/>
        <line num="57" count="0" type="cond" truecount="0" falsecount="2"/>
        <line num="58" count="0" type="stmt"/>
        <line num="60" count="0" type="stmt"/>
        <line num="61" count="0" type="stmt"/>
        <line num="62" count="0" type="stmt"/>
        <line num="63" count="0" type="stmt"/>
        <line num="67" count="0" type="stmt"/>
        <line num="68" count="0" type="stmt"/>
        <line num="69" count="0" type="stmt"/>
        <line num="71" count="0" type="stmt"/>
        <line num="72" count="0" type="stmt"/>
        <line num="73" count="0" type="stmt"/>
        <line num="77" count="0" type="stmt"/>
        <line num="78" count="0" type="stmt"/>
        <line num="79" count="0" type="stmt"/>
        <line num="81" count="0" type="stmt"/>
        <line num="82" count="0" type="stmt"/>
        <line num="83" count="0" type="stmt"/>
      </file>
      <file name="helpers.js" path="/Users/norman/projects/2019/jul/workflyt/src/utils/helpers.js">
        <metrics statements="36" coveredstatements="26" conditionals="4" coveredconditionals="3" methods="6" coveredmethods="6"/>
        <line num="1" count="18" type="stmt"/>
        <line num="2" count="18" type="stmt"/>
        <line num="5" count="2669" type="stmt"/>
        <line num="6" count="612" type="cond" truecount="2" falsecount="0"/>
        <line num="7" count="455" type="stmt"/>
        <line num="9" count="157" type="stmt"/>
        <line num="10" count="157" type="stmt"/>
        <line num="11" count="157" type="stmt"/>
        <line num="17" count="2686" type="stmt"/>
        <line num="18" count="458" type="stmt"/>
        <line num="19" count="458" type="stmt"/>
        <line num="24" count="299" type="stmt"/>
        <line num="25" count="299" type="stmt"/>
        <line num="26" count="299" type="stmt"/>
        <line num="27" count="299" type="stmt"/>
        <line num="29" count="159" type="stmt"/>
        <line num="30" count="159" type="stmt"/>
        <line num="35" count="18" type="stmt"/>
        <line num="36" count="2" type="stmt"/>
        <line num="38" count="2" type="stmt"/>
        <line num="39" count="2" type="stmt"/>
        <line num="41" count="0" type="stmt"/>
        <line num="42" count="0" type="stmt"/>
        <line num="43" count="0" type="stmt"/>
        <line num="46" count="2" type="cond" truecount="1" falsecount="1"/>
        <line num="47" count="2" type="stmt"/>
        <line num="49" count="0" type="stmt"/>
        <line num="50" count="0" type="stmt"/>
        <line num="51" count="0" type="stmt"/>
        <line num="52" count="0" type="stmt"/>
        <line num="56" count="18" type="stmt"/>
        <line num="57" count="2" type="stmt"/>
        <line num="58" count="2" type="stmt"/>
        <line num="60" count="0" type="stmt"/>
        <line num="61" count="0" type="stmt"/>
        <line num="62" count="0" type="stmt"/>
      </file>
      <file name="logger.js" path="/Users/norman/projects/2019/jul/workflyt/src/utils/logger.js">
        <metrics statements="15" coveredstatements="6" conditionals="8" coveredconditionals="1" methods="3" coveredmethods="2"/>
        <line num="1" count="17" type="stmt"/>
        <line num="2" count="17" type="stmt"/>
        <line num="3" count="17" type="stmt"/>
        <line num="5" count="17" type="stmt"/>
        <line num="19" count="0" type="stmt"/>
        <line num="30" count="615" type="stmt"/>
        <line num="31" count="615" type="cond" truecount="1" falsecount="1"/>
        <line num="32" count="0" type="stmt"/>
        <line num="33" count="0" type="cond" truecount="0" falsecount="2"/>
        <line num="34" count="0" type="stmt"/>
        <line num="36" count="0" type="cond" truecount="0" falsecount="4"/>
        <line num="37" count="0" type="stmt"/>
        <line num="39" count="0" type="stmt"/>
        <line num="42" count="0" type="stmt"/>
        <line num="47" count="0" type="stmt"/>
      </file>
      <file name="middlewares.js" path="/Users/norman/projects/2019/jul/workflyt/src/utils/middlewares.js">
        <metrics statements="81" coveredstatements="32" conditionals="26" coveredconditionals="16" methods="7" coveredmethods="3"/>
        <line num="6" count="17" type="stmt"/>
        <line num="9" count="615" type="stmt"/>
        <line num="10" count="615" type="stmt"/>
        <line num="11" count="615" type="stmt"/>
        <line num="17" count="457" type="stmt"/>
        <line num="20" count="457" type="cond" truecount="2" falsecount="0"/>
        <line num="21" count="125" type="stmt"/>
        <line num="22" count="125" type="stmt"/>
        <line num="23" count="125" type="stmt"/>
        <line num="27" count="457" type="cond" truecount="2" falsecount="0"/>
        <line num="28" count="15" type="stmt"/>
        <line num="29" count="15" type="stmt"/>
        <line num="30" count="15" type="stmt"/>
        <line num="34" count="457" type="cond" truecount="1" falsecount="1"/>
        <line num="35" count="0" type="stmt"/>
        <line num="36" count="0" type="stmt"/>
        <line num="37" count="0" type="stmt"/>
        <line num="40" count="457" type="stmt"/>
        <line num="49" count="457" type="stmt"/>
        <line num="51" count="457" type="stmt"/>
        <line num="55" count="0" type="stmt"/>
        <line num="56" count="0" type="stmt"/>
        <line num="57" count="0" type="stmt"/>
        <line num="58" count="0" type="stmt"/>
        <line num="62" count="0" type="stmt"/>
        <line num="63" count="0" type="stmt"/>
        <line num="64" count="0" type="stmt"/>
        <line num="65" count="0" type="stmt"/>
        <line num="69" count="615" type="stmt"/>
        <line num="74" count="615" type="cond" truecount="2" falsecount="0"/>
        <line num="75" count="3" type="stmt"/>
        <line num="78" count="612" type="stmt"/>
        <line num="80" count="612" type="cond" truecount="1" falsecount="1"/>
        <line num="81" count="0" type="stmt"/>
        <line num="82" count="0" type="stmt"/>
        <line num="83" count="0" type="stmt"/>
        <line num="84" count="0" type="stmt"/>
        <line num="87" count="612" type="cond" truecount="1" falsecount="1"/>
        <line num="88" count="0" type="stmt"/>
        <line num="89" count="0" type="stmt"/>
        <line num="90" count="0" type="stmt"/>
        <line num="91" count="0" type="stmt"/>
        <line num="94" count="612" type="stmt"/>
        <line num="96" count="612" type="cond" truecount="1" falsecount="1"/>
        <line num="97" count="0" type="stmt"/>
        <line num="98" count="0" type="stmt"/>
        <line num="99" count="0" type="stmt"/>
        <line num="100" count="0" type="stmt"/>
        <line num="103" count="612" type="stmt"/>
        <line num="105" count="612" type="stmt"/>
        <line num="106" count="612" type="stmt"/>
        <line num="108" count="0" type="stmt"/>
        <line num="109" count="0" type="stmt"/>
        <line num="110" count="0" type="stmt"/>
        <line num="111" count="0" type="stmt"/>
        <line num="112" count="0" type="stmt"/>
        <line num="115" count="612" type="cond" truecount="1" falsecount="1"/>
        <line num="116" count="0" type="stmt"/>
        <line num="117" count="0" type="stmt"/>
        <line num="118" count="0" type="stmt"/>
        <line num="119" count="0" type="stmt"/>
        <line num="122" count="612" type="cond" truecount="1" falsecount="1"/>
        <line num="123" count="0" type="stmt"/>
        <line num="124" count="0" type="stmt"/>
        <line num="125" count="0" type="stmt"/>
        <line num="126" count="0" type="stmt"/>
        <line num="129" count="612" type="cond" truecount="1" falsecount="1"/>
        <line num="130" count="0" type="stmt"/>
        <line num="131" count="0" type="stmt"/>
        <line num="132" count="0" type="stmt"/>
        <line num="133" count="0" type="stmt"/>
        <line num="136" count="612" type="stmt"/>
        <line num="140" count="0" type="stmt"/>
        <line num="141" count="0" type="stmt"/>
        <line num="142" count="0" type="stmt"/>
        <line num="147" count="0" type="stmt"/>
        <line num="148" count="0" type="stmt"/>
        <line num="149" count="0" type="stmt"/>
        <line num="150" count="0" type="stmt"/>
        <line num="152" count="0" type="stmt"/>
        <line num="153" count="0" type="stmt"/>
      </file>
      <file name="validator.js" path="/Users/norman/projects/2019/jul/workflyt/src/utils/validator.js">
        <metrics statements="31" coveredstatements="29" conditionals="0" coveredconditionals="0" methods="23" coveredmethods="21"/>
        <line num="2" count="9571" type="stmt"/>
        <line num="10" count="204" type="stmt"/>
        <line num="21" count="1071" type="stmt"/>
        <line num="30" count="1088" type="stmt"/>
        <line num="43" count="8296" type="stmt"/>
        <line num="52" count="646" type="stmt"/>
        <line num="54" count="646" type="stmt"/>
        <line num="74" count="646" type="stmt"/>
        <line num="78" count="13515" type="stmt"/>
        <line num="88" count="1887" type="stmt"/>
        <line num="90" count="1887" type="stmt"/>
        <line num="110" count="1887" type="stmt"/>
        <line num="114" count="3366" type="stmt"/>
        <line num="123" count="306" type="stmt"/>
        <line num="125" count="306" type="stmt"/>
        <line num="145" count="306" type="stmt"/>
        <line num="149" count="34" type="stmt"/>
        <line num="159" count="1360" type="stmt"/>
        <line num="167" count="1292" type="stmt"/>
        <line num="189" count="493" type="stmt"/>
        <line num="211" count="2635" type="stmt"/>
        <line num="219" count="612" type="stmt"/>
        <line num="230" count="612" type="stmt"/>
        <line num="242" count="0" type="stmt"/>
        <line num="253" count="0" type="stmt"/>
        <line num="257" count="612" type="stmt"/>
        <line num="267" count="2193" type="stmt"/>
        <line num="276" count="952" type="stmt"/>
        <line num="285" count="2125" type="stmt"/>
        <line num="294" count="17" type="stmt"/>
        <line num="296" count="17" type="stmt"/>
      </file>
    </package>
  </project>
</coverage>
