TN:
SF:/Users/norman/projects/2019/jul/workflyt/src/app.js
FNF:0
FNH:0
DA:2,17
DA:3,17
DA:4,17
DA:5,17
DA:6,17
DA:8,17
DA:10,17
DA:11,17
DA:12,17
DA:13,17
DA:14,17
DA:15,17
DA:16,17
DA:17,17
DA:18,17
DA:19,17
DA:21,17
LF:17
LH:17
BRF:0
BRH:0
end_of_record
TN:
SF:/Users/norman/projects/2019/jul/workflyt/src/router.js
FNF:0
FNH:0
DA:2,17
DA:4,17
DA:6,17
DA:7,17
DA:8,17
DA:9,17
DA:10,17
DA:11,17
DA:12,17
DA:13,17
DA:14,17
DA:15,17
DA:16,17
DA:17,17
DA:18,17
DA:19,17
DA:20,17
DA:21,17
DA:22,17
DA:24,17
LF:20
LH:20
BRF:0
BRH:0
end_of_record
TN:
SF:/Users/norman/projects/2019/jul/workflyt/src/core/areas/areas-controller.js
FN:1,(anonymous_0)
FN:5,handler
FN:7,(anonymous_2)
FN:15,handler
FN:17,(anonymous_4)
FN:25,handler
FN:29,(anonymous_6)
FN:37,handler
FN:42,(anonymous_8)
FN:50,handler
FN:54,(anonymous_10)
FN:62,handler
FN:66,(anonymous_12)
FN:74,handler
FN:78,(anonymous_14)
FN:86,handler
FN:91,(anonymous_16)
FN:99,handler
FN:105,(anonymous_18)
FN:113,handler
FN:118,(anonymous_20)
FN:126,handler
FN:130,(anonymous_22)
FN:138,handler
FN:142,(anonymous_24)
FN:150,handler
FN:155,(anonymous_26)
FN:163,handler
FN:169,(anonymous_28)
FN:177,handler
FN:182,(anonymous_30)
FN:190,handler
FN:194,(anonymous_32)
FN:202,handler
FN:207,(anonymous_34)
FNF:35
FNH:35
FNDA:17,(anonymous_0)
FNDA:1,handler
FNDA:1,(anonymous_2)
FNDA:2,handler
FNDA:1,(anonymous_4)
FNDA:2,handler
FNDA:1,(anonymous_6)
FNDA:2,handler
FNDA:1,(anonymous_8)
FNDA:2,handler
FNDA:1,(anonymous_10)
FNDA:2,handler
FNDA:1,(anonymous_12)
FNDA:2,handler
FNDA:1,(anonymous_14)
FNDA:2,handler
FNDA:1,(anonymous_16)
FNDA:2,handler
FNDA:1,(anonymous_18)
FNDA:2,handler
FNDA:1,(anonymous_20)
FNDA:2,handler
FNDA:1,(anonymous_22)
FNDA:2,handler
FNDA:1,(anonymous_24)
FNDA:2,handler
FNDA:1,(anonymous_26)
FNDA:2,handler
FNDA:1,(anonymous_28)
FNDA:2,handler
FNDA:1,(anonymous_30)
FNDA:2,handler
FNDA:1,(anonymous_32)
FNDA:2,handler
FNDA:1,(anonymous_34)
DA:1,17
DA:6,1
DA:7,1
DA:16,2
DA:17,1
DA:26,2
DA:27,2
DA:28,2
DA:29,1
DA:38,2
DA:39,2
DA:40,2
DA:41,2
DA:42,1
DA:51,2
DA:52,2
DA:53,2
DA:54,1
DA:63,2
DA:64,2
DA:65,2
DA:66,1
DA:75,2
DA:76,2
DA:77,2
DA:78,1
DA:87,2
DA:88,2
DA:89,2
DA:90,2
DA:91,1
DA:100,2
DA:101,2
DA:102,2
DA:103,2
DA:104,2
DA:105,1
DA:114,2
DA:115,2
DA:116,2
DA:117,2
DA:118,1
DA:127,2
DA:128,2
DA:129,2
DA:130,1
DA:139,2
DA:140,2
DA:141,2
DA:142,1
DA:151,2
DA:152,2
DA:153,2
DA:154,2
DA:155,1
DA:164,2
DA:165,2
DA:166,2
DA:167,2
DA:168,2
DA:169,1
DA:178,2
DA:179,2
DA:180,2
DA:181,2
DA:182,1
DA:191,2
DA:192,2
DA:193,2
DA:194,1
DA:203,2
DA:204,2
DA:205,2
DA:206,2
DA:207,1
LF:75
LH:75
BRF:0
BRH:0
end_of_record
TN:
SF:/Users/norman/projects/2019/jul/workflyt/src/core/areas/areas-repository.js
FN:1,(anonymous_0)
FN:2,(anonymous_1)
FN:6,(anonymous_2)
FN:10,(anonymous_3)
FN:23,(anonymous_4)
FN:28,(anonymous_5)
FN:33,(anonymous_6)
FN:38,(anonymous_7)
FN:43,(anonymous_8)
FN:61,(anonymous_9)
FN:66,(anonymous_10)
FN:71,(anonymous_11)
FN:76,(anonymous_12)
FN:81,(anonymous_13)
FN:99,(anonymous_14)
FN:104,(anonymous_15)
FN:109,(anonymous_16)
FN:114,(anonymous_17)
FNF:18
FNH:18
FNDA:19,(anonymous_0)
FNDA:4,(anonymous_1)
FNDA:4,(anonymous_2)
FNDA:89,(anonymous_3)
FNDA:5,(anonymous_4)
FNDA:5,(anonymous_5)
FNDA:6,(anonymous_6)
FNDA:5,(anonymous_7)
FNDA:19,(anonymous_8)
FNDA:6,(anonymous_9)
FNDA:6,(anonymous_10)
FNDA:6,(anonymous_11)
FNDA:5,(anonymous_12)
FNDA:19,(anonymous_13)
FNDA:6,(anonymous_14)
FNDA:6,(anonymous_15)
FNDA:6,(anonymous_16)
FNDA:7,(anonymous_17)
DA:1,19
DA:3,4
DA:7,4
DA:11,89
DA:16,88
DA:17,27
DA:19,61
DA:24,5
DA:25,3
DA:29,5
DA:30,3
DA:34,6
DA:35,4
DA:39,5
DA:40,3
DA:44,19
DA:46,14
DA:54,13
DA:55,4
DA:57,9
DA:62,6
DA:63,3
DA:67,6
DA:68,3
DA:72,6
DA:73,4
DA:77,5
DA:78,3
DA:82,19
DA:84,14
DA:92,13
DA:93,4
DA:95,9
DA:100,6
DA:101,3
DA:105,6
DA:106,3
DA:110,6
DA:111,4
DA:115,7
DA:117,6
DA:125,5
DA:126,2
DA:128,3
LF:44
LH:44
BRDA:16,0,0,27
BRDA:16,0,1,61
BRDA:16,1,0,88
BRDA:16,1,1,86
BRDA:54,2,0,4
BRDA:54,2,1,9
BRDA:54,3,0,13
BRDA:54,3,1,12
BRDA:92,4,0,4
BRDA:92,4,1,9
BRDA:92,5,0,13
BRDA:92,5,1,12
BRDA:125,6,0,2
BRDA:125,6,1,3
BRDA:125,7,0,5
BRDA:125,7,1,4
BRF:16
BRH:16
end_of_record
TN:
SF:/Users/norman/projects/2019/jul/workflyt/src/core/areas/areas-router.js
FN:4,(anonymous_0)
FNF:1
FNH:1
FNDA:17,(anonymous_0)
DA:1,17
DA:2,17
DA:4,17
DA:5,17
DA:7,17
DA:12,17
DA:18,17
DA:23,17
DA:29,17
DA:34,17
DA:40,17
DA:44,17
DA:48,17
LF:13
LH:13
BRF:0
BRH:0
end_of_record
TN:
SF:/Users/norman/projects/2019/jul/workflyt/src/core/areas/areas-service.js
FN:1,(anonymous_0)
FN:2,(anonymous_1)
FN:6,(anonymous_2)
FN:10,(anonymous_3)
FN:14,(anonymous_4)
FN:18,(anonymous_5)
FN:22,(anonymous_6)
FN:26,(anonymous_7)
FN:30,(anonymous_8)
FN:34,(anonymous_9)
FN:38,(anonymous_10)
FN:42,(anonymous_11)
FN:46,(anonymous_12)
FN:50,(anonymous_13)
FN:54,(anonymous_14)
FN:58,(anonymous_15)
FN:62,(anonymous_16)
FN:66,(anonymous_17)
FNF:18
FNH:18
FNDA:51,(anonymous_0)
FNDA:3,(anonymous_1)
FNDA:4,(anonymous_2)
FNDA:4,(anonymous_3)
FNDA:4,(anonymous_4)
FNDA:4,(anonymous_5)
FNDA:4,(anonymous_6)
FNDA:4,(anonymous_7)
FNDA:4,(anonymous_8)
FNDA:4,(anonymous_9)
FNDA:4,(anonymous_10)
FNDA:4,(anonymous_11)
FNDA:4,(anonymous_12)
FNDA:4,(anonymous_13)
FNDA:4,(anonymous_14)
FNDA:4,(anonymous_15)
FNDA:4,(anonymous_16)
FNDA:4,(anonymous_17)
DA:1,51
DA:3,3
DA:7,4
DA:11,4
DA:15,4
DA:19,4
DA:23,4
DA:27,4
DA:31,4
DA:35,4
DA:39,4
DA:43,4
DA:47,4
DA:51,4
DA:55,4
DA:59,4
DA:63,4
DA:67,4
LF:18
LH:18
BRF:0
BRH:0
end_of_record
TN:
SF:/Users/norman/projects/2019/jul/workflyt/src/core/areas/areas-validator.js
FNF:0
FNH:0
DA:1,17
DA:2,17
DA:4,17
DA:20,17
DA:38,17
DA:55,17
DA:76,17
DA:91,17
DA:100,17
DA:119,17
DA:127,17
DA:149,17
DA:154,17
DA:166,17
DA:187,17
DA:198,17
DA:227,17
DA:232,17
DA:244,17
DA:265,17
DA:276,17
DA:299,17
LF:22
LH:22
BRF:0
BRH:0
end_of_record
TN:
SF:/Users/norman/projects/2019/jul/workflyt/src/core/areas/index.js
FNF:0
FNH:0
DA:2,17
DA:3,17
DA:4,17
DA:5,17
DA:6,17
DA:7,17
DA:8,17
DA:11,17
DA:12,17
DA:13,17
DA:14,17
DA:16,17
LF:12
LH:12
BRF:0
BRH:0
end_of_record
TN:
SF:/Users/norman/projects/2019/jul/workflyt/src/core/auth/auth-controller.js
FN:1,(anonymous_0)
FN:4,handler
FN:8,(anonymous_2)
FNF:3
FNH:3
FNDA:17,(anonymous_0)
FNDA:2,handler
FNDA:1,(anonymous_2)
DA:1,17
DA:5,2
DA:6,2
DA:7,2
DA:8,1
LF:5
LH:5
BRF:0
BRH:0
end_of_record
TN:
SF:/Users/norman/projects/2019/jul/workflyt/src/core/auth/auth-repository.js
FN:1,(anonymous_0)
FNF:1
FNH:1
FNDA:19,(anonymous_0)
DA:1,19
LF:1
LH:1
BRF:0
BRH:0
end_of_record
TN:
SF:/Users/norman/projects/2019/jul/workflyt/src/core/auth/auth-router.js
FN:4,(anonymous_0)
FNF:1
FNH:1
FNDA:17,(anonymous_0)
DA:1,17
DA:2,17
DA:4,17
DA:5,17
DA:7,17
DA:11,17
LF:6
LH:6
BRF:0
BRH:0
end_of_record
TN:
SF:/Users/norman/projects/2019/jul/workflyt/src/core/auth/auth-service.js
FN:1,(anonymous_0)
FN:2,(anonymous_1)
FNF:2
FNH:2
FNDA:19,(anonymous_0)
FNDA:4,(anonymous_1)
DA:1,19
DA:3,4
DA:5,4
DA:6,2
DA:7,2
DA:8,2
DA:11,2
DA:13,2
DA:14,2
DA:16,2
LF:10
LH:10
BRDA:5,0,0,2
BRDA:5,0,1,2
BRF:2
BRH:2
end_of_record
TN:
SF:/Users/norman/projects/2019/jul/workflyt/src/core/auth/auth-validator.js
FNF:0
FNH:0
DA:1,17
DA:3,17
LF:2
LH:2
BRF:0
BRH:0
end_of_record
TN:
SF:/Users/norman/projects/2019/jul/workflyt/src/core/auth/index.js
FNF:0
FNH:0
DA:2,17
DA:3,17
DA:4,17
DA:5,17
DA:6,17
DA:7,17
DA:8,17
DA:9,17
DA:12,17
DA:13,17
DA:14,17
DA:15,17
DA:17,17
LF:13
LH:13
BRF:0
BRH:0
end_of_record
TN:
SF:/Users/norman/projects/2019/jul/workflyt/src/core/categories/categories-controller.js
FN:1,(anonymous_0)
FN:5,handler
FN:7,(anonymous_2)
FN:15,handler
FN:17,(anonymous_4)
FN:25,handler
FN:29,(anonymous_6)
FN:37,handler
FN:42,(anonymous_8)
FN:50,handler
FN:54,(anonymous_10)
FN:62,handler
FN:66,(anonymous_12)
FN:74,handler
FN:79,(anonymous_14)
FNF:15
FNH:15
FNDA:17,(anonymous_0)
FNDA:1,handler
FNDA:1,(anonymous_2)
FNDA:2,handler
FNDA:1,(anonymous_4)
FNDA:2,handler
FNDA:1,(anonymous_6)
FNDA:2,handler
FNDA:1,(anonymous_8)
FNDA:2,handler
FNDA:1,(anonymous_10)
FNDA:2,handler
FNDA:1,(anonymous_12)
FNDA:2,handler
FNDA:1,(anonymous_14)
DA:1,17
DA:6,1
DA:7,1
DA:16,2
DA:17,1
DA:26,2
DA:27,2
DA:28,2
DA:29,1
DA:38,2
DA:39,2
DA:40,2
DA:41,2
DA:42,1
DA:51,2
DA:52,2
DA:53,2
DA:54,1
DA:63,2
DA:64,2
DA:65,2
DA:66,1
DA:75,2
DA:76,2
DA:77,2
DA:78,2
DA:79,1
LF:27
LH:27
BRF:0
BRH:0
end_of_record
TN:
SF:/Users/norman/projects/2019/jul/workflyt/src/core/categories/categories-repository.js
FN:1,(anonymous_0)
FN:2,(anonymous_1)
FN:6,(anonymous_2)
FN:10,(anonymous_3)
FN:23,(anonymous_4)
FN:28,(anonymous_5)
FN:33,(anonymous_6)
FN:38,(anonymous_7)
FNF:8
FNH:8
FNDA:19,(anonymous_0)
FNDA:4,(anonymous_1)
FNDA:4,(anonymous_2)
FNDA:29,(anonymous_3)
FNDA:5,(anonymous_4)
FNDA:5,(anonymous_5)
FNDA:6,(anonymous_6)
FNDA:7,(anonymous_7)
DA:1,19
DA:3,4
DA:7,4
DA:11,29
DA:16,28
DA:17,9
DA:19,19
DA:24,5
DA:25,3
DA:29,5
DA:30,3
DA:34,6
DA:35,4
DA:39,7
DA:41,6
DA:49,5
DA:50,2
DA:52,3
LF:18
LH:18
BRDA:16,0,0,9
BRDA:16,0,1,19
BRDA:16,1,0,28
BRDA:16,1,1,26
BRDA:49,2,0,2
BRDA:49,2,1,3
BRDA:49,3,0,5
BRDA:49,3,1,4
BRF:8
BRH:8
end_of_record
TN:
SF:/Users/norman/projects/2019/jul/workflyt/src/core/categories/categories-router.js
FN:4,(anonymous_0)
FNF:1
FNH:1
FNDA:17,(anonymous_0)
DA:1,17
DA:2,17
DA:4,17
DA:5,17
DA:7,17
DA:12,17
DA:18,17
DA:22,17
DA:26,17
LF:9
LH:9
BRF:0
BRH:0
end_of_record
TN:
SF:/Users/norman/projects/2019/jul/workflyt/src/core/categories/categories-service.js
FN:1,(anonymous_0)
FN:2,(anonymous_1)
FN:6,(anonymous_2)
FN:10,(anonymous_3)
FN:14,(anonymous_4)
FN:18,(anonymous_5)
FN:22,(anonymous_6)
FN:26,(anonymous_7)
FNF:8
FNH:8
FNDA:31,(anonymous_0)
FNDA:3,(anonymous_1)
FNDA:4,(anonymous_2)
FNDA:4,(anonymous_3)
FNDA:4,(anonymous_4)
FNDA:4,(anonymous_5)
FNDA:4,(anonymous_6)
FNDA:4,(anonymous_7)
DA:1,31
DA:3,3
DA:7,4
DA:11,4
DA:15,4
DA:19,4
DA:23,4
DA:27,4
LF:8
LH:8
BRF:0
BRH:0
end_of_record
TN:
SF:/Users/norman/projects/2019/jul/workflyt/src/core/categories/categories-validator.js
FNF:0
FNH:0
DA:1,17
DA:2,17
DA:4,17
DA:21,17
DA:38,17
DA:60,17
DA:76,17
DA:88,17
DA:112,17
DA:123,17
DA:146,17
LF:11
LH:11
BRF:0
BRH:0
end_of_record
TN:
SF:/Users/norman/projects/2019/jul/workflyt/src/core/categories/index.js
FNF:0
FNH:0
DA:2,17
DA:3,17
DA:4,17
DA:5,17
DA:6,17
DA:7,17
DA:8,17
DA:11,17
DA:12,17
DA:13,17
DA:14,17
DA:16,17
LF:12
LH:12
BRF:0
BRH:0
end_of_record
TN:
SF:/Users/norman/projects/2019/jul/workflyt/src/core/clients/clients-controller.js
FN:1,(anonymous_0)
FN:5,handler
FN:7,(anonymous_2)
FN:15,handler
FN:17,(anonymous_4)
FN:25,handler
FN:29,(anonymous_6)
FN:37,handler
FN:42,(anonymous_8)
FN:50,handler
FN:54,(anonymous_10)
FN:62,handler
FN:66,(anonymous_12)
FN:74,handler
FN:79,(anonymous_14)
FNF:15
FNH:15
FNDA:17,(anonymous_0)
FNDA:1,handler
FNDA:1,(anonymous_2)
FNDA:2,handler
FNDA:1,(anonymous_4)
FNDA:2,handler
FNDA:1,(anonymous_6)
FNDA:2,handler
FNDA:1,(anonymous_8)
FNDA:2,handler
FNDA:1,(anonymous_10)
FNDA:2,handler
FNDA:1,(anonymous_12)
FNDA:2,handler
FNDA:1,(anonymous_14)
DA:1,17
DA:6,1
DA:7,1
DA:16,2
DA:17,1
DA:26,2
DA:27,2
DA:28,2
DA:29,1
DA:38,2
DA:39,2
DA:40,2
DA:41,2
DA:42,1
DA:51,2
DA:52,2
DA:53,2
DA:54,1
DA:63,2
DA:64,2
DA:65,2
DA:66,1
DA:75,2
DA:76,2
DA:77,2
DA:78,2
DA:79,1
LF:27
LH:27
BRF:0
BRH:0
end_of_record
TN:
SF:/Users/norman/projects/2019/jul/workflyt/src/core/clients/clients-repository.js
FN:1,(anonymous_0)
FN:2,(anonymous_1)
FN:6,(anonymous_2)
FN:10,(anonymous_3)
FN:23,(anonymous_4)
FN:28,(anonymous_5)
FN:33,(anonymous_6)
FN:38,(anonymous_7)
FNF:8
FNH:8
FNDA:19,(anonymous_0)
FNDA:4,(anonymous_1)
FNDA:4,(anonymous_2)
FNDA:29,(anonymous_3)
FNDA:5,(anonymous_4)
FNDA:5,(anonymous_5)
FNDA:6,(anonymous_6)
FNDA:7,(anonymous_7)
DA:1,19
DA:3,4
DA:7,4
DA:11,29
DA:16,28
DA:17,9
DA:19,19
DA:24,5
DA:25,3
DA:29,5
DA:30,3
DA:34,6
DA:35,4
DA:39,7
DA:41,6
DA:49,5
DA:50,2
DA:52,3
LF:18
LH:18
BRDA:16,0,0,9
BRDA:16,0,1,19
BRDA:16,1,0,28
BRDA:16,1,1,26
BRDA:49,2,0,2
BRDA:49,2,1,3
BRDA:49,3,0,5
BRDA:49,3,1,4
BRF:8
BRH:8
end_of_record
TN:
SF:/Users/norman/projects/2019/jul/workflyt/src/core/clients/clients-router.js
FN:5,(anonymous_0)
FNF:1
FNH:1
FNDA:17,(anonymous_0)
DA:2,17
DA:3,17
DA:5,17
DA:6,17
DA:8,17
DA:13,17
DA:19,17
DA:23,17
DA:27,17
LF:9
LH:9
BRF:0
BRH:0
end_of_record
TN:
SF:/Users/norman/projects/2019/jul/workflyt/src/core/clients/clients-service.js
FN:1,(anonymous_0)
FN:2,(anonymous_1)
FN:6,(anonymous_2)
FN:10,(anonymous_3)
FN:14,(anonymous_4)
FN:18,(anonymous_5)
FN:22,(anonymous_6)
FN:26,(anonymous_7)
FNF:8
FNH:8
FNDA:31,(anonymous_0)
FNDA:3,(anonymous_1)
FNDA:4,(anonymous_2)
FNDA:4,(anonymous_3)
FNDA:4,(anonymous_4)
FNDA:4,(anonymous_5)
FNDA:4,(anonymous_6)
FNDA:4,(anonymous_7)
DA:1,31
DA:3,3
DA:7,4
DA:11,4
DA:15,4
DA:19,4
DA:23,4
DA:27,4
LF:8
LH:8
BRF:0
BRH:0
end_of_record
TN:
SF:/Users/norman/projects/2019/jul/workflyt/src/core/clients/clients-validator.js
FNF:0
FNH:0
DA:1,17
DA:2,17
DA:4,17
DA:20,17
DA:39,17
DA:60,17
DA:75,17
DA:84,17
DA:103,17
DA:111,17
DA:139,17
LF:11
LH:11
BRF:0
BRH:0
end_of_record
TN:
SF:/Users/norman/projects/2019/jul/workflyt/src/core/clients/index.js
FNF:0
FNH:0
DA:2,17
DA:3,17
DA:4,17
DA:5,17
DA:6,17
DA:7,17
DA:8,17
DA:11,17
DA:12,17
DA:13,17
DA:14,17
DA:16,17
LF:12
LH:12
BRF:0
BRH:0
end_of_record
TN:
SF:/Users/norman/projects/2019/jul/workflyt/src/core/companies/companies-controller.js
FN:1,(anonymous_0)
FN:5,handler
FN:7,(anonymous_2)
FN:15,handler
FN:17,(anonymous_4)
FN:25,handler
FN:29,(anonymous_6)
FN:37,handler
FN:42,(anonymous_8)
FN:50,handler
FN:54,(anonymous_10)
FNF:11
FNH:11
FNDA:17,(anonymous_0)
FNDA:1,handler
FNDA:1,(anonymous_2)
FNDA:2,handler
FNDA:1,(anonymous_4)
FNDA:2,handler
FNDA:1,(anonymous_6)
FNDA:2,handler
FNDA:1,(anonymous_8)
FNDA:2,handler
FNDA:1,(anonymous_10)
DA:1,17
DA:6,1
DA:7,1
DA:16,2
DA:17,1
DA:26,2
DA:27,2
DA:28,2
DA:29,1
DA:38,2
DA:39,2
DA:40,2
DA:41,2
DA:42,1
DA:51,2
DA:52,2
DA:53,2
DA:54,1
LF:18
LH:18
BRF:0
BRH:0
end_of_record
TN:
SF:/Users/norman/projects/2019/jul/workflyt/src/core/companies/companies-repository.js
FN:1,(anonymous_0)
FN:2,(anonymous_1)
FN:6,(anonymous_2)
FN:10,(anonymous_3)
FN:23,(anonymous_4)
FN:28,(anonymous_5)
FNF:6
FNH:6
FNDA:19,(anonymous_0)
FNDA:4,(anonymous_1)
FNDA:4,(anonymous_2)
FNDA:16,(anonymous_3)
FNDA:5,(anonymous_4)
FNDA:5,(anonymous_5)
DA:1,19
DA:3,4
DA:7,4
DA:11,16
DA:16,15
DA:17,6
DA:19,9
DA:24,5
DA:25,3
DA:29,5
DA:30,3
LF:11
LH:11
BRDA:16,0,0,6
BRDA:16,0,1,9
BRDA:16,1,0,15
BRDA:16,1,1,13
BRF:4
BRH:4
end_of_record
TN:
SF:/Users/norman/projects/2019/jul/workflyt/src/core/companies/companies-router.js
FN:4,(anonymous_0)
FNF:1
FNH:1
FNDA:17,(anonymous_0)
DA:1,17
DA:2,17
DA:4,17
DA:5,17
DA:7,17
DA:12,17
DA:18,17
LF:7
LH:7
BRF:0
BRH:0
end_of_record
TN:
SF:/Users/norman/projects/2019/jul/workflyt/src/core/companies/companies-service.js
FN:1,(anonymous_0)
FN:2,(anonymous_1)
FN:6,(anonymous_2)
FN:10,(anonymous_3)
FN:14,(anonymous_4)
FN:18,(anonymous_5)
FNF:6
FNH:6
FNDA:27,(anonymous_0)
FNDA:3,(anonymous_1)
FNDA:4,(anonymous_2)
FNDA:4,(anonymous_3)
FNDA:4,(anonymous_4)
FNDA:4,(anonymous_5)
DA:1,27
DA:3,3
DA:7,4
DA:11,4
DA:15,4
DA:19,4
LF:6
LH:6
BRF:0
BRH:0
end_of_record
TN:
SF:/Users/norman/projects/2019/jul/workflyt/src/core/companies/companies-validator.js
FNF:0
FNH:0
DA:1,17
DA:2,17
DA:4,17
DA:19,17
DA:40,17
DA:55,17
DA:63,17
DA:82,17
LF:8
LH:8
BRF:0
BRH:0
end_of_record
TN:
SF:/Users/norman/projects/2019/jul/workflyt/src/core/companies/index.js
FNF:0
FNH:0
DA:2,17
DA:3,17
DA:4,17
DA:5,17
DA:6,17
DA:7,17
DA:8,17
DA:11,17
DA:12,17
DA:13,17
DA:14,17
DA:16,17
LF:12
LH:12
BRF:0
BRH:0
end_of_record
TN:
SF:/Users/norman/projects/2019/jul/workflyt/src/core/jobs/index.js
FNF:0
FNH:0
DA:2,17
DA:3,17
DA:4,17
DA:5,17
DA:6,17
DA:7,17
DA:8,17
DA:11,17
DA:12,17
DA:13,17
DA:14,17
DA:16,17
LF:12
LH:12
BRF:0
BRH:0
end_of_record
TN:
SF:/Users/norman/projects/2019/jul/workflyt/src/core/jobs/jobs-controller.js
FN:1,(anonymous_0)
FN:5,handler
FN:7,(anonymous_2)
FN:15,handler
FN:17,(anonymous_4)
FN:25,handler
FN:29,(anonymous_6)
FN:37,handler
FN:42,(anonymous_8)
FN:50,handler
FN:54,(anonymous_10)
FN:62,handler
FN:66,(anonymous_12)
FN:74,handler
FN:78,(anonymous_14)
FN:86,handler
FN:91,(anonymous_16)
FN:99,handler
FN:105,(anonymous_18)
FN:113,handler
FN:118,(anonymous_20)
FN:126,handler
FN:130,(anonymous_22)
FN:138,handler
FN:142,(anonymous_24)
FN:150,handler
FN:155,(anonymous_26)
FN:163,handler
FN:169,(anonymous_28)
FN:177,handler
FN:182,(anonymous_30)
FN:190,handler
FN:194,(anonymous_32)
FN:202,handler
FN:206,(anonymous_34)
FN:214,handler
FN:219,(anonymous_36)
FN:227,handler
FN:233,(anonymous_38)
FN:241,handler
FN:246,(anonymous_40)
FNF:41
FNH:41
FNDA:17,(anonymous_0)
FNDA:1,handler
FNDA:1,(anonymous_2)
FNDA:1,handler
FNDA:1,(anonymous_4)
FNDA:2,handler
FNDA:1,(anonymous_6)
FNDA:2,handler
FNDA:1,(anonymous_8)
FNDA:2,handler
FNDA:1,(anonymous_10)
FNDA:2,handler
FNDA:1,(anonymous_12)
FNDA:2,handler
FNDA:1,(anonymous_14)
FNDA:2,handler
FNDA:1,(anonymous_16)
FNDA:2,handler
FNDA:1,(anonymous_18)
FNDA:2,handler
FNDA:1,(anonymous_20)
FNDA:2,handler
FNDA:1,(anonymous_22)
FNDA:2,handler
FNDA:1,(anonymous_24)
FNDA:2,handler
FNDA:1,(anonymous_26)
FNDA:2,handler
FNDA:1,(anonymous_28)
FNDA:2,handler
FNDA:1,(anonymous_30)
FNDA:2,handler
FNDA:1,(anonymous_32)
FNDA:2,handler
FNDA:1,(anonymous_34)
FNDA:2,handler
FNDA:1,(anonymous_36)
FNDA:2,handler
FNDA:1,(anonymous_38)
FNDA:2,handler
FNDA:1,(anonymous_40)
DA:1,17
DA:6,1
DA:7,1
DA:16,1
DA:17,1
DA:26,2
DA:27,2
DA:28,2
DA:29,1
DA:38,2
DA:39,2
DA:40,2
DA:41,2
DA:42,1
DA:51,2
DA:52,2
DA:53,2
DA:54,1
DA:63,2
DA:64,2
DA:65,2
DA:66,1
DA:75,2
DA:76,2
DA:77,2
DA:78,1
DA:87,2
DA:88,2
DA:89,2
DA:90,2
DA:91,1
DA:100,2
DA:101,2
DA:102,2
DA:103,2
DA:104,2
DA:105,1
DA:114,2
DA:115,2
DA:116,2
DA:117,2
DA:118,1
DA:127,2
DA:128,2
DA:129,2
DA:130,1
DA:139,2
DA:140,2
DA:141,2
DA:142,1
DA:151,2
DA:152,2
DA:153,2
DA:154,2
DA:155,1
DA:164,2
DA:165,2
DA:166,2
DA:167,2
DA:168,2
DA:169,1
DA:178,2
DA:179,2
DA:180,2
DA:181,2
DA:182,1
DA:191,2
DA:192,2
DA:193,2
DA:194,1
DA:203,2
DA:204,2
DA:205,2
DA:206,1
DA:215,2
DA:216,2
DA:217,2
DA:218,2
DA:219,1
DA:228,2
DA:229,2
DA:230,2
DA:231,2
DA:232,2
DA:233,1
DA:242,2
DA:243,2
DA:244,2
DA:245,2
DA:246,1
LF:90
LH:90
BRF:0
BRH:0
end_of_record
TN:
SF:/Users/norman/projects/2019/jul/workflyt/src/core/jobs/jobs-repository.js
FN:1,(anonymous_0)
FN:2,(anonymous_1)
FN:6,(anonymous_2)
FN:10,(anonymous_3)
FN:23,(anonymous_4)
FN:28,(anonymous_5)
FN:33,(anonymous_6)
FN:38,(anonymous_7)
FN:43,(anonymous_8)
FN:61,(anonymous_9)
FN:66,(anonymous_10)
FN:71,(anonymous_11)
FN:76,(anonymous_12)
FN:81,(anonymous_13)
FN:99,(anonymous_14)
FN:104,(anonymous_15)
FN:109,(anonymous_16)
FN:114,(anonymous_17)
FN:119,(anonymous_18)
FN:137,(anonymous_19)
FN:142,(anonymous_20)
FNF:21
FNH:21
FNDA:19,(anonymous_0)
FNDA:4,(anonymous_1)
FNDA:3,(anonymous_2)
FNDA:106,(anonymous_3)
FNDA:5,(anonymous_4)
FNDA:5,(anonymous_5)
FNDA:6,(anonymous_6)
FNDA:5,(anonymous_7)
FNDA:19,(anonymous_8)
FNDA:6,(anonymous_9)
FNDA:6,(anonymous_10)
FNDA:6,(anonymous_11)
FNDA:5,(anonymous_12)
FNDA:19,(anonymous_13)
FNDA:6,(anonymous_14)
FNDA:6,(anonymous_15)
FNDA:6,(anonymous_16)
FNDA:5,(anonymous_17)
FNDA:19,(anonymous_18)
FNDA:6,(anonymous_19)
FNDA:6,(anonymous_20)
DA:1,19
DA:3,4
DA:7,3
DA:11,106
DA:16,105
DA:17,33
DA:19,72
DA:24,5
DA:25,3
DA:29,5
DA:30,3
DA:34,6
DA:35,4
DA:39,5
DA:40,3
DA:44,19
DA:46,14
DA:54,13
DA:55,4
DA:57,9
DA:62,6
DA:63,3
DA:67,6
DA:68,3
DA:72,6
DA:73,4
DA:77,5
DA:78,3
DA:82,19
DA:84,14
DA:92,13
DA:93,4
DA:95,9
DA:100,6
DA:101,3
DA:105,6
DA:106,3
DA:110,6
DA:111,4
DA:115,5
DA:116,3
DA:120,19
DA:122,14
DA:130,13
DA:131,4
DA:133,9
DA:138,6
DA:139,3
DA:143,6
DA:144,3
LF:50
LH:50
BRDA:16,0,0,33
BRDA:16,0,1,72
BRDA:16,1,0,105
BRDA:16,1,1,103
BRDA:54,2,0,4
BRDA:54,2,1,9
BRDA:54,3,0,13
BRDA:54,3,1,12
BRDA:92,4,0,4
BRDA:92,4,1,9
BRDA:92,5,0,13
BRDA:92,5,1,12
BRDA:130,6,0,4
BRDA:130,6,1,9
BRDA:130,7,0,13
BRDA:130,7,1,12
BRF:16
BRH:16
end_of_record
TN:
SF:/Users/norman/projects/2019/jul/workflyt/src/core/jobs/jobs-router.js
FN:4,(anonymous_0)
FNF:1
FNH:1
FNDA:17,(anonymous_0)
DA:1,17
DA:2,17
DA:4,17
DA:5,17
DA:7,17
DA:12,17
DA:18,17
DA:23,17
DA:29,17
DA:34,17
DA:40,17
DA:45,17
DA:51,17
LF:13
LH:13
BRF:0
BRH:0
end_of_record
TN:
SF:/Users/norman/projects/2019/jul/workflyt/src/core/jobs/jobs-service.js
FN:1,(anonymous_0)
FN:2,(anonymous_1)
FN:6,(anonymous_2)
FN:10,(anonymous_3)
FN:14,(anonymous_4)
FN:18,(anonymous_5)
FN:22,(anonymous_6)
FN:26,(anonymous_7)
FN:30,(anonymous_8)
FN:34,(anonymous_9)
FN:38,(anonymous_10)
FN:42,(anonymous_11)
FN:46,(anonymous_12)
FN:50,(anonymous_13)
FN:54,(anonymous_14)
FN:58,(anonymous_15)
FN:62,(anonymous_16)
FN:66,(anonymous_17)
FN:70,(anonymous_18)
FN:74,(anonymous_19)
FN:78,(anonymous_20)
FNF:21
FNH:21
FNDA:57,(anonymous_0)
FNDA:3,(anonymous_1)
FNDA:3,(anonymous_2)
FNDA:4,(anonymous_3)
FNDA:4,(anonymous_4)
FNDA:4,(anonymous_5)
FNDA:4,(anonymous_6)
FNDA:4,(anonymous_7)
FNDA:4,(anonymous_8)
FNDA:4,(anonymous_9)
FNDA:4,(anonymous_10)
FNDA:4,(anonymous_11)
FNDA:4,(anonymous_12)
FNDA:4,(anonymous_13)
FNDA:4,(anonymous_14)
FNDA:4,(anonymous_15)
FNDA:4,(anonymous_16)
FNDA:4,(anonymous_17)
FNDA:4,(anonymous_18)
FNDA:4,(anonymous_19)
FNDA:4,(anonymous_20)
DA:1,57
DA:3,3
DA:7,3
DA:11,4
DA:15,4
DA:19,4
DA:23,4
DA:27,4
DA:31,4
DA:35,4
DA:39,4
DA:43,4
DA:47,4
DA:51,4
DA:55,4
DA:59,4
DA:63,4
DA:67,4
DA:71,4
DA:75,4
DA:79,4
LF:21
LH:21
BRF:0
BRH:0
end_of_record
TN:
SF:/Users/norman/projects/2019/jul/workflyt/src/core/jobs/jobs-validator.js
FNF:0
FNH:0
DA:1,17
DA:2,17
DA:4,17
DA:26,17
DA:44,17
DA:61,17
DA:98,17
DA:148,17
DA:157,17
DA:200,17
DA:208,17
DA:246,17
DA:251,17
DA:263,17
DA:284,17
DA:295,17
DA:327,17
DA:338,17
DA:350,17
DA:371,17
DA:382,17
DA:408,17
DA:419,17
DA:431,17
DA:452,17
LF:25
LH:25
BRF:0
BRH:0
end_of_record
TN:
SF:/Users/norman/projects/2019/jul/workflyt/src/core/materials/index.js
FNF:0
FNH:0
DA:2,17
DA:3,17
DA:4,17
DA:5,17
DA:6,17
DA:7,17
DA:8,17
DA:11,17
DA:12,17
DA:13,17
DA:14,17
DA:16,17
LF:12
LH:12
BRF:0
BRH:0
end_of_record
TN:
SF:/Users/norman/projects/2019/jul/workflyt/src/core/materials/materials-controller.js
FN:1,(anonymous_0)
FN:5,handler
FN:7,(anonymous_2)
FN:15,handler
FN:17,(anonymous_4)
FN:25,handler
FN:29,(anonymous_6)
FN:37,handler
FN:42,(anonymous_8)
FN:50,handler
FN:54,(anonymous_10)
FN:62,handler
FN:66,(anonymous_12)
FN:74,handler
FN:79,(anonymous_14)
FNF:15
FNH:15
FNDA:17,(anonymous_0)
FNDA:1,handler
FNDA:1,(anonymous_2)
FNDA:2,handler
FNDA:1,(anonymous_4)
FNDA:2,handler
FNDA:1,(anonymous_6)
FNDA:2,handler
FNDA:1,(anonymous_8)
FNDA:2,handler
FNDA:1,(anonymous_10)
FNDA:2,handler
FNDA:1,(anonymous_12)
FNDA:2,handler
FNDA:1,(anonymous_14)
DA:1,17
DA:6,1
DA:7,1
DA:16,2
DA:17,1
DA:26,2
DA:27,2
DA:28,2
DA:29,1
DA:38,2
DA:39,2
DA:40,2
DA:41,2
DA:42,1
DA:51,2
DA:52,2
DA:53,2
DA:54,1
DA:63,2
DA:64,2
DA:65,2
DA:66,1
DA:75,2
DA:76,2
DA:77,2
DA:78,2
DA:79,1
LF:27
LH:27
BRF:0
BRH:0
end_of_record
TN:
SF:/Users/norman/projects/2019/jul/workflyt/src/core/materials/materials-repository.js
FN:1,(anonymous_0)
FN:2,(anonymous_1)
FN:6,(anonymous_2)
FN:10,(anonymous_3)
FN:23,(anonymous_4)
FN:28,(anonymous_5)
FN:33,(anonymous_6)
FN:38,(anonymous_7)
FNF:8
FNH:8
FNDA:19,(anonymous_0)
FNDA:4,(anonymous_1)
FNDA:4,(anonymous_2)
FNDA:29,(anonymous_3)
FNDA:5,(anonymous_4)
FNDA:5,(anonymous_5)
FNDA:6,(anonymous_6)
FNDA:7,(anonymous_7)
DA:1,19
DA:3,4
DA:7,4
DA:11,29
DA:16,28
DA:17,9
DA:19,19
DA:24,5
DA:25,3
DA:29,5
DA:30,3
DA:34,6
DA:35,4
DA:39,7
DA:41,6
DA:49,5
DA:50,2
DA:52,3
LF:18
LH:18
BRDA:16,0,0,9
BRDA:16,0,1,19
BRDA:16,1,0,28
BRDA:16,1,1,26
BRDA:49,2,0,2
BRDA:49,2,1,3
BRDA:49,3,0,5
BRDA:49,3,1,4
BRF:8
BRH:8
end_of_record
TN:
SF:/Users/norman/projects/2019/jul/workflyt/src/core/materials/materials-router.js
FN:5,(anonymous_0)
FNF:1
FNH:1
FNDA:17,(anonymous_0)
DA:2,17
DA:3,17
DA:5,17
DA:6,17
DA:8,17
DA:13,17
DA:19,17
DA:23,17
DA:27,17
LF:9
LH:9
BRF:0
BRH:0
end_of_record
TN:
SF:/Users/norman/projects/2019/jul/workflyt/src/core/materials/materials-service.js
FN:1,(anonymous_0)
FN:2,(anonymous_1)
FN:6,(anonymous_2)
FN:10,(anonymous_3)
FN:14,(anonymous_4)
FN:18,(anonymous_5)
FN:22,(anonymous_6)
FN:26,(anonymous_7)
FNF:8
FNH:8
FNDA:31,(anonymous_0)
FNDA:3,(anonymous_1)
FNDA:4,(anonymous_2)
FNDA:4,(anonymous_3)
FNDA:4,(anonymous_4)
FNDA:4,(anonymous_5)
FNDA:4,(anonymous_6)
FNDA:4,(anonymous_7)
DA:1,31
DA:3,3
DA:7,4
DA:11,4
DA:15,4
DA:19,4
DA:23,4
DA:27,4
LF:8
LH:8
BRF:0
BRH:0
end_of_record
TN:
SF:/Users/norman/projects/2019/jul/workflyt/src/core/materials/materials-validator.js
FNF:0
FNH:0
DA:1,17
DA:2,17
DA:4,17
DA:21,17
DA:38,17
DA:59,17
DA:75,17
DA:84,17
DA:108,17
DA:116,17
DA:154,17
LF:11
LH:11
BRF:0
BRH:0
end_of_record
TN:
SF:/Users/norman/projects/2019/jul/workflyt/src/core/orders/index.js
FNF:0
FNH:0
DA:2,17
DA:3,17
DA:4,17
DA:5,17
DA:6,17
DA:7,17
DA:8,17
DA:11,17
DA:12,17
DA:13,17
DA:14,17
DA:16,17
LF:12
LH:12
BRF:0
BRH:0
end_of_record
TN:
SF:/Users/norman/projects/2019/jul/workflyt/src/core/orders/orders-controller.js
FN:1,(anonymous_0)
FN:5,handler
FN:7,(anonymous_2)
FN:15,handler
FN:17,(anonymous_4)
FN:25,handler
FN:29,(anonymous_6)
FN:37,handler
FN:42,(anonymous_8)
FN:50,handler
FN:54,(anonymous_10)
FN:62,handler
FN:66,(anonymous_12)
FN:74,handler
FN:79,(anonymous_14)
FNF:15
FNH:15
FNDA:17,(anonymous_0)
FNDA:1,handler
FNDA:1,(anonymous_2)
FNDA:2,handler
FNDA:1,(anonymous_4)
FNDA:2,handler
FNDA:1,(anonymous_6)
FNDA:2,handler
FNDA:1,(anonymous_8)
FNDA:2,handler
FNDA:1,(anonymous_10)
FNDA:2,handler
FNDA:1,(anonymous_12)
FNDA:2,handler
FNDA:1,(anonymous_14)
DA:1,17
DA:6,1
DA:7,1
DA:16,2
DA:17,1
DA:26,2
DA:27,2
DA:28,2
DA:29,1
DA:38,2
DA:39,2
DA:40,2
DA:41,2
DA:42,1
DA:51,2
DA:52,2
DA:53,2
DA:54,1
DA:63,2
DA:64,2
DA:65,2
DA:66,1
DA:75,2
DA:76,2
DA:77,2
DA:78,2
DA:79,1
LF:27
LH:27
BRF:0
BRH:0
end_of_record
TN:
SF:/Users/norman/projects/2019/jul/workflyt/src/core/orders/orders-repository.js
FN:1,(anonymous_0)
FN:2,(anonymous_1)
FN:6,(anonymous_2)
FN:10,(anonymous_3)
FN:23,(anonymous_4)
FN:28,(anonymous_5)
FN:33,(anonymous_6)
FN:38,(anonymous_7)
FNF:8
FNH:8
FNDA:19,(anonymous_0)
FNDA:4,(anonymous_1)
FNDA:4,(anonymous_2)
FNDA:29,(anonymous_3)
FNDA:5,(anonymous_4)
FNDA:5,(anonymous_5)
FNDA:6,(anonymous_6)
FNDA:7,(anonymous_7)
DA:1,19
DA:3,4
DA:7,4
DA:11,29
DA:16,28
DA:17,9
DA:19,19
DA:24,5
DA:25,3
DA:29,5
DA:30,3
DA:34,6
DA:35,4
DA:39,7
DA:41,6
DA:49,5
DA:50,2
DA:52,3
LF:18
LH:18
BRDA:16,0,0,9
BRDA:16,0,1,19
BRDA:16,1,0,28
BRDA:16,1,1,26
BRDA:49,2,0,2
BRDA:49,2,1,3
BRDA:49,3,0,5
BRDA:49,3,1,4
BRF:8
BRH:8
end_of_record
TN:
SF:/Users/norman/projects/2019/jul/workflyt/src/core/orders/orders-router.js
FN:4,(anonymous_0)
FNF:1
FNH:1
FNDA:17,(anonymous_0)
DA:1,17
DA:2,17
DA:4,17
DA:5,17
DA:7,17
DA:12,17
DA:18,17
DA:22,17
DA:26,17
LF:9
LH:9
BRF:0
BRH:0
end_of_record
TN:
SF:/Users/norman/projects/2019/jul/workflyt/src/core/orders/orders-service.js
FN:1,(anonymous_0)
FN:2,(anonymous_1)
FN:6,(anonymous_2)
FN:10,(anonymous_3)
FN:14,(anonymous_4)
FN:18,(anonymous_5)
FN:22,(anonymous_6)
FN:26,(anonymous_7)
FNF:8
FNH:8
FNDA:31,(anonymous_0)
FNDA:3,(anonymous_1)
FNDA:4,(anonymous_2)
FNDA:4,(anonymous_3)
FNDA:4,(anonymous_4)
FNDA:4,(anonymous_5)
FNDA:4,(anonymous_6)
FNDA:4,(anonymous_7)
DA:1,31
DA:3,3
DA:7,4
DA:11,4
DA:15,4
DA:19,4
DA:23,4
DA:27,4
LF:8
LH:8
BRF:0
BRH:0
end_of_record
TN:
SF:/Users/norman/projects/2019/jul/workflyt/src/core/orders/orders-validator.js
FNF:0
FNH:0
DA:1,17
DA:2,17
DA:4,17
DA:23,17
DA:45,17
DA:75,17
DA:116,17
DA:125,17
DA:159,17
DA:170,17
DA:208,17
LF:11
LH:11
BRF:0
BRH:0
end_of_record
TN:
SF:/Users/norman/projects/2019/jul/workflyt/src/core/permissions/index.js
FNF:0
FNH:0
DA:2,17
DA:3,17
DA:4,17
DA:5,17
DA:6,17
DA:7,17
DA:8,17
DA:11,17
DA:12,17
DA:13,17
DA:14,17
DA:16,17
LF:12
LH:12
BRF:0
BRH:0
end_of_record
TN:
SF:/Users/norman/projects/2019/jul/workflyt/src/core/permissions/permissions-controller.js
FN:1,(anonymous_0)
FN:5,handler
FN:7,(anonymous_2)
FN:15,handler
FN:17,(anonymous_4)
FN:25,handler
FN:29,(anonymous_6)
FN:37,handler
FN:42,(anonymous_8)
FN:50,handler
FN:54,(anonymous_10)
FNF:11
FNH:11
FNDA:17,(anonymous_0)
FNDA:1,handler
FNDA:1,(anonymous_2)
FNDA:2,handler
FNDA:1,(anonymous_4)
FNDA:2,handler
FNDA:1,(anonymous_6)
FNDA:2,handler
FNDA:1,(anonymous_8)
FNDA:2,handler
FNDA:1,(anonymous_10)
DA:1,17
DA:6,1
DA:7,1
DA:16,2
DA:17,1
DA:26,2
DA:27,2
DA:28,2
DA:29,1
DA:38,2
DA:39,2
DA:40,2
DA:41,2
DA:42,1
DA:51,2
DA:52,2
DA:53,2
DA:54,1
LF:18
LH:18
BRF:0
BRH:0
end_of_record
TN:
SF:/Users/norman/projects/2019/jul/workflyt/src/core/permissions/permissions-repository.js
FN:1,(anonymous_0)
FN:2,(anonymous_1)
FN:6,(anonymous_2)
FN:10,(anonymous_3)
FN:23,(anonymous_4)
FN:28,(anonymous_5)
FNF:6
FNH:6
FNDA:19,(anonymous_0)
FNDA:4,(anonymous_1)
FNDA:4,(anonymous_2)
FNDA:16,(anonymous_3)
FNDA:5,(anonymous_4)
FNDA:5,(anonymous_5)
DA:1,19
DA:3,4
DA:7,4
DA:11,16
DA:16,15
DA:17,6
DA:19,9
DA:24,5
DA:25,3
DA:29,5
DA:30,3
LF:11
LH:11
BRDA:16,0,0,6
BRDA:16,0,1,9
BRDA:16,1,0,15
BRDA:16,1,1,13
BRF:4
BRH:4
end_of_record
TN:
SF:/Users/norman/projects/2019/jul/workflyt/src/core/permissions/permissions-router.js
FN:4,(anonymous_0)
FNF:1
FNH:1
FNDA:17,(anonymous_0)
DA:1,17
DA:2,17
DA:4,17
DA:5,17
DA:7,17
DA:12,17
DA:18,17
LF:7
LH:7
BRF:0
BRH:0
end_of_record
TN:
SF:/Users/norman/projects/2019/jul/workflyt/src/core/permissions/permissions-service.js
FN:1,(anonymous_0)
FN:2,(anonymous_1)
FN:6,(anonymous_2)
FN:10,(anonymous_3)
FN:14,(anonymous_4)
FN:18,(anonymous_5)
FNF:6
FNH:6
FNDA:27,(anonymous_0)
FNDA:3,(anonymous_1)
FNDA:4,(anonymous_2)
FNDA:4,(anonymous_3)
FNDA:4,(anonymous_4)
FNDA:4,(anonymous_5)
DA:1,27
DA:3,3
DA:7,4
DA:11,4
DA:15,4
DA:19,4
LF:6
LH:6
BRF:0
BRH:0
end_of_record
TN:
SF:/Users/norman/projects/2019/jul/workflyt/src/core/permissions/permissions-validator.js
FNF:0
FNH:0
DA:1,17
DA:2,17
DA:4,17
DA:19,17
DA:40,17
DA:55,17
DA:66,17
DA:88,17
LF:8
LH:8
BRF:0
BRH:0
end_of_record
TN:
SF:/Users/norman/projects/2019/jul/workflyt/src/core/quotes/index.js
FNF:0
FNH:0
DA:2,17
DA:3,17
DA:4,17
DA:5,17
DA:6,17
DA:7,17
DA:8,17
DA:11,17
DA:12,17
DA:13,17
DA:14,17
DA:16,17
LF:12
LH:12
BRF:0
BRH:0
end_of_record
TN:
SF:/Users/norman/projects/2019/jul/workflyt/src/core/quotes/quotes-controller.js
FN:1,(anonymous_0)
FN:5,handler
FN:7,(anonymous_2)
FN:15,handler
FN:17,(anonymous_4)
FN:25,handler
FN:29,(anonymous_6)
FN:37,handler
FN:42,(anonymous_8)
FN:50,handler
FN:54,(anonymous_10)
FN:62,handler
FN:66,(anonymous_12)
FN:74,handler
FN:78,(anonymous_14)
FN:86,handler
FN:91,(anonymous_16)
FN:99,handler
FN:105,(anonymous_18)
FN:113,handler
FN:118,(anonymous_20)
FN:126,handler
FN:130,(anonymous_22)
FN:138,handler
FN:143,(anonymous_24)
FNF:25
FNH:25
FNDA:17,(anonymous_0)
FNDA:1,handler
FNDA:1,(anonymous_2)
FNDA:2,handler
FNDA:1,(anonymous_4)
FNDA:2,handler
FNDA:1,(anonymous_6)
FNDA:2,handler
FNDA:1,(anonymous_8)
FNDA:2,handler
FNDA:1,(anonymous_10)
FNDA:2,handler
FNDA:1,(anonymous_12)
FNDA:2,handler
FNDA:1,(anonymous_14)
FNDA:2,handler
FNDA:1,(anonymous_16)
FNDA:2,handler
FNDA:1,(anonymous_18)
FNDA:2,handler
FNDA:1,(anonymous_20)
FNDA:2,handler
FNDA:1,(anonymous_22)
FNDA:2,handler
FNDA:1,(anonymous_24)
DA:1,17
DA:6,1
DA:7,1
DA:16,2
DA:17,1
DA:26,2
DA:27,2
DA:28,2
DA:29,1
DA:38,2
DA:39,2
DA:40,2
DA:41,2
DA:42,1
DA:51,2
DA:52,2
DA:53,2
DA:54,1
DA:63,2
DA:64,2
DA:65,2
DA:66,1
DA:75,2
DA:76,2
DA:77,2
DA:78,1
DA:87,2
DA:88,2
DA:89,2
DA:90,2
DA:91,1
DA:100,2
DA:101,2
DA:102,2
DA:103,2
DA:104,2
DA:105,1
DA:114,2
DA:115,2
DA:116,2
DA:117,2
DA:118,1
DA:127,2
DA:128,2
DA:129,2
DA:130,1
DA:139,2
DA:140,2
DA:141,2
DA:142,2
DA:143,1
LF:51
LH:51
BRF:0
BRH:0
end_of_record
TN:
SF:/Users/norman/projects/2019/jul/workflyt/src/core/quotes/quotes-repository.js
FN:1,(anonymous_0)
FN:2,(anonymous_1)
FN:6,(anonymous_2)
FN:10,(anonymous_3)
FN:23,(anonymous_4)
FN:28,(anonymous_5)
FN:33,(anonymous_6)
FN:38,(anonymous_7)
FN:43,(anonymous_8)
FN:61,(anonymous_9)
FN:66,(anonymous_10)
FN:71,(anonymous_11)
FN:76,(anonymous_12)
FNF:13
FNH:13
FNDA:19,(anonymous_0)
FNDA:4,(anonymous_1)
FNDA:4,(anonymous_2)
FNDA:59,(anonymous_3)
FNDA:5,(anonymous_4)
FNDA:5,(anonymous_5)
FNDA:6,(anonymous_6)
FNDA:5,(anonymous_7)
FNDA:19,(anonymous_8)
FNDA:6,(anonymous_9)
FNDA:6,(anonymous_10)
FNDA:6,(anonymous_11)
FNDA:7,(anonymous_12)
DA:1,19
DA:3,4
DA:7,4
DA:11,59
DA:16,58
DA:17,18
DA:19,40
DA:24,5
DA:25,3
DA:29,5
DA:30,3
DA:34,6
DA:35,4
DA:39,5
DA:40,3
DA:44,19
DA:46,14
DA:54,13
DA:55,4
DA:57,9
DA:62,6
DA:63,3
DA:67,6
DA:68,3
DA:72,6
DA:73,4
DA:77,7
DA:79,6
DA:87,5
DA:88,2
DA:90,3
LF:31
LH:31
BRDA:16,0,0,18
BRDA:16,0,1,40
BRDA:16,1,0,58
BRDA:16,1,1,56
BRDA:54,2,0,4
BRDA:54,2,1,9
BRDA:54,3,0,13
BRDA:54,3,1,12
BRDA:87,4,0,2
BRDA:87,4,1,3
BRDA:87,5,0,5
BRDA:87,5,1,4
BRF:12
BRH:12
end_of_record
TN:
SF:/Users/norman/projects/2019/jul/workflyt/src/core/quotes/quotes-router.js
FN:4,(anonymous_0)
FNF:1
FNH:1
FNDA:17,(anonymous_0)
DA:1,17
DA:2,17
DA:4,17
DA:5,17
DA:7,17
DA:12,17
DA:18,17
DA:23,17
DA:29,17
DA:33,17
DA:37,17
LF:11
LH:11
BRF:0
BRH:0
end_of_record
TN:
SF:/Users/norman/projects/2019/jul/workflyt/src/core/quotes/quotes-service.js
FN:1,(anonymous_0)
FN:2,(anonymous_1)
FN:6,(anonymous_2)
FN:10,(anonymous_3)
FN:14,(anonymous_4)
FN:18,(anonymous_5)
FN:22,(anonymous_6)
FN:26,(anonymous_7)
FN:30,(anonymous_8)
FN:34,(anonymous_9)
FN:38,(anonymous_10)
FN:42,(anonymous_11)
FN:46,(anonymous_12)
FNF:13
FNH:13
FNDA:41,(anonymous_0)
FNDA:3,(anonymous_1)
FNDA:4,(anonymous_2)
FNDA:4,(anonymous_3)
FNDA:4,(anonymous_4)
FNDA:4,(anonymous_5)
FNDA:4,(anonymous_6)
FNDA:4,(anonymous_7)
FNDA:4,(anonymous_8)
FNDA:4,(anonymous_9)
FNDA:4,(anonymous_10)
FNDA:4,(anonymous_11)
FNDA:4,(anonymous_12)
DA:1,41
DA:3,3
DA:7,4
DA:11,4
DA:15,4
DA:19,4
DA:23,4
DA:27,4
DA:31,4
DA:35,4
DA:39,4
DA:43,4
DA:47,4
LF:13
LH:13
BRF:0
BRH:0
end_of_record
TN:
SF:/Users/norman/projects/2019/jul/workflyt/src/core/quotes/quotes-validator.js
FNF:0
FNH:0
DA:1,17
DA:2,17
DA:4,17
DA:23,17
DA:40,17
DA:59,17
DA:86,17
DA:114,17
DA:126,17
DA:162,17
DA:173,17
DA:199,17
DA:210,17
DA:222,17
DA:243,17
DA:254,17
DA:288,17
LF:17
LH:17
BRF:0
BRH:0
end_of_record
TN:
SF:/Users/norman/projects/2019/jul/workflyt/src/core/roles/index.js
FNF:0
FNH:0
DA:2,17
DA:3,17
DA:4,17
DA:5,17
DA:6,17
DA:7,17
DA:8,17
DA:11,17
DA:12,17
DA:13,17
DA:14,17
DA:16,17
LF:12
LH:12
BRF:0
BRH:0
end_of_record
TN:
SF:/Users/norman/projects/2019/jul/workflyt/src/core/roles/roles-controller.js
FN:1,(anonymous_0)
FN:5,handler
FN:7,(anonymous_2)
FN:15,handler
FN:17,(anonymous_4)
FN:25,handler
FN:29,(anonymous_6)
FN:37,handler
FN:42,(anonymous_8)
FN:50,handler
FN:54,(anonymous_10)
FN:62,handler
FN:66,(anonymous_12)
FN:74,handler
FN:78,(anonymous_14)
FN:86,handler
FN:91,(anonymous_16)
FN:99,handler
FN:105,(anonymous_18)
FN:113,handler
FN:118,(anonymous_20)
FNF:21
FNH:21
FNDA:17,(anonymous_0)
FNDA:1,handler
FNDA:1,(anonymous_2)
FNDA:2,handler
FNDA:1,(anonymous_4)
FNDA:2,handler
FNDA:1,(anonymous_6)
FNDA:2,handler
FNDA:1,(anonymous_8)
FNDA:2,handler
FNDA:1,(anonymous_10)
FNDA:2,handler
FNDA:1,(anonymous_12)
FNDA:2,handler
FNDA:1,(anonymous_14)
FNDA:2,handler
FNDA:1,(anonymous_16)
FNDA:2,handler
FNDA:1,(anonymous_18)
FNDA:2,handler
FNDA:1,(anonymous_20)
DA:1,17
DA:6,1
DA:7,1
DA:16,2
DA:17,1
DA:26,2
DA:27,2
DA:28,2
DA:29,1
DA:38,2
DA:39,2
DA:40,2
DA:41,2
DA:42,1
DA:51,2
DA:52,2
DA:53,2
DA:54,1
DA:63,2
DA:64,2
DA:65,2
DA:66,1
DA:75,2
DA:76,2
DA:77,2
DA:78,1
DA:87,2
DA:88,2
DA:89,2
DA:90,2
DA:91,1
DA:100,2
DA:101,2
DA:102,2
DA:103,2
DA:104,2
DA:105,1
DA:114,2
DA:115,2
DA:116,2
DA:117,2
DA:118,1
LF:42
LH:42
BRF:0
BRH:0
end_of_record
TN:
SF:/Users/norman/projects/2019/jul/workflyt/src/core/roles/roles-repository.js
FN:1,(anonymous_0)
FN:2,(anonymous_1)
FN:6,(anonymous_2)
FN:10,(anonymous_3)
FN:23,(anonymous_4)
FN:28,(anonymous_5)
FN:33,(anonymous_6)
FN:38,(anonymous_7)
FN:43,(anonymous_8)
FN:61,(anonymous_9)
FN:66,(anonymous_10)
FNF:11
FNH:11
FNDA:19,(anonymous_0)
FNDA:4,(anonymous_1)
FNDA:4,(anonymous_2)
FNDA:46,(anonymous_3)
FNDA:5,(anonymous_4)
FNDA:5,(anonymous_5)
FNDA:6,(anonymous_6)
FNDA:5,(anonymous_7)
FNDA:19,(anonymous_8)
FNDA:6,(anonymous_9)
FNDA:6,(anonymous_10)
DA:1,19
DA:3,4
DA:7,4
DA:11,46
DA:16,45
DA:17,15
DA:19,30
DA:24,5
DA:25,3
DA:29,5
DA:30,3
DA:34,6
DA:35,4
DA:39,5
DA:40,3
DA:44,19
DA:46,14
DA:54,13
DA:55,4
DA:57,9
DA:62,6
DA:63,3
DA:67,6
DA:68,3
LF:24
LH:24
BRDA:16,0,0,15
BRDA:16,0,1,30
BRDA:16,1,0,45
BRDA:16,1,1,43
BRDA:54,2,0,4
BRDA:54,2,1,9
BRDA:54,3,0,13
BRDA:54,3,1,12
BRF:8
BRH:8
end_of_record
TN:
SF:/Users/norman/projects/2019/jul/workflyt/src/core/roles/roles-router.js
FN:4,(anonymous_0)
FNF:1
FNH:1
FNDA:17,(anonymous_0)
DA:1,17
DA:2,17
DA:4,17
DA:5,17
DA:7,17
DA:12,17
DA:18,17
DA:23,17
DA:29,17
LF:9
LH:9
BRF:0
BRH:0
end_of_record
TN:
SF:/Users/norman/projects/2019/jul/workflyt/src/core/roles/roles-service.js
FN:1,(anonymous_0)
FN:2,(anonymous_1)
FN:6,(anonymous_2)
FN:10,(anonymous_3)
FN:14,(anonymous_4)
FN:18,(anonymous_5)
FN:22,(anonymous_6)
FN:26,(anonymous_7)
FN:30,(anonymous_8)
FN:34,(anonymous_9)
FN:38,(anonymous_10)
FNF:11
FNH:11
FNDA:37,(anonymous_0)
FNDA:3,(anonymous_1)
FNDA:4,(anonymous_2)
FNDA:4,(anonymous_3)
FNDA:4,(anonymous_4)
FNDA:4,(anonymous_5)
FNDA:4,(anonymous_6)
FNDA:4,(anonymous_7)
FNDA:4,(anonymous_8)
FNDA:4,(anonymous_9)
FNDA:4,(anonymous_10)
DA:1,37
DA:3,3
DA:7,4
DA:11,4
DA:15,4
DA:19,4
DA:23,4
DA:27,4
DA:31,4
DA:35,4
DA:39,4
LF:11
LH:11
BRF:0
BRH:0
end_of_record
TN:
SF:/Users/norman/projects/2019/jul/workflyt/src/core/roles/roles-validator.js
FNF:0
FNH:0
DA:1,17
DA:2,17
DA:4,17
DA:20,17
DA:35,17
DA:56,17
DA:71,17
DA:83,17
DA:106,17
DA:117,17
DA:142,17
DA:153,17
DA:164,17
DA:185,17
LF:14
LH:14
BRF:0
BRH:0
end_of_record
TN:
SF:/Users/norman/projects/2019/jul/workflyt/src/core/services/index.js
FNF:0
FNH:0
DA:2,17
DA:3,17
DA:4,17
DA:5,17
DA:6,17
DA:7,17
DA:8,17
DA:11,17
DA:12,17
DA:13,17
DA:14,17
DA:16,17
LF:12
LH:12
BRF:0
BRH:0
end_of_record
TN:
SF:/Users/norman/projects/2019/jul/workflyt/src/core/services/services-controller.js
FN:1,(anonymous_0)
FN:5,handler
FN:7,(anonymous_2)
FN:15,handler
FN:17,(anonymous_4)
FN:25,handler
FN:29,(anonymous_6)
FN:37,handler
FN:42,(anonymous_8)
FN:50,handler
FN:54,(anonymous_10)
FN:62,handler
FN:66,(anonymous_12)
FN:74,handler
FN:79,(anonymous_14)
FNF:15
FNH:15
FNDA:17,(anonymous_0)
FNDA:1,handler
FNDA:1,(anonymous_2)
FNDA:2,handler
FNDA:1,(anonymous_4)
FNDA:2,handler
FNDA:1,(anonymous_6)
FNDA:2,handler
FNDA:1,(anonymous_8)
FNDA:2,handler
FNDA:1,(anonymous_10)
FNDA:2,handler
FNDA:1,(anonymous_12)
FNDA:2,handler
FNDA:1,(anonymous_14)
DA:1,17
DA:6,1
DA:7,1
DA:16,2
DA:17,1
DA:26,2
DA:27,2
DA:28,2
DA:29,1
DA:38,2
DA:39,2
DA:40,2
DA:41,2
DA:42,1
DA:51,2
DA:52,2
DA:53,2
DA:54,1
DA:63,2
DA:64,2
DA:65,2
DA:66,1
DA:75,2
DA:76,2
DA:77,2
DA:78,2
DA:79,1
LF:27
LH:27
BRF:0
BRH:0
end_of_record
TN:
SF:/Users/norman/projects/2019/jul/workflyt/src/core/services/services-repository.js
FN:1,(anonymous_0)
FN:2,(anonymous_1)
FN:6,(anonymous_2)
FN:10,(anonymous_3)
FN:23,(anonymous_4)
FN:28,(anonymous_5)
FN:33,(anonymous_6)
FN:38,(anonymous_7)
FNF:8
FNH:8
FNDA:19,(anonymous_0)
FNDA:4,(anonymous_1)
FNDA:4,(anonymous_2)
FNDA:29,(anonymous_3)
FNDA:5,(anonymous_4)
FNDA:5,(anonymous_5)
FNDA:6,(anonymous_6)
FNDA:7,(anonymous_7)
DA:1,19
DA:3,4
DA:7,4
DA:11,29
DA:16,28
DA:17,9
DA:19,19
DA:24,5
DA:25,3
DA:29,5
DA:30,3
DA:34,6
DA:35,4
DA:39,7
DA:41,6
DA:49,5
DA:50,2
DA:52,3
LF:18
LH:18
BRDA:16,0,0,9
BRDA:16,0,1,19
BRDA:16,1,0,28
BRDA:16,1,1,26
BRDA:49,2,0,2
BRDA:49,2,1,3
BRDA:49,3,0,5
BRDA:49,3,1,4
BRF:8
BRH:8
end_of_record
TN:
SF:/Users/norman/projects/2019/jul/workflyt/src/core/services/services-router.js
FN:4,(anonymous_0)
FNF:1
FNH:1
FNDA:17,(anonymous_0)
DA:1,17
DA:2,17
DA:4,17
DA:5,17
DA:7,17
DA:12,17
DA:18,17
DA:22,17
DA:26,17
LF:9
LH:9
BRF:0
BRH:0
end_of_record
TN:
SF:/Users/norman/projects/2019/jul/workflyt/src/core/services/services-service.js
FN:1,(anonymous_0)
FN:2,(anonymous_1)
FN:6,(anonymous_2)
FN:10,(anonymous_3)
FN:14,(anonymous_4)
FN:18,(anonymous_5)
FN:22,(anonymous_6)
FN:26,(anonymous_7)
FNF:8
FNH:8
FNDA:31,(anonymous_0)
FNDA:3,(anonymous_1)
FNDA:4,(anonymous_2)
FNDA:4,(anonymous_3)
FNDA:4,(anonymous_4)
FNDA:4,(anonymous_5)
FNDA:4,(anonymous_6)
FNDA:4,(anonymous_7)
DA:1,31
DA:3,3
DA:7,4
DA:11,4
DA:15,4
DA:19,4
DA:23,4
DA:27,4
LF:8
LH:8
BRF:0
BRH:0
end_of_record
TN:
SF:/Users/norman/projects/2019/jul/workflyt/src/core/services/services-validator.js
FNF:0
FNH:0
DA:1,17
DA:2,17
DA:4,17
DA:21,17
DA:43,17
DA:65,17
DA:81,17
DA:93,17
DA:116,17
DA:127,17
DA:165,17
LF:11
LH:11
BRF:0
BRH:0
end_of_record
TN:
SF:/Users/norman/projects/2019/jul/workflyt/src/core/stocks/index.js
FNF:0
FNH:0
DA:2,17
DA:3,17
DA:4,17
DA:5,17
DA:6,17
DA:7,17
DA:8,17
DA:11,17
DA:12,17
DA:13,17
DA:14,17
DA:16,17
LF:12
LH:12
BRF:0
BRH:0
end_of_record
TN:
SF:/Users/norman/projects/2019/jul/workflyt/src/core/stocks/stocks-controller.js
FN:1,(anonymous_0)
FN:5,handler
FN:7,(anonymous_2)
FN:15,handler
FN:17,(anonymous_4)
FN:25,handler
FN:29,(anonymous_6)
FN:37,handler
FN:42,(anonymous_8)
FN:50,handler
FN:54,(anonymous_10)
FNF:11
FNH:11
FNDA:17,(anonymous_0)
FNDA:1,handler
FNDA:1,(anonymous_2)
FNDA:2,handler
FNDA:1,(anonymous_4)
FNDA:2,handler
FNDA:1,(anonymous_6)
FNDA:2,handler
FNDA:1,(anonymous_8)
FNDA:2,handler
FNDA:1,(anonymous_10)
DA:1,17
DA:6,1
DA:7,1
DA:16,2
DA:17,1
DA:26,2
DA:27,2
DA:28,2
DA:29,1
DA:38,2
DA:39,2
DA:40,2
DA:41,2
DA:42,1
DA:51,2
DA:52,2
DA:53,2
DA:54,1
LF:18
LH:18
BRF:0
BRH:0
end_of_record
TN:
SF:/Users/norman/projects/2019/jul/workflyt/src/core/stocks/stocks-repository.js
FN:1,(anonymous_0)
FN:2,(anonymous_1)
FN:6,(anonymous_2)
FN:10,(anonymous_3)
FN:23,(anonymous_4)
FN:28,(anonymous_5)
FNF:6
FNH:6
FNDA:19,(anonymous_0)
FNDA:4,(anonymous_1)
FNDA:4,(anonymous_2)
FNDA:16,(anonymous_3)
FNDA:5,(anonymous_4)
FNDA:5,(anonymous_5)
DA:1,19
DA:3,4
DA:7,4
DA:11,16
DA:16,15
DA:17,6
DA:19,9
DA:24,5
DA:25,3
DA:29,5
DA:30,3
LF:11
LH:11
BRDA:16,0,0,6
BRDA:16,0,1,9
BRDA:16,1,0,15
BRDA:16,1,1,13
BRF:4
BRH:4
end_of_record
TN:
SF:/Users/norman/projects/2019/jul/workflyt/src/core/stocks/stocks-router.js
FN:4,(anonymous_0)
FNF:1
FNH:1
FNDA:17,(anonymous_0)
DA:1,17
DA:2,17
DA:4,17
DA:5,17
DA:7,17
DA:12,17
DA:18,17
LF:7
LH:7
BRF:0
BRH:0
end_of_record
TN:
SF:/Users/norman/projects/2019/jul/workflyt/src/core/stocks/stocks-service.js
FN:1,(anonymous_0)
FN:2,(anonymous_1)
FN:6,(anonymous_2)
FN:10,(anonymous_3)
FN:14,(anonymous_4)
FN:18,(anonymous_5)
FNF:6
FNH:6
FNDA:27,(anonymous_0)
FNDA:3,(anonymous_1)
FNDA:4,(anonymous_2)
FNDA:4,(anonymous_3)
FNDA:4,(anonymous_4)
FNDA:4,(anonymous_5)
DA:1,27
DA:3,3
DA:7,4
DA:11,4
DA:15,4
DA:19,4
LF:6
LH:6
BRF:0
BRH:0
end_of_record
TN:
SF:/Users/norman/projects/2019/jul/workflyt/src/core/stocks/stocks-validator.js
FNF:0
FNH:0
DA:1,17
DA:2,17
DA:4,17
DA:12,17
DA:29,17
DA:67,17
DA:84,17
DA:95,17
DA:119,17
LF:9
LH:9
BRF:0
BRH:0
end_of_record
TN:
SF:/Users/norman/projects/2019/jul/workflyt/src/core/suppliers/index.js
FNF:0
FNH:0
DA:2,17
DA:3,17
DA:4,17
DA:5,17
DA:6,17
DA:7,17
DA:8,17
DA:11,17
DA:12,17
DA:13,17
DA:14,17
DA:16,17
LF:12
LH:12
BRF:0
BRH:0
end_of_record
TN:
SF:/Users/norman/projects/2019/jul/workflyt/src/core/suppliers/suppliers-controller.js
FN:1,(anonymous_0)
FN:5,handler
FN:7,(anonymous_2)
FN:15,handler
FN:17,(anonymous_4)
FN:25,handler
FN:29,(anonymous_6)
FN:37,handler
FN:42,(anonymous_8)
FN:50,handler
FN:54,(anonymous_10)
FN:62,handler
FN:66,(anonymous_12)
FN:74,handler
FN:78,(anonymous_14)
FN:86,handler
FN:91,(anonymous_16)
FN:99,handler
FN:105,(anonymous_18)
FN:113,handler
FN:118,(anonymous_20)
FNF:21
FNH:21
FNDA:17,(anonymous_0)
FNDA:1,handler
FNDA:1,(anonymous_2)
FNDA:2,handler
FNDA:1,(anonymous_4)
FNDA:2,handler
FNDA:1,(anonymous_6)
FNDA:2,handler
FNDA:1,(anonymous_8)
FNDA:2,handler
FNDA:1,(anonymous_10)
FNDA:2,handler
FNDA:1,(anonymous_12)
FNDA:2,handler
FNDA:1,(anonymous_14)
FNDA:2,handler
FNDA:1,(anonymous_16)
FNDA:2,handler
FNDA:1,(anonymous_18)
FNDA:2,handler
FNDA:1,(anonymous_20)
DA:1,17
DA:6,1
DA:7,1
DA:16,2
DA:17,1
DA:26,2
DA:27,2
DA:28,2
DA:29,1
DA:38,2
DA:39,2
DA:40,2
DA:41,2
DA:42,1
DA:51,2
DA:52,2
DA:53,2
DA:54,1
DA:63,2
DA:64,2
DA:65,2
DA:66,1
DA:75,2
DA:76,2
DA:77,2
DA:78,1
DA:87,2
DA:88,2
DA:89,2
DA:90,2
DA:91,1
DA:100,2
DA:101,2
DA:102,2
DA:103,2
DA:104,2
DA:105,1
DA:114,2
DA:115,2
DA:116,2
DA:117,2
DA:118,1
LF:42
LH:42
BRF:0
BRH:0
end_of_record
TN:
SF:/Users/norman/projects/2019/jul/workflyt/src/core/suppliers/suppliers-repository.js
FN:1,(anonymous_0)
FN:2,(anonymous_1)
FN:6,(anonymous_2)
FN:10,(anonymous_3)
FN:23,(anonymous_4)
FN:28,(anonymous_5)
FN:33,(anonymous_6)
FN:38,(anonymous_7)
FN:43,(anonymous_8)
FN:61,(anonymous_9)
FN:66,(anonymous_10)
FNF:11
FNH:11
FNDA:19,(anonymous_0)
FNDA:4,(anonymous_1)
FNDA:4,(anonymous_2)
FNDA:46,(anonymous_3)
FNDA:5,(anonymous_4)
FNDA:5,(anonymous_5)
FNDA:6,(anonymous_6)
FNDA:5,(anonymous_7)
FNDA:19,(anonymous_8)
FNDA:6,(anonymous_9)
FNDA:6,(anonymous_10)
DA:1,19
DA:3,4
DA:7,4
DA:11,46
DA:16,45
DA:17,15
DA:19,30
DA:24,5
DA:25,3
DA:29,5
DA:30,3
DA:34,6
DA:35,4
DA:39,5
DA:40,3
DA:44,19
DA:46,14
DA:54,13
DA:55,4
DA:57,9
DA:62,6
DA:63,3
DA:67,6
DA:68,3
LF:24
LH:24
BRDA:16,0,0,15
BRDA:16,0,1,30
BRDA:16,1,0,45
BRDA:16,1,1,43
BRDA:54,2,0,4
BRDA:54,2,1,9
BRDA:54,3,0,13
BRDA:54,3,1,12
BRF:8
BRH:8
end_of_record
TN:
SF:/Users/norman/projects/2019/jul/workflyt/src/core/suppliers/suppliers-router.js
FN:4,(anonymous_0)
FNF:1
FNH:1
FNDA:17,(anonymous_0)
DA:1,17
DA:2,17
DA:4,17
DA:5,17
DA:7,17
DA:12,17
DA:18,17
DA:23,17
DA:29,17
LF:9
LH:9
BRF:0
BRH:0
end_of_record
TN:
SF:/Users/norman/projects/2019/jul/workflyt/src/core/suppliers/suppliers-service.js
FN:1,(anonymous_0)
FN:2,(anonymous_1)
FN:6,(anonymous_2)
FN:10,(anonymous_3)
FN:14,(anonymous_4)
FN:18,(anonymous_5)
FN:22,(anonymous_6)
FN:26,(anonymous_7)
FN:30,(anonymous_8)
FN:34,(anonymous_9)
FN:38,(anonymous_10)
FNF:11
FNH:11
FNDA:37,(anonymous_0)
FNDA:3,(anonymous_1)
FNDA:4,(anonymous_2)
FNDA:4,(anonymous_3)
FNDA:4,(anonymous_4)
FNDA:4,(anonymous_5)
FNDA:4,(anonymous_6)
FNDA:4,(anonymous_7)
FNDA:4,(anonymous_8)
FNDA:4,(anonymous_9)
FNDA:4,(anonymous_10)
DA:1,37
DA:3,3
DA:7,4
DA:11,4
DA:15,4
DA:19,4
DA:23,4
DA:27,4
DA:31,4
DA:35,4
DA:39,4
LF:11
LH:11
BRF:0
BRH:0
end_of_record
TN:
SF:/Users/norman/projects/2019/jul/workflyt/src/core/suppliers/suppliers-validator.js
FNF:0
FNH:0
DA:1,17
DA:2,17
DA:4,17
DA:20,17
DA:37,17
DA:58,17
DA:73,17
DA:85,17
DA:107,17
DA:118,17
DA:144,17
DA:155,17
DA:167,17
DA:188,17
LF:14
LH:14
BRF:0
BRH:0
end_of_record
TN:
SF:/Users/norman/projects/2019/jul/workflyt/src/core/users/index.js
FNF:0
FNH:0
DA:2,17
DA:3,17
DA:4,17
DA:5,17
DA:6,17
DA:7,17
DA:8,17
DA:11,17
DA:12,17
DA:13,17
DA:14,17
DA:16,17
LF:12
LH:12
BRF:0
BRH:0
end_of_record
TN:
SF:/Users/norman/projects/2019/jul/workflyt/src/core/users/users-controller.js
FN:1,(anonymous_0)
FN:5,handler
FN:7,(anonymous_2)
FN:15,handler
FN:19,(anonymous_4)
FN:27,handler
FN:31,(anonymous_6)
FN:39,handler
FN:44,(anonymous_8)
FN:52,handler
FN:56,(anonymous_10)
FN:64,handler
FN:68,(anonymous_12)
FN:76,handler
FN:80,(anonymous_14)
FN:88,handler
FN:93,(anonymous_16)
FN:101,handler
FN:107,(anonymous_18)
FN:115,handler
FN:120,(anonymous_20)
FNF:21
FNH:21
FNDA:17,(anonymous_0)
FNDA:1,handler
FNDA:1,(anonymous_2)
FNDA:2,handler
FNDA:1,(anonymous_4)
FNDA:2,handler
FNDA:1,(anonymous_6)
FNDA:2,handler
FNDA:1,(anonymous_8)
FNDA:2,handler
FNDA:1,(anonymous_10)
FNDA:2,handler
FNDA:1,(anonymous_12)
FNDA:2,handler
FNDA:1,(anonymous_14)
FNDA:2,handler
FNDA:1,(anonymous_16)
FNDA:2,handler
FNDA:1,(anonymous_18)
FNDA:2,handler
FNDA:1,(anonymous_20)
DA:1,17
DA:6,1
DA:7,1
DA:16,2
DA:17,2
DA:18,2
DA:19,1
DA:28,2
DA:29,2
DA:30,2
DA:31,1
DA:40,2
DA:41,2
DA:42,2
DA:43,2
DA:44,1
DA:53,2
DA:54,2
DA:55,2
DA:56,1
DA:65,2
DA:66,2
DA:67,2
DA:68,1
DA:77,2
DA:78,2
DA:79,2
DA:80,1
DA:89,2
DA:90,2
DA:91,2
DA:92,2
DA:93,1
DA:102,2
DA:103,2
DA:104,2
DA:105,2
DA:106,2
DA:107,1
DA:116,2
DA:117,2
DA:118,2
DA:119,2
DA:120,1
LF:44
LH:44
BRF:0
BRH:0
end_of_record
TN:
SF:/Users/norman/projects/2019/jul/workflyt/src/core/users/users-repository.js
FN:1,(anonymous_0)
FN:2,(anonymous_1)
FN:6,(anonymous_2)
FN:10,(anonymous_3)
FN:23,(anonymous_4)
FN:38,(anonymous_5)
FN:68,(anonymous_6)
FN:73,(anonymous_7)
FN:78,(anonymous_8)
FN:83,(anonymous_9)
FN:88,(anonymous_10)
FN:106,(anonymous_11)
FN:111,(anonymous_12)
FNF:13
FNH:13
FNDA:38,(anonymous_0)
FNDA:4,(anonymous_1)
FNDA:4,(anonymous_2)
FNDA:46,(anonymous_3)
FNDA:4,(anonymous_4)
FNDA:7,(anonymous_5)
FNDA:5,(anonymous_6)
FNDA:5,(anonymous_7)
FNDA:6,(anonymous_8)
FNDA:5,(anonymous_9)
FNDA:19,(anonymous_10)
FNDA:6,(anonymous_11)
FNDA:6,(anonymous_12)
DA:1,38
DA:3,4
DA:7,4
DA:11,46
DA:16,45
DA:17,15
DA:19,30
DA:24,4
DA:31,3
DA:32,1
DA:35,2
DA:39,7
DA:61,6
DA:62,1
DA:65,5
DA:69,5
DA:70,3
DA:74,5
DA:75,3
DA:79,6
DA:80,4
DA:84,5
DA:85,3
DA:89,19
DA:91,14
DA:99,13
DA:100,4
DA:102,9
DA:107,6
DA:108,3
DA:112,6
DA:113,3
LF:32
LH:32
BRDA:16,0,0,15
BRDA:16,0,1,30
BRDA:16,1,0,45
BRDA:16,1,1,43
BRDA:31,2,0,1
BRDA:31,2,1,2
BRDA:31,3,0,3
BRDA:31,3,1,1
BRDA:61,4,0,1
BRDA:61,4,1,5
BRDA:61,5,0,6
BRDA:61,5,1,1
BRDA:99,6,0,4
BRDA:99,6,1,9
BRDA:99,7,0,13
BRDA:99,7,1,12
BRF:16
BRH:16
end_of_record
TN:
SF:/Users/norman/projects/2019/jul/workflyt/src/core/users/users-router.js
FN:4,(anonymous_0)
FNF:1
FNH:1
FNDA:17,(anonymous_0)
DA:1,17
DA:2,17
DA:4,17
DA:5,17
DA:7,17
DA:12,17
DA:18,17
DA:23,17
DA:29,17
LF:9
LH:9
BRF:0
BRH:0
end_of_record
TN:
SF:/Users/norman/projects/2019/jul/workflyt/src/core/users/users-service.js
FN:1,(anonymous_0)
FN:2,(anonymous_1)
FN:6,(anonymous_2)
FN:10,(anonymous_3)
FN:14,(anonymous_4)
FN:18,(anonymous_5)
FN:22,(anonymous_6)
FN:26,(anonymous_7)
FN:30,(anonymous_8)
FN:34,(anonymous_9)
FN:38,(anonymous_10)
FNF:11
FNH:11
FNDA:37,(anonymous_0)
FNDA:3,(anonymous_1)
FNDA:4,(anonymous_2)
FNDA:4,(anonymous_3)
FNDA:4,(anonymous_4)
FNDA:4,(anonymous_5)
FNDA:4,(anonymous_6)
FNDA:4,(anonymous_7)
FNDA:4,(anonymous_8)
FNDA:4,(anonymous_9)
FNDA:4,(anonymous_10)
DA:1,37
DA:3,3
DA:7,4
DA:11,4
DA:15,4
DA:19,4
DA:23,4
DA:27,4
DA:31,4
DA:35,4
DA:39,4
LF:11
LH:11
BRF:0
BRH:0
end_of_record
TN:
SF:/Users/norman/projects/2019/jul/workflyt/src/core/users/users-validator.js
FNF:0
FNH:0
DA:1,17
DA:2,17
DA:4,17
DA:22,17
DA:38,17
DA:59,17
DA:75,17
DA:86,17
DA:109,17
DA:119,17
DA:140,17
DA:144,17
DA:155,17
DA:176,17
LF:14
LH:14
BRF:0
BRH:0
end_of_record
TN:
SF:/Users/norman/projects/2019/jul/workflyt/src/core/warehouses/index.js
FNF:0
FNH:0
DA:2,17
DA:3,17
DA:4,17
DA:5,17
DA:6,17
DA:7,17
DA:8,17
DA:11,17
DA:12,17
DA:13,17
DA:14,17
DA:16,17
LF:12
LH:12
BRF:0
BRH:0
end_of_record
TN:
SF:/Users/norman/projects/2019/jul/workflyt/src/core/warehouses/warehouses-controller.js
FN:1,(anonymous_0)
FN:5,handler
FN:7,(anonymous_2)
FN:15,handler
FN:17,(anonymous_4)
FN:25,handler
FN:29,(anonymous_6)
FN:37,handler
FN:42,(anonymous_8)
FN:50,handler
FN:54,(anonymous_10)
FN:62,handler
FN:66,(anonymous_12)
FN:74,handler
FN:78,(anonymous_14)
FN:86,handler
FN:91,(anonymous_16)
FN:99,handler
FN:105,(anonymous_18)
FN:113,handler
FN:118,(anonymous_20)
FNF:21
FNH:21
FNDA:17,(anonymous_0)
FNDA:1,handler
FNDA:1,(anonymous_2)
FNDA:2,handler
FNDA:1,(anonymous_4)
FNDA:2,handler
FNDA:1,(anonymous_6)
FNDA:2,handler
FNDA:1,(anonymous_8)
FNDA:2,handler
FNDA:1,(anonymous_10)
FNDA:2,handler
FNDA:1,(anonymous_12)
FNDA:2,handler
FNDA:1,(anonymous_14)
FNDA:2,handler
FNDA:1,(anonymous_16)
FNDA:2,handler
FNDA:1,(anonymous_18)
FNDA:2,handler
FNDA:1,(anonymous_20)
DA:1,17
DA:6,1
DA:7,1
DA:16,2
DA:17,1
DA:26,2
DA:27,2
DA:28,2
DA:29,1
DA:38,2
DA:39,2
DA:40,2
DA:41,2
DA:42,1
DA:51,2
DA:52,2
DA:53,2
DA:54,1
DA:63,2
DA:64,2
DA:65,2
DA:66,1
DA:75,2
DA:76,2
DA:77,2
DA:78,1
DA:87,2
DA:88,2
DA:89,2
DA:90,2
DA:91,1
DA:100,2
DA:101,2
DA:102,2
DA:103,2
DA:104,2
DA:105,1
DA:114,2
DA:115,2
DA:116,2
DA:117,2
DA:118,1
LF:42
LH:42
BRF:0
BRH:0
end_of_record
TN:
SF:/Users/norman/projects/2019/jul/workflyt/src/core/warehouses/warehouses-repository.js
FN:1,(anonymous_0)
FN:2,(anonymous_1)
FN:6,(anonymous_2)
FN:10,(anonymous_3)
FN:23,(anonymous_4)
FN:28,(anonymous_5)
FN:33,(anonymous_6)
FN:38,(anonymous_7)
FN:43,(anonymous_8)
FN:61,(anonymous_9)
FN:66,(anonymous_10)
FNF:11
FNH:11
FNDA:19,(anonymous_0)
FNDA:4,(anonymous_1)
FNDA:4,(anonymous_2)
FNDA:46,(anonymous_3)
FNDA:5,(anonymous_4)
FNDA:5,(anonymous_5)
FNDA:6,(anonymous_6)
FNDA:5,(anonymous_7)
FNDA:19,(anonymous_8)
FNDA:6,(anonymous_9)
FNDA:6,(anonymous_10)
DA:1,19
DA:3,4
DA:7,4
DA:11,46
DA:16,45
DA:17,15
DA:19,30
DA:24,5
DA:25,3
DA:29,5
DA:30,3
DA:34,6
DA:35,4
DA:39,5
DA:40,3
DA:44,19
DA:46,14
DA:54,13
DA:55,4
DA:57,9
DA:62,6
DA:63,3
DA:67,6
DA:68,3
LF:24
LH:24
BRDA:16,0,0,15
BRDA:16,0,1,30
BRDA:16,1,0,45
BRDA:16,1,1,43
BRDA:54,2,0,4
BRDA:54,2,1,9
BRDA:54,3,0,13
BRDA:54,3,1,12
BRF:8
BRH:8
end_of_record
TN:
SF:/Users/norman/projects/2019/jul/workflyt/src/core/warehouses/warehouses-router.js
FN:4,(anonymous_0)
FNF:1
FNH:1
FNDA:17,(anonymous_0)
DA:1,17
DA:2,17
DA:4,17
DA:5,17
DA:7,17
DA:12,17
DA:18,17
DA:23,17
DA:29,17
LF:9
LH:9
BRF:0
BRH:0
end_of_record
TN:
SF:/Users/norman/projects/2019/jul/workflyt/src/core/warehouses/warehouses-service.js
FN:1,(anonymous_0)
FN:2,(anonymous_1)
FN:6,(anonymous_2)
FN:10,(anonymous_3)
FN:14,(anonymous_4)
FN:18,(anonymous_5)
FN:22,(anonymous_6)
FN:26,(anonymous_7)
FN:30,(anonymous_8)
FN:34,(anonymous_9)
FN:38,(anonymous_10)
FNF:11
FNH:11
FNDA:37,(anonymous_0)
FNDA:3,(anonymous_1)
FNDA:4,(anonymous_2)
FNDA:4,(anonymous_3)
FNDA:4,(anonymous_4)
FNDA:4,(anonymous_5)
FNDA:4,(anonymous_6)
FNDA:4,(anonymous_7)
FNDA:4,(anonymous_8)
FNDA:4,(anonymous_9)
FNDA:4,(anonymous_10)
DA:1,37
DA:3,3
DA:7,4
DA:11,4
DA:15,4
DA:19,4
DA:23,4
DA:27,4
DA:31,4
DA:35,4
DA:39,4
LF:11
LH:11
BRF:0
BRH:0
end_of_record
TN:
SF:/Users/norman/projects/2019/jul/workflyt/src/core/warehouses/warehouses-validator.js
FNF:0
FNH:0
DA:1,17
DA:2,17
DA:4,17
DA:20,17
DA:37,17
DA:58,17
DA:73,17
DA:85,17
DA:107,17
DA:118,17
DA:144,17
DA:155,17
DA:167,17
DA:188,17
LF:14
LH:14
BRF:0
BRH:0
end_of_record
TN:
SF:/Users/norman/projects/2019/jul/workflyt/src/core/workers/index.js
FNF:0
FNH:0
DA:2,17
DA:3,17
DA:4,17
DA:5,17
DA:6,17
DA:7,17
DA:8,17
DA:11,17
DA:12,17
DA:13,17
DA:14,17
DA:16,17
LF:12
LH:12
BRF:0
BRH:0
end_of_record
TN:
SF:/Users/norman/projects/2019/jul/workflyt/src/core/workers/workers-controller.js
FN:1,(anonymous_0)
FN:5,handler
FN:7,(anonymous_2)
FN:15,handler
FN:17,(anonymous_4)
FN:25,handler
FN:29,(anonymous_6)
FN:37,handler
FN:42,(anonymous_8)
FN:50,handler
FN:54,(anonymous_10)
FN:62,handler
FN:66,(anonymous_12)
FN:74,handler
FN:78,(anonymous_14)
FN:86,handler
FN:91,(anonymous_16)
FN:99,handler
FN:105,(anonymous_18)
FN:113,handler
FN:118,(anonymous_20)
FN:126,handler
FN:130,(anonymous_22)
FN:138,handler
FN:142,(anonymous_24)
FN:150,handler
FN:155,(anonymous_26)
FN:163,handler
FN:169,(anonymous_28)
FN:177,handler
FN:182,(anonymous_30)
FN:190,handler
FN:194,(anonymous_32)
FN:202,handler
FN:207,(anonymous_34)
FN:215,handler
FN:219,(anonymous_36)
FNF:37
FNH:37
FNDA:17,(anonymous_0)
FNDA:1,handler
FNDA:1,(anonymous_2)
FNDA:2,handler
FNDA:1,(anonymous_4)
FNDA:2,handler
FNDA:1,(anonymous_6)
FNDA:2,handler
FNDA:1,(anonymous_8)
FNDA:2,handler
FNDA:1,(anonymous_10)
FNDA:2,handler
FNDA:1,(anonymous_12)
FNDA:2,handler
FNDA:1,(anonymous_14)
FNDA:2,handler
FNDA:1,(anonymous_16)
FNDA:2,handler
FNDA:1,(anonymous_18)
FNDA:2,handler
FNDA:1,(anonymous_20)
FNDA:2,handler
FNDA:1,(anonymous_22)
FNDA:2,handler
FNDA:1,(anonymous_24)
FNDA:2,handler
FNDA:1,(anonymous_26)
FNDA:2,handler
FNDA:1,(anonymous_28)
FNDA:2,handler
FNDA:1,(anonymous_30)
FNDA:2,handler
FNDA:1,(anonymous_32)
FNDA:2,handler
FNDA:1,(anonymous_34)
FNDA:2,handler
FNDA:1,(anonymous_36)
DA:1,17
DA:6,1
DA:7,1
DA:16,2
DA:17,1
DA:26,2
DA:27,2
DA:28,2
DA:29,1
DA:38,2
DA:39,2
DA:40,2
DA:41,2
DA:42,1
DA:51,2
DA:52,2
DA:53,2
DA:54,1
DA:63,2
DA:64,2
DA:65,2
DA:66,1
DA:75,2
DA:76,2
DA:77,2
DA:78,1
DA:87,2
DA:88,2
DA:89,2
DA:90,2
DA:91,1
DA:100,2
DA:101,2
DA:102,2
DA:103,2
DA:104,2
DA:105,1
DA:114,2
DA:115,2
DA:116,2
DA:117,2
DA:118,1
DA:127,2
DA:128,2
DA:129,2
DA:130,1
DA:139,2
DA:140,2
DA:141,2
DA:142,1
DA:151,2
DA:152,2
DA:153,2
DA:154,2
DA:155,1
DA:164,2
DA:165,2
DA:166,2
DA:167,2
DA:168,2
DA:169,1
DA:178,2
DA:179,2
DA:180,2
DA:181,2
DA:182,1
DA:191,2
DA:192,2
DA:193,2
DA:194,1
DA:203,2
DA:204,2
DA:205,2
DA:206,2
DA:207,1
DA:216,2
DA:217,2
DA:218,2
DA:219,1
LF:79
LH:79
BRF:0
BRH:0
end_of_record
TN:
SF:/Users/norman/projects/2019/jul/workflyt/src/core/workers/workers-repository.js
FN:1,(anonymous_0)
FN:2,(anonymous_1)
FN:6,(anonymous_2)
FN:10,(anonymous_3)
FN:23,(anonymous_4)
FN:28,(anonymous_5)
FN:33,(anonymous_6)
FN:38,(anonymous_7)
FN:43,(anonymous_8)
FN:61,(anonymous_9)
FN:66,(anonymous_10)
FN:71,(anonymous_11)
FN:76,(anonymous_12)
FN:81,(anonymous_13)
FN:99,(anonymous_14)
FN:104,(anonymous_15)
FN:109,(anonymous_16)
FN:114,(anonymous_17)
FN:132,(anonymous_18)
FNF:19
FNH:19
FNDA:19,(anonymous_0)
FNDA:4,(anonymous_1)
FNDA:4,(anonymous_2)
FNDA:96,(anonymous_3)
FNDA:5,(anonymous_4)
FNDA:5,(anonymous_5)
FNDA:6,(anonymous_6)
FNDA:5,(anonymous_7)
FNDA:19,(anonymous_8)
FNDA:6,(anonymous_9)
FNDA:6,(anonymous_10)
FNDA:6,(anonymous_11)
FNDA:5,(anonymous_12)
FNDA:19,(anonymous_13)
FNDA:6,(anonymous_14)
FNDA:6,(anonymous_15)
FNDA:6,(anonymous_16)
FNDA:7,(anonymous_17)
FNDA:7,(anonymous_18)
DA:1,19
DA:3,4
DA:7,4
DA:11,96
DA:16,95
DA:17,31
DA:19,64
DA:24,5
DA:25,3
DA:29,5
DA:30,3
DA:34,6
DA:35,4
DA:39,5
DA:40,3
DA:44,19
DA:46,14
DA:54,13
DA:55,4
DA:57,9
DA:62,6
DA:63,3
DA:67,6
DA:68,3
DA:72,6
DA:73,4
DA:77,5
DA:78,3
DA:82,19
DA:84,13
DA:92,12
DA:93,3
DA:95,9
DA:100,6
DA:101,3
DA:105,6
DA:106,3
DA:110,6
DA:111,4
DA:115,7
DA:117,5
DA:125,4
DA:126,1
DA:128,3
DA:133,7
DA:135,5
DA:137,4
DA:138,1
DA:140,3
LF:49
LH:49
BRDA:16,0,0,31
BRDA:16,0,1,64
BRDA:16,1,0,95
BRDA:16,1,1,93
BRDA:54,2,0,4
BRDA:54,2,1,9
BRDA:54,3,0,13
BRDA:54,3,1,12
BRDA:92,4,0,3
BRDA:92,4,1,9
BRDA:92,5,0,12
BRDA:92,5,1,11
BRDA:125,6,0,1
BRDA:125,6,1,3
BRDA:125,7,0,4
BRDA:125,7,1,3
BRDA:137,8,0,1
BRDA:137,8,1,3
BRDA:137,9,0,4
BRDA:137,9,1,3
BRF:20
BRH:20
end_of_record
TN:
SF:/Users/norman/projects/2019/jul/workflyt/src/core/workers/workers-router.js
FN:4,(anonymous_0)
FNF:1
FNH:1
FNDA:17,(anonymous_0)
DA:1,17
DA:2,17
DA:4,17
DA:5,17
DA:7,17
DA:12,17
DA:18,17
DA:23,17
DA:29,17
DA:34,17
DA:40,17
DA:44,17
DA:48,17
DA:52,17
LF:14
LH:14
BRF:0
BRH:0
end_of_record
TN:
SF:/Users/norman/projects/2019/jul/workflyt/src/core/workers/workers-service.js
FN:1,(anonymous_0)
FN:2,(anonymous_1)
FN:6,(anonymous_2)
FN:10,(anonymous_3)
FN:14,(anonymous_4)
FN:18,(anonymous_5)
FN:22,(anonymous_6)
FN:26,(anonymous_7)
FN:30,(anonymous_8)
FN:34,(anonymous_9)
FN:38,(anonymous_10)
FN:42,(anonymous_11)
FN:46,(anonymous_12)
FN:50,(anonymous_13)
FN:54,(anonymous_14)
FN:58,(anonymous_15)
FN:62,(anonymous_16)
FN:66,(anonymous_17)
FN:70,(anonymous_18)
FNF:19
FNH:19
FNDA:53,(anonymous_0)
FNDA:3,(anonymous_1)
FNDA:4,(anonymous_2)
FNDA:4,(anonymous_3)
FNDA:4,(anonymous_4)
FNDA:4,(anonymous_5)
FNDA:4,(anonymous_6)
FNDA:4,(anonymous_7)
FNDA:4,(anonymous_8)
FNDA:4,(anonymous_9)
FNDA:4,(anonymous_10)
FNDA:4,(anonymous_11)
FNDA:4,(anonymous_12)
FNDA:4,(anonymous_13)
FNDA:4,(anonymous_14)
FNDA:4,(anonymous_15)
FNDA:4,(anonymous_16)
FNDA:4,(anonymous_17)
FNDA:4,(anonymous_18)
DA:1,53
DA:3,3
DA:7,4
DA:11,4
DA:15,4
DA:19,4
DA:23,4
DA:27,4
DA:31,4
DA:35,4
DA:39,4
DA:43,4
DA:47,4
DA:51,4
DA:55,4
DA:59,4
DA:63,4
DA:67,4
DA:71,4
LF:19
LH:19
BRF:0
BRH:0
end_of_record
TN:
SF:/Users/norman/projects/2019/jul/workflyt/src/core/workers/workers-validator.js
FNF:0
FNH:0
DA:1,17
DA:2,17
DA:4,17
DA:22,17
DA:41,17
DA:59,17
DA:81,17
DA:109,17
DA:132,17
DA:141,17
DA:168,17
DA:179,17
DA:208,17
DA:213,17
DA:225,17
DA:246,17
DA:257,17
DA:295,17
DA:300,17
DA:312,17
DA:333,17
DA:344,17
DA:372,17
DA:384,17
LF:24
LH:24
BRF:0
BRH:0
end_of_record
TN:
SF:/Users/norman/projects/2019/jul/workflyt/src/utils/adapters.js
FN:4,(anonymous_0)
FN:15,(anonymous_1)
FN:26,(anonymous_2)
FN:36,(anonymous_3)
FN:46,(anonymous_4)
FN:67,(anonymous_5)
FN:77,(anonymous_6)
FNF:7
FNH:0
FNDA:0,(anonymous_0)
FNDA:0,(anonymous_1)
FNDA:0,(anonymous_2)
FNDA:0,(anonymous_3)
FNDA:0,(anonymous_4)
FNDA:0,(anonymous_5)
FNDA:0,(anonymous_6)
DA:1,0
DA:2,0
DA:4,0
DA:5,0
DA:6,0
DA:8,0
DA:9,0
DA:10,0
DA:11,0
DA:15,0
DA:16,0
DA:17,0
DA:19,0
DA:20,0
DA:21,0
DA:22,0
DA:26,0
DA:27,0
DA:28,0
DA:30,0
DA:31,0
DA:32,0
DA:36,0
DA:37,0
DA:38,0
DA:40,0
DA:41,0
DA:42,0
DA:46,0
DA:47,0
DA:49,0
DA:50,0
DA:52,0
DA:53,0
DA:54,0
DA:57,0
DA:58,0
DA:60,0
DA:61,0
DA:62,0
DA:63,0
DA:67,0
DA:68,0
DA:69,0
DA:71,0
DA:72,0
DA:73,0
DA:77,0
DA:78,0
DA:79,0
DA:81,0
DA:82,0
DA:83,0
LF:53
LH:0
BRDA:5,0,0,0
BRDA:5,0,1,0
BRDA:16,1,0,0
BRDA:16,1,1,0
BRDA:57,2,0,0
BRDA:57,2,1,0
BRF:6
BRH:0
end_of_record
TN:
SF:/Users/norman/projects/2019/jul/workflyt/src/utils/helpers.js
FN:4,assertRights
FN:5,(anonymous_1)
FN:16,assertValidation
FN:17,(anonymous_3)
FN:35,(anonymous_4)
FN:56,(anonymous_5)
FNF:6
FNH:6
FNDA:2669,assertRights
FNDA:612,(anonymous_1)
FNDA:2686,assertValidation
FNDA:458,(anonymous_3)
FNDA:2,(anonymous_4)
FNDA:2,(anonymous_5)
DA:1,18
DA:2,18
DA:5,2669
DA:6,612
DA:7,455
DA:9,157
DA:10,157
DA:11,157
DA:17,2686
DA:18,458
DA:19,458
DA:24,299
DA:25,299
DA:26,299
DA:27,299
DA:29,159
DA:30,159
DA:35,18
DA:36,2
DA:38,2
DA:39,2
DA:41,0
DA:42,0
DA:43,0
DA:46,2
DA:47,2
DA:49,0
DA:50,0
DA:51,0
DA:52,0
DA:56,18
DA:57,2
DA:58,2
DA:60,0
DA:61,0
DA:62,0
LF:36
LH:26
BRDA:6,0,0,455
BRDA:6,0,1,157
BRDA:46,1,0,2
BRDA:46,1,1,0
BRF:4
BRH:3
end_of_record
TN:
SF:/Users/norman/projects/2019/jul/workflyt/src/utils/logger.js
FN:19,(anonymous_0)
FN:30,(anonymous_1)
FN:30,(anonymous_2)
FNF:3
FNH:2
FNDA:0,(anonymous_0)
FNDA:615,(anonymous_1)
FNDA:615,(anonymous_2)
DA:1,17
DA:2,17
DA:3,17
DA:5,17
DA:19,0
DA:30,615
DA:31,615
DA:32,0
DA:33,0
DA:34,0
DA:36,0
DA:37,0
DA:39,0
DA:42,0
DA:47,0
LF:15
LH:6
BRDA:31,0,0,0
BRDA:31,0,1,615
BRDA:33,1,0,0
BRDA:33,1,1,0
BRDA:36,2,0,0
BRDA:36,2,1,0
BRDA:36,3,0,0
BRDA:36,3,1,0
BRF:8
BRH:1
end_of_record
TN:
SF:/Users/norman/projects/2019/jul/workflyt/src/utils/middlewares.js
FN:8,onRequestStart
FN:14,onRequestError
FN:54,onRequestNotFound
FN:61,onMethodNotAllowed
FN:68,validateToken
FN:139,validator
FN:140,(anonymous_6)
FNF:7
FNH:3
FNDA:615,onRequestStart
FNDA:457,onRequestError
FNDA:0,onRequestNotFound
FNDA:0,onMethodNotAllowed
FNDA:615,validateToken
FNDA:0,validator
FNDA:0,(anonymous_6)
DA:6,17
DA:9,615
DA:10,615
DA:11,615
DA:17,457
DA:20,457
DA:21,125
DA:22,125
DA:23,125
DA:27,457
DA:28,15
DA:29,15
DA:30,15
DA:34,457
DA:35,0
DA:36,0
DA:37,0
DA:40,457
DA:49,457
DA:51,457
DA:55,0
DA:56,0
DA:57,0
DA:58,0
DA:62,0
DA:63,0
DA:64,0
DA:65,0
DA:69,615
DA:74,615
DA:75,3
DA:78,612
DA:80,612
DA:81,0
DA:82,0
DA:83,0
DA:84,0
DA:87,612
DA:88,0
DA:89,0
DA:90,0
DA:91,0
DA:94,612
DA:96,612
DA:97,0
DA:98,0
DA:99,0
DA:100,0
DA:103,612
DA:105,612
DA:106,612
DA:108,0
DA:109,0
DA:110,0
DA:111,0
DA:112,0
DA:115,612
DA:116,0
DA:117,0
DA:118,0
DA:119,0
DA:122,612
DA:123,0
DA:124,0
DA:125,0
DA:126,0
DA:129,612
DA:130,0
DA:131,0
DA:132,0
DA:133,0
DA:136,612
DA:140,0
DA:141,0
DA:142,0
DA:147,0
DA:148,0
DA:149,0
DA:150,0
DA:152,0
DA:153,0
LF:81
LH:32
BRDA:20,0,0,125
BRDA:20,0,1,332
BRDA:27,1,0,15
BRDA:27,1,1,442
BRDA:34,2,0,0
BRDA:34,2,1,457
BRDA:41,3,0,0
BRDA:41,3,1,457
BRDA:43,4,0,0
BRDA:43,4,1,457
BRDA:46,5,0,0
BRDA:46,5,1,457
BRDA:74,6,0,3
BRDA:74,6,1,612
BRDA:80,7,0,0
BRDA:80,7,1,612
BRDA:87,8,0,0
BRDA:87,8,1,612
BRDA:96,9,0,0
BRDA:96,9,1,612
BRDA:115,10,0,0
BRDA:115,10,1,612
BRDA:122,11,0,0
BRDA:122,11,1,612
BRDA:129,12,0,0
BRDA:129,12,1,612
BRF:26
BRH:16
end_of_record
TN:
SF:/Users/norman/projects/2019/jul/workflyt/src/utils/validator.js
FN:1,UUID
FN:9,UUID_ARRAY
FN:20,ENUM
FN:29,CODE
FN:42,TEXT
FN:51,TEXT_FILTER
FN:77,DATE
FN:87,DATE_FILTER
FN:113,NUMBER
FN:122,NUMBER_FILTER
FN:148,PASS
FN:158,EXTRA
FN:166,ATTRIBUTES
FN:188,INCLUDE
FN:210,BOOLEAN
FN:218,OFFSET
FN:229,LIMIT
FN:241,PRICE
FN:252,PRICE_FILTER
FN:256,ORDER_BY
FN:266,QUERY
FN:275,BODY
FN:284,PARAMS
FNF:23
FNH:21
FNDA:9571,UUID
FNDA:204,UUID_ARRAY
FNDA:1071,ENUM
FNDA:1088,CODE
FNDA:8296,TEXT
FNDA:646,TEXT_FILTER
FNDA:13515,DATE
FNDA:1887,DATE_FILTER
FNDA:3366,NUMBER
FNDA:306,NUMBER_FILTER
FNDA:34,PASS
FNDA:1360,EXTRA
FNDA:1292,ATTRIBUTES
FNDA:493,INCLUDE
FNDA:2635,BOOLEAN
FNDA:612,OFFSET
FNDA:612,LIMIT
FNDA:0,PRICE
FNDA:0,PRICE_FILTER
FNDA:612,ORDER_BY
FNDA:2193,QUERY
FNDA:952,BODY
FNDA:2125,PARAMS
DA:2,9571
DA:10,204
DA:21,1071
DA:30,1088
DA:43,8296
DA:52,646
DA:54,646
DA:74,646
DA:78,13515
DA:88,1887
DA:90,1887
DA:110,1887
DA:114,3366
DA:123,306
DA:125,306
DA:145,306
DA:149,34
DA:159,1360
DA:167,1292
DA:189,493
DA:211,2635
DA:219,612
DA:230,612
DA:242,0
DA:253,0
DA:257,612
DA:267,2193
DA:276,952
DA:285,2125
DA:294,17
DA:296,17
LF:31
LH:29
BRF:0
BRH:0
end_of_record
