{"/Users/norman/projects/2019/jul/workflyt/src/app.ts": {"path":"/Users/norman/projects/2019/jul/workflyt/src/app.ts","statementMap":{"0":{"start":{"line":9,"column":12},"end":{"line":9,"column":21}},"1":{"start":{"line":10,"column":15},"end":{"line":10,"column":33}},"2":{"start":{"line":12,"column":0},"end":{"line":12,"column":31}},"3":{"start":{"line":13,"column":0},"end":{"line":13,"column":41}},"4":{"start":{"line":14,"column":0},"end":{"line":14,"column":48}},"5":{"start":{"line":15,"column":0},"end":{"line":15,"column":49}},"6":{"start":{"line":16,"column":0},"end":{"line":16,"column":23}},"7":{"start":{"line":17,"column":0},"end":{"line":17,"column":27}},"8":{"start":{"line":18,"column":0},"end":{"line":18,"column":35}},"9":{"start":{"line":19,"column":0},"end":{"line":19,"column":43}},"10":{"start":{"line":20,"column":0},"end":{"line":20,"column":23}},"11":{"start":{"line":21,"column":0},"end":{"line":21,"column":32}},"12":{"start":{"line":22,"column":0},"end":{"line":22,"column":29}}},"fnMap":{},"branchMap":{},"s":{"0":302,"1":302,"2":302,"3":302,"4":302,"5":302,"6":302,"7":302,"8":302,"9":302,"10":302,"11":302,"12":302},"f":{},"b":{},"_coverageSchema":"43e27e138ebf9cfc5966b082cf9a028302ed4184","hash":"112840b2dcd582af32c9ca75eccb1f32182a8fc5"}
,"/Users/norman/projects/2019/jul/workflyt/src/router.ts": {"path":"/Users/norman/projects/2019/jul/workflyt/src/router.ts","statementMap":{"0":{"start":{"line":3,"column":15},"end":{"line":3,"column":23}},"1":{"start":{"line":5,"column":0},"end":{"line":5,"column":43}},"2":{"start":{"line":6,"column":0},"end":{"line":6,"column":44}},"3":{"start":{"line":7,"column":0},"end":{"line":7,"column":49}},"4":{"start":{"line":8,"column":0},"end":{"line":8,"column":46}},"5":{"start":{"line":9,"column":0},"end":{"line":9,"column":48}},"6":{"start":{"line":10,"column":0},"end":{"line":10,"column":43}},"7":{"start":{"line":11,"column":0},"end":{"line":11,"column":48}},"8":{"start":{"line":12,"column":0},"end":{"line":12,"column":45}},"9":{"start":{"line":13,"column":0},"end":{"line":13,"column":50}},"10":{"start":{"line":14,"column":0},"end":{"line":14,"column":45}},"11":{"start":{"line":15,"column":0},"end":{"line":15,"column":44}},"12":{"start":{"line":16,"column":0},"end":{"line":16,"column":47}},"13":{"start":{"line":17,"column":0},"end":{"line":17,"column":45}},"14":{"start":{"line":18,"column":0},"end":{"line":18,"column":48}},"15":{"start":{"line":19,"column":0},"end":{"line":19,"column":44}},"16":{"start":{"line":20,"column":0},"end":{"line":20,"column":49}},"17":{"start":{"line":21,"column":0},"end":{"line":21,"column":46}}},"fnMap":{},"branchMap":{},"s":{"0":303,"1":303,"2":303,"3":303,"4":303,"5":303,"6":303,"7":303,"8":303,"9":303,"10":303,"11":303,"12":303,"13":303,"14":303,"15":303,"16":303,"17":303},"f":{},"b":{},"_coverageSchema":"43e27e138ebf9cfc5966b082cf9a028302ed4184","hash":"3bc5b0b8e11c664ba178d137e320a96970422041"}
,"/Users/norman/projects/2019/jul/workflyt/src/core/areas/areas-controller.ts": {"path":"/Users/norman/projects/2019/jul/workflyt/src/core/areas/areas-controller.ts","statementMap":{"0":{"start":{"line":3,"column":43},"end":{"line":213,"column":2}},"1":{"start":{"line":3,"column":77},"end":{"line":213,"column":1}},"2":{"start":{"line":8,"column":6},"end":{"line":10,"column":21}},"3":{"start":{"line":9,"column":24},"end":{"line":9,"column":65}},"4":{"start":{"line":18,"column":6},"end":{"line":20,"column":21}},"5":{"start":{"line":19,"column":24},"end":{"line":19,"column":77}},"6":{"start":{"line":28,"column":20},"end":{"line":28,"column":35}},"7":{"start":{"line":29,"column":20},"end":{"line":29,"column":29}},"8":{"start":{"line":30,"column":6},"end":{"line":32,"column":21}},"9":{"start":{"line":31,"column":24},"end":{"line":31,"column":65}},"10":{"start":{"line":40,"column":20},"end":{"line":40,"column":35}},"11":{"start":{"line":41,"column":19},"end":{"line":41,"column":27}},"12":{"start":{"line":42,"column":20},"end":{"line":42,"column":29}},"13":{"start":{"line":43,"column":6},"end":{"line":45,"column":21}},"14":{"start":{"line":44,"column":24},"end":{"line":44,"column":65}},"15":{"start":{"line":53,"column":20},"end":{"line":53,"column":35}},"16":{"start":{"line":54,"column":20},"end":{"line":54,"column":29}},"17":{"start":{"line":55,"column":6},"end":{"line":57,"column":21}},"18":{"start":{"line":56,"column":24},"end":{"line":56,"column":65}},"19":{"start":{"line":65,"column":20},"end":{"line":65,"column":35}},"20":{"start":{"line":66,"column":20},"end":{"line":66,"column":29}},"21":{"start":{"line":67,"column":6},"end":{"line":69,"column":21}},"22":{"start":{"line":68,"column":24},"end":{"line":68,"column":65}},"23":{"start":{"line":77,"column":20},"end":{"line":77,"column":35}},"24":{"start":{"line":78,"column":21},"end":{"line":78,"column":38}},"25":{"start":{"line":79,"column":6},"end":{"line":81,"column":21}},"26":{"start":{"line":80,"column":24},"end":{"line":80,"column":77}},"27":{"start":{"line":89,"column":20},"end":{"line":89,"column":35}},"28":{"start":{"line":90,"column":23},"end":{"line":90,"column":41}},"29":{"start":{"line":91,"column":20},"end":{"line":91,"column":29}},"30":{"start":{"line":92,"column":6},"end":{"line":94,"column":21}},"31":{"start":{"line":93,"column":24},"end":{"line":93,"column":65}},"32":{"start":{"line":102,"column":20},"end":{"line":102,"column":35}},"33":{"start":{"line":103,"column":23},"end":{"line":103,"column":41}},"34":{"start":{"line":104,"column":19},"end":{"line":104,"column":27}},"35":{"start":{"line":105,"column":20},"end":{"line":105,"column":29}},"36":{"start":{"line":106,"column":6},"end":{"line":108,"column":21}},"37":{"start":{"line":107,"column":24},"end":{"line":107,"column":65}},"38":{"start":{"line":116,"column":20},"end":{"line":116,"column":35}},"39":{"start":{"line":117,"column":23},"end":{"line":117,"column":41}},"40":{"start":{"line":118,"column":20},"end":{"line":118,"column":29}},"41":{"start":{"line":119,"column":6},"end":{"line":121,"column":21}},"42":{"start":{"line":120,"column":24},"end":{"line":120,"column":65}},"43":{"start":{"line":129,"column":20},"end":{"line":129,"column":35}},"44":{"start":{"line":130,"column":20},"end":{"line":130,"column":29}},"45":{"start":{"line":131,"column":6},"end":{"line":133,"column":21}},"46":{"start":{"line":132,"column":24},"end":{"line":132,"column":65}},"47":{"start":{"line":141,"column":20},"end":{"line":141,"column":35}},"48":{"start":{"line":142,"column":20},"end":{"line":142,"column":36}},"49":{"start":{"line":143,"column":6},"end":{"line":145,"column":21}},"50":{"start":{"line":144,"column":24},"end":{"line":144,"column":77}},"51":{"start":{"line":153,"column":20},"end":{"line":153,"column":35}},"52":{"start":{"line":154,"column":22},"end":{"line":154,"column":39}},"53":{"start":{"line":155,"column":20},"end":{"line":155,"column":29}},"54":{"start":{"line":156,"column":6},"end":{"line":158,"column":21}},"55":{"start":{"line":157,"column":24},"end":{"line":157,"column":65}},"56":{"start":{"line":166,"column":20},"end":{"line":166,"column":35}},"57":{"start":{"line":167,"column":22},"end":{"line":167,"column":39}},"58":{"start":{"line":168,"column":19},"end":{"line":168,"column":27}},"59":{"start":{"line":169,"column":20},"end":{"line":169,"column":29}},"60":{"start":{"line":170,"column":6},"end":{"line":172,"column":21}},"61":{"start":{"line":171,"column":24},"end":{"line":171,"column":65}},"62":{"start":{"line":180,"column":20},"end":{"line":180,"column":35}},"63":{"start":{"line":181,"column":22},"end":{"line":181,"column":39}},"64":{"start":{"line":182,"column":20},"end":{"line":182,"column":29}},"65":{"start":{"line":183,"column":6},"end":{"line":185,"column":21}},"66":{"start":{"line":184,"column":24},"end":{"line":184,"column":65}},"67":{"start":{"line":193,"column":20},"end":{"line":193,"column":35}},"68":{"start":{"line":194,"column":20},"end":{"line":194,"column":29}},"69":{"start":{"line":195,"column":6},"end":{"line":197,"column":21}},"70":{"start":{"line":196,"column":24},"end":{"line":196,"column":65}},"71":{"start":{"line":205,"column":20},"end":{"line":205,"column":35}},"72":{"start":{"line":206,"column":23},"end":{"line":206,"column":41}},"73":{"start":{"line":207,"column":20},"end":{"line":207,"column":29}},"74":{"start":{"line":208,"column":6},"end":{"line":210,"column":21}},"75":{"start":{"line":209,"column":24},"end":{"line":209,"column":65}}},"fnMap":{"0":{"name":"(anonymous_0)","decl":{"start":{"line":3,"column":43},"end":{"line":3,"column":44}},"loc":{"start":{"line":3,"column":77},"end":{"line":213,"column":1}},"line":3},"1":{"name":"handler","decl":{"start":{"line":7,"column":13},"end":{"line":7,"column":20}},"loc":{"start":{"line":7,"column":38},"end":{"line":11,"column":5}},"line":7},"2":{"name":"(anonymous_2)","decl":{"start":{"line":9,"column":14},"end":{"line":9,"column":15}},"loc":{"start":{"line":9,"column":24},"end":{"line":9,"column":65}},"line":9},"3":{"name":"handler","decl":{"start":{"line":17,"column":13},"end":{"line":17,"column":20}},"loc":{"start":{"line":17,"column":38},"end":{"line":21,"column":5}},"line":17},"4":{"name":"(anonymous_4)","decl":{"start":{"line":19,"column":14},"end":{"line":19,"column":15}},"loc":{"start":{"line":19,"column":24},"end":{"line":19,"column":77}},"line":19},"5":{"name":"handler","decl":{"start":{"line":27,"column":13},"end":{"line":27,"column":20}},"loc":{"start":{"line":27,"column":38},"end":{"line":33,"column":5}},"line":27},"6":{"name":"(anonymous_6)","decl":{"start":{"line":31,"column":14},"end":{"line":31,"column":15}},"loc":{"start":{"line":31,"column":24},"end":{"line":31,"column":65}},"line":31},"7":{"name":"handler","decl":{"start":{"line":39,"column":13},"end":{"line":39,"column":20}},"loc":{"start":{"line":39,"column":38},"end":{"line":46,"column":5}},"line":39},"8":{"name":"(anonymous_8)","decl":{"start":{"line":44,"column":14},"end":{"line":44,"column":15}},"loc":{"start":{"line":44,"column":24},"end":{"line":44,"column":65}},"line":44},"9":{"name":"handler","decl":{"start":{"line":52,"column":13},"end":{"line":52,"column":20}},"loc":{"start":{"line":52,"column":38},"end":{"line":58,"column":5}},"line":52},"10":{"name":"(anonymous_10)","decl":{"start":{"line":56,"column":14},"end":{"line":56,"column":15}},"loc":{"start":{"line":56,"column":24},"end":{"line":56,"column":65}},"line":56},"11":{"name":"handler","decl":{"start":{"line":64,"column":13},"end":{"line":64,"column":20}},"loc":{"start":{"line":64,"column":38},"end":{"line":70,"column":5}},"line":64},"12":{"name":"(anonymous_12)","decl":{"start":{"line":68,"column":14},"end":{"line":68,"column":15}},"loc":{"start":{"line":68,"column":24},"end":{"line":68,"column":65}},"line":68},"13":{"name":"handler","decl":{"start":{"line":76,"column":13},"end":{"line":76,"column":20}},"loc":{"start":{"line":76,"column":38},"end":{"line":82,"column":5}},"line":76},"14":{"name":"(anonymous_14)","decl":{"start":{"line":80,"column":14},"end":{"line":80,"column":15}},"loc":{"start":{"line":80,"column":24},"end":{"line":80,"column":77}},"line":80},"15":{"name":"handler","decl":{"start":{"line":88,"column":13},"end":{"line":88,"column":20}},"loc":{"start":{"line":88,"column":38},"end":{"line":95,"column":5}},"line":88},"16":{"name":"(anonymous_16)","decl":{"start":{"line":93,"column":14},"end":{"line":93,"column":15}},"loc":{"start":{"line":93,"column":24},"end":{"line":93,"column":65}},"line":93},"17":{"name":"handler","decl":{"start":{"line":101,"column":13},"end":{"line":101,"column":20}},"loc":{"start":{"line":101,"column":38},"end":{"line":109,"column":5}},"line":101},"18":{"name":"(anonymous_18)","decl":{"start":{"line":107,"column":14},"end":{"line":107,"column":15}},"loc":{"start":{"line":107,"column":24},"end":{"line":107,"column":65}},"line":107},"19":{"name":"handler","decl":{"start":{"line":115,"column":13},"end":{"line":115,"column":20}},"loc":{"start":{"line":115,"column":38},"end":{"line":122,"column":5}},"line":115},"20":{"name":"(anonymous_20)","decl":{"start":{"line":120,"column":14},"end":{"line":120,"column":15}},"loc":{"start":{"line":120,"column":24},"end":{"line":120,"column":65}},"line":120},"21":{"name":"handler","decl":{"start":{"line":128,"column":13},"end":{"line":128,"column":20}},"loc":{"start":{"line":128,"column":38},"end":{"line":134,"column":5}},"line":128},"22":{"name":"(anonymous_22)","decl":{"start":{"line":132,"column":14},"end":{"line":132,"column":15}},"loc":{"start":{"line":132,"column":24},"end":{"line":132,"column":65}},"line":132},"23":{"name":"handler","decl":{"start":{"line":140,"column":13},"end":{"line":140,"column":20}},"loc":{"start":{"line":140,"column":38},"end":{"line":146,"column":5}},"line":140},"24":{"name":"(anonymous_24)","decl":{"start":{"line":144,"column":14},"end":{"line":144,"column":15}},"loc":{"start":{"line":144,"column":24},"end":{"line":144,"column":77}},"line":144},"25":{"name":"handler","decl":{"start":{"line":152,"column":13},"end":{"line":152,"column":20}},"loc":{"start":{"line":152,"column":38},"end":{"line":159,"column":5}},"line":152},"26":{"name":"(anonymous_26)","decl":{"start":{"line":157,"column":14},"end":{"line":157,"column":15}},"loc":{"start":{"line":157,"column":24},"end":{"line":157,"column":65}},"line":157},"27":{"name":"handler","decl":{"start":{"line":165,"column":13},"end":{"line":165,"column":20}},"loc":{"start":{"line":165,"column":38},"end":{"line":173,"column":5}},"line":165},"28":{"name":"(anonymous_28)","decl":{"start":{"line":171,"column":14},"end":{"line":171,"column":15}},"loc":{"start":{"line":171,"column":24},"end":{"line":171,"column":65}},"line":171},"29":{"name":"handler","decl":{"start":{"line":179,"column":13},"end":{"line":179,"column":20}},"loc":{"start":{"line":179,"column":38},"end":{"line":186,"column":5}},"line":179},"30":{"name":"(anonymous_30)","decl":{"start":{"line":184,"column":14},"end":{"line":184,"column":15}},"loc":{"start":{"line":184,"column":24},"end":{"line":184,"column":65}},"line":184},"31":{"name":"handler","decl":{"start":{"line":192,"column":13},"end":{"line":192,"column":20}},"loc":{"start":{"line":192,"column":38},"end":{"line":198,"column":5}},"line":192},"32":{"name":"(anonymous_32)","decl":{"start":{"line":196,"column":14},"end":{"line":196,"column":15}},"loc":{"start":{"line":196,"column":24},"end":{"line":196,"column":65}},"line":196},"33":{"name":"handler","decl":{"start":{"line":204,"column":13},"end":{"line":204,"column":20}},"loc":{"start":{"line":204,"column":38},"end":{"line":211,"column":5}},"line":204},"34":{"name":"(anonymous_34)","decl":{"start":{"line":209,"column":14},"end":{"line":209,"column":15}},"loc":{"start":{"line":209,"column":24},"end":{"line":209,"column":65}},"line":209}},"branchMap":{},"s":{"0":303,"1":303,"2":1,"3":1,"4":2,"5":1,"6":2,"7":2,"8":2,"9":1,"10":2,"11":2,"12":2,"13":2,"14":1,"15":2,"16":2,"17":2,"18":1,"19":2,"20":2,"21":2,"22":1,"23":2,"24":2,"25":2,"26":1,"27":2,"28":2,"29":2,"30":2,"31":1,"32":2,"33":2,"34":2,"35":2,"36":2,"37":1,"38":2,"39":2,"40":2,"41":2,"42":1,"43":2,"44":2,"45":2,"46":1,"47":2,"48":2,"49":2,"50":1,"51":2,"52":2,"53":2,"54":2,"55":1,"56":2,"57":2,"58":2,"59":2,"60":2,"61":1,"62":2,"63":2,"64":2,"65":2,"66":1,"67":2,"68":2,"69":2,"70":1,"71":2,"72":2,"73":2,"74":2,"75":1},"f":{"0":303,"1":1,"2":1,"3":2,"4":1,"5":2,"6":1,"7":2,"8":1,"9":2,"10":1,"11":2,"12":1,"13":2,"14":1,"15":2,"16":1,"17":2,"18":1,"19":2,"20":1,"21":2,"22":1,"23":2,"24":1,"25":2,"26":1,"27":2,"28":1,"29":2,"30":1,"31":2,"32":1,"33":2,"34":1},"b":{},"_coverageSchema":"43e27e138ebf9cfc5966b082cf9a028302ed4184","hash":"fb261ad15aac4470021ba97d4e81b86c49f7e132"}
,"/Users/norman/projects/2019/jul/workflyt/src/core/areas/areas-repository.ts": {"path":"/Users/norman/projects/2019/jul/workflyt/src/core/areas/areas-repository.ts","statementMap":{"0":{"start":{"line":3,"column":43},"end":{"line":133,"column":2}},"1":{"start":{"line":3,"column":58},"end":{"line":133,"column":1}},"2":{"start":{"line":5,"column":4},"end":{"line":5,"column":55}},"3":{"start":{"line":9,"column":4},"end":{"line":9,"column":53}},"4":{"start":{"line":13,"column":15},"end":{"line":16,"column":5}},"5":{"start":{"line":18,"column":4},"end":{"line":22,"column":5}},"6":{"start":{"line":19,"column":6},"end":{"line":19,"column":35}},"7":{"start":{"line":21,"column":6},"end":{"line":21,"column":18}},"8":{"start":{"line":26,"column":15},"end":{"line":26,"column":54}},"9":{"start":{"line":27,"column":4},"end":{"line":27,"column":46}},"10":{"start":{"line":31,"column":15},"end":{"line":31,"column":54}},"11":{"start":{"line":32,"column":4},"end":{"line":32,"column":39}},"12":{"start":{"line":36,"column":15},"end":{"line":36,"column":54}},"13":{"start":{"line":37,"column":4},"end":{"line":37,"column":66}},"14":{"start":{"line":41,"column":15},"end":{"line":41,"column":54}},"15":{"start":{"line":42,"column":4},"end":{"line":42,"column":44}},"16":{"start":{"line":46,"column":15},"end":{"line":46,"column":54}},"17":{"start":{"line":48,"column":18},"end":{"line":54,"column":6}},"18":{"start":{"line":56,"column":4},"end":{"line":60,"column":5}},"19":{"start":{"line":57,"column":6},"end":{"line":57,"column":35}},"20":{"start":{"line":59,"column":6},"end":{"line":59,"column":21}},"21":{"start":{"line":64,"column":18},"end":{"line":64,"column":72}},"22":{"start":{"line":65,"column":4},"end":{"line":65,"column":61}},"23":{"start":{"line":69,"column":18},"end":{"line":69,"column":72}},"24":{"start":{"line":70,"column":4},"end":{"line":70,"column":54}},"25":{"start":{"line":74,"column":15},"end":{"line":74,"column":54}},"26":{"start":{"line":75,"column":4},"end":{"line":75,"column":65}},"27":{"start":{"line":79,"column":15},"end":{"line":79,"column":54}},"28":{"start":{"line":80,"column":4},"end":{"line":80,"column":42}},"29":{"start":{"line":84,"column":15},"end":{"line":84,"column":54}},"30":{"start":{"line":86,"column":17},"end":{"line":92,"column":6}},"31":{"start":{"line":94,"column":4},"end":{"line":98,"column":5}},"32":{"start":{"line":95,"column":6},"end":{"line":95,"column":35}},"33":{"start":{"line":97,"column":6},"end":{"line":97,"column":20}},"34":{"start":{"line":102,"column":17},"end":{"line":102,"column":69}},"35":{"start":{"line":103,"column":4},"end":{"line":103,"column":59}},"36":{"start":{"line":107,"column":17},"end":{"line":107,"column":69}},"37":{"start":{"line":108,"column":4},"end":{"line":108,"column":52}},"38":{"start":{"line":112,"column":15},"end":{"line":112,"column":54}},"39":{"start":{"line":113,"column":4},"end":{"line":113,"column":66}},"40":{"start":{"line":117,"column":15},"end":{"line":117,"column":54}},"41":{"start":{"line":119,"column":18},"end":{"line":125,"column":6}},"42":{"start":{"line":127,"column":4},"end":{"line":131,"column":5}},"43":{"start":{"line":128,"column":6},"end":{"line":128,"column":35}},"44":{"start":{"line":130,"column":6},"end":{"line":130,"column":21}}},"fnMap":{"0":{"name":"(anonymous_0)","decl":{"start":{"line":3,"column":43},"end":{"line":3,"column":44}},"loc":{"start":{"line":3,"column":58},"end":{"line":133,"column":1}},"line":3},"1":{"name":"(anonymous_1)","decl":{"start":{"line":4,"column":2},"end":{"line":4,"column":3}},"loc":{"start":{"line":4,"column":27},"end":{"line":6,"column":3}},"line":4},"2":{"name":"(anonymous_2)","decl":{"start":{"line":8,"column":2},"end":{"line":8,"column":3}},"loc":{"start":{"line":8,"column":28},"end":{"line":10,"column":3}},"line":8},"3":{"name":"(anonymous_3)","decl":{"start":{"line":12,"column":2},"end":{"line":12,"column":3}},"loc":{"start":{"line":12,"column":50},"end":{"line":23,"column":3}},"line":12},"4":{"name":"(anonymous_4)","decl":{"start":{"line":25,"column":2},"end":{"line":25,"column":3}},"loc":{"start":{"line":25,"column":46},"end":{"line":28,"column":3}},"line":25},"5":{"name":"(anonymous_5)","decl":{"start":{"line":30,"column":2},"end":{"line":30,"column":3}},"loc":{"start":{"line":30,"column":38},"end":{"line":33,"column":3}},"line":30},"6":{"name":"(anonymous_6)","decl":{"start":{"line":35,"column":2},"end":{"line":35,"column":3}},"loc":{"start":{"line":35,"column":39},"end":{"line":38,"column":3}},"line":35},"7":{"name":"(anonymous_7)","decl":{"start":{"line":40,"column":2},"end":{"line":40,"column":3}},"loc":{"start":{"line":40,"column":40},"end":{"line":43,"column":3}},"line":40},"8":{"name":"(anonymous_8)","decl":{"start":{"line":45,"column":2},"end":{"line":45,"column":3}},"loc":{"start":{"line":45,"column":65},"end":{"line":61,"column":3}},"line":45},"9":{"name":"(anonymous_9)","decl":{"start":{"line":63,"column":2},"end":{"line":63,"column":3}},"loc":{"start":{"line":63,"column":61},"end":{"line":66,"column":3}},"line":63},"10":{"name":"(anonymous_10)","decl":{"start":{"line":68,"column":2},"end":{"line":68,"column":3}},"loc":{"start":{"line":68,"column":53},"end":{"line":71,"column":3}},"line":68},"11":{"name":"(anonymous_11)","decl":{"start":{"line":73,"column":2},"end":{"line":73,"column":3}},"loc":{"start":{"line":73,"column":38},"end":{"line":76,"column":3}},"line":73},"12":{"name":"(anonymous_12)","decl":{"start":{"line":78,"column":2},"end":{"line":78,"column":3}},"loc":{"start":{"line":78,"column":38},"end":{"line":81,"column":3}},"line":78},"13":{"name":"(anonymous_13)","decl":{"start":{"line":83,"column":2},"end":{"line":83,"column":3}},"loc":{"start":{"line":83,"column":63},"end":{"line":99,"column":3}},"line":83},"14":{"name":"(anonymous_14)","decl":{"start":{"line":101,"column":2},"end":{"line":101,"column":3}},"loc":{"start":{"line":101,"column":59},"end":{"line":104,"column":3}},"line":101},"15":{"name":"(anonymous_15)","decl":{"start":{"line":106,"column":2},"end":{"line":106,"column":3}},"loc":{"start":{"line":106,"column":51},"end":{"line":109,"column":3}},"line":106},"16":{"name":"(anonymous_16)","decl":{"start":{"line":111,"column":2},"end":{"line":111,"column":3}},"loc":{"start":{"line":111,"column":39},"end":{"line":114,"column":3}},"line":111},"17":{"name":"(anonymous_17)","decl":{"start":{"line":116,"column":2},"end":{"line":116,"column":3}},"loc":{"start":{"line":116,"column":65},"end":{"line":132,"column":3}},"line":116}},"branchMap":{"0":{"loc":{"start":{"line":18,"column":4},"end":{"line":22,"column":5}},"type":"if","locations":[{"start":{"line":18,"column":4},"end":{"line":22,"column":5}},{"start":{"line":18,"column":4},"end":{"line":22,"column":5}}],"line":18},"1":{"loc":{"start":{"line":18,"column":8},"end":{"line":18,"column":30}},"type":"binary-expr","locations":[{"start":{"line":18,"column":8},"end":{"line":18,"column":21}},{"start":{"line":18,"column":25},"end":{"line":18,"column":30}}],"line":18},"2":{"loc":{"start":{"line":56,"column":4},"end":{"line":60,"column":5}},"type":"if","locations":[{"start":{"line":56,"column":4},"end":{"line":60,"column":5}},{"start":{"line":56,"column":4},"end":{"line":60,"column":5}}],"line":56},"3":{"loc":{"start":{"line":56,"column":8},"end":{"line":56,"column":33}},"type":"binary-expr","locations":[{"start":{"line":56,"column":8},"end":{"line":56,"column":21}},{"start":{"line":56,"column":25},"end":{"line":56,"column":33}}],"line":56},"4":{"loc":{"start":{"line":94,"column":4},"end":{"line":98,"column":5}},"type":"if","locations":[{"start":{"line":94,"column":4},"end":{"line":98,"column":5}},{"start":{"line":94,"column":4},"end":{"line":98,"column":5}}],"line":94},"5":{"loc":{"start":{"line":94,"column":8},"end":{"line":94,"column":32}},"type":"binary-expr","locations":[{"start":{"line":94,"column":8},"end":{"line":94,"column":21}},{"start":{"line":94,"column":25},"end":{"line":94,"column":32}}],"line":94},"6":{"loc":{"start":{"line":127,"column":4},"end":{"line":131,"column":5}},"type":"if","locations":[{"start":{"line":127,"column":4},"end":{"line":131,"column":5}},{"start":{"line":127,"column":4},"end":{"line":131,"column":5}}],"line":127},"7":{"loc":{"start":{"line":127,"column":8},"end":{"line":127,"column":33}},"type":"binary-expr","locations":[{"start":{"line":127,"column":8},"end":{"line":127,"column":21}},{"start":{"line":127,"column":25},"end":{"line":127,"column":33}}],"line":127}},"s":{"0":305,"1":305,"2":3,"3":2,"4":41,"5":40,"6":1,"7":39,"8":2,"9":2,"10":2,"11":2,"12":3,"13":3,"14":2,"15":2,"16":8,"17":8,"18":7,"19":1,"20":6,"21":2,"22":2,"23":2,"24":2,"25":3,"26":3,"27":2,"28":2,"29":8,"30":8,"31":7,"32":1,"33":6,"34":2,"35":2,"36":2,"37":2,"38":3,"39":3,"40":4,"41":4,"42":3,"43":1,"44":2},"f":{"0":305,"1":3,"2":2,"3":41,"4":2,"5":2,"6":3,"7":2,"8":8,"9":2,"10":2,"11":3,"12":2,"13":8,"14":2,"15":2,"16":3,"17":4},"b":{"0":[1,39],"1":[40,38],"2":[1,6],"3":[7,6],"4":[1,6],"5":[7,6],"6":[1,2],"7":[3,2]},"_coverageSchema":"43e27e138ebf9cfc5966b082cf9a028302ed4184","hash":"9ee56d4551e1ae25787811e46ed15067d10bd988"}
,"/Users/norman/projects/2019/jul/workflyt/src/core/areas/areas-router.ts": {"path":"/Users/norman/projects/2019/jul/workflyt/src/core/areas/areas-router.ts","statementMap":{"0":{"start":{"line":5,"column":35},"end":{"line":50,"column":1}},"1":{"start":{"line":6,"column":15},"end":{"line":6,"column":23}},"2":{"start":{"line":8,"column":2},"end":{"line":11,"column":27}},"3":{"start":{"line":13,"column":2},"end":{"line":17,"column":27}},"4":{"start":{"line":19,"column":2},"end":{"line":22,"column":27}},"5":{"start":{"line":24,"column":2},"end":{"line":28,"column":27}},"6":{"start":{"line":30,"column":2},"end":{"line":33,"column":27}},"7":{"start":{"line":35,"column":2},"end":{"line":39,"column":27}},"8":{"start":{"line":41,"column":2},"end":{"line":43,"column":27}},"9":{"start":{"line":45,"column":2},"end":{"line":47,"column":27}},"10":{"start":{"line":49,"column":2},"end":{"line":49,"column":16}}},"fnMap":{"0":{"name":"(anonymous_0)","decl":{"start":{"line":5,"column":35},"end":{"line":5,"column":36}},"loc":{"start":{"line":5,"column":51},"end":{"line":50,"column":1}},"line":5}},"branchMap":{},"s":{"0":303,"1":303,"2":303,"3":303,"4":303,"5":303,"6":303,"7":303,"8":303,"9":303,"10":303},"f":{"0":303},"b":{},"_coverageSchema":"43e27e138ebf9cfc5966b082cf9a028302ed4184","hash":"acff1b0c1046ece2beaa9d45d17a5cb622a641aa"}
,"/Users/norman/projects/2019/jul/workflyt/src/core/areas/areas-service.ts": {"path":"/Users/norman/projects/2019/jul/workflyt/src/core/areas/areas-service.ts","statementMap":{"0":{"start":{"line":3,"column":37},"end":{"line":71,"column":2}},"1":{"start":{"line":3,"column":54},"end":{"line":71,"column":1}},"2":{"start":{"line":5,"column":4},"end":{"line":5,"column":46}},"3":{"start":{"line":9,"column":4},"end":{"line":9,"column":56}},"4":{"start":{"line":13,"column":4},"end":{"line":13,"column":60}},"5":{"start":{"line":17,"column":4},"end":{"line":17,"column":65}},"6":{"start":{"line":21,"column":4},"end":{"line":21,"column":57}},"7":{"start":{"line":25,"column":4},"end":{"line":25,"column":58}},"8":{"start":{"line":29,"column":4},"end":{"line":29,"column":59}},"9":{"start":{"line":33,"column":4},"end":{"line":33,"column":75}},"10":{"start":{"line":37,"column":4},"end":{"line":37,"column":80}},"11":{"start":{"line":41,"column":4},"end":{"line":41,"column":72}},"12":{"start":{"line":45,"column":4},"end":{"line":45,"column":57}},"13":{"start":{"line":49,"column":4},"end":{"line":49,"column":57}},"14":{"start":{"line":53,"column":4},"end":{"line":53,"column":73}},"15":{"start":{"line":57,"column":4},"end":{"line":57,"column":78}},"16":{"start":{"line":61,"column":4},"end":{"line":61,"column":70}},"17":{"start":{"line":65,"column":4},"end":{"line":65,"column":58}},"18":{"start":{"line":69,"column":4},"end":{"line":69,"column":75}}},"fnMap":{"0":{"name":"(anonymous_0)","decl":{"start":{"line":3,"column":37},"end":{"line":3,"column":38}},"loc":{"start":{"line":3,"column":54},"end":{"line":71,"column":1}},"line":3},"1":{"name":"(anonymous_1)","decl":{"start":{"line":4,"column":2},"end":{"line":4,"column":3}},"loc":{"start":{"line":4,"column":27},"end":{"line":6,"column":3}},"line":4},"2":{"name":"(anonymous_2)","decl":{"start":{"line":8,"column":2},"end":{"line":8,"column":3}},"loc":{"start":{"line":8,"column":37},"end":{"line":10,"column":3}},"line":8},"3":{"name":"(anonymous_3)","decl":{"start":{"line":12,"column":2},"end":{"line":12,"column":3}},"loc":{"start":{"line":12,"column":35},"end":{"line":14,"column":3}},"line":12},"4":{"name":"(anonymous_4)","decl":{"start":{"line":16,"column":2},"end":{"line":16,"column":3}},"loc":{"start":{"line":16,"column":46},"end":{"line":18,"column":3}},"line":16},"5":{"name":"(anonymous_5)","decl":{"start":{"line":20,"column":2},"end":{"line":20,"column":3}},"loc":{"start":{"line":20,"column":38},"end":{"line":22,"column":3}},"line":20},"6":{"name":"(anonymous_6)","decl":{"start":{"line":24,"column":2},"end":{"line":24,"column":3}},"loc":{"start":{"line":24,"column":39},"end":{"line":26,"column":3}},"line":24},"7":{"name":"(anonymous_7)","decl":{"start":{"line":28,"column":2},"end":{"line":28,"column":3}},"loc":{"start":{"line":28,"column":40},"end":{"line":30,"column":3}},"line":28},"8":{"name":"(anonymous_8)","decl":{"start":{"line":32,"column":2},"end":{"line":32,"column":3}},"loc":{"start":{"line":32,"column":50},"end":{"line":34,"column":3}},"line":32},"9":{"name":"(anonymous_9)","decl":{"start":{"line":36,"column":2},"end":{"line":36,"column":3}},"loc":{"start":{"line":36,"column":61},"end":{"line":38,"column":3}},"line":36},"10":{"name":"(anonymous_10)","decl":{"start":{"line":40,"column":2},"end":{"line":40,"column":3}},"loc":{"start":{"line":40,"column":53},"end":{"line":42,"column":3}},"line":40},"11":{"name":"(anonymous_11)","decl":{"start":{"line":44,"column":2},"end":{"line":44,"column":3}},"loc":{"start":{"line":44,"column":38},"end":{"line":46,"column":3}},"line":44},"12":{"name":"(anonymous_12)","decl":{"start":{"line":48,"column":2},"end":{"line":48,"column":3}},"loc":{"start":{"line":48,"column":38},"end":{"line":50,"column":3}},"line":48},"13":{"name":"(anonymous_13)","decl":{"start":{"line":52,"column":2},"end":{"line":52,"column":3}},"loc":{"start":{"line":52,"column":48},"end":{"line":54,"column":3}},"line":52},"14":{"name":"(anonymous_14)","decl":{"start":{"line":56,"column":2},"end":{"line":56,"column":3}},"loc":{"start":{"line":56,"column":59},"end":{"line":58,"column":3}},"line":56},"15":{"name":"(anonymous_15)","decl":{"start":{"line":60,"column":2},"end":{"line":60,"column":3}},"loc":{"start":{"line":60,"column":51},"end":{"line":62,"column":3}},"line":60},"16":{"name":"(anonymous_16)","decl":{"start":{"line":64,"column":2},"end":{"line":64,"column":3}},"loc":{"start":{"line":64,"column":39},"end":{"line":66,"column":3}},"line":64},"17":{"name":"(anonymous_17)","decl":{"start":{"line":68,"column":2},"end":{"line":68,"column":3}},"loc":{"start":{"line":68,"column":50},"end":{"line":70,"column":3}},"line":68}},"branchMap":{},"s":{"0":271,"1":304,"2":2,"3":2,"4":2,"5":2,"6":2,"7":2,"8":2,"9":2,"10":2,"11":2,"12":2,"13":2,"14":2,"15":2,"16":2,"17":2,"18":2},"f":{"0":304,"1":2,"2":2,"3":2,"4":2,"5":2,"6":2,"7":2,"8":2,"9":2,"10":2,"11":2,"12":2,"13":2,"14":2,"15":2,"16":2,"17":2},"b":{},"_coverageSchema":"43e27e138ebf9cfc5966b082cf9a028302ed4184","hash":"6b93072da3f57b0d5f5be7a50faec709820ba0bd"}
,"/Users/norman/projects/2019/jul/workflyt/src/core/areas/areas-validator.ts": {"path":"/Users/norman/projects/2019/jul/workflyt/src/core/areas/areas-validator.ts","statementMap":{"0":{"start":{"line":5,"column":28},"end":{"line":19,"column":1}},"1":{"start":{"line":21,"column":30},"end":{"line":37,"column":1}},"2":{"start":{"line":39,"column":31},"end":{"line":54,"column":1}},"3":{"start":{"line":56,"column":24},"end":{"line":75,"column":2}},"4":{"start":{"line":77,"column":26},"end":{"line":90,"column":21}},"5":{"start":{"line":92,"column":23},"end":{"line":99,"column":2}},"6":{"start":{"line":101,"column":26},"end":{"line":118,"column":21}},"7":{"start":{"line":120,"column":26},"end":{"line":126,"column":2}},"8":{"start":{"line":128,"column":27},"end":{"line":148,"column":2}},"9":{"start":{"line":150,"column":27},"end":{"line":153,"column":2}},"10":{"start":{"line":155,"column":26},"end":{"line":165,"column":2}},"11":{"start":{"line":167,"column":29},"end":{"line":186,"column":2}},"12":{"start":{"line":188,"column":29},"end":{"line":197,"column":2}},"13":{"start":{"line":199,"column":26},"end":{"line":226,"column":2}},"14":{"start":{"line":228,"column":26},"end":{"line":231,"column":2}},"15":{"start":{"line":233,"column":25},"end":{"line":243,"column":2}},"16":{"start":{"line":245,"column":28},"end":{"line":264,"column":2}},"17":{"start":{"line":266,"column":28},"end":{"line":275,"column":2}},"18":{"start":{"line":277,"column":27},"end":{"line":298,"column":2}},"19":{"start":{"line":300,"column":26},"end":{"line":310,"column":2}}},"fnMap":{},"branchMap":{},"s":{"0":303,"1":303,"2":303,"3":303,"4":303,"5":303,"6":303,"7":303,"8":303,"9":303,"10":303,"11":303,"12":303,"13":303,"14":303,"15":303,"16":303,"17":303,"18":303,"19":303},"f":{},"b":{},"_coverageSchema":"43e27e138ebf9cfc5966b082cf9a028302ed4184","hash":"88602eafde57fdf8ed8ebb77a55ba9a554115153"}
,"/Users/norman/projects/2019/jul/workflyt/src/core/areas/index.ts": {"path":"/Users/norman/projects/2019/jul/workflyt/src/core/areas/index.ts","statementMap":{},"fnMap":{},"branchMap":{},"s":{},"f":{},"b":{},"_coverageSchema":"43e27e138ebf9cfc5966b082cf9a028302ed4184","hash":"e0d2cd13214d6a762e54c6847c51d95a0ae9b2a4"}
,"/Users/norman/projects/2019/jul/workflyt/src/core/auth/auth-controller.ts": {"path":"/Users/norman/projects/2019/jul/workflyt/src/core/auth/auth-controller.ts","statementMap":{"0":{"start":{"line":3,"column":43},"end":{"line":14,"column":2}},"1":{"start":{"line":3,"column":77},"end":{"line":14,"column":1}},"2":{"start":{"line":7,"column":28},"end":{"line":7,"column":45}},"3":{"start":{"line":8,"column":28},"end":{"line":8,"column":45}},"4":{"start":{"line":9,"column":6},"end":{"line":11,"column":21}},"5":{"start":{"line":10,"column":30},"end":{"line":10,"column":71}}},"fnMap":{"0":{"name":"(anonymous_0)","decl":{"start":{"line":3,"column":43},"end":{"line":3,"column":44}},"loc":{"start":{"line":3,"column":77},"end":{"line":14,"column":1}},"line":3},"1":{"name":"handler","decl":{"start":{"line":6,"column":13},"end":{"line":6,"column":20}},"loc":{"start":{"line":6,"column":38},"end":{"line":12,"column":5}},"line":6},"2":{"name":"(anonymous_2)","decl":{"start":{"line":10,"column":14},"end":{"line":10,"column":15}},"loc":{"start":{"line":10,"column":30},"end":{"line":10,"column":71}},"line":10}},"branchMap":{},"s":{"0":303,"1":303,"2":2,"3":2,"4":2,"5":1},"f":{"0":303,"1":2,"2":1},"b":{},"_coverageSchema":"43e27e138ebf9cfc5966b082cf9a028302ed4184","hash":"b4e4b055a2c6b097dcd1da1e081dbceb4397c1f2"}
,"/Users/norman/projects/2019/jul/workflyt/src/core/auth/auth-repository.ts": {"path":"/Users/norman/projects/2019/jul/workflyt/src/core/auth/auth-repository.ts","statementMap":{"0":{"start":{"line":3,"column":43},"end":{"line":3,"column":57}},"1":{"start":{"line":3,"column":53},"end":{"line":3,"column":57}}},"fnMap":{"0":{"name":"(anonymous_0)","decl":{"start":{"line":3,"column":43},"end":{"line":3,"column":44}},"loc":{"start":{"line":3,"column":53},"end":{"line":3,"column":57}},"line":3}},"branchMap":{},"s":{"0":304,"1":305},"f":{"0":305},"b":{},"_coverageSchema":"43e27e138ebf9cfc5966b082cf9a028302ed4184","hash":"8f77d5f1049c16511d913950e547ee2c2ab379d7"}
,"/Users/norman/projects/2019/jul/workflyt/src/core/auth/auth-router.ts": {"path":"/Users/norman/projects/2019/jul/workflyt/src/core/auth/auth-router.ts","statementMap":{"0":{"start":{"line":5,"column":35},"end":{"line":13,"column":1}},"1":{"start":{"line":6,"column":15},"end":{"line":6,"column":23}},"2":{"start":{"line":8,"column":2},"end":{"line":10,"column":27}},"3":{"start":{"line":12,"column":2},"end":{"line":12,"column":16}}},"fnMap":{"0":{"name":"(anonymous_0)","decl":{"start":{"line":5,"column":35},"end":{"line":5,"column":36}},"loc":{"start":{"line":5,"column":51},"end":{"line":13,"column":1}},"line":5}},"branchMap":{},"s":{"0":303,"1":303,"2":303,"3":303},"f":{"0":303},"b":{},"_coverageSchema":"43e27e138ebf9cfc5966b082cf9a028302ed4184","hash":"fef1e3b4355937e76deb7202b50e348a7fbc4891"}
,"/Users/norman/projects/2019/jul/workflyt/src/core/auth/auth-service.ts": {"path":"/Users/norman/projects/2019/jul/workflyt/src/core/auth/auth-service.ts","statementMap":{"0":{"start":{"line":3,"column":37},"end":{"line":18,"column":2}},"1":{"start":{"line":3,"column":63},"end":{"line":18,"column":1}},"2":{"start":{"line":5,"column":15},"end":{"line":5,"column":68}},"3":{"start":{"line":7,"column":4},"end":{"line":9,"column":5}},"4":{"start":{"line":8,"column":6},"end":{"line":8,"column":35}},"5":{"start":{"line":11,"column":4},"end":{"line":11,"column":59}},"6":{"start":{"line":13,"column":4},"end":{"line":13,"column":23}},"7":{"start":{"line":14,"column":4},"end":{"line":14,"column":30}},"8":{"start":{"line":16,"column":4},"end":{"line":16,"column":69}}},"fnMap":{"0":{"name":"(anonymous_0)","decl":{"start":{"line":3,"column":37},"end":{"line":3,"column":38}},"loc":{"start":{"line":3,"column":63},"end":{"line":18,"column":1}},"line":3},"1":{"name":"(anonymous_1)","decl":{"start":{"line":4,"column":10},"end":{"line":4,"column":11}},"loc":{"start":{"line":4,"column":46},"end":{"line":17,"column":3}},"line":4}},"branchMap":{"0":{"loc":{"start":{"line":7,"column":4},"end":{"line":9,"column":5}},"type":"if","locations":[{"start":{"line":7,"column":4},"end":{"line":9,"column":5}},{"start":{"line":7,"column":4},"end":{"line":9,"column":5}}],"line":7}},"s":{"0":303,"1":304,"2":3,"3":3,"4":2,"5":1,"6":1,"7":1,"8":1},"f":{"0":304,"1":3},"b":{"0":[2,1]},"_coverageSchema":"43e27e138ebf9cfc5966b082cf9a028302ed4184","hash":"c4183ebdfd191a83ae482506dbe7feb42b98a36b"}
,"/Users/norman/projects/2019/jul/workflyt/src/core/auth/auth-validator.ts": {"path":"/Users/norman/projects/2019/jul/workflyt/src/core/auth/auth-validator.ts","statementMap":{"0":{"start":{"line":3,"column":22},"end":{"line":29,"column":2}}},"fnMap":{},"branchMap":{},"s":{"0":303},"f":{},"b":{},"_coverageSchema":"43e27e138ebf9cfc5966b082cf9a028302ed4184","hash":"cf7d799ee812bdb2507fb6775c57f09b67ddf4f2"}
,"/Users/norman/projects/2019/jul/workflyt/src/core/auth/index.ts": {"path":"/Users/norman/projects/2019/jul/workflyt/src/core/auth/index.ts","statementMap":{},"fnMap":{},"branchMap":{},"s":{},"f":{},"b":{},"_coverageSchema":"43e27e138ebf9cfc5966b082cf9a028302ed4184","hash":"242597c3b7071dbb56a958addedf1f2bdc2556e1"}
,"/Users/norman/projects/2019/jul/workflyt/src/core/categories/categories-controller.ts": {"path":"/Users/norman/projects/2019/jul/workflyt/src/core/categories/categories-controller.ts","statementMap":{"0":{"start":{"line":3,"column":47},"end":{"line":85,"column":2}},"1":{"start":{"line":3,"column":81},"end":{"line":85,"column":1}},"2":{"start":{"line":8,"column":6},"end":{"line":10,"column":21}},"3":{"start":{"line":9,"column":24},"end":{"line":9,"column":65}},"4":{"start":{"line":18,"column":6},"end":{"line":20,"column":21}},"5":{"start":{"line":19,"column":24},"end":{"line":19,"column":77}},"6":{"start":{"line":28,"column":24},"end":{"line":28,"column":43}},"7":{"start":{"line":29,"column":20},"end":{"line":29,"column":29}},"8":{"start":{"line":30,"column":6},"end":{"line":32,"column":21}},"9":{"start":{"line":31,"column":24},"end":{"line":31,"column":65}},"10":{"start":{"line":40,"column":24},"end":{"line":40,"column":43}},"11":{"start":{"line":41,"column":19},"end":{"line":41,"column":27}},"12":{"start":{"line":42,"column":20},"end":{"line":42,"column":29}},"13":{"start":{"line":43,"column":6},"end":{"line":45,"column":21}},"14":{"start":{"line":44,"column":24},"end":{"line":44,"column":65}},"15":{"start":{"line":53,"column":24},"end":{"line":53,"column":43}},"16":{"start":{"line":54,"column":20},"end":{"line":54,"column":29}},"17":{"start":{"line":55,"column":6},"end":{"line":57,"column":21}},"18":{"start":{"line":56,"column":24},"end":{"line":56,"column":65}},"19":{"start":{"line":65,"column":24},"end":{"line":65,"column":43}},"20":{"start":{"line":66,"column":20},"end":{"line":66,"column":29}},"21":{"start":{"line":67,"column":6},"end":{"line":69,"column":21}},"22":{"start":{"line":68,"column":24},"end":{"line":68,"column":65}},"23":{"start":{"line":77,"column":24},"end":{"line":77,"column":43}},"24":{"start":{"line":78,"column":24},"end":{"line":78,"column":43}},"25":{"start":{"line":79,"column":20},"end":{"line":79,"column":29}},"26":{"start":{"line":80,"column":6},"end":{"line":82,"column":21}},"27":{"start":{"line":81,"column":24},"end":{"line":81,"column":65}}},"fnMap":{"0":{"name":"(anonymous_0)","decl":{"start":{"line":3,"column":47},"end":{"line":3,"column":48}},"loc":{"start":{"line":3,"column":81},"end":{"line":85,"column":1}},"line":3},"1":{"name":"handler","decl":{"start":{"line":7,"column":13},"end":{"line":7,"column":20}},"loc":{"start":{"line":7,"column":38},"end":{"line":11,"column":5}},"line":7},"2":{"name":"(anonymous_2)","decl":{"start":{"line":9,"column":14},"end":{"line":9,"column":15}},"loc":{"start":{"line":9,"column":24},"end":{"line":9,"column":65}},"line":9},"3":{"name":"handler","decl":{"start":{"line":17,"column":13},"end":{"line":17,"column":20}},"loc":{"start":{"line":17,"column":38},"end":{"line":21,"column":5}},"line":17},"4":{"name":"(anonymous_4)","decl":{"start":{"line":19,"column":14},"end":{"line":19,"column":15}},"loc":{"start":{"line":19,"column":24},"end":{"line":19,"column":77}},"line":19},"5":{"name":"handler","decl":{"start":{"line":27,"column":13},"end":{"line":27,"column":20}},"loc":{"start":{"line":27,"column":38},"end":{"line":33,"column":5}},"line":27},"6":{"name":"(anonymous_6)","decl":{"start":{"line":31,"column":14},"end":{"line":31,"column":15}},"loc":{"start":{"line":31,"column":24},"end":{"line":31,"column":65}},"line":31},"7":{"name":"handler","decl":{"start":{"line":39,"column":13},"end":{"line":39,"column":20}},"loc":{"start":{"line":39,"column":38},"end":{"line":46,"column":5}},"line":39},"8":{"name":"(anonymous_8)","decl":{"start":{"line":44,"column":14},"end":{"line":44,"column":15}},"loc":{"start":{"line":44,"column":24},"end":{"line":44,"column":65}},"line":44},"9":{"name":"handler","decl":{"start":{"line":52,"column":13},"end":{"line":52,"column":20}},"loc":{"start":{"line":52,"column":38},"end":{"line":58,"column":5}},"line":52},"10":{"name":"(anonymous_10)","decl":{"start":{"line":56,"column":14},"end":{"line":56,"column":15}},"loc":{"start":{"line":56,"column":24},"end":{"line":56,"column":65}},"line":56},"11":{"name":"handler","decl":{"start":{"line":64,"column":13},"end":{"line":64,"column":20}},"loc":{"start":{"line":64,"column":38},"end":{"line":70,"column":5}},"line":64},"12":{"name":"(anonymous_12)","decl":{"start":{"line":68,"column":14},"end":{"line":68,"column":15}},"loc":{"start":{"line":68,"column":24},"end":{"line":68,"column":65}},"line":68},"13":{"name":"handler","decl":{"start":{"line":76,"column":13},"end":{"line":76,"column":20}},"loc":{"start":{"line":76,"column":38},"end":{"line":83,"column":5}},"line":76},"14":{"name":"(anonymous_14)","decl":{"start":{"line":81,"column":14},"end":{"line":81,"column":15}},"loc":{"start":{"line":81,"column":24},"end":{"line":81,"column":65}},"line":81}},"branchMap":{},"s":{"0":303,"1":303,"2":1,"3":1,"4":2,"5":1,"6":2,"7":2,"8":2,"9":1,"10":2,"11":2,"12":2,"13":2,"14":1,"15":2,"16":2,"17":2,"18":1,"19":2,"20":2,"21":2,"22":1,"23":2,"24":2,"25":2,"26":2,"27":1},"f":{"0":303,"1":1,"2":1,"3":2,"4":1,"5":2,"6":1,"7":2,"8":1,"9":2,"10":1,"11":2,"12":1,"13":2,"14":1},"b":{},"_coverageSchema":"43e27e138ebf9cfc5966b082cf9a028302ed4184","hash":"389e099f910c8fb7feaacda0df6409f0c95dd259"}
,"/Users/norman/projects/2019/jul/workflyt/src/core/categories/categories-repository.ts": {"path":"/Users/norman/projects/2019/jul/workflyt/src/core/categories/categories-repository.ts","statementMap":{"0":{"start":{"line":3,"column":47},"end":{"line":57,"column":2}},"1":{"start":{"line":3,"column":62},"end":{"line":57,"column":1}},"2":{"start":{"line":5,"column":4},"end":{"line":5,"column":59}},"3":{"start":{"line":9,"column":4},"end":{"line":9,"column":66}},"4":{"start":{"line":13,"column":19},"end":{"line":16,"column":5}},"5":{"start":{"line":18,"column":4},"end":{"line":22,"column":5}},"6":{"start":{"line":19,"column":6},"end":{"line":19,"column":35}},"7":{"start":{"line":21,"column":6},"end":{"line":21,"column":22}},"8":{"start":{"line":26,"column":19},"end":{"line":26,"column":66}},"9":{"start":{"line":27,"column":4},"end":{"line":27,"column":50}},"10":{"start":{"line":31,"column":19},"end":{"line":31,"column":66}},"11":{"start":{"line":32,"column":4},"end":{"line":32,"column":43}},"12":{"start":{"line":36,"column":19},"end":{"line":36,"column":66}},"13":{"start":{"line":37,"column":4},"end":{"line":37,"column":71}},"14":{"start":{"line":41,"column":19},"end":{"line":41,"column":66}},"15":{"start":{"line":43,"column":19},"end":{"line":49,"column":6}},"16":{"start":{"line":51,"column":4},"end":{"line":55,"column":5}},"17":{"start":{"line":52,"column":6},"end":{"line":52,"column":35}},"18":{"start":{"line":54,"column":6},"end":{"line":54,"column":22}}},"fnMap":{"0":{"name":"(anonymous_0)","decl":{"start":{"line":3,"column":47},"end":{"line":3,"column":48}},"loc":{"start":{"line":3,"column":62},"end":{"line":57,"column":1}},"line":3},"1":{"name":"(anonymous_1)","decl":{"start":{"line":4,"column":2},"end":{"line":4,"column":3}},"loc":{"start":{"line":4,"column":32},"end":{"line":6,"column":3}},"line":4},"2":{"name":"(anonymous_2)","decl":{"start":{"line":8,"column":2},"end":{"line":8,"column":3}},"loc":{"start":{"line":8,"column":41},"end":{"line":10,"column":3}},"line":8},"3":{"name":"(anonymous_3)","decl":{"start":{"line":12,"column":2},"end":{"line":12,"column":3}},"loc":{"start":{"line":12,"column":58},"end":{"line":23,"column":3}},"line":12},"4":{"name":"(anonymous_4)","decl":{"start":{"line":25,"column":2},"end":{"line":25,"column":3}},"loc":{"start":{"line":25,"column":54},"end":{"line":28,"column":3}},"line":25},"5":{"name":"(anonymous_5)","decl":{"start":{"line":30,"column":2},"end":{"line":30,"column":3}},"loc":{"start":{"line":30,"column":46},"end":{"line":33,"column":3}},"line":30},"6":{"name":"(anonymous_6)","decl":{"start":{"line":35,"column":2},"end":{"line":35,"column":3}},"loc":{"start":{"line":35,"column":44},"end":{"line":38,"column":3}},"line":35},"7":{"name":"(anonymous_7)","decl":{"start":{"line":40,"column":2},"end":{"line":40,"column":3}},"loc":{"start":{"line":40,"column":71},"end":{"line":56,"column":3}},"line":40}},"branchMap":{"0":{"loc":{"start":{"line":18,"column":4},"end":{"line":22,"column":5}},"type":"if","locations":[{"start":{"line":18,"column":4},"end":{"line":22,"column":5}},{"start":{"line":18,"column":4},"end":{"line":22,"column":5}}],"line":18},"1":{"loc":{"start":{"line":18,"column":8},"end":{"line":18,"column":34}},"type":"binary-expr","locations":[{"start":{"line":18,"column":8},"end":{"line":18,"column":21}},{"start":{"line":18,"column":25},"end":{"line":18,"column":34}}],"line":18},"2":{"loc":{"start":{"line":51,"column":4},"end":{"line":55,"column":5}},"type":"if","locations":[{"start":{"line":51,"column":4},"end":{"line":55,"column":5}},{"start":{"line":51,"column":4},"end":{"line":55,"column":5}}],"line":51},"3":{"loc":{"start":{"line":51,"column":8},"end":{"line":51,"column":34}},"type":"binary-expr","locations":[{"start":{"line":51,"column":8},"end":{"line":51,"column":21}},{"start":{"line":51,"column":25},"end":{"line":51,"column":34}}],"line":51}},"s":{"0":305,"1":305,"2":3,"3":2,"4":15,"5":14,"6":1,"7":13,"8":2,"9":2,"10":2,"11":2,"12":3,"13":3,"14":4,"15":4,"16":3,"17":1,"18":2},"f":{"0":305,"1":3,"2":2,"3":15,"4":2,"5":2,"6":3,"7":4},"b":{"0":[1,13],"1":[14,12],"2":[1,2],"3":[3,2]},"_coverageSchema":"43e27e138ebf9cfc5966b082cf9a028302ed4184","hash":"819fcb1c2ef6d876c026eb79d0401e0db82acf33"}
,"/Users/norman/projects/2019/jul/workflyt/src/core/categories/categories-router.ts": {"path":"/Users/norman/projects/2019/jul/workflyt/src/core/categories/categories-router.ts","statementMap":{"0":{"start":{"line":5,"column":39},"end":{"line":28,"column":1}},"1":{"start":{"line":6,"column":15},"end":{"line":6,"column":23}},"2":{"start":{"line":8,"column":2},"end":{"line":11,"column":27}},"3":{"start":{"line":13,"column":2},"end":{"line":17,"column":27}},"4":{"start":{"line":19,"column":2},"end":{"line":21,"column":27}},"5":{"start":{"line":23,"column":2},"end":{"line":25,"column":27}},"6":{"start":{"line":27,"column":2},"end":{"line":27,"column":16}}},"fnMap":{"0":{"name":"(anonymous_0)","decl":{"start":{"line":5,"column":39},"end":{"line":5,"column":40}},"loc":{"start":{"line":5,"column":55},"end":{"line":28,"column":1}},"line":5}},"branchMap":{},"s":{"0":303,"1":303,"2":303,"3":303,"4":303,"5":303,"6":303},"f":{"0":303},"b":{},"_coverageSchema":"43e27e138ebf9cfc5966b082cf9a028302ed4184","hash":"564142c152b243f1707de33350596eca4c5314d8"}
,"/Users/norman/projects/2019/jul/workflyt/src/core/categories/categories-service.ts": {"path":"/Users/norman/projects/2019/jul/workflyt/src/core/categories/categories-service.ts","statementMap":{"0":{"start":{"line":3,"column":41},"end":{"line":31,"column":2}},"1":{"start":{"line":3,"column":58},"end":{"line":31,"column":1}},"2":{"start":{"line":5,"column":4},"end":{"line":5,"column":51}},"3":{"start":{"line":9,"column":4},"end":{"line":9,"column":60}},"4":{"start":{"line":13,"column":4},"end":{"line":13,"column":68}},"5":{"start":{"line":17,"column":4},"end":{"line":17,"column":73}},"6":{"start":{"line":21,"column":4},"end":{"line":21,"column":65}},"7":{"start":{"line":25,"column":4},"end":{"line":25,"column":63}},"8":{"start":{"line":29,"column":4},"end":{"line":29,"column":81}}},"fnMap":{"0":{"name":"(anonymous_0)","decl":{"start":{"line":3,"column":41},"end":{"line":3,"column":42}},"loc":{"start":{"line":3,"column":58},"end":{"line":31,"column":1}},"line":3},"1":{"name":"(anonymous_1)","decl":{"start":{"line":4,"column":2},"end":{"line":4,"column":3}},"loc":{"start":{"line":4,"column":32},"end":{"line":6,"column":3}},"line":4},"2":{"name":"(anonymous_2)","decl":{"start":{"line":8,"column":2},"end":{"line":8,"column":3}},"loc":{"start":{"line":8,"column":41},"end":{"line":10,"column":3}},"line":8},"3":{"name":"(anonymous_3)","decl":{"start":{"line":12,"column":2},"end":{"line":12,"column":3}},"loc":{"start":{"line":12,"column":43},"end":{"line":14,"column":3}},"line":12},"4":{"name":"(anonymous_4)","decl":{"start":{"line":16,"column":2},"end":{"line":16,"column":3}},"loc":{"start":{"line":16,"column":54},"end":{"line":18,"column":3}},"line":16},"5":{"name":"(anonymous_5)","decl":{"start":{"line":20,"column":2},"end":{"line":20,"column":3}},"loc":{"start":{"line":20,"column":46},"end":{"line":22,"column":3}},"line":20},"6":{"name":"(anonymous_6)","decl":{"start":{"line":24,"column":2},"end":{"line":24,"column":3}},"loc":{"start":{"line":24,"column":44},"end":{"line":26,"column":3}},"line":24},"7":{"name":"(anonymous_7)","decl":{"start":{"line":28,"column":2},"end":{"line":28,"column":3}},"loc":{"start":{"line":28,"column":56},"end":{"line":30,"column":3}},"line":28}},"branchMap":{},"s":{"0":291,"1":304,"2":2,"3":2,"4":2,"5":2,"6":2,"7":2,"8":2},"f":{"0":304,"1":2,"2":2,"3":2,"4":2,"5":2,"6":2,"7":2},"b":{},"_coverageSchema":"43e27e138ebf9cfc5966b082cf9a028302ed4184","hash":"03f0a9c8626b0e1126fb4548cd150ca77a707872"}
,"/Users/norman/projects/2019/jul/workflyt/src/core/categories/categories-validator.ts": {"path":"/Users/norman/projects/2019/jul/workflyt/src/core/categories/categories-validator.ts","statementMap":{"0":{"start":{"line":5,"column":32},"end":{"line":20,"column":1}},"1":{"start":{"line":22,"column":32},"end":{"line":37,"column":1}},"2":{"start":{"line":39,"column":29},"end":{"line":59,"column":2}},"3":{"start":{"line":61,"column":30},"end":{"line":75,"column":21}},"4":{"start":{"line":77,"column":27},"end":{"line":87,"column":2}},"5":{"start":{"line":89,"column":30},"end":{"line":111,"column":21}},"6":{"start":{"line":113,"column":30},"end":{"line":122,"column":2}},"7":{"start":{"line":124,"column":28},"end":{"line":145,"column":2}},"8":{"start":{"line":147,"column":27},"end":{"line":157,"column":2}}},"fnMap":{},"branchMap":{},"s":{"0":303,"1":303,"2":303,"3":303,"4":303,"5":303,"6":303,"7":303,"8":303},"f":{},"b":{},"_coverageSchema":"43e27e138ebf9cfc5966b082cf9a028302ed4184","hash":"775a80cbd13aec5a869886af81a98ad2ef5da428"}
,"/Users/norman/projects/2019/jul/workflyt/src/core/categories/index.ts": {"path":"/Users/norman/projects/2019/jul/workflyt/src/core/categories/index.ts","statementMap":{},"fnMap":{},"branchMap":{},"s":{},"f":{},"b":{},"_coverageSchema":"43e27e138ebf9cfc5966b082cf9a028302ed4184","hash":"3623af8eb3b11320a6d6d3b01c8f5366ff822ad1"}
,"/Users/norman/projects/2019/jul/workflyt/src/core/clients/clients-controller.ts": {"path":"/Users/norman/projects/2019/jul/workflyt/src/core/clients/clients-controller.ts","statementMap":{"0":{"start":{"line":3,"column":45},"end":{"line":85,"column":2}},"1":{"start":{"line":3,"column":79},"end":{"line":85,"column":1}},"2":{"start":{"line":8,"column":6},"end":{"line":10,"column":21}},"3":{"start":{"line":9,"column":24},"end":{"line":9,"column":65}},"4":{"start":{"line":18,"column":6},"end":{"line":20,"column":21}},"5":{"start":{"line":19,"column":24},"end":{"line":19,"column":77}},"6":{"start":{"line":28,"column":22},"end":{"line":28,"column":39}},"7":{"start":{"line":29,"column":20},"end":{"line":29,"column":29}},"8":{"start":{"line":30,"column":6},"end":{"line":32,"column":21}},"9":{"start":{"line":31,"column":24},"end":{"line":31,"column":65}},"10":{"start":{"line":40,"column":22},"end":{"line":40,"column":39}},"11":{"start":{"line":41,"column":19},"end":{"line":41,"column":27}},"12":{"start":{"line":42,"column":20},"end":{"line":42,"column":29}},"13":{"start":{"line":43,"column":6},"end":{"line":45,"column":21}},"14":{"start":{"line":44,"column":24},"end":{"line":44,"column":65}},"15":{"start":{"line":53,"column":22},"end":{"line":53,"column":39}},"16":{"start":{"line":54,"column":20},"end":{"line":54,"column":29}},"17":{"start":{"line":55,"column":6},"end":{"line":57,"column":21}},"18":{"start":{"line":56,"column":24},"end":{"line":56,"column":65}},"19":{"start":{"line":65,"column":22},"end":{"line":65,"column":39}},"20":{"start":{"line":66,"column":20},"end":{"line":66,"column":29}},"21":{"start":{"line":67,"column":6},"end":{"line":69,"column":21}},"22":{"start":{"line":68,"column":24},"end":{"line":68,"column":65}},"23":{"start":{"line":77,"column":22},"end":{"line":77,"column":39}},"24":{"start":{"line":78,"column":21},"end":{"line":78,"column":37}},"25":{"start":{"line":79,"column":20},"end":{"line":79,"column":29}},"26":{"start":{"line":80,"column":6},"end":{"line":82,"column":21}},"27":{"start":{"line":81,"column":24},"end":{"line":81,"column":65}}},"fnMap":{"0":{"name":"(anonymous_0)","decl":{"start":{"line":3,"column":45},"end":{"line":3,"column":46}},"loc":{"start":{"line":3,"column":79},"end":{"line":85,"column":1}},"line":3},"1":{"name":"handler","decl":{"start":{"line":7,"column":13},"end":{"line":7,"column":20}},"loc":{"start":{"line":7,"column":38},"end":{"line":11,"column":5}},"line":7},"2":{"name":"(anonymous_2)","decl":{"start":{"line":9,"column":14},"end":{"line":9,"column":15}},"loc":{"start":{"line":9,"column":24},"end":{"line":9,"column":65}},"line":9},"3":{"name":"handler","decl":{"start":{"line":17,"column":13},"end":{"line":17,"column":20}},"loc":{"start":{"line":17,"column":38},"end":{"line":21,"column":5}},"line":17},"4":{"name":"(anonymous_4)","decl":{"start":{"line":19,"column":14},"end":{"line":19,"column":15}},"loc":{"start":{"line":19,"column":24},"end":{"line":19,"column":77}},"line":19},"5":{"name":"handler","decl":{"start":{"line":27,"column":13},"end":{"line":27,"column":20}},"loc":{"start":{"line":27,"column":38},"end":{"line":33,"column":5}},"line":27},"6":{"name":"(anonymous_6)","decl":{"start":{"line":31,"column":14},"end":{"line":31,"column":15}},"loc":{"start":{"line":31,"column":24},"end":{"line":31,"column":65}},"line":31},"7":{"name":"handler","decl":{"start":{"line":39,"column":13},"end":{"line":39,"column":20}},"loc":{"start":{"line":39,"column":38},"end":{"line":46,"column":5}},"line":39},"8":{"name":"(anonymous_8)","decl":{"start":{"line":44,"column":14},"end":{"line":44,"column":15}},"loc":{"start":{"line":44,"column":24},"end":{"line":44,"column":65}},"line":44},"9":{"name":"handler","decl":{"start":{"line":52,"column":13},"end":{"line":52,"column":20}},"loc":{"start":{"line":52,"column":38},"end":{"line":58,"column":5}},"line":52},"10":{"name":"(anonymous_10)","decl":{"start":{"line":56,"column":14},"end":{"line":56,"column":15}},"loc":{"start":{"line":56,"column":24},"end":{"line":56,"column":65}},"line":56},"11":{"name":"handler","decl":{"start":{"line":64,"column":13},"end":{"line":64,"column":20}},"loc":{"start":{"line":64,"column":38},"end":{"line":70,"column":5}},"line":64},"12":{"name":"(anonymous_12)","decl":{"start":{"line":68,"column":14},"end":{"line":68,"column":15}},"loc":{"start":{"line":68,"column":24},"end":{"line":68,"column":65}},"line":68},"13":{"name":"handler","decl":{"start":{"line":76,"column":13},"end":{"line":76,"column":20}},"loc":{"start":{"line":76,"column":38},"end":{"line":83,"column":5}},"line":76},"14":{"name":"(anonymous_14)","decl":{"start":{"line":81,"column":14},"end":{"line":81,"column":15}},"loc":{"start":{"line":81,"column":24},"end":{"line":81,"column":65}},"line":81}},"branchMap":{},"s":{"0":303,"1":303,"2":1,"3":1,"4":2,"5":1,"6":2,"7":2,"8":2,"9":1,"10":2,"11":2,"12":2,"13":2,"14":1,"15":2,"16":2,"17":2,"18":1,"19":2,"20":2,"21":2,"22":1,"23":2,"24":2,"25":2,"26":2,"27":1},"f":{"0":303,"1":1,"2":1,"3":2,"4":1,"5":2,"6":1,"7":2,"8":1,"9":2,"10":1,"11":2,"12":1,"13":2,"14":1},"b":{},"_coverageSchema":"43e27e138ebf9cfc5966b082cf9a028302ed4184","hash":"566887bc86e927691415ef55e139ee9a9537cc80"}
,"/Users/norman/projects/2019/jul/workflyt/src/core/clients/clients-repository.ts": {"path":"/Users/norman/projects/2019/jul/workflyt/src/core/clients/clients-repository.ts","statementMap":{"0":{"start":{"line":3,"column":45},"end":{"line":57,"column":2}},"1":{"start":{"line":3,"column":60},"end":{"line":57,"column":1}},"2":{"start":{"line":5,"column":4},"end":{"line":5,"column":57}},"3":{"start":{"line":9,"column":4},"end":{"line":9,"column":55}},"4":{"start":{"line":13,"column":17},"end":{"line":16,"column":5}},"5":{"start":{"line":18,"column":4},"end":{"line":22,"column":5}},"6":{"start":{"line":19,"column":6},"end":{"line":19,"column":35}},"7":{"start":{"line":21,"column":6},"end":{"line":21,"column":20}},"8":{"start":{"line":26,"column":17},"end":{"line":26,"column":60}},"9":{"start":{"line":27,"column":4},"end":{"line":27,"column":48}},"10":{"start":{"line":31,"column":17},"end":{"line":31,"column":60}},"11":{"start":{"line":32,"column":4},"end":{"line":32,"column":41}},"12":{"start":{"line":36,"column":17},"end":{"line":36,"column":60}},"13":{"start":{"line":37,"column":4},"end":{"line":37,"column":66}},"14":{"start":{"line":41,"column":17},"end":{"line":41,"column":60}},"15":{"start":{"line":43,"column":16},"end":{"line":49,"column":6}},"16":{"start":{"line":51,"column":4},"end":{"line":55,"column":5}},"17":{"start":{"line":52,"column":6},"end":{"line":52,"column":35}},"18":{"start":{"line":54,"column":6},"end":{"line":54,"column":19}}},"fnMap":{"0":{"name":"(anonymous_0)","decl":{"start":{"line":3,"column":45},"end":{"line":3,"column":46}},"loc":{"start":{"line":3,"column":60},"end":{"line":57,"column":1}},"line":3},"1":{"name":"(anonymous_1)","decl":{"start":{"line":4,"column":2},"end":{"line":4,"column":3}},"loc":{"start":{"line":4,"column":29},"end":{"line":6,"column":3}},"line":4},"2":{"name":"(anonymous_2)","decl":{"start":{"line":8,"column":2},"end":{"line":8,"column":3}},"loc":{"start":{"line":8,"column":30},"end":{"line":10,"column":3}},"line":8},"3":{"name":"(anonymous_3)","decl":{"start":{"line":12,"column":2},"end":{"line":12,"column":3}},"loc":{"start":{"line":12,"column":55},"end":{"line":23,"column":3}},"line":12},"4":{"name":"(anonymous_4)","decl":{"start":{"line":25,"column":2},"end":{"line":25,"column":3}},"loc":{"start":{"line":25,"column":50},"end":{"line":28,"column":3}},"line":25},"5":{"name":"(anonymous_5)","decl":{"start":{"line":30,"column":2},"end":{"line":30,"column":3}},"loc":{"start":{"line":30,"column":42},"end":{"line":33,"column":3}},"line":30},"6":{"name":"(anonymous_6)","decl":{"start":{"line":35,"column":2},"end":{"line":35,"column":3}},"loc":{"start":{"line":35,"column":39},"end":{"line":38,"column":3}},"line":35},"7":{"name":"(anonymous_7)","decl":{"start":{"line":40,"column":2},"end":{"line":40,"column":3}},"loc":{"start":{"line":40,"column":64},"end":{"line":56,"column":3}},"line":40}},"branchMap":{"0":{"loc":{"start":{"line":18,"column":4},"end":{"line":22,"column":5}},"type":"if","locations":[{"start":{"line":18,"column":4},"end":{"line":22,"column":5}},{"start":{"line":18,"column":4},"end":{"line":22,"column":5}}],"line":18},"1":{"loc":{"start":{"line":18,"column":8},"end":{"line":18,"column":33}},"type":"binary-expr","locations":[{"start":{"line":18,"column":8},"end":{"line":18,"column":22}},{"start":{"line":18,"column":26},"end":{"line":18,"column":33}}],"line":18},"2":{"loc":{"start":{"line":51,"column":4},"end":{"line":55,"column":5}},"type":"if","locations":[{"start":{"line":51,"column":4},"end":{"line":55,"column":5}},{"start":{"line":51,"column":4},"end":{"line":55,"column":5}}],"line":51},"3":{"loc":{"start":{"line":51,"column":8},"end":{"line":51,"column":32}},"type":"binary-expr","locations":[{"start":{"line":51,"column":8},"end":{"line":51,"column":22}},{"start":{"line":51,"column":26},"end":{"line":51,"column":32}}],"line":51}},"s":{"0":305,"1":318,"2":3,"3":2,"4":15,"5":14,"6":1,"7":13,"8":2,"9":2,"10":2,"11":2,"12":3,"13":3,"14":4,"15":4,"16":3,"17":1,"18":2},"f":{"0":318,"1":3,"2":2,"3":15,"4":2,"5":2,"6":3,"7":4},"b":{"0":[1,13],"1":[14,12],"2":[1,2],"3":[3,2]},"_coverageSchema":"43e27e138ebf9cfc5966b082cf9a028302ed4184","hash":"48fe8ac56e7fac488c320984c515867630914689"}
,"/Users/norman/projects/2019/jul/workflyt/src/core/clients/clients-router.ts": {"path":"/Users/norman/projects/2019/jul/workflyt/src/core/clients/clients-router.ts","statementMap":{"0":{"start":{"line":5,"column":37},"end":{"line":28,"column":1}},"1":{"start":{"line":6,"column":15},"end":{"line":6,"column":23}},"2":{"start":{"line":8,"column":2},"end":{"line":11,"column":27}},"3":{"start":{"line":13,"column":2},"end":{"line":17,"column":27}},"4":{"start":{"line":19,"column":2},"end":{"line":21,"column":27}},"5":{"start":{"line":23,"column":2},"end":{"line":25,"column":27}},"6":{"start":{"line":27,"column":2},"end":{"line":27,"column":16}}},"fnMap":{"0":{"name":"(anonymous_0)","decl":{"start":{"line":5,"column":37},"end":{"line":5,"column":38}},"loc":{"start":{"line":5,"column":53},"end":{"line":28,"column":1}},"line":5}},"branchMap":{},"s":{"0":303,"1":303,"2":303,"3":303,"4":303,"5":303,"6":303},"f":{"0":303},"b":{},"_coverageSchema":"43e27e138ebf9cfc5966b082cf9a028302ed4184","hash":"dd39d081a6779389dc72d6d22f4cf8a4ac80423f"}
,"/Users/norman/projects/2019/jul/workflyt/src/core/clients/clients-service.ts": {"path":"/Users/norman/projects/2019/jul/workflyt/src/core/clients/clients-service.ts","statementMap":{"0":{"start":{"line":3,"column":39},"end":{"line":31,"column":2}},"1":{"start":{"line":3,"column":56},"end":{"line":31,"column":1}},"2":{"start":{"line":5,"column":4},"end":{"line":5,"column":48}},"3":{"start":{"line":9,"column":4},"end":{"line":9,"column":49}},"4":{"start":{"line":13,"column":4},"end":{"line":13,"column":64}},"5":{"start":{"line":17,"column":4},"end":{"line":17,"column":69}},"6":{"start":{"line":21,"column":4},"end":{"line":21,"column":61}},"7":{"start":{"line":25,"column":4},"end":{"line":25,"column":58}},"8":{"start":{"line":29,"column":4},"end":{"line":29,"column":73}}},"fnMap":{"0":{"name":"(anonymous_0)","decl":{"start":{"line":3,"column":39},"end":{"line":3,"column":40}},"loc":{"start":{"line":3,"column":56},"end":{"line":31,"column":1}},"line":3},"1":{"name":"(anonymous_1)","decl":{"start":{"line":4,"column":2},"end":{"line":4,"column":3}},"loc":{"start":{"line":4,"column":29},"end":{"line":6,"column":3}},"line":4},"2":{"name":"(anonymous_2)","decl":{"start":{"line":8,"column":2},"end":{"line":8,"column":3}},"loc":{"start":{"line":8,"column":30},"end":{"line":10,"column":3}},"line":8},"3":{"name":"(anonymous_3)","decl":{"start":{"line":12,"column":2},"end":{"line":12,"column":3}},"loc":{"start":{"line":12,"column":39},"end":{"line":14,"column":3}},"line":12},"4":{"name":"(anonymous_4)","decl":{"start":{"line":16,"column":2},"end":{"line":16,"column":3}},"loc":{"start":{"line":16,"column":50},"end":{"line":18,"column":3}},"line":16},"5":{"name":"(anonymous_5)","decl":{"start":{"line":20,"column":2},"end":{"line":20,"column":3}},"loc":{"start":{"line":20,"column":42},"end":{"line":22,"column":3}},"line":20},"6":{"name":"(anonymous_6)","decl":{"start":{"line":24,"column":2},"end":{"line":24,"column":3}},"loc":{"start":{"line":24,"column":39},"end":{"line":26,"column":3}},"line":24},"7":{"name":"(anonymous_7)","decl":{"start":{"line":28,"column":2},"end":{"line":28,"column":3}},"loc":{"start":{"line":28,"column":48},"end":{"line":30,"column":3}},"line":28}},"branchMap":{},"s":{"0":291,"1":304,"2":2,"3":2,"4":2,"5":2,"6":2,"7":2,"8":2},"f":{"0":304,"1":2,"2":2,"3":2,"4":2,"5":2,"6":2,"7":2},"b":{},"_coverageSchema":"43e27e138ebf9cfc5966b082cf9a028302ed4184","hash":"cf5d0b9f63442b739fee576b0c57814761522ab5"}
,"/Users/norman/projects/2019/jul/workflyt/src/core/clients/clients-validator.ts": {"path":"/Users/norman/projects/2019/jul/workflyt/src/core/clients/clients-validator.ts","statementMap":{"0":{"start":{"line":5,"column":30},"end":{"line":19,"column":1}},"1":{"start":{"line":21,"column":29},"end":{"line":38,"column":1}},"2":{"start":{"line":40,"column":26},"end":{"line":59,"column":2}},"3":{"start":{"line":61,"column":28},"end":{"line":74,"column":21}},"4":{"start":{"line":76,"column":25},"end":{"line":83,"column":2}},"5":{"start":{"line":85,"column":28},"end":{"line":102,"column":21}},"6":{"start":{"line":104,"column":28},"end":{"line":110,"column":2}},"7":{"start":{"line":112,"column":25},"end":{"line":138,"column":2}},"8":{"start":{"line":140,"column":24},"end":{"line":150,"column":2}}},"fnMap":{},"branchMap":{},"s":{"0":303,"1":303,"2":303,"3":303,"4":303,"5":303,"6":303,"7":303,"8":303},"f":{},"b":{},"_coverageSchema":"43e27e138ebf9cfc5966b082cf9a028302ed4184","hash":"ec081f3ef73237f58918ee895992044a758d2927"}
,"/Users/norman/projects/2019/jul/workflyt/src/core/clients/index.ts": {"path":"/Users/norman/projects/2019/jul/workflyt/src/core/clients/index.ts","statementMap":{},"fnMap":{},"branchMap":{},"s":{},"f":{},"b":{},"_coverageSchema":"43e27e138ebf9cfc5966b082cf9a028302ed4184","hash":"42fa099d6c8707c80c692567409121151517831b"}
,"/Users/norman/projects/2019/jul/workflyt/src/core/companies/companies-controller.ts": {"path":"/Users/norman/projects/2019/jul/workflyt/src/core/companies/companies-controller.ts","statementMap":{"0":{"start":{"line":3,"column":46},"end":{"line":60,"column":2}},"1":{"start":{"line":3,"column":80},"end":{"line":60,"column":1}},"2":{"start":{"line":8,"column":6},"end":{"line":10,"column":21}},"3":{"start":{"line":9,"column":24},"end":{"line":9,"column":65}},"4":{"start":{"line":18,"column":6},"end":{"line":20,"column":21}},"5":{"start":{"line":19,"column":24},"end":{"line":19,"column":77}},"6":{"start":{"line":28,"column":23},"end":{"line":28,"column":41}},"7":{"start":{"line":29,"column":20},"end":{"line":29,"column":29}},"8":{"start":{"line":30,"column":6},"end":{"line":32,"column":21}},"9":{"start":{"line":31,"column":24},"end":{"line":31,"column":65}},"10":{"start":{"line":40,"column":23},"end":{"line":40,"column":41}},"11":{"start":{"line":41,"column":19},"end":{"line":41,"column":27}},"12":{"start":{"line":42,"column":20},"end":{"line":42,"column":29}},"13":{"start":{"line":43,"column":6},"end":{"line":45,"column":21}},"14":{"start":{"line":44,"column":24},"end":{"line":44,"column":65}},"15":{"start":{"line":53,"column":23},"end":{"line":53,"column":41}},"16":{"start":{"line":54,"column":20},"end":{"line":54,"column":29}},"17":{"start":{"line":55,"column":6},"end":{"line":57,"column":21}},"18":{"start":{"line":56,"column":24},"end":{"line":56,"column":65}}},"fnMap":{"0":{"name":"(anonymous_0)","decl":{"start":{"line":3,"column":46},"end":{"line":3,"column":47}},"loc":{"start":{"line":3,"column":80},"end":{"line":60,"column":1}},"line":3},"1":{"name":"handler","decl":{"start":{"line":7,"column":13},"end":{"line":7,"column":20}},"loc":{"start":{"line":7,"column":38},"end":{"line":11,"column":5}},"line":7},"2":{"name":"(anonymous_2)","decl":{"start":{"line":9,"column":14},"end":{"line":9,"column":15}},"loc":{"start":{"line":9,"column":24},"end":{"line":9,"column":65}},"line":9},"3":{"name":"handler","decl":{"start":{"line":17,"column":13},"end":{"line":17,"column":20}},"loc":{"start":{"line":17,"column":38},"end":{"line":21,"column":5}},"line":17},"4":{"name":"(anonymous_4)","decl":{"start":{"line":19,"column":14},"end":{"line":19,"column":15}},"loc":{"start":{"line":19,"column":24},"end":{"line":19,"column":77}},"line":19},"5":{"name":"handler","decl":{"start":{"line":27,"column":13},"end":{"line":27,"column":20}},"loc":{"start":{"line":27,"column":38},"end":{"line":33,"column":5}},"line":27},"6":{"name":"(anonymous_6)","decl":{"start":{"line":31,"column":14},"end":{"line":31,"column":15}},"loc":{"start":{"line":31,"column":24},"end":{"line":31,"column":65}},"line":31},"7":{"name":"handler","decl":{"start":{"line":39,"column":13},"end":{"line":39,"column":20}},"loc":{"start":{"line":39,"column":38},"end":{"line":46,"column":5}},"line":39},"8":{"name":"(anonymous_8)","decl":{"start":{"line":44,"column":14},"end":{"line":44,"column":15}},"loc":{"start":{"line":44,"column":24},"end":{"line":44,"column":65}},"line":44},"9":{"name":"handler","decl":{"start":{"line":52,"column":13},"end":{"line":52,"column":20}},"loc":{"start":{"line":52,"column":38},"end":{"line":58,"column":5}},"line":52},"10":{"name":"(anonymous_10)","decl":{"start":{"line":56,"column":14},"end":{"line":56,"column":15}},"loc":{"start":{"line":56,"column":24},"end":{"line":56,"column":65}},"line":56}},"branchMap":{},"s":{"0":303,"1":303,"2":1,"3":1,"4":2,"5":1,"6":2,"7":2,"8":2,"9":1,"10":2,"11":2,"12":2,"13":2,"14":1,"15":2,"16":2,"17":2,"18":1},"f":{"0":303,"1":1,"2":1,"3":2,"4":1,"5":2,"6":1,"7":2,"8":1,"9":2,"10":1},"b":{},"_coverageSchema":"43e27e138ebf9cfc5966b082cf9a028302ed4184","hash":"cd8ff363ffc21f1e236cc78f36b1f96c52715f0c"}
,"/Users/norman/projects/2019/jul/workflyt/src/core/companies/companies-repository.ts": {"path":"/Users/norman/projects/2019/jul/workflyt/src/core/companies/companies-repository.ts","statementMap":{"0":{"start":{"line":3,"column":46},"end":{"line":34,"column":2}},"1":{"start":{"line":3,"column":61},"end":{"line":34,"column":1}},"2":{"start":{"line":5,"column":4},"end":{"line":5,"column":58}},"3":{"start":{"line":9,"column":4},"end":{"line":9,"column":56}},"4":{"start":{"line":13,"column":18},"end":{"line":16,"column":5}},"5":{"start":{"line":18,"column":4},"end":{"line":22,"column":5}},"6":{"start":{"line":19,"column":6},"end":{"line":19,"column":35}},"7":{"start":{"line":21,"column":6},"end":{"line":21,"column":21}},"8":{"start":{"line":26,"column":18},"end":{"line":26,"column":63}},"9":{"start":{"line":27,"column":4},"end":{"line":27,"column":49}},"10":{"start":{"line":31,"column":18},"end":{"line":31,"column":63}},"11":{"start":{"line":32,"column":4},"end":{"line":32,"column":42}}},"fnMap":{"0":{"name":"(anonymous_0)","decl":{"start":{"line":3,"column":46},"end":{"line":3,"column":47}},"loc":{"start":{"line":3,"column":61},"end":{"line":34,"column":1}},"line":3},"1":{"name":"(anonymous_1)","decl":{"start":{"line":4,"column":2},"end":{"line":4,"column":3}},"loc":{"start":{"line":4,"column":31},"end":{"line":6,"column":3}},"line":4},"2":{"name":"(anonymous_2)","decl":{"start":{"line":8,"column":2},"end":{"line":8,"column":3}},"loc":{"start":{"line":8,"column":31},"end":{"line":10,"column":3}},"line":8},"3":{"name":"(anonymous_3)","decl":{"start":{"line":12,"column":2},"end":{"line":12,"column":3}},"loc":{"start":{"line":12,"column":56},"end":{"line":23,"column":3}},"line":12},"4":{"name":"(anonymous_4)","decl":{"start":{"line":25,"column":2},"end":{"line":25,"column":3}},"loc":{"start":{"line":25,"column":52},"end":{"line":28,"column":3}},"line":25},"5":{"name":"(anonymous_5)","decl":{"start":{"line":30,"column":2},"end":{"line":30,"column":3}},"loc":{"start":{"line":30,"column":44},"end":{"line":33,"column":3}},"line":30}},"branchMap":{"0":{"loc":{"start":{"line":18,"column":4},"end":{"line":22,"column":5}},"type":"if","locations":[{"start":{"line":18,"column":4},"end":{"line":22,"column":5}},{"start":{"line":18,"column":4},"end":{"line":22,"column":5}}],"line":18},"1":{"loc":{"start":{"line":18,"column":8},"end":{"line":18,"column":33}},"type":"binary-expr","locations":[{"start":{"line":18,"column":8},"end":{"line":18,"column":21}},{"start":{"line":18,"column":25},"end":{"line":18,"column":33}}],"line":18}},"s":{"0":305,"1":305,"2":3,"3":2,"4":8,"5":7,"6":1,"7":6,"8":2,"9":2,"10":2,"11":2},"f":{"0":305,"1":3,"2":2,"3":8,"4":2,"5":2},"b":{"0":[1,6],"1":[7,5]},"_coverageSchema":"43e27e138ebf9cfc5966b082cf9a028302ed4184","hash":"f3c25b351d8754abbbc571a49452a4ca37c4cfd6"}
,"/Users/norman/projects/2019/jul/workflyt/src/core/companies/companies-router.ts": {"path":"/Users/norman/projects/2019/jul/workflyt/src/core/companies/companies-router.ts","statementMap":{"0":{"start":{"line":5,"column":38},"end":{"line":20,"column":1}},"1":{"start":{"line":6,"column":15},"end":{"line":6,"column":23}},"2":{"start":{"line":8,"column":2},"end":{"line":11,"column":27}},"3":{"start":{"line":13,"column":2},"end":{"line":17,"column":27}},"4":{"start":{"line":19,"column":2},"end":{"line":19,"column":16}}},"fnMap":{"0":{"name":"(anonymous_0)","decl":{"start":{"line":5,"column":38},"end":{"line":5,"column":39}},"loc":{"start":{"line":5,"column":54},"end":{"line":20,"column":1}},"line":5}},"branchMap":{},"s":{"0":303,"1":303,"2":303,"3":303,"4":303},"f":{"0":303},"b":{},"_coverageSchema":"43e27e138ebf9cfc5966b082cf9a028302ed4184","hash":"6227f383fbcdf32dd6b866154faf6e3a8008a677"}
,"/Users/norman/projects/2019/jul/workflyt/src/core/companies/companies-service.ts": {"path":"/Users/norman/projects/2019/jul/workflyt/src/core/companies/companies-service.ts","statementMap":{"0":{"start":{"line":3,"column":40},"end":{"line":23,"column":2}},"1":{"start":{"line":3,"column":57},"end":{"line":23,"column":1}},"2":{"start":{"line":5,"column":4},"end":{"line":5,"column":50}},"3":{"start":{"line":9,"column":4},"end":{"line":9,"column":50}},"4":{"start":{"line":13,"column":4},"end":{"line":13,"column":66}},"5":{"start":{"line":17,"column":4},"end":{"line":17,"column":71}},"6":{"start":{"line":21,"column":4},"end":{"line":21,"column":63}}},"fnMap":{"0":{"name":"(anonymous_0)","decl":{"start":{"line":3,"column":40},"end":{"line":3,"column":41}},"loc":{"start":{"line":3,"column":57},"end":{"line":23,"column":1}},"line":3},"1":{"name":"(anonymous_1)","decl":{"start":{"line":4,"column":2},"end":{"line":4,"column":3}},"loc":{"start":{"line":4,"column":31},"end":{"line":6,"column":3}},"line":4},"2":{"name":"(anonymous_2)","decl":{"start":{"line":8,"column":2},"end":{"line":8,"column":3}},"loc":{"start":{"line":8,"column":31},"end":{"line":10,"column":3}},"line":8},"3":{"name":"(anonymous_3)","decl":{"start":{"line":12,"column":2},"end":{"line":12,"column":3}},"loc":{"start":{"line":12,"column":41},"end":{"line":14,"column":3}},"line":12},"4":{"name":"(anonymous_4)","decl":{"start":{"line":16,"column":2},"end":{"line":16,"column":3}},"loc":{"start":{"line":16,"column":52},"end":{"line":18,"column":3}},"line":16},"5":{"name":"(anonymous_5)","decl":{"start":{"line":20,"column":2},"end":{"line":20,"column":3}},"loc":{"start":{"line":20,"column":44},"end":{"line":22,"column":3}},"line":20}},"branchMap":{},"s":{"0":295,"1":305,"2":2,"3":2,"4":2,"5":2,"6":2},"f":{"0":305,"1":2,"2":2,"3":2,"4":2,"5":2},"b":{},"_coverageSchema":"43e27e138ebf9cfc5966b082cf9a028302ed4184","hash":"501cb3ff332875562bcde5f5deddfbe2a4bf1b05"}
,"/Users/norman/projects/2019/jul/workflyt/src/core/companies/companies-validator.ts": {"path":"/Users/norman/projects/2019/jul/workflyt/src/core/companies/companies-validator.ts","statementMap":{"0":{"start":{"line":5,"column":31},"end":{"line":18,"column":1}},"1":{"start":{"line":20,"column":28},"end":{"line":39,"column":2}},"2":{"start":{"line":41,"column":29},"end":{"line":54,"column":21}},"3":{"start":{"line":56,"column":26},"end":{"line":62,"column":2}},"4":{"start":{"line":64,"column":29},"end":{"line":81,"column":21}},"5":{"start":{"line":83,"column":29},"end":{"line":89,"column":2}}},"fnMap":{},"branchMap":{},"s":{"0":303,"1":303,"2":303,"3":303,"4":303,"5":303},"f":{},"b":{},"_coverageSchema":"43e27e138ebf9cfc5966b082cf9a028302ed4184","hash":"effc0211e7a372cdca0e9f6786c776751f92fdbc"}
,"/Users/norman/projects/2019/jul/workflyt/src/core/companies/index.ts": {"path":"/Users/norman/projects/2019/jul/workflyt/src/core/companies/index.ts","statementMap":{},"fnMap":{},"branchMap":{},"s":{},"f":{},"b":{},"_coverageSchema":"43e27e138ebf9cfc5966b082cf9a028302ed4184","hash":"7cbec7b2ea93456da7949c3a9ddc7d9dd1e99403"}
,"/Users/norman/projects/2019/jul/workflyt/src/core/jobs/index.ts": {"path":"/Users/norman/projects/2019/jul/workflyt/src/core/jobs/index.ts","statementMap":{},"fnMap":{},"branchMap":{},"s":{},"f":{},"b":{},"_coverageSchema":"43e27e138ebf9cfc5966b082cf9a028302ed4184","hash":"5f5961ceac4d26f70de1f8e0cf9874d4fa5d37c6"}
,"/Users/norman/projects/2019/jul/workflyt/src/core/jobs/jobs-controller.ts": {"path":"/Users/norman/projects/2019/jul/workflyt/src/core/jobs/jobs-controller.ts","statementMap":{"0":{"start":{"line":3,"column":42},"end":{"line":252,"column":2}},"1":{"start":{"line":3,"column":76},"end":{"line":252,"column":1}},"2":{"start":{"line":8,"column":6},"end":{"line":10,"column":21}},"3":{"start":{"line":9,"column":24},"end":{"line":9,"column":65}},"4":{"start":{"line":18,"column":6},"end":{"line":20,"column":21}},"5":{"start":{"line":19,"column":24},"end":{"line":19,"column":77}},"6":{"start":{"line":28,"column":19},"end":{"line":28,"column":33}},"7":{"start":{"line":29,"column":20},"end":{"line":29,"column":29}},"8":{"start":{"line":30,"column":6},"end":{"line":32,"column":21}},"9":{"start":{"line":31,"column":24},"end":{"line":31,"column":65}},"10":{"start":{"line":40,"column":19},"end":{"line":40,"column":33}},"11":{"start":{"line":41,"column":19},"end":{"line":41,"column":27}},"12":{"start":{"line":42,"column":20},"end":{"line":42,"column":29}},"13":{"start":{"line":43,"column":6},"end":{"line":45,"column":21}},"14":{"start":{"line":44,"column":24},"end":{"line":44,"column":65}},"15":{"start":{"line":53,"column":19},"end":{"line":53,"column":33}},"16":{"start":{"line":54,"column":20},"end":{"line":54,"column":29}},"17":{"start":{"line":55,"column":6},"end":{"line":57,"column":21}},"18":{"start":{"line":56,"column":24},"end":{"line":56,"column":65}},"19":{"start":{"line":65,"column":19},"end":{"line":65,"column":33}},"20":{"start":{"line":66,"column":20},"end":{"line":66,"column":29}},"21":{"start":{"line":67,"column":6},"end":{"line":69,"column":21}},"22":{"start":{"line":68,"column":24},"end":{"line":68,"column":65}},"23":{"start":{"line":77,"column":19},"end":{"line":77,"column":33}},"24":{"start":{"line":78,"column":20},"end":{"line":78,"column":36}},"25":{"start":{"line":79,"column":6},"end":{"line":81,"column":21}},"26":{"start":{"line":80,"column":24},"end":{"line":80,"column":77}},"27":{"start":{"line":89,"column":19},"end":{"line":89,"column":33}},"28":{"start":{"line":90,"column":22},"end":{"line
[...]
tart":{"line":101,"column":18},"end":{"line":101,"column":53}},"50":{"start":{"line":102,"column":6},"end":{"line":102,"column":25}},"51":{"start":{"line":103,"column":6},"end":{"line":103,"column":27}},"52":{"start":{"line":104,"column":6},"end":{"line":104,"column":25}},"53":{"start":{"line":107,"column":4},"end":{"line":112,"column":5}},"54":{"start":{"line":108,"column":18},"end":{"line":108,"column":53}},"55":{"start":{"line":109,"column":6},"end":{"line":109,"column":25}},"56":{"start":{"line":110,"column":6},"end":{"line":110,"column":27}},"57":{"start":{"line":111,"column":6},"end":{"line":111,"column":25}},"58":{"start":{"line":114,"column":4},"end":{"line":114,"column":41}},"59":{"start":{"line":116,"column":4},"end":{"line":121,"column":5}},"60":{"start":{"line":117,"column":18},"end":{"line":117,"column":53}},"61":{"start":{"line":118,"column":6},"end":{"line":118,"column":25}},"62":{"start":{"line":119,"column":6},"end":{"line":119,"column":27}},"63":{"start":{"line":120,"column":6},"end":{"line":120,"column":25}},"64":{"start":{"line":123,"column":4},"end":{"line":131,"column":5}},"65":{"start":{"line":124,"column":6},"end":{"line":124,"column":69}},"66":{"start":{"line":126,"column":6},"end":{"line":126,"column":35}},"67":{"start":{"line":127,"column":6},"end":{"line":127,"column":37}},"68":{"start":{"line":128,"column":6},"end":{"line":128,"column":25}},"69":{"start":{"line":129,"column":6},"end":{"line":129,"column":27}},"70":{"start":{"line":130,"column":6},"end":{"line":130,"column":25}},"71":{"start":{"line":133,"column":4},"end":{"line":138,"column":5}},"72":{"start":{"line":134,"column":18},"end":{"line":134,"column":53}},"73":{"start":{"line":135,"column":6},"end":{"line":135,"column":25}},"74":{"start":{"line":136,"column":6},"end":{"line":136,"column":27}},"75":{"start":{"line":137,"column":6},"end":{"line":137,"column":25}},"76":{"start":{"line":140,"column":4},"end":{"line":145,"column":5}},"77":{"start":{"line":141,"column":18},"end":{"line":141,"column":53}},"78":{"start":{"line":142,"column":6},"end":{"line":142,"column":25}},"79":{"start":{"line":143,"column":6},"end":{"line":143,"column":27}},"80":{"start":{"line":144,"column":6},"end":{"line":144,"column":25}},"81":{"start":{"line":147,"column":4},"end":{"line":152,"column":5}},"82":{"start":{"line":148,"column":18},"end":{"line":148,"column":53}},"83":{"start":{"line":149,"column":6},"end":{"line":149,"column":25}},"84":{"start":{"line":150,"column":6},"end":{"line":150,"column":27}},"85":{"start":{"line":151,"column":6},"end":{"line":151,"column":25}},"86":{"start":{"line":154,"column":4},"end":{"line":154,"column":11}},"87":{"start":{"line":159,"column":2},"end":{"line":165,"column":4}},"88":{"start":{"line":160,"column":4},"end":{"line":164,"column":5}},"89":{"start":{"line":161,"column":6},"end":{"line":161,"column":13}},"90":{"start":{"line":163,"column":6},"end":{"line":163,"column":35}},"91":{"start":{"line":169,"column":2},"end":{"line":184,"column":3}},"92":{"start":{"line":170,"column":4},"end":{"line":183,"column":5}},"93":{"start":{"line":171,"column":19},"end":{"line":175,"column":8}},"94":{"start":{"line":176,"column":6},"end":{"line":176,"column":31}},"95":{"start":{"line":177,"column":6},"end":{"line":177,"column":29}},"96":{"start":{"line":178,"column":6},"end":{"line":178,"column":33}},"97":{"start":{"line":179,"column":6},"end":{"line":179,"column":13}},"98":{"start":{"line":181,"column":6},"end":{"line":181,"column":25}},"99":{"start":{"line":182,"column":6},"end":{"line":182,"column":18}}},"fnMap":{"0":{"name":"trackTime","decl":{"start":{"line":4,"column":16},"end":{"line":4,"column":25}},"loc":{"start":{"line":4,"column":38},"end":{"line":9,"column":1}},"line":4},"1":{"name":"(anonymous_1)","decl":{"start":{"line":5,"column":9},"end":{"line":5,"column":10}},"loc":{"start":{"line":5,"column":35},"end":{"line":8,"column":3}},"line":5},"2":{"name":"logResponse","decl":{"start":{"line":11,"column":16},"end":{"line":11,"column":27}},"loc":{"start":{"line":11,"column":53},"end":{"line":34,"column":1}},"line":11},"3":{"name":"(anonymous_3)","decl":{"start":{"line":12,"column":9},"end":{"line":12,"column":10}},"loc":{"start":{"line":12,"column":35},"end":{"line":33,"column":3}},"line":12},"4":{"name":"(anonymous_4)","decl":{"start":{"line":13,"column":21},"end":{"line":13,"column":22}},"loc":{"start":{"line":13,"column":32},"end":{"line":31,"column":5}},"line":13},"5":{"name":"handleError","decl":{"start":{"line":36,"column":16},"end":{"line":36,"column":27}},"loc":{"start":{"line":36,"column":44},"end":{"line":73,"column":1}},"line":36},"6":{"name":"(anonymous_6)","decl":{"start":{"line":37,"column":9},"end":{"line":37,"column":10}},"loc":{"start":{"line":37,"column":40},"end":{"line":72,"column":3}},"line":37},"7":{"name":"handleNotFound","decl":{"start":{"line":75,"column":16},"end":{"line":75,"column":30}},"loc":{"start":{"line":75,"column":42},"end":{"line":79,"column":1}},"line":75},"8":{"name":"(anonymous_8)","decl":{"start":{"line":76,"column":9},"end":{"line":76,"column":10}},"loc":{"start":{"line":76,"column":35},"end":{"line":78,"column":3}},"line":76},"9":{"name":"methodNotAllowed","decl":{"start":{"line":81,"column":16},"end":{"line":81,"column":32}},"loc":{"start":{"line":81,"column":44},"end":{"line":85,"column":1}},"line":81},"10":{"name":"(anonymous_10)","decl":{"start":{"line":82,"column":9},"end":{"line":82,"column":10}},"loc":{"start":{"line":82,"column":35},"end":{"line":84,"column":3}},"line":82},"11":{"name":"validateToken","decl":{"start":{"line":87,"column":16},"end":{"line":87,"column":29}},"loc":{"start":{"line":87,"column":67},"end":{"line":156,"column":1}},"line":87},"12":{"name":"(anonymous_12)","decl":{"start":{"line":88,"column":9},"end":{"line":88,"column":10}},"loc":{"start":{"line":88,"column":35},"end":{"line":155,"column":3}},"line":88},"13":{"name":"validateRights","decl":{"start":{"line":158,"column":16},"end":{"line":158,"column":30}},"loc":{"start":{"line":158,"column":53},"end":{"line":166,"column":1}},"line":158},"14":{"name":"(anonymous_14)","decl":{"start":{"line":159,"column":9},"end":{"line":159,"column":10}},"loc":{"start":{"line":159,"column":35},"end":{"line":165,"column":3}},"line":159},"15":{"name":"validateInput","decl":{"start":{"line":168,"column":16},"end":{"line":168,"column":29}},"loc":{"start":{"line":168,"column":58},"end":{"line":185,"column":1}},"line":168},"16":{"name":"(anonymous_16)","decl":{"start":{"line":169,"column":9},"end":{"line":169,"column":10}},"loc":{"start":{"line":169,"column":41},"end":{"line":184,"column":3}},"line":169}},"branchMap":{"0":{"loc":{"start":{"line":14,"column":6},"end":{"line":30,"column":7}},"type":"if","locations":[{"start":{"line":14,"column":6},"end":{"line":30,"column":7}},{"start":{"line":14,"column":6},"end":{"line":30,"column":7}}],"line":14},"1":{"loc":{"start":{"line":20,"column":8},"end":{"line":27,"column":9}},"type":"if","locations":[{"start":{"line":20,"column":8},"end":{"line":27,"column":9}},{"start":{"line":20,"column":8},"end":{"line":27,"column":9}}],"line":20},"2":{"loc":{"start":{"line":22,"column":21},"end":{"line":22,"column":77}},"type":"cond-expr","locations":[{"start":{"line":22,"column":61},"end":{"line":22,"column":67}},{"start":{"line":22,"column":70},"end":{"line":22,"column":77}}],"line":22},"3":{"loc":{"start":{"line":22,"column":21},"end":{"line":22,"column":58}},"type":"binary-expr","locations":[{"start":{"line":22,"column":21},"end":{"line":22,"column":38}},{"start":{"line":22,"column":42},"end":{"line":22,"column":58}}],"line":22},"4":{"loc":{"start":{"line":38,"column":4},"end":{"line":58,"column":5}},"type":"if","locations":[{"start":{"line":38,"column":4},"end":{"line":58,"column":5}},{"start":{"line":38,"column":4},"end":{"line":58,"column":5}}],"line":38},"5":{"loc":{"start":{"line":42,"column":11},"end":{"line":58,"column":5}},"type":"if","locations":[{"start":{"line":42,"column":11},"end":{"line":58,"column":5}},{"start":{"line":42,"column":11},"end":{"line":58,"column":5}}],"line":42},"6":{"loc":{"start":{"line":46,"column":11},"end":{"line":58,"column":5}},"type":"if","locations":[{"start":{"line":46,"column":11},"end":{"line":58,"column":5}},{"start":{"line":46,"column":11},"end":{"line":58,"column":5}}],"line":46},"7":{"loc":{"start":{"line":50,"column":11},"end":{"line":58,"column":5}},"type":"if","locations":[{"start":{"line":50,"column":11},"end":{"line":58,"column":5}},{"start":{"line":50,"column":11},"end":{"line":58,"column":5}}],"line":50},"8":{"loc":{"start":{"line":54,"column":11},"end":{"line":58,"column":5}},"type":"if","locations":[{"start":{"line":54,"column":11},"end":{"line":58,"column":5}},{"start":{"line":54,"column":11},"end":{"line":58,"column":5}}],"line":54},"9":{"loc":{"start":{"line":63,"column":9},"end":{"line":63,"column":39}},"type":"cond-expr","locations":[{"start":{"line":63,"column":24},"end":{"line":63,"column":33}},{"start":{"line":63,"column":36},"end":{"line":63,"column":39}}],"line":63},"10":{"loc":{"start":{"line":64,"column":12},"end":{"line":64,"column":47}},"type":"cond-expr","locations":[{"start":{"line":64,"column":27},"end":{"line":64,"column":36}},{"start":{"line":64,"column":39},"end":{"line":64,"column":47}}],"line":64},"11":{"loc":{"start":{"line":66,"column":14},"end":{"line":66,"column":51}},"type":"cond-expr","locations":[{"start":{"line":66,"column":29},"end":{"line":66,"column":38}},{"start":{"line":66,"column":41},"end":{"line":66,"column":51}}],"line":66},"12":{"loc":{"start":{"line":94,"column":4},"end":{"line":96,"column":5}},"type":"if","locations":[{"start":{"line":94,"column":4},"end":{"line":96,"column":5}},{"start":{"line":94,"column":4},"end":{"line":96,"column":5}}],"line":94},"13":{"loc":{"start":{"line":98,"column":23},"end":{"line":98,"column":54}},"type":"binary-expr","locations":[{"start":{"line":98,"column":23},"end":{"line":98,"column":48}},{"start":{"line":98,"column":52},"end":{"line":98,"column":54}}],"line":98},"14":{"loc":{"start":{"line":100,"column":4},"end":{"line":105,"column":5}},"type":"if","locations":[{"start":{"line":100,"column":4},"end":{"line":105,"column":5}},{"start":{"line":100,"column":4},"end":{"line":105,"column":5}}],"line":100},"15":{"loc":{"start":{"line":107,"column":4},"end":{"line":112,"column":5}},"type":"if","locations":[{"start":{"line":107,"column":4},"end":{"line":112,"column":5}},{"start":{"line":107,"column":4},"end":{"line":112,"column":5}}],"line":107},"16":{"loc":{"start":{"line":116,"column":4},"end":{"line":121,"column":5}},"type":"if","locations":[{"start":{"line":116,"column":4},"end":{"line":121,"column":5}},{"start":{"line":116,"column":4},"end":{"line":121,"column":5}}],"line":116},"17":{"loc":{"start":{"line":133,"column":4},"end":{"line":138,"column":5}},"type":"if","locations":[{"start":{"line":133,"column":4},"end":{"line":138,"column":5}},{"start":{"line":133,"column":4},"end":{"line":138,"column":5}}],"line":133},"18":{"loc":{"start":{"line":140,"column":4},"end":{"line":145,"column":5}},"type":"if","locations":[{"start":{"line":140,"column":4},"end":{"line":145,"column":5}},{"start":{"line":140,"column":4},"end":{"line":145,"column":5}}],"line":140},"19":{"loc":{"start":{"line":147,"column":4},"end":{"line":152,"column":5}},"type":"if","locations":[{"start":{"line":147,"column":4},"end":{"line":152,"column":5}},{"start":{"line":147,"column":4},"end":{"line":152,"column":5}}],"line":147},"20":{"loc":{"start":{"line":160,"column":4},"end":{"line":164,"column":5}},"type":"if","locations":[{"start":{"line":160,"column":4},"end":{"line":164,"column":5}},{"start":{"line":160,"column":4},"end":{"line":164,"column":5}}],"line":160}},"s":{"0":304,"1":302,"2":302,"3":308,"4":306,"5":305,"6":3,"7":3,"8":2,"9":2,"10":2,"11":1,"12":1,"13":3,"14":306,"15":310,"16":150,"17":3,"18":3,"19":3,"20":147,"21":126,"22":126,"23":126,"24":21,"25":1,"26":1,"27":1,"28":20,"29":1,"30":1,"31":1,"32":19,"33":1,"34":1,"35":1,"36":150,"37":150,"38":150,"39":304,"40":1,"41":2,"42":1,"43":312,"44":310,"45":310,"46":4,"47":306,"48":306,"49":1,"50":1,"51":1,"52":1,"53":305,"54":1,"55":1,"56":1,"57":1,"58":304,"59":304,"60":1,"61":1,"62":1,"63":1,"64":303,"65":303,"66":1,"67":1,"68":1,"69":1,"70":1,"71":302,"72":1,"73":1,"74":1,"75":1,"76":301,"77":1,"78":1,"79":1,"80":1,"81":300,"82":1,"83":1,"84":1,"85":1,"86":299,"87":47574,"88":300,"89":299,"90":1,"91":47877,"92":303,"93":303,"94":300,"95":300,"96":300,"97":300,"98":3,"99":3},"f":{"0":304,"1":302,"2":308,"3":306,"4":305,"5":310,"6":150,"7":304,"8":1,"9":2,"10":1,"11":312,"12":310,"13":47574,"14":300,"15":47877,"16":303},"b":{"0":[3,302],"1":[2,1],"2":[1,1],"3":[2,2],"4":[3,147],"5":[126,21],"6":[1,20],"7":[1,19],"8":[1,18],"9":[1,149],"10":[1,149],"11":[1,149],"12":[4,306],"13":[306,1],"14":[1,305],"15":[1,304],"16":[1,303],"17":[1,301],"18":[1,300],"19":[1,299],"20":[299,1]},"_coverageSchema":"43e27e138ebf9cfc5966b082cf9a028302ed4184","hash":"26650340ef948aeb742dfee368e0b4b5b7201944"}
,"/Users/norman/projects/2019/jul/workflyt/src/utils/schemas.ts": {"path":"/Users/norman/projects/2019/jul/workflyt/src/utils/schemas.ts","statementMap":{"0":{"start":{"line":2,"column":2},"end":{"line":6,"column":4}},"1":{"start":{"line":10,"column":2},"end":{"line":15,"column":4}},"2":{"start":{"line":19,"column":2},"end":{"line":24,"column":4}},"3":{"start":{"line":28,"column":2},"end":{"line":37,"column":4}},"4":{"start":{"line":41,"column":2},"end":{"line":46,"column":4}},"5":{"start":{"line":50,"column":15},"end":{"line":50,"column":31}},"6":{"start":{"line":52,"column":2},"end":{"line":70,"column":4}},"7":{"start":{"line":72,"column":2},"end":{"line":72,"column":16}},"8":{"start":{"line":76,"column":2},"end":{"line":82,"column":4}},"9":{"start":{"line":86,"column":15},"end":{"line":86,"column":31}},"10":{"start":{"line":88,"column":2},"end":{"line":106,"column":4}},"11":{"start":{"line":108,"column":2},"end":{"line":108,"column":16}},"12":{"start":{"line":112,"column":2},"end":{"line":117,"column":4}},"13":{"start":{"line":121,"column":15},"end":{"line":121,"column":33}},"14":{"start":{"line":123,"column":2},"end":{"line":141,"column":4}},"15":{"start":{"line":143,"column":2},"end":{"line":143,"column":16}},"16":{"start":{"line":147,"column":2},"end":{"line":153,"column":4}},"17":{"start":{"line":157,"column":2},"end":{"line":161,"column":4}},"18":{"start":{"line":165,"column":2},"end":{"line":183,"column":4}},"19":{"start":{"line":187,"column":2},"end":{"line":205,"column":4}},"20":{"start":{"line":209,"column":2},"end":{"line":213,"column":4}},"21":{"start":{"line":217,"column":2},"end":{"line":224,"column":5}},"22":{"start":{"line":228,"column":2},"end":{"line":236,"column":5}},"23":{"start":{"line":240,"column":2},"end":{"line":246,"column":4}},"24":{"start":{"line":250,"column":2},"end":{"line":255,"column":4}},"25":{"start":{"line":259,"column":2},"end":{"line":264,"column":4}},"26":{"start":{"line":268,"column":2},"end":{"line":274,"column":4}}},"fnMap":{"0":{"name":"UUID","decl":{"start":{"line":1,"column":16},"end":{"line":1,"column":20}},"loc":{"start":{"line":1,"column":43},"end":{"line":7,"column":1}},"line":1},"1":{"name":"UUID_ARRAY","decl":{"start":{"line":9,"column":16},"end":{"line":9,"column":26}},"loc":{"start":{"line":9,"column":49},"end":{"line":16,"column":1}},"line":9},"2":{"name":"ENUM","decl":{"start":{"line":18,"column":16},"end":{"line":18,"column":20}},"loc":{"start":{"line":18,"column":62},"end":{"line":25,"column":1}},"line":18},"3":{"name":"CODE","decl":{"start":{"line":27,"column":16},"end":{"line":27,"column":20}},"loc":{"start":{"line":27,"column":43},"end":{"line":38,"column":1}},"line":27},"4":{"name":"TEXT","decl":{"start":{"line":40,"column":16},"end":{"line":40,"column":20}},"loc":{"start":{"line":40,"column":43},"end":{"line":47,"column":1}},"line":40},"5":{"name":"TEXT_FILTER","decl":{"start":{"line":49,"column":16},"end":{"line":49,"column":27}},"loc":{"start":{"line":49,"column":50},"end":{"line":73,"column":1}},"line":49},"6":{"name":"DATE","decl":{"start":{"line":75,"column":16},"end":{"line":75,"column":20}},"loc":{"start":{"line":75,"column":43},"end":{"line":83,"column":1}},"line":75},"7":{"name":"DATE_FILTER","decl":{"start":{"line":85,"column":16},"end":{"line":85,"column":27}},"loc":{"start":{"line":85,"column":50},"end":{"line":109,"column":1}},"line":85},"8":{"name":"NUMBER","decl":{"start":{"line":111,"column":16},"end":{"line":111,"column":22}},"loc":{"start":{"line":111,"column":45},"end":{"line":118,"column":1}},"line":111},"9":{"name":"NUMBER_FILTER","decl":{"start":{"line":120,"column":16},"end":{"line":120,"column":29}},"loc":{"start":{"line":120,"column":52},"end":{"line":144,"column":1}},"line":120},"10":{"name":"PASS","decl":{"start":{"line":146,"column":16},"end":{"line":146,"column":20}},"loc":{"start":{"line":146,"column":43},"end":{"line":154,"column":1}},"line":146},"11":{"name":"EXTRA","decl":{"start":{"line":156,"column":16},"end":{"line":156,"column":21}},"loc":{"start":{"line":156,"column":44},"end":{"line":162,"column":1}},"line":156},"12":{"name":"ATTRIBUTES","decl":{"start":{"line":164,"column":16},"end":{"line":164,"column":26}},"loc":{"start":{"line":164,"column":58},"end":{"line":184,"column":1}},"line":164},"13":{"name":"INCLUDE","decl":{"start":{"line":186,"column":16},"end":{"line":186,"column":23}},"loc":{"start":{"line":186,"column":59},"end":{"line":206,"column":1}},"line":186},"14":{"name":"BOOLEAN","decl":{"start":{"line":208,"column":16},"end":{"line":208,"column":23}},"loc":{"start":{"line":208,"column":46},"end":{"line":214,"column":1}},"line":208},"15":{"name":"OFFSET","decl":{"start":{"line":216,"column":16},"end":{"line":216,"column":22}},"loc":{"start":{"line":216,"column":45},"end":{"line":225,"column":1}},"line":216},"16":{"name":"LIMIT","decl":{"start":{"line":227,"column":16},"end":{"line":227,"column":21}},"loc":{"start":{"line":227,"column":44},"end":{"line":237,"column":1}},"line":227},"17":{"name":"ORDER_BY","decl":{"start":{"line":239,"column":16},"end":{"line":239,"column":24}},"loc":{"start":{"line":239,"column":47},"end":{"line":247,"column":1}},"line":239},"18":{"name":"QUERY","decl":{"start":{"line":249,"column":16},"end":{"line":249,"column":21}},"loc":{"start":{"line":249,"column":57},"end":{"line":256,"column":1}},"line":249},"19":{"name":"BODY","decl":{"start":{"line":258,"column":16},"end":{"line":258,"column":20}},"loc":{"start":{"line":258,"column":56},"end":{"line":265,"column":1}},"line":258},"20":{"name":"PARAMS","decl":{"start":{"line":267,"column":16},"end":{"line":267,"column":22}},"loc":{"start":{"line":267,"column":58},"end":{"line":275,"column":1}},"line":267}},"branchMap":{"0":{"loc":{"start":{"line":164,"column":27},"end":{"line":164,"column":49}},"type":"default-arg","locations":[{"start":{"line":164,"column":47},"end":{"line":164,"column":49}}],"line":164},"1":{"loc":{"start":{"line":186,"column":24},"end":{"line":186,"column":50}},"type":"default-arg","locations":[{"start":{"line":186,"column":48},"end":{"line":186,"column":50}}],"line":186}},"s":{"0":170589,"1":3636,"2":19089,"3":19392,"4":147864,"5":11514,"6":11514,"7":11514,"8":240885,"9":33633,"10":33633,"11":33633,"12":59994,"13":5454,"14":5454,"15":5454,"16":606,"17":24240,"18":23028,"19":8787,"20":46965,"21":10908,"22":10908,"23":10908,"24":39087,"25":16968,"26":37875},"f":{"0":170589,"1":3636,"2":19089,"3":19392,"4":147864,"5":11514,"6":240885,"7":33633,"8":59994,"9":5454,"10":606,"11":24240,"12":23028,"13":8787,"14":46965,"15":10908,"16":10908,"17":10908,"18":39087,"19":16968,"20":37875},"b":{"0":[0],"1":[0]},"_coverageSchema":"43e27e138ebf9cfc5966b082cf9a028302ed4184","hash":"fb5355bd9f8c00622d5d1f7da912452893acd728"}
,"/Users/norman/projects/2019/jul/workflyt/src/utils/types.ts": {"path":"/Users/norman/projects/2019/jul/workflyt/src/utils/types.ts","statementMap":{},"fnMap":{},"branchMap":{},"s":{},"f":{},"b":{},"hash":"ba77d4a8421c8f41ab41e203ba502644714d4598"}
}
